-0.498 0.00404917 -0.000194809
-0.496 0.0149692 -0.000267646
-0.494 0.0290109 0.000661501
-0.492 0.0403611 0.0036256
-0.49 0.0420295 0.00975275
-0.488 0.0269788 0.0201153
-0.486 -0.0106549 0.0355034
-0.484 -0.074409 0.0561725
-0.482 -0.164552 0.081628
-0.48 -0.277459 0.110507
-0.478 -0.405368 0.140596
-0.476 -0.536566 0.169009
-0.474 -0.655996 0.192495
-0.472 -0.746298 0.207877
-0.47 -0.789215 0.212548
-0.468 -0.767333 0.204992
-0.466 -0.666038 0.18526
-0.464 -0.475568 0.155284
-0.462 -0.192956 0.118969
-0.46 0.176415 0.081912
-0.458 0.617913 0.0507162
-0.456 1.10765 0.0318896
-0.454 1.61345 0.0305332
-0.452 2.09673 0.0491538
-0.45 2.51515 0.0870137
-0.448 2.82581 0.140308
-0.446 2.98876 0.203197
-0.444 2.97057 0.269445
-0.442 2.74756 0.334185
-0.44 2.30857 0.395306
-0.438 1.65705 0.453926
-0.436 0.812313 0.51359
-0.434 -0.190043 0.578111
-0.432 -1.2988 0.648562
-0.43 -2.44902 0.720415
-0.428 -3.56528 0.782069
-0.426 -4.56627 0.815534
-0.424 -5.37045 0.799275
-0.422 -5.90233 0.712522
-0.42 -6.09873 0.540114
-0.418 -5.91455 0.277035
-0.416 -5.32726 -0.0682602
-0.414 -4.33979 -0.47277
-0.412 -2.98156 -0.900997
-0.41 -1.30779 -1.31006
-0.408 0.602558 -1.6565
-0.406 2.65003 -1.90269
-0.404 4.71874 -2.02126
-0.402 6.68125 -1.99758
-0.4 8.4044 -1.83087
-0.398 9.75628 -1.53467
-0.396 10.6145 -1.13585
-0.394 10.8761 -0.671583
-0.392 10.4673 -0.184124
-0.39 9.35407 0.285226
-0.388 7.54913 0.701445
-0.386 5.11595 1.03982
-0.384 2.16753 1.28888
-0.382 -1.1398 1.45191
-0.38 -4.61698 1.54572
-0.378 -8.05628 1.59502
-0.376 -11.2471 1.62253
-0.374 -13.9914 1.63789
-0.372 -16.1169 1.62974
-0.37 -17.486 1.56463
-0.368 -18.0015 1.39425
-0.366 -17.6085 1.06954
-0.364 -16.2958 0.558651
-0.362 -14.0985 -0.135436
-0.36 -11.0993 -0.962881
-0.358 -7.43122 -1.82565
-0.356 -3.27744 -2.59004
-0.354 1.13262 -3.11239
-0.352 5.53224 -3.27268
-0.35 9.63281 -3.0072
-0.348 13.1456 -2.33073
-0.346 15.808 -1.34039
-0.344 17.4097 -0.198493
-0.342 17.8159 0.902541
-0.34 16.9807 1.78411
-0.338 14.9503 2.32247
-0.336 11.8557 2.47603
-0.334 7.89588 2.29184
-0.332 3.31559 1.88934
-0.33 -1.61763 1.42468
-0.328 -6.63321 1.04401
-0.326 -11.4708 0.838252
-0.324 -15.8864 0.813396
-0.322 -19.654 0.886813
-0.32 -22.5662 0.911501
-0.318 -24.4376 0.720308
-0.316 -25.1138 0.175925
-0.314 -24.4853 -0.787566
-0.312 -22.5045 -2.14161
-0.31 -19.2036 -3.76321
-0.308 -14.7079 -5.45789
-0.306 -9.24023 -7.00075
-0.304 -3.1125 -8.18605
-0.302 3.29607 -8.87238
-0.3 9.571 -9.01046
-0.298 15.299 -8.64624
-0.296 20.1026 -7.90078
-0.294 23.6689 -6.93543
-0.292 25.7691 -5.9135
-0.29 26.2689 -4.96742
-0.288 25.1297 -4.17725
-0.286 22.4029 -3.5636
-0.284 18.2209 -3.09545
-0.282 12.7888 -2.71026
-0.28 6.37844 -2.33989
-0.278 -0.676736 -1.9331
-0.276 -7.98924 -1.46692
-0.274 -15.1318 -0.945196
-0.272 -21.6598 -0.38973
-0.27 -27.1407 0.168707
-0.268 -31.187 0.69595
-0.266 -33.4897 1.15846
-0.264 -33.8459 1.52902
-0.262 -32.1762 1.79358
-0.26 -28.5304 1.95441
-0.258 -23.0786 2.02552
-0.256 -16.093 2.02362
-0.254 -7.92402 1.96387
-0.252 1.02411 1.86657
-0.25 10.3139 1.77004
-0.248 19.4908 1.73716
-0.246 28.0951 1.84593
-0.244 35.6738 2.16677
-0.242 41.7956 2.73825
-0.24 46.0732 3.55312
-0.238 48.1929 4.55676
-0.236 47.9483 5.65313
-0.234 45.2713 6.71426
-0.232 40.2528 7.59639
-0.23 33.1488 8.16854
-0.228 24.3702 8.35208
-0.226 14.4567 8.15887
-0.224 4.03584 7.71031
-0.222 -6.22792 7.22455
-0.22 -15.6862 6.97156
-0.218 -23.7531 7.20545
-0.216 -29.9364 8.08976
-0.214 -33.8531 9.6321
-0.212 -35.233 11.6459
-0.21 -33.9191 13.7558
-0.208 -29.8715 15.4585
-0.206 -23.1761 16.2352
-0.204 -14.0562 15.6905
-0.202 -2.88409 13.6773
-0.2 9.81265 10.3671
-0.198 23.3544 6.24129
-0.196 36.9298 2.00384
-0.194 49.6373 -1.56698
-0.192 60.5481 -3.80154
-0.19 68.7845 -4.32277
-0.188 73.6028 -3.1845
-0.186 74.4684 -0.907991
-0.184 71.1141 1.62527
-0.182 63.5709 3.41616
-0.18 52.1697 3.65447
-0.178 37.5121 1.98147
-0.176 20.4181 -1.38064
-0.174 1.86001 -5.66295
-0.172 -17.106 -9.72112
-0.17 -35.404 -12.2934
-0.168 -51.9959 -12.2984
-0.166 -65.9302 -9.12673
-0.164 -76.3866 -2.85789
-0.162 -82.7122 5.68202
-0.16 -84.454 15.0838
-0.158 -81.3876 23.7185
-0.156 -73.5456 30.1826
-0.154 -61.2424 33.6668
-0.152 -45.0883 34.1251
-0.15 -25.9842 32.2132
-0.148 -5.0899 29.0391
-0.146 16.2347 25.8119
-0.144 36.5147 23.4731
-0.142 54.264 22.3966
-0.14 68.1017 22.2344
-0.138 76.8688 21.9741
-0.136 79.7332 20.2193
-0.134 76.2707 15.6258
-0.132 66.5125 7.36364
-0.13 50.9532 -4.54686
-0.128 30.5177 -19.1345
-0.126 6.48869 -34.6505
-0.124 -19.598 -48.9736
-0.122 -46.0756 -60.1393
-0.12 -71.2686 -66.8449
-0.118 -93.5987 -68.787
-0.116 -111.666 -66.7218
-0.114 -124.311 -62.2203
-0.112 -130.654 -57.1859
-0.11 -130.127 -53.2919
-0.108 -122.495 -51.5122
-0.106 -107.872 -51.8713
-0.104 -86.7321 -53.4635
-0.102 -59.9284 -54.7302
-0.1 -28.7012 -53.9431
-0.098 5.32657 -49.789
-0.096 40.1957 -41.8902
-0.094 73.713 -31.0657
-0.092 103.609 -19.1835
-0.09 127.734 -8.60567
-0.088 144.269 -1.41766
-0.086 151.903 1.25176
-0.084 149.977 -0.433426
-0.082 138.551 -5.10069
-0.08 118.407 -10.5831
-0.078 90.9731 -14.5139
-0.076 58.1834 -14.9816
-0.074 22.2927 -11.1387
-0.072 -14.3224 -3.61029
-0.07 -49.3411 5.50851
-0.068 -80.633 13.1977
-0.066 -106.343 16.502
-0.064 -124.943 13.6079
-0.062 -135.268 4.57041
-0.06 -136.565 -8.58125
-0.058 -128.543 -22.3544
-0.056 -111.438 -32.7132
-0.054 -86.0598 -36.1519
-0.052 -53.8131 -30.6969
-0.05 -16.6696 -16.6267
-0.048 22.9301 3.32425
-0.046 62.2493 24.4786
-0.044 98.4895 41.4452
-0.042 129.051 49.7196
-0.04 151.773 47.0774
-0.038 165.124 34.2589
-0.036 168.314 14.7862
-0.034 161.339 -5.91858
-0.032 144.946 -21.835
-0.03 120.506 -27.8242
-0.028 89.832 -21.0594
-0.026 54.9733 -2.06705
-0.024 18.0492 25.0768
-0.022 -18.831 53.715
-0.02 -53.5849 76.5706
-0.018 -84.1745 87.9634
-0.016 -108.68 85.3804
-0.014 -125.435 69.913
-0.012 -133.179 45.6875
-0.01 -131.171 18.7222
-0.008 -119.27 -4.45702
-0.006 -98.0009 -18.3343
-0.004 -68.6402 -19.9408
-0.002 -33.2675 -10.0121
0 5.30969 6.89367
0.002 43.839 23.7491
0.004 79.0698 33.5281
0.006 108.199 31.6758
0.008 129.156 17.462
0.01 140.673 -6.1374
0.012 142.238 -33.5978
0.014 134.005 -58.3838
0.016 116.729 -74.4663
0.018 91.6844 -77.7085
0.02 60.5502 -67.0079
0.022 25.2579 -44.8676
0.024 -12.145 -16.9581
0.026 -49.5692 9.4517
0.028 -84.9008 27.7116
0.03 -116.018 33.7508
0.032 -140.874 27.0468
0.034 -157.658 10.4286
0.036 -165.002 -10.9637
0.038 -162.169 -31.1094
0.04 -149.168 -44.5872
0.042 -126.796 -47.8756
0.044 -96.5929 -40.2356
0.046 -60.7258 -23.8927
0.048 -21.799 -3.35229
0.05 17.3862 15.9939
0.052 54.0922 29.4688
0.054 85.88 34.3387
0.056 110.782 30.3268
0.058 127.398 19.4094
0.06 134.926 5.0958
0.062 133.139 -8.57374
0.064 122.337 -18.1016
0.066 103.284 -21.4533
0.068 77.1539 -18.5688
0.07 45.4825 -11.2567
0.072 10.1327 -2.4684
0.074 -26.7594 4.77927
0.076 -62.8695 8.39307
0.078 -95.819 7.74907
0.08 -123.353 3.69451
0.082 -143.54 -1.85991
0.084 -154.956 -6.54933
0.086 -156.824 -8.20943
0.088 -149.091 -5.47109
0.09 -132.422 1.82556
0.092 -108.137 12.547
0.094 -78.0645 24.6024
0.096 -44.3607 35.624
0.098 -9.30276 43.7382
0.1 24.9096 48.1201
0.102 56.3122 49.1427
0.104 83.2787 48.115
0.106 104.566 46.7625
0.108 119.323 46.6425
0.11 127.075 48.6607
0.112 127.711 52.794
0.114 121.47 58.0702
0.116 108.924 62.8186
0.118 90.9559 65.1374
0.12 68.7309 63.4573
0.122 43.6516 57.0225
0.124 17.2994 46.1359
0.126 -8.64862 32.0986
0.128 -32.525 16.8733
0.13 -52.7941 2.57823
0.132 -68.1746 -9.04061
0.134 -77.7439 -17.0151
0.136 -81.0103 -21.3278
0.138 -77.9464 -22.8118
0.14 -68.9804 -22.8138
0.142 -54.9484 -22.7334
0.144 -37.0135 -23.5855
0.146 -16.5605 -25.7206
0.148 4.92134 -28.7673
0.15 25.9542 -31.7855
0.152 45.1763 -33.5676
0.154 61.4267 -33.0056
0.156 73.804 -29.4434
0.158 81.6986 -22.9248
0.16 84.7973 -14.2566
0.162 83.0693 -4.83898
0.164 76.7413 3.70298
0.166 66.2694 9.96401
0.168 52.3092 13.1217
0.17 35.6844 13.0997
0.172 17.349 10.5101
0.174 -1.65564 6.43613
0.176 -20.2515 2.14074
0.178 -37.3803 -1.23097
0.18 -52.0681 -2.90983
0.182 -63.494 -2.67375
0.184 -71.0557 -0.881923
0.186 -74.4223 1.65473
0.188 -73.563 3.93616
0.19 -68.7458 5.07976
0.192 -60.5062 4.56297
0.194 -49.589 2.33049
0.196 -36.8731 -1.24214
0.198 -23.2886 -5.48675
0.2 -9.73822 -9.62628
0.202 2.96555 -12.9575
0.204 14.1423 -14.9993
0.206 23.2637 -15.5798
0.208 29.9572 -14.8452
0.21 33.9993 -13.1897
0.212 35.3043 -11.1307
0.214 33.9124 -9.16958
0.216 29.9811 -7.68008
0.218 23.7813 -6.84707
0.22 15.6967 -6.66135
0.222 6.22022 -6.95804
0.224 -4.06147 -7.48189
0.226 -14.4994 -7.96208
0.228 -24.4285 -8.17986
0.23 -33.2207 -8.01354
0.232 -40.3358 -7.4513
0.234 -45.3623 -6.57223
0.236 -48.0437 -5.5082
0.238 -48.289 -4.40424
0.24 -46.166 -3.38989
0.242 -41.8812 -2.56288
0.244 -35.7484 -1.97946
0.246 -28.1556 -1.64828
0.248 -19.5345 -1.53183
0.25 -10.3392 -1.56035
0.252 -1.03013 -1.65603
0.254 7.93681 -1.75588
0.256 16.1231 -1.82116
0.258 23.1234 -1.83106
0.26 28.5864 -1.76991
0.262 32.2391 -1.6206
0.264 33.9109 -1.36888
0.266 33.5519 -1.01235
0.268 31.2414 -0.564978
0.27 27.1826 -0.0539325
0.272 21.6854 0.487378
0.274 15.1377 1.025
0.276 7.97308 1.5284
0.278 0.637242 1.97601
0.28 -6.44161 2.36409
0.282 -12.875 2.71552
0.284 -18.3286 3.08124
0.286 -22.5297 3.5289
0.288 -25.2725 4.12049
0.29 -26.424 4.88648
0.292 -25.9327 5.80596
0.294 -23.837 6.79884
0.296 -20.2713 7.73308
0.298 -15.4646 8.44611
0.3 -9.73043 8.77765
0.302 -3.44679 8.60787
0.304 2.97232 7.89203
0.306 9.11171 6.6805
0.308 14.5914 5.11552
0.31 19.0987 3.40334
0.312 22.4101 1.76911
0.314 24.3999 0.407282
0.316 25.0354 -0.559313
0.318 24.3639 -1.10235
0.32 22.495 -1.28797
0.322 19.583 -1.25371
0.324 15.8137 -1.16696
0.326 11.3947 -1.175
0.328 6.55269 -1.36083
0.33 1.53209 -1.71891
0.332 -3.40613 -2.15894
0.334 -7.99078 -2.53548
0.336 -11.9537 -2.69321
0.338 -15.0497 -2.51352
0.34 -17.0794 -1.95014
0.342 -17.9115 -1.04532
0.344 -17.4996 0.0767252
0.346 -15.8895 1.23711
0.348 -13.2165 2.24332
0.35 -9.69087 2.93317
0.352 -5.57585 3.20976
0.354 -1.16063 3.05868
0.356 3.26565 2.54404
0.358 7.4357 1.7863
0.36 11.1195 0.929542
0.362 14.1334 0.107882
0.364 16.3439 -0.580292
0.366 17.6676 -1.08486
0.368 18.0697 -1.40262
0.37 17.5607 -1.56533
0.372 16.1956 -1.62205
0.374 14.072 -1.62121
0.376 11.3274 -1.59645
0.378 8.13446 -1.55948
0.38 4.69164 -1.50103
0.382 1.20993 -1.39878
0.384 -2.10252 -1.22846
0.386 -5.05629 -0.9736
0.388 -7.49468 -0.631203
0.39 -9.30446 -0.212938
0.392 -10.422 0.256411
0.394 -10.8345 0.741867
0.396 -10.576 1.2023
0.398 -9.7203 1.59574
0.4 -8.37049 1.88537
0.402 -6.64904 2.04475
0.404 -4.68796 2.06076
0.406 -2.6205 1.9346
0.408 -0.574167 1.68127
0.41 1.33506 1.32839
0.412 3.00766 0.913797
0.414 4.36462 0.481065
0.416 5.35065 0.0731057
0.418 5.93629 -0.274613
0.42 6.11858 -0.539168
0.422 5.92005 -0.712224
0.424 5.38582 -0.798939
0.426 4.57913 -0.814634
0.428 3.57554 -0.780252
0.43 2.45671 -0.717496
0.432 1.30402 -0.644517
0.434 0.193005 -0.573059
0.436 -0.811323 -0.507761
0.438 -1.65769 -0.447627
0.44 -2.31046 -0.388879
0.442 -2.75031 -0.327974
0.444 -2.97381 -0.26376
0.446 -2.99214 -0.198293
0.448 -2.82903 -0.136369
0.45 -2.51799 -0.084149
0.452 -2.09902 -0.0473971
0.454 -1.6151 -0.0298495
0.456 -1.10863 -0.0321836
0.458 -0.618255 -0.0518426
0.46 -0.176186 -0.083687
0.462 0.193659 -0.121184
0.464 0.476634 -0.157724
0.466 0.667347 -0.187714
0.468 0.76877 -0.207278
0.47 0.790677 -0.214519
0.472 0.747696 -0.209436
0.474 0.657265 -0.193595
0.476 0.537659 -0.169657
0.478 0.406262 -0.140844
0.48 0.278151 -0.110437
0.482 0.165056 -0.0813431
0.484 0.0747509 -0.0557745
0.486 0.0108675 -0.0350819
0.488 -0.0268603 -0.019737
0.49 -0.0419723 -0.00945727
0.492 -0.0403386 -0.0034261
0.494 -0.0290046 -0.000549477
0.496 -0.0149682 0.000314804
0.498 -0.00404911 0.000205377
0.4 0.0537993 0.0432949
0.8 0.05499 0.0444474
1.2 0.056972 0.0463629
1.6 0.0597416 0.0490335
2 0.0632936 0.0524481
2.4 0.067621 0.0565932
2.8 0.0727153 0.0614523
3.2 0.0785659 0.0670067
3.6 0.0851608 0.0732358
4 0.0924855 0.0801171
4.4 0.100524 0.0876269
4.8 0.109257 0.0957405
5.2 0.118665 0.104433
5.6 0.128724 0.113678
6 0.13941 0.123452
6.4 0.150694 0.133731
6.8 0.162548 0.144491
7.2 0.174941 0.155712
7.6 0.187838 0.167373
8 0.201206 0.17946
8.4 0.215007 0.191957
8.8 0.229204 0.204853
9.2 0.24376 0.218142
9.6 0.258634 0.231819
10 0.273788 0.245884
10.4 0.289184 0.260339
10.8 0.304782 0.275192
11.2 0.320547 0.290452
11.6 0.336441 0.306133
12 0.352432 0.322252
12.4 0.368486 0.338827
12.8 0.384575 0.355879
13.2 0.400671 0.373433
13.6 0.41675 0.391512
14 0.43279 0.410141
14.4 0.448774 0.429344
14.8 0.464685 0.449144
15.2 0.480512 0.469565
15.6 0.496245 0.490624
16 0.511876 0.512337
16.4 0.527403 0.534717
16.8 0.542821 0.557769
17.2 0.558131 0.581495
17.6 0.573332 0.605889
18 0.588426 0.630938
18.4 0.603415 0.656621
18.8 0.618299 0.682909
19.2 0.633078 0.709765
19.6 0.647752 0.737141
20 0.662318 0.764984
20.4 0.676771 0.793226
20.8 0.691102 0.821796
21.2 0.7053 0.85061
21.6 0.719351 0.879577
22 0.733237 0.908599
22.4 0.746935 0.937571
22.8 0.760419 0.966379
23.2 0.773659 0.994907
23.6 0.786621 1.02303
24 0.799267 1.05063
24.4 0.811558 1.07758
24.8 0.823447 1.10374
25.2 0.834891 1.12901
25.6 0.845839 1.15324
26 0.856243 1.17632
26.4 0.866052 1.19813
26.8 0.875216 1.21858
27.2 0.883685 1.23754
27.6 0.891412 1.25494
28 0.89835 1.2707
28.4 0.904457 1.28473
28.8 0.909694 1.29699
29.2 0.914026 1.30742
29.6 0.917424 1.31599
30 0.919862 1.32268
30.4 0.921322 1.32749
30.8 0.921793 1.33042
31.2 0.921268 1.33149
31.6 0.919748 1.33074
32 0.917241 1.32822
32.4 0.913761 1.32397
32.8 0.909329 1.31806
33.2 0.90397 1.31058
33.6 0.897718 1.30162
34 0.890609 1.29125
34.4 0.882686 1.27959
34.8 0.873996 1.26673
35.2 0.864588 1.25278
35.6 0.854513 1.23785
36 0.843827 1.22205
36.4 0.832583 1.20548
36.8 0.820838 1.18824
37.2 0.808645 1.17043
37.6 0.796059 1.15215
38 0.783131 1.13348
38.4 0.76991 1.1145
38.8 0.756441 1.09529
39.2 0.742768 1.0759
39.6 0.728927 1.05639
40 0.714952 1.03681
40.4 0.700874 1.01719
40.8 0.686716 0.997558
41.2 0.672499 0.977931
41.6 0.658237 0.958319
42 0.643943 0.938725
42.4 0.629623 0.919142
42.8 0.615281 0.899562
43.2 0.600917 0.879966
43.6 0.586529 0.860337
44 0.572112 0.84065
44.4 0.55766 0.820882
44.8 0.543167 0.801008
45.2 0.528624 0.781002
45.6 0.514025 0.760843
46 0.499364 0.740511
46.4 0.484636 0.719989
46.8 0.469838 0.699265
47.2 0.454971 0.678333
47.6 0.440036 0.657192
48 0.425039 0.635849
48.4 0.409989 0.614314
48.8 0.3949 0.592609
49.2 0.379786 0.570758
49.6 0.364667 0.548796
50 0.349567 0.526762
50.4 0.334512 0.5047
50.8 0.319531 0.482664
51.2 0.304655 0.460709
51.6 0.289919 0.438895
52 0.275358 0.417286
52.4 0.26101 0.395947
52.8 0.246912 0.374948
53.2 0.2331 0.354354
53.6 0.219614 0.334234
54 0.206488 0.314653
54.4 0.193756 0.295673
54.8 0.181452 0.277355
55.2 0.169605 0.259752
55.6 0.158241 0.242914
56 0.147384 0.226885
56.4 0.137053 0.211701
56.8 0.127262 0.197392
57.2 0.118024 0.183981
57.6 0.109344 0.171481
58 0.101225 0.159899
58.4 0.0936651 0.149234
58.8 0.0866578 0.139477
59.2 0.0801927 0.13061
59.6 0.0742558 0.122609
60 0.0688295 0.115444
60.4 0.0638929 0.109078
60.8 0.0594228 0.103468
61.2 0.0553932 0.0985672
61.6 0.0517765 0.0943238
62 0.0485438 0.0906832
62.4 0.045665 0.0875884
62.8 0.0431097 0.0849806
63.2 0.0408475 0.0828004
63.6 0.0388484 0.0809885
64 0.0370832 0.0794865
64.4 0.0355238 0.0782374
64.8 0.0341436 0.0771869
65.2 0.0329178 0.0762834
65.6 0.0318236 0.075479
66 0.0308402 0.0747297
66.4 0.0299491 0.073996
66.8 0.0291341 0.0732432
67.2 0.0283814 0.0724413
67.6 0.0276793 0.0715657
68 0.0270185 0.0705968
68.4 0.0263914 0.0695199
68.8 0.0257928 0.0683256
69.2 0.0252187 0.0670091
69.6 0.0246671 0.0655702
70 0.0241369 0.0640128
70.4 0.0236281 0.0623446
70.8 0.0231417 0.060577
71.2 0.022679 0.0587239
71.6 0.0222419 0.0568021
72 0.0218321 0.0548301
72.4 0.0214515 0.0528281
72.8 0.0211016 0.0508172
73.2 0.0207834 0.0488191
73.6 0.0204976 0.0468554
74 0.0202442 0.0449476
74.4 0.0200224 0.0431162
74.8 0.0198307 0.0413808
75.2 0.0196672 0.0397593
75.6 0.019529 0.038268
76 0.0194126 0.0369213
76.4 0.0193142 0.0357312
76.8 0.0192292 0.0347077
77.2 0.019153 0.0338582
77.6 0.0190806 0.0331878
78 0.0190069 0.032699
78.4 0.018927 0.032392
78.8 0.0188362 0.0322646
79.2 0.01873 0.0323125
79.6 0.0186044 0.0325293
80 0.0184559 0.0329064
80.4 0.018282 0.0334338
80.8 0.0180805 0.0340997
81.2 0.0178502 0.0348911
81.6 0.0175909 0.0357938
82 0.0173031 0.0367926
82.4 0.0169882 0.0378717
82.8 0.0166485 0.0390148
83.2 0.016287 0.0402052
83.6 0.0159077 0.0414264
84 0.015515 0.0426615
84.4 0.0151142 0.0438944
84.8 0.0147106 0.0451091
85.2 0.0143105 0.0462902
85.6 0.0139199 0.047423
86 0.0135451 0.0484938
86.4 0.0131926 0.0494895
86.8 0.0128684 0.0503982
87.2 0.0125785 0.0512091
87.6 0.0123283 0.0519124
88 0.012123 0.0524995
88.4 0.0119669 0.0529631
88.8 0.0118638 0.0532971
89.2 0.0118168 0.0534965
89.6 0.011828 0.053558
90 0.0118988 0.0534791
90.4 0.0120299 0.0532589
90.8 0.0122207 0.0528977
91.2 0.0124704 0.0523971
91.6 0.0127768 0.0517599
92 0.0131373 0.0509903
92.4 0.0135485 0.0500935
92.8 0.0140066 0.049076
93.2 0.014507 0.0479454
93.6 0.0150448 0.0467104
94 0.015615 0.0453807
94.4 0.0162123 0.0439669
94.8 0.0168313 0.0424807
95.2 0.0174669 0.0409343
95.6 0.018114 0.0393408
96 0.018768 0.0377137
96.4 0.0194248 0.0360672
96.8 0.0200808 0.0344155
97.2 0.0207332 0.0327732
97.6 0.02138 0.031155
98 0.0220199 0.0295752
98.4 0.0226527 0.028048
98.8 0.0232793 0.0265873
99.2 0.0239014 0.025206
99.6 0.0245219 0.0239165
100 0.0251447 0.0227303
100.4 0.0257748 0.0216578
100.8 0.0264179 0.0207079
101.2 0.0270809 0.0198886
101.6 0.0277713 0.0192061
102 0.0284974 0.0186653
102.4 0.029268 0.0182694
102.8 0.0300924 0.0180199
103.2 0.03098 0.0179167
103.6 0.0319405 0.0179581
104 0.0329832 0.0181407
104.4 0.0341174 0.0184595
104.8 0.0353518 0.0189081
105.2 0.0366942 0.0194787
105.6 0.0381517 0.0201623
106 0.0397302 0.0209489
106.4 0.0414346 0.0218276
106.8 0.0432679 0.0227866
107.2 0.0452318 0.0238141
107.6 0.0473262 0.0248975
108 0.049549 0.0260245
108.4 0.0518964 0.027183
108.8 0.0543623 0.0283611
109.2 0.0569389 0.0295475
109.6 0.0596161 0.030732
110 0.062382 0.0319049
110.4 0.0652227 0.033058
110.8 0.0681224 0.034184
111.2 0.0710639 0.0352772
111.6 0.0740284 0.036333
112 0.0769956 0.0373484
112.4 0.0799444 0.0383216
112.8 0.0828528 0.0392523
113.2 0.0856984 0.0401413
113.6 0.0884585 0.0409906
114 0.0911104 0.0418033
114.4 0.0936318 0.0425833
114.8 0.0960012 0.0433351
115.2 0.0981981 0.0440637
115.6 0.100203 0.0447743
116 0.101999 0.0454721
116.4 0.103569 0.0461622
116.8 0.104901 0.0468491
117.2 0.105982 0.0475367
117.6 0.106804 0.0482281
118 0.10736 0.0489253
118.4 0.107646 0.0496292
118.8 0.107663 0.0503393
119.2 0.107411 0.0510537
119.6 0.106895 0.0517692
120 0.106122 0.0524808
120.4 0.105103 0.0531825
120.8 0.103848 0.0538666
121.2 0.102373 0.0545242
121.6 0.100693 0.0551453
122 0.0988263 0.0557189
122.4 0.0967922 0.0562332
122.8 0.0946109 0.056676
123.2 0.0923035 0.0570346
123.6 0.0898914 0.0572965
124 0.0873963 0.0574494
124.4 0.0848398 0.0574814
124.8 0.0822426 0.0573815
125.2 0.0796249 0.0571399
125.6 0.0770058 0.0567479
126 0.0744031 0.0561986
126.4 0.071833 0.0554867
126.8 0.06931 0.0546088
127.2 0.0668469 0.0535638
127.6 0.0644542 0.0523524
128 0.0621408 0.0509778
128.4 0.0599133 0.0494452
128.8 0.0577764 0.0477621
129.2 0.0557326 0.0459382
129.6 0.0537828 0.0439848
130 0.0519258 0.0419153
130.4 0.0501592 0.0397447
130.8 0.0484787 0.0374893
131.2 0.0468791 0.0351664
131.6 0.0453537 0.0327943
132 0.0438956 0.0303919
132.4 0.0424966 0.0279782
132.8 0.0411487 0.0255721
133.2 0.0398434 0.0231922
133.6 0.0385724 0.0208566
134 0.0373276 0.0185822
134.4 0.0361013 0.0163848
134.8 0.0348867 0.0142789
135.2 0.0336774 0.0122772
135.6 0.032468 0.0103908
136 0.0312542 0.00862888
136.4 0.0300326 0.00699846
136.8 0.0288008 0.00550473
137.2 0.0275577 0.00415075
137.6 0.026303 0.00293763
138 0.0250377 0.00186451
138.4 0.0237636 0.000928743
138.8 0.0224833 0.000125964
139.2 0.0212003 -0.000549699
139.6 0.0199188 -0.00110546
140 0.0186434 -0.00154966
140.4 0.0173793 -0.00189156
140.8 0.0161319 -0.0021411
141.2 0.0149065 -0.00230872
141.6 0.0137088 -0.00240504
142 0.0125441 -0.00244076
142.4 0.0114176 -0.00242636
142.8 0.010334 -0.00237195
143.2 0.00929787 -0.00228713
143.6 0.00831291 -0.00218079
144 0.00738243 -0.00206101
144.4 0.00650906 -0.00193498
144.8 0.00569476 -0.00180891
145.2 0.00494083 -0.00168801
145.6 0.00424787 -0.00157646
146 0.00361582 -0.00147742
146.4 0.00304399 -0.00139309
146.8 0.00253109 -0.00132471
147.2 0.00207527 -0.00127272
147.6 0.00167421 -0.00123676
148 0.00132519 -0.00121585
148.4 0.0010251 -0.00120845
148.8 0.000770593 -0.00121259
149.2 0.000558108 -0.001226
149.6 0.000383964 -0.00124621
150 0.000244423 -0.0012707
150.4 0.000135763 -0.00129693
150.8 5.43329e-05 -0.00132251
151.2 -3.38778e-06 -0.00134526
151.6 -4.07457e-05 -0.00136324
152 -6.08731e-05 -0.00137487
152.4 -6.66577e-05 -0.00137891
152.8 -6.07202e-05 -0.00137454
153.2 -4.54007e-05 -0.00136131
153.6 -2.27521e-05 -0.00133916
154 5.4581e-06 -0.00130844
154.4 3.77404e-05 -0.00126979
154.8 7.28691e-05 -0.00122418
155.2 0.000109864 -0.00117283
155.6 0.000147968 -0.00111712
156 0.000186621 -0.00105861
156.4 0.000225432 -0.000998872
156.8 0.000264152 -0.000939527
157.2 0.000302645 -0.000882119
157.6 0.000340858 -0.000828086
158 0.000378799 -0.000778701
158.4 0.000416508 -0.000735032
158.8 0.000454039 -0.000697906
159.2 0.000491438 -0.000667879
159.6 0.000528733 -0.000645222
160 0.000565916 -0.000629914
160.4 0.000602937 -0.000621644
160.8 0.000639699 -0.00061982
161.2 0.000676056 -0.000623593
161.6 0.000711813 -0.000631882
162 0.000746729 -0.00064341
162.4 0.000780525 -0.000656744
162.8 0.000812887 -0.000670337
163.2 0.000843477 -0.000682575
163.6 0.000871943 -0.00069183
164 0.000897929 -0.000696498
164.4 0.000921081 -0.000695053
164.8 0.000941064 -0.000686089
165.2 0.000957564 -0.000668354
165.6 0.000970302 -0.000640791
166 0.000979036 -0.000602565
166.4 0.000983575 -0.000553082
166.8 0.000983773 -0.000492008
167.2 0.000979545 -0.000419277
167.6 0.000970859 -0.000335094
168 0.000957741 -0.000239928
168.4 0.000940277 -0.000134501
168.8 0.000918608 -1.97721e-05
169.2 0.000892928 0.000103086
169.6 0.000863483 0.000232713
170 0.000830564 0.000367593
170.4 0.000794507 0.000506087
170.8 0.00075568 0.00064647
171.2 0.000714488 0.000786965
171.6 0.00067136 0.000925781
172 0.000626744 0.00106115
172.4 0.000581105 0.00119135
172.8 0.000534916 0.00131476
173.2 0.000488655 0.00142987
173.6 0.000442797 0.00153531
174 0.000397812 0.00162987
174.4 0.000354157 0.00171254
174.8 0.00031227 0.00178248
175.2 0.000272572 0.00183907
175.6 0.000235452 0.00188189
176 0.000201273 0.00191075
176.4 0.00017036 0.00192565
176.8 0.000143 0.00192679
177.2 0.000119435 0.00191456
177.6 9.98617e-05 0.00188955
178 8.44262e-05 0.00185249
178.4 7.32212e-05 0.00180426
178.8 6.62838e-05 0.00174586
179.2 6.35936e-05 0.0016784
179.6 6.50713e-05 0.00160308
180 7.05782e-05 0.00152116
180.4 7.99164e-05 0.00143393
180.8 9.28298e-05 0.0013427
181.2 0.000109006 0.00124879
181.6 0.00012808 0.00115349
182 0.000149636 0.00105805
182.4 0.000173217 0.000963672
182.8 0.000198323 0.000871465
183.2 0.000224427 0.000782464
183.6 0.000250973 0.000697605
184 0.000277395 0.000617709
184.4 0.000303114 0.000543483
184.8 0.000327557 0.000475507
185.2 0.000350164 0.000414232
185.6 0.000370392 0.00035998
186 0.000387733 0.00031294
186.4 0.000401718 0.000273171
186.8 0.000411927 0.000240605
187.2 0.000417996 0.000215055
187.6 0.000419624 0.000196217
188 0.000416581 0.000183684
188.4 0.000408709 0.000176952
188.8 0.000395928 0.000175433
189.2 0.000378236 0.000178469
189.6 0.000355708 0.000185343
190 0.000328499 0.000195294
190.4 0.000296837 0.000207533
190.8 0.000261019 0.000221256
191.2 0.000221405 0.000235663
191.6 0.000178415 0.000249968
192 0.000132514 0.000263417
192.4 8.42084e-05 0.000275298
192.8 3.40341e-05 0.000284961
193.2 -1.74538e-05 0.00029182
193.6 -6.9691e-05 0.000295371
194 -0.000122115 0.000295194
194.4 -0.000174173 0.000290964
194.8 -0.000225337 0.000282456
195.2 -0.000275106 0.000269541
195.6 -0.00032302 0.000252196
196 -0.000368661 0.000230495
196.4 -0.000411665 0.000204606
196.8 -0.000451722 0.000174791
197.2 -0.000488583 0.00014139
197.6 -0.000522057 0.00010482
198 -0.000552014 6.55573e-05
198.4 -0.000578385 2.41304e-05
198.8 -0.000601155 -1.88946e-05
199.2 -0.000620366 -6.29272e-05
199.6 -0.000636106 -0.000107366
200 -0.000648507 -0.000151613
200.4 -0.000657736 -0.000195085
200.8 -0.000663993 -0.00023723
201.2 -0.000667497 -0.000277533
201.6 -0.000668484 -0.000315532
202 -0.000667199 -0.000350826
202.4 -0.000663884 -0.000383079
202.8 -0.000658779 -0.000412027
203.2 -0.000652112 -0.000437487
203.6 -0.000644094 -0.000459349
204 -0.000634914 -0.000477584
204.4 -0.000624739 -0.00049224
204.8 -0.000613708 -0.000503435
205.2 -0.000601932 -0.000511356
205.6 -0.000589496 -0.000516247
206 -0.000576457 -0.000518409
206.4 -0.000562845 -0.000518183
206.8 -0.000548668 -0.000515943
207.2 -0.000533917 -0.000512087
207.6 -0.000518562 -0.000507026
208 -0.000502567 -0.000501175
208.4 -0.000485885 -0.000494938
208.8 -0.000468468 -0.000488707
209.2 -0.000450272 -0.000482846
209.6 -0.000431259 -0.000477688
210 -0.000411402 -0.000473527
210.4 -0.00039069 -0.000470612
210.8 -0.000369131 -0.000469147
211.2 -0.000346751 -0.000469284
211.6 -0.000323604 -0.000471124
212 -0.000299763 -0.000474718
212.4 -0.000275328 -0.000480065
212.8 -0.000250422 -0.000487118
213.2 -0.000225189 -0.000495785
213.6 -0.000199795 -0.000505934
214 -0.000174422 -0.000517397
214.4 -0.000149266 -0.000529975
214.8 -0.000124531 -0.000543441
215.2 -0.00010043 -0.000557551
215.6 -7.71724e-05 -0.000572044
216 -5.49665e-05 -0.000586647
216.4 -3.401e-05 -0.000601083
216.8 -1.44871e-05 -0.000615073
217.2 3.43629e-06 -0.000628339
217.6 1.96169e-05 -0.000640608
218 3.39378e-05 -0.000651616
218.4 4.6311e-05 -0.000661107
218.8 5.66807e-05 -0.000668838
219.2 6.50245e-05 -0.000674576
219.6 7.13549e-05 -0.000678103
220 7.5719e-05 -0.000679214
220.4 7.81984e-05 -0.000677719
220.8 7.89076e-05 -0.00067344
221.2 7.79922e-05 -0.000666216
221.6 7.56259e-05 -0.000655899
222 7.20073e-05 -0.000642358
222.4 6.73559e-05 -0.000625476
222.8 6.19078e-05 -0.000605156
223.2 5.59107e-05 -0.000581319
223.6 4.96193e-05 -0.000553906
224 4.329e-05 -0.000522879
224.4 3.71758e-05 -0.000488228
224.8 3.15211e-05 -0.000449967
225.2 2.65572e-05 -0.000408142
225.6 2.24978e-05 -0.00036283
226 1.95346e-05 -0.000314142
226.4 1.78338e-05 -0.000262228
226.8 1.75334e-05 -0.000207273
227.2 1.87404e-05 -0.000149504
227.6 2.15293e-05 -8.91886e-05
228 2.59411e-05 -2.66348e-05
228.4 3.19829e-05 3.78099e-05
228.8 3.96282e-05 0.000103759
229.2 4.88182e-05 0.000170792
229.6 5.94634e-05 0.000238452
230 7.14459e-05 0.000306259
230.4 8.46226e-05 0.000373704
230.8 9.88281e-05 0.000440266
231.2 0.000113879 0.000505411
231.6 0.000129577 0.0005686
232 0.000145714 0.000629301
232.4 0.000162076 0.000686994
232.8 0.000178449 0.000741177
233.2 0.00019462 0.000791379
233.6 0.000210384 0.000837165
234 0.000225546 0.000878142
234.4 0.000239928 0.00091397
234.8 0.000253366 0.000944366
235.2 0.000265717 0.000969107
235.6 0.000276861 0.00098804
236 0.000286702 0.00100108
236.4 0.000295166 0.00100821
236.8 0.000302206 0.0010095
237.2 0.000307799 0.00100507
237.6 0.000311946 0.000995121
238 0.000314672 0.000979928
238.4 0.00031602 0.000959818
238.8 0.000316054 0.000935179
239.2 0.000314853 0.000906447
239.6 0.000312511 0.000874103
240 0.000309132 0.000838664
240.4 0.000304826 0.000800671
240.8 0.000299708 0.000760684
241.2 0.000293896 0.000719269
241.6 0.000287503 0.000676994
242 0.00028064 0.000634413
242.4 0.000273409 0.000592064
242.8 0.000265905 0.000550455
243.2 0.000258209 0.000510062
243.6 0.000250391 0.000471314
244 0.000242508 0.000434596
244.4 0.000234602 0.000400238
244.8 0.000226701 0.00036851
245.2 0.00021882 0.000339624
245.6 0.000210959 0.000313727
246 0.000203109 0.000290902
246.4 0.000195248 0.000271171
246.8 0.000187348 0.000254488
247.2 0.000179372 0.000240749
247.6 0.000171281 0.000229794
248 0.000163032 0.000221405
248.4 0.000154586 0.000215318
248.8 0.000145902 0.000211224
249.2 0.000136947 0.000208776
249.6 0.000127695 0.000207596
250 0.000118127 0.000207281
250.4 0.000108236 0.000207409
250.8 9.80257e-05 0.000207551
251.2 8.75109e-05 0.000207272
251.6 7.67205e-05 0.000206142
252 6.56954e-05 0.000203742
252.4 5.44887e-05 0.000199671
252.8 4.3165e-05 0.000193555
253.2 3.17991e-05 0.000185048
253.6 2.04747e-05 0.000173842
254 9.28241e-06 0.000159672
254.4 -1.68207e-06 0.000142319
254.8 -1.23203e-05 0.000121614
255.2 -2.25333e-05 9.7443e-05
255.6 -3.22241e-05 6.97476e-05
256 -4.12999e-05 3.85281e-05
256.4 -4.96748e-05 3.84355e-06
256.8 -5.72715e-05 -3.41876e-05
257.2 -6.40234e-05 -7.53886e-05
257.6 -6.98767e-05 -0.000119526
258 -7.47915e-05 -0.000166312
258.4 -7.87427e-05 -0.000215408
258.8 -8.17216e-05 -0.000266428
259.2 -8.37351e-05 -0.000318944
259.6 -8.48068e-05 -0.000372493
260 -8.49757e-05 -0.000426578
260.4 -8.42959e-05 -0.000480682
260.8 -8.28352e-05 -0.000534268
261.2 -8.06739e-05 -0.000586793
261.6 -7.79027e-05 -0.000637709
262 -7.46209e-05 -0.000686477
262.4 -7.09342e-05 -0.00073257
262.8 -6.69523e-05 -0.000775485
263.2 -6.27864e-05 -0.000814745
263.6 -5.85471e-05 -0.000849913
264 -5.43418e-05 -0.000880591
264.4 -5.02726e-05 -0.000906432
264.8 -4.6434e-05 -0.000927142
265.2 -4.29112e-05 -0.000942485
265.6 -3.97785e-05 -0.000952288
266 -3.70979e-05 -0.00095644
266.4 -3.4918e-05 -0.000954898
266.8 -3.32734e-05 -0.000947684
267.2 -3.21844e-05 -0.000934885
267.6 -3.16569e-05 -0.000916655
268 -3.16828e-05 -0.000893206
268.4 -3.22408e-05 -0.000864811
268.8 -3.32969e-05 -0.000831793
269.2 -3.48061e-05 -0.000794526
269.6 -3.67138e-05 -0.000753427
270 -3.89571e-05 -0.000708947
270.4 -4.14667e-05 -0.000661567
270.8 -4.4169e-05 -0.000611789
271.2 -4.69877e-05 -0.000560131
271.6 -4.9846e-05 -0.000507117
272 -5.26679e-05 -0.000453271
272.4 -5.53805e-05 -0.000399108
272.8 -5.79156e-05 -0.000345132
273.2 -6.02105e-05 -0.000291823
273.6 -6.22102e-05 -0.000239636
274 -6.38674e-05 -0.000188996
274.4 -6.51441e-05 -0.00014029
274.8 -6.60118e-05 -9.38669e-05
275.2 -6.64516e-05 -5.00329e-05
275.6 -6.64545e-05 -9.04965e-06
276 -6.60212e-05 2.88665e-05
276.4 -6.51614e-05 6.35453e-05
276.8 -6.38935e-05 9.48624e-05
277.2 -6.22433e-05 0.000122738
277.6 -6.02436e-05 0.000147136
278 -5.79328e-05 0.000168061
278.4 -5.53536e-05 0.000185555
278.8 -5.25523e-05 0.000199698
279.2 -4.95769e-05 0.0002106
279.6 -4.64761e-05 0.000218399
280 -4.32986e-05 0.000223259
280.4 -4.0091e-05 0.000225366
280.8 -3.68977e-05 0.000224921
281.2 -3.37595e-05 0.00022214
281.6 -3.0713e-05 0.00021725
282 -2.77898e-05 0.000210482
282.4 -2.50162e-05 0.000202075
282.8 -2.24127e-05 0.000192264
283.2 -1.9994e-05 0.000181286
283.6 -1.77691e-05 0.000169373
284 -1.5741e-05 0.000156751
284.4 -1.39074e-05 0.000143637
284.8 -1.2261e-05 0.000130239
285.2 -1.07898e-05 0.000116756
285.6 -9.47804e-06 0.000103373
286 -8.30655e-06 9.02635e-05
286.4 -7.25362e-06 7.75874e-05
286.8 -6.29572e-06 6.54902e-05
287.2 -5.40825e-06 5.41029e-05
287.6 -4.56626e-06 4.35412e-05
288 -3.7452e-06 3.39057e-05
288.4 -2.92157e-06 2.52812e-05
288.8 -2.07356e-06 1.77368e-05
289.2 -1.18159e-06 1.13256e-05
289.6 -2.28772e-07 6.08444e-06
290 7.98677e-07 2.03458e-06
290.4 1.91117e-06 -8.18794e-07
290.8 3.11554e-06 -2.48604e-06
291.2 4.41494e-06 -2.99276e-06
291.6 5.8088e-06 -2.37932e-06
292 7.29297e-06 -7.00206e-07
292.4 8.85982e-06 1.97679e-06
292.8 1.04985e-05 5.5715e-06
293.2 1.21953e-05 9.99253e-06
293.6 1.39339e-05 1.51386e-05
294 1.5696e-05 2.08999e-05
294.4 1.74616e-05 2.71599e-05
294.8 1.92093e-05 3.37969e-05
295.2 2.09174e-05 4.06859e-05
295.6 2.25639e-05 4.77008e-05
296 2.4127e-05 5.47162e-05
296.4 2.55859e-05 6.16092e-05
296.8 2.6921e-05 6.82619e-05
297.2 2.81145e-05 7.4563e-05
297.6 2.91505e-05 8.04095e-05
298 3.00157e-05 8.57086e-05
298.4 3.06993e-05 9.03791e-05
298.8 3.11934e-05 9.43527e-05
299.2 3.14931e-05 9.7575e-05
299.6 3.15968e-05 0.000100006
300 3.15056e-05 0.000101621
300.4 3.1224e-05 0.000102411
300.8 3.07591e-05 0.000102381
301.2 3.01209e-05 0.00010155
301.6 2.93219e-05 9.99534e-05
302 2.83767e-05 9.76367e-05
302.4 2.73017e-05 9.46582e-05
302.8 2.6115e-05 9.10856e-05
303.2 2.48357e-05 8.69951e-05
303.6 2.34834e-05 8.24692e-05
304 2.20783e-05 7.7595e-05
304.4 2.06402e-05 7.24621e-05
304.8 1.91886e-05 6.71607e-05
305.2 1.77418e-05 6.17797e-05
305.6 1.63171e-05 5.64051e-05
306 1.49299e-05 5.11178e-05
306.4 1.35941e-05 4.59927e-05
306.8 1.23213e-05 4.10971e-05
307.2 1.11208e-05 3.64896e-05
307.6 9.99969e-06 3.22196e-05
308 8.96273e-06 2.83262e-05
308.4 8.01218e-06 2.48384e-05
308.8 7.14809e-06 2.1775e-05
309.2 6.36834e-06 1.91445e-05
309.6 5.66885e-06 1.69458e-05
310 5.04385e-06 1.5169e-05
310.4 4.48611e-06 1.37957e-05
310.8 3.98727e-06 1.28006e-05
311.2 3.53818e-06 1.21522e-05
311.6 3.12927e-06 1.18142e-05
312 2.75084e-06 1.17468e-05
312.4 2.39349e-06 1.19075e-05
312.8 2.04836e-06 1.22529e-05
313.2 1.70752e-06 1.27396e-05
313.6 1.36419e-06 1.33252e-05
314 1.01297e-06 1.39695e-05
314.4 6.50059e-07 1.46351e-05
314.8 2.73338e-07 1.52884e-05
315.2 -1.17537e-07 1.59e-05
315.6 -5.21133e-07 1.64448e-05
316 -9.34282e-07 1.69029e-05
316.4 -1.35219e-06 1.72591e-05
316.8 -1.76861e-06 1.75031e-05
317.2 -2.17604e-06 1.76293e-05
317.6 -2.56595e-06 1.76364e-05
318 -2.92913e-06 1.7527e-05
318.4 -3.25596e-06 1.73073e-05
318.8 -3.53675e-06 1.69861e-05
319.2 -3.76208e-06 1.65747e-05
319.6 -3.92313e-06 1.60863e-05
320 -4.012e-06 1.55349e-05
320.4 -4.02199e-06 1.49352e-05
320.8 -3.94788e-06 1.43022e-05
321.2 -3.78616e-06 1.365e-05
321.6 -3.53514e-06 1.29922e-05
322 -3.19514e-06 1.23411e-05
322.4 -2.76849e-06 1.17076e-05
322.8 -2.25956e-06 1.11009e-05
323.2 -1.67469e-06 1.05285e-05
323.6 -1.02206e-06 9.99619e-06
324 -3.11528e-07 9.50784e-06
324.4 4.45596e-07 9.0658e-06
324.8 1.23683e-06 8.67085e-06
325.2 2.04882e-06 8.32245e-06
325.6 2.86765e-06 8.01893e-06
326 3.67922e-06 7.75772e-06
326.4 4.46957e-06 7.53561e-06
326.8 5.22525e-06 7.34895e-06
327.2 5.93364e-06 7.19394e-06
327.6 6.58325e-06 7.0668e-06
328 7.16403e-06 6.96397e-06
328.4 7.66755e-06 6.88227e-06
328.8 8.08726e-06 6.81904e-06
329.2 8.41853e-06 6.77224e-06
329.6 8.65884e-06 6.74049e-06
330 8.80768e-06 6.72312e-06
330.4 8.8666e-06 6.72014e-06
330.8 8.83909e-06 6.73223e-06
331.2 8.7304e-06 6.7607e-06
331.6 8.5474e-06 6.80737e-06
332 8.2983e-06 6.87447e-06
332.4 7.9924e-06 6.9646e-06
332.8 7.63979e-06 7.08054e-06
333.2 7.25105e-06 7.22515e-06
333.6 6.83693e-06 7.4013e-06
334 6.40804e-06 7.61168e-06
334.4 5.97456e-06 7.85875e-06
334.8 5.54595e-06 8.14461e-06
335.2 5.13074e-06 8.47092e-06
335.6 4.73628e-06 8.83882e-06
336 4.36862e-06 9.24888e-06
336.4 4.03236e-06 9.70102e-06
336.8 3.73063e-06 1.01945e-05
337.2 3.46502e-06 1.07279e-05
337.6 3.23567e-06 1.12989e-05
338 3.04131e-06 1.19048e-05
338.4 2.87943e-06 1.25419e-05
338.8 2.74643e-06 1.32059e-05
339.2 2.6378e-06 1.38918e-05
339.6 2.5484e-06 1.45941e-05
340 2.47265e-06 1.53063e-05
340.4 2.40481e-06 1.6022e-05
340.8 2.33925e-06 1.67338e-05
341.2 2.27066e-06 1.74341e-05
341.6 2.1943e-06 1.81151e-05
342 2.10619e-06 1.87686e-05
342.4 2.00332e-06 1.93866e-05
342.8 1.88376e-06 1.99608e-05
343.2 1.74673e-06 2.04833e-05
343.6 1.59272e-06 2.09464e-05
344 1.42345e-06 2.13428e-05
344.4 1.24183e-06 2.16659e-05
344.8 1.05192e-06 2.19097e-05
345.2 8.58748e-07 2.20691e-05
345.6 6.68205e-07 2.21401e-05
346 4.86814e-07 2.21196e-05
346.4 3.21529e-07 2.20059e-05
346.8 1.79492e-07 2.17985e-05
347.2 6.77881e-08 2.14984e-05
347.6 -6.81249e-09 2.1108e-05
348 -3.80969e-08 2.06309e-05
348.4 -2.06476e-08 2.00725e-05
348.8 4.99419e-08 1.94392e-05
349.2 1.76877e-07 1.8739e-05
349.6 3.62006e-07 1.79808e-05
350 6.05697e-07 1.71747e-05
350.4 9.06757e-07 1.63314e-05
350.8 1.2624e-06 1.54625e-05
351.2 1.66825e-06 1.45799e-05
351.6 2.11839e-06 1.36954e-05
352 2.60547e-06 1.28212e-05
352.4 3.12083e-06 1.19687e-05
352.8 3.65467e-06 1.11488e-05
353.2 4.19625e-06 1.03717e-05
353.6 4.73416e-06 9.64638e-06
354 5.25651e-06 8.98041e-06
354.4 5.75125e-06 8.38003e-06
354.8 6.2064e-06 7.84981e-06
355.2 6.61034e-06 7.39258e-06
355.6 6.95208e-06 7.0094e-06
356 7.2215e-06 6.69953e-06
356.4 7.40959e-06 6.46046e-06
356.8 7.50862e-06 6.288e-06
357.2 7.51237e-06 6.1764e-06
357.6 7.41625e-06 6.11853e-06
358 7.21736e-06 6.10606e-06
358.4 6.91464e-06 6.12971e-06
358.8 6.50882e-06 6.17951e-06
359.2 6.00244e-06 6.24506e-06
359.6 5.3998e-06 6.31585e-06
360 4.70688e-06 6.3815e-06
360.4 3.93117e-06 6.43207e-06
360.8 3.0816e-06 6.45833e-06
361.2 2.1683e-06 6.45197e-06
361.6 1.2024e-06 6.40582e-06
362 1.95883e-07 6.31405e-06
362.4 -8.38713e-07 6.17226e-06
362.8 -1.88849e-06 5.9776e-06
363.2 -2.94041e-06 5.72881e-06
363.6 -3.98156e-06 5.42621e-06
364 -4.99933e-06 5.07164e-06
364.4 -5.98165e-06 4.66839e-06
364.8 -6.91714e-06 4.22106e-06
365.2 -7.79532e-06 3.73537e-06
365.6 -8.60674e-06 3.21801e-06
366 -9.34309e-06 2.67637e-06
366.4 -9.99732e-06 2.11837e-06
366.8 -1.05637e-05 1.55214e-06
367.2 -1.10378e-05 9.85847e-07
367.6 -1.14167e-05 4.27446e-07
368 -1.16988e-05 -1.15553e-07
368.4 -1.18838e-05 -6.36268e-07
368.8 -1.19728e-05 -1.12861e-06
369.2 -1.19681e-05 -1.58744e-06
369.6 -1.18731e-05 -2.00863e-06
370 -1.16923e-05 -2.38917e-06
370.4 -1.14312e-05 -2.72718e-06
370.8 -1.1096e-05 -3.02191e-06
371.2 -1.06937e-05 -3.27366e-06
371.6 -1.02317e-05 -3.48375e-06
372 -9.71803e-06 -3.6544e-06
372.4 -9.16086e-06 -3.78859e-06
372.8 -8.56858e-06 -3.88992e-06
373.2 -7.94961e-06 -3.96246e-06
373.6 -7.31225e-06 -4.01056e-06
374 -6.66463e-06 -4.03872e-06
374.4 -6.01454e-06 -4.05141e-06
374.8 -5.36937e-06 -4.05291e-06
375.2 -4.736e-06 -4.04718e-06
375.6 -4.12077e-06 -4.03779e-06
376 -3.52936e-06 -4.02777e-06
376.4 -2.96676e-06 -4.01955e-06
376.8 -2.43724e-06 -4.01497e-06
377.2 -1.94432e-06 -4.0152e-06
377.6 -1.49071e-06 -4.02082e-06
378 -1.07838e-06 -4.03179e-06
378.4 -7.08512e-07 -4.04754e-06
378.8 -3.81515e-07 -4.06703e-06
379.2 -9.70817e-08 -4.08886e-06
379.6 1.45794e-07 -4.11134e-06
380 3.48768e-07 -4.13259e-06
380.4 5.14094e-07 -4.15067e-06
380.8 6.44559e-07 -4.16365e-06
381.2 7.43422e-07 -4.16971e-06
381.6 8.14337e-07 -4.16721e-06
382 8.61281e-07 -4.15478e-06
382.4 8.88471e-07 -4.13135e-06
382.8 9.00288e-07 -4.0962e-06
383.2 9.01193e-07 -4.04893e-06
383.6 8.95648e-07 -3.98953e-06
384 8.88037e-07 -3.91828e-06
384.4 8.82594e-07 -3.83578e-06
384.8 8.83326e-07 -3.74287e-06
385.2 8.93955e-07 -3.64057e-06
385.6 9.17857e-07 -3.53003e-06
386 9.58007e-07 -3.41246e-06
386.4 1.01694e-06 -3.28905e-06
386.8 1.09672e-06 -3.16091e-06
387.2 1.19891e-06 -3.029e-06
387.6 1.32454e-06 -2.8941e-06
388 1.47414e-06 -2.75675e-06
388.4 1.64771e-06 -2.61723e-06
388.8 1.84474e-06 -2.47556e-06
389.2 2.06425e-06 -2.33147e-06
389.6 2.30479e-06 -2.18444e-06
390 2.56449e-06 -2.03373e-06
390.4 2.84113e-06 -1.87839e-06
390.8 3.13214e-06 -1.71734e-06
391.2 3.43469e-06 -1.54945e-06
391.6 3.74575e-06 -1.37352e-06
392 4.06213e-06 -1.18845e-06
392.4 4.38055e-06 -9.93212e-07
392.8 4.69772e-06 -7.86984e-07
393.2 5.01038e-06 -5.69154e-07
393.6 5.31535e-06 -3.3939e-07
394 5.60962e-06 -9.76664e-08
394.4 5.89037e-06 1.55711e-07
394.8 6.15504e-06 4.201e-07
395.2 6.40134e-06 6.94523e-07
395.6 6.62731e-06 9.77693e-07
396 6.83136e-06 1.26804e-06
396.4 7.01223e-06 1.56375e-06
396.8 7.16908e-06 1.86283e-06
397.2 7.30143e-06 2.16317e-06
397.6 7.4092e-06 2.4626e-06
398 7.49269e-06 2.75894e-06
398.4 7.55254e-06 3.05013e-06
398.8 7.58974e-06 3.3342e-06
399.2 7.60559e-06 3.60943e-06
399.6 7.60167e-06 3.87432e-06
400 7.57977e-06 4.12765e-06
