-0.498 0.00458565 -0.00183259
-0.496 0.0159233 -0.00722918
-0.494 0.0285436 -0.0153273
-0.492 0.0353265 -0.0244394
-0.49 0.0287291 -0.0322933
-0.488 0.00215094 -0.036356
-0.486 -0.0487299 -0.0342071
-0.484 -0.124822 -0.0239252
-0.482 -0.222835 -0.00444555
-0.48 -0.334973 0.0241506
-0.478 -0.449145 0.060449
-0.476 -0.549735 0.101647
-0.474 -0.618849 0.143644
-0.472 -0.637959 0.181286
-0.47 -0.589797 0.208751
-0.468 -0.460335 0.220054
-0.466 -0.24068 0.209635
-0.464 0.0712864 0.172998
-0.462 0.469675 0.107333
-0.46 0.939902 0.0120873
-0.458 1.45864 -0.110576
-0.456 1.99448 -0.255481
-0.454 2.50933 -0.414347
-0.452 2.96053 -0.575931
-0.45 3.30352 -0.726431
-0.448 3.49512 -0.850157
-0.446 3.49695 -0.930451
-0.444 3.279 -0.950821
-0.442 2.82285 -0.896236
-0.44 2.1244 -0.754492
-0.438 1.19579 -0.517552
-0.436 0.0661475 -0.18275
-0.434 -1.21876 0.246254
-0.432 -2.59826 0.758893
-0.43 -3.99971 1.33755
-0.428 -5.34251 1.95792
-0.426 -6.54299 2.58994
-0.424 -7.51976 3.19914
-0.422 -8.19921 3.74849
-0.42 -8.52078 4.20054
-0.418 -8.44157 4.51971
-0.416 -7.94011 4.67467
-0.414 -7.01886 4.64046
-0.412 -5.70545 4.40048
-0.41 -4.05242 3.94798
-0.408 -2.13553 3.28711
-0.406 -0.0506529 2.43345
-0.404 2.09071 1.414
-0.402 4.16696 0.266581
-0.4 6.05291 -0.961279
-0.398 7.6269 -2.21396
-0.396 8.7782 -3.42989
-0.394 9.41429 -4.54419
-0.392 9.4676 -5.49169
-0.39 8.90126 -6.21041
-0.388 7.71341 -6.64524
-0.386 5.93966 -6.7518
-0.384 3.65343 -6.50014
-0.382 0.963963 -5.87814
-0.38 -1.98801 -4.89409
-0.378 -5.03679 -3.57845
-0.376 -8.0001 -1.98414
-0.374 -10.689 -0.185491
-0.372 -12.9183 1.72446
-0.37 -14.5179 3.63815
-0.368 -15.3425 5.43897
-0.366 -15.2815 7.00776
-0.364 -14.2664 8.22976
-0.362 -12.2761 9.00174
-0.36 -9.34071 9.23865
-0.358 -5.5417 8.87942
-0.356 -1.0104 7.89173
-0.354 4.0765 6.27526
-0.352 9.50355 4.06349
-0.35 15.0252 1.32394
-0.348 20.3764 -1.84318
-0.346 25.2844 -5.30778
-0.344 29.4814 -8.91421
-0.342 32.7184 -12.4869
-0.34 34.7781 -15.8375
-0.338 35.4875 -18.7732
-0.336 34.73 -21.1057
-0.334 32.4539 -22.6623
-0.332 28.6796 -23.2959
-0.33 23.5028 -22.8956
-0.328 17.0938 -21.3974
-0.326 9.69353 -18.7916
-0.324 1.60419 -15.1292
-0.322 -6.82309 -10.5247
-0.32 -15.2044 -5.15467
-0.318 -23.1418 0.746989
-0.316 -30.2437 6.89898
-0.314 -36.1458 12.9858
-0.312 -40.5314 18.6743
-0.31 -43.1499 23.6326
-0.308 -43.8325 27.5498
-0.306 -42.5045 30.1556
-0.304 -39.1925 31.2381
-0.302 -34.0277 30.6591
-0.3 -27.2433 28.3657
-0.298 -19.1672 24.3984
-0.296 -10.2098 18.8932
-0.294 -0.846688 12.0803
-0.292 8.4025 4.27727
-0.29 16.9986 -4.12243
-0.288 24.4102 -12.6658
-0.286 30.1425 -20.8609
-0.284 33.7665 -28.2013
-0.282 34.9463 -34.1937
-0.28 33.4644 -38.3886
-0.278 29.2421 -40.4101
-0.276 22.3533 -39.9857
-0.274 13.0314 -36.9724
-0.272 1.66607 -31.3757
-0.27 -11.2082 -23.3618
-0.268 -24.934 -13.2585
-0.266 -38.7621 -1.54506
-0.264 -51.8891 11.1696
-0.262 -63.5017 24.1796
-0.26 -72.8237 36.7237
-0.258 -79.1623 48.0324
-0.256 -81.953 57.3778
-0.254 -80.797 64.1222
-0.252 -75.4921 67.761
-0.25 -66.0519 67.9589
-0.248 -52.7146 64.575
-0.246 -35.9393 57.6769
-0.244 -16.39 47.5428
-0.242 5.09044 34.652
-0.24 27.5179 19.6642
-0.238 49.8117 3.38969
-0.236 70.8466 -13.25
-0.234 89.5083 -29.2678
-0.232 104.752 -43.6635
-0.23 115.66 -55.4793
-0.228 121.495 -63.8586
-0.226 121.75 -68.1025
-0.224 116.187 -67.7237
-0.222 104.865 -62.491
-0.22 88.1513 -52.462
-0.218 66.7202 -37.9998
-0.216 41.5283 -19.7689
-0.214 13.7756 1.28955
-0.212 -15.1533 24.0047
-0.21 -43.7609 47.0423
-0.208 -70.5195 68.9863
-0.206 -93.959 88.4295
-0.204 -112.753 104.066
-0.202 -125.801 114.779
-0.2 -132.293 119.714
-0.198 -131.764 118.337
-0.196 -124.122 110.469
-0.194 -109.665 96.3017
-0.192 -89.0638 76.3862
-0.19 -63.338 51.6064
-0.188 -33.8073 23.1336
-0.186 -2.03036 -7.63259
-0.184 30.2679 -39.1329
-0.182 61.2793 -69.7259
-0.18 89.2011 -97.7709
-0.178 112.329 -121.714
-0.176 129.153 -140.175
-0.174 138.447 -152.033
-0.172 139.355 -156.509
-0.17 131.464 -153.225
-0.168 114.854 -142.263
-0.166 90.1319 -124.181
-0.164 58.426 -100.015
-0.162 21.35 -71.2351
-0.16 -19.0678 -39.6697
-0.158 -60.4906 -7.40148
-0.156 -100.405 23.3675
-0.154 -136.274 50.4636
-0.152 -165.693 71.8928
-0.15 -186.546 85.9819
-0.148 -197.143 91.4967
-0.146 -196.327 87.7285
-0.144 -183.555 74.543
-0.142 -158.933 52.3887
-0.14 -123.22 22.2685
-0.138 -77.7918 -14.3214
-0.136 -24.5786 -55.4793
-0.134 34.0277 -99.0027
-0.132 95.2837 -142.506
-0.13 156.222 -183.544
-0.128 213.793 -219.735
-0.126 265.011 -248.888
-0.124 307.11 -269.116
-0.122 337.7 -278.948
-0.12 354.911 -277.429
-0.118 357.525 -264.193
-0.116 345.083 -239.52
-0.114 317.949 -204.35
-0.112 277.33 -160.261
-0.11 225.238 -109.404
-0.108 164.393 -54.3869
-0.106 98.0721 1.87805
-0.104 29.9129 56.3575
-0.102 -36.3176 106.097
-0.1 -96.9631 148.42
-0.098 -148.71 181.105
-0.096 -188.796 202.531
-0.094 -215.17 211.771
-0.092 -226.603 208.641
-0.09 -222.748 193.693
-0.088 -204.135 168.158
-0.086 -172.125 133.856
-0.084 -128.823 93.0807
-0.082 -76.9649 48.4655
-0.08 -19.7744 2.84322
-0.078 39.1879 -40.8929
-0.076 96.1917 -79.9244
-0.074 147.512 -111.637
-0.072 189.615 -133.745
-0.07 219.343 -144.403
-0.068 234.109 -142.312
-0.066 232.068 -126.811
-0.064 212.28 -97.9409
-0.062 174.821 -56.4835
-0.06 120.848 -3.95943
-0.058 52.5934 57.4213
-0.056 -26.724 124.858
-0.054 -113.059 195.106
-0.052 -201.779 264.664
-0.05 -287.953 329.987
-0.048 -366.67 387.71
-0.046 -433.366 434.85
-0.044 -484.12 468.992
-0.042 -515.893 488.416
-0.04 -526.714 492.181
-0.038 -515.769 480.146
-0.036 -483.432 452.947
-0.034 -431.213 411.936
-0.032 -361.652 359.08
-0.03 -278.177 296.859
-0.028 -184.919 228.141
-0.026 -86.5199 156.063
-0.024 12.0861 83.9073
-0.022 105.895 14.9687
-0.02 190.068 -47.5791
-0.018 260.181 -100.83
-0.016 312.466 -142.299
-0.014 344.054 -170.076
-0.012 353.189 -182.974
-0.01 339.399 -180.648
-0.008 303.591 -163.671
-0.006 248.067 -133.557
-0.004 176.424 -92.6973
-0.002 93.3556 -44.2341
0 4.34649 8.14566
0.002 -84.6997 60.4683
0.004 -167.879 108.761
0.006 -239.701 149.339
0.008 -295.47 179.066
0.01 -331.579 195.555
0.012 -345.718 197.303
0.014 -336.97 183.744
0.016 -305.797 155.235
0.018 -253.944 112.973
0.02 -184.271 58.8799
0.022 -100.535 -4.54829
0.024 -7.15454 -74.3944
0.026 91.0387 -147.475
0.028 189.045 -220.484
0.03 281.931 -290.134
0.032 365.057 -353.28
0.034 434.288 -407.047
0.036 486.195 -448.953
0.038 518.233 -477.027
0.04 528.885 -489.917
0.042 517.775 -486.985
0.044 485.709 -468.372
0.046 434.655 -435.02
0.048 367.646 -388.648
0.05 288.602 -331.672
0.052 202.086 -267.073
0.054 113.008 -198.217
0.056 26.3025 -128.648
0.058 -53.3945 -61.8635
0.06 -122.033 -1.10647
0.062 -176.387 50.8258
0.064 -214.218 91.7268
0.066 -234.36 120.08
0.068 -236.73 135.109
0.07 -222.262 136.774
0.072 -192.792 125.744
0.074 -150.904 103.32
0.076 -99.7498 71.3496
0.078 -42.8629 32.1221
0.08 16.0327 -11.747
0.082 73.2051 -57.4392
0.084 125.091 -102.062
0.086 168.46 -142.784
0.088 200.573 -176.975
0.09 219.316 -202.345
0.092 223.321 -217.079
0.094 212.05 -219.949
0.096 185.845 -210.41
0.098 145.925 -188.653
0.1 94.3354 -155.606
0.102 33.8355 -112.898
0.104 -32.2656 -62.7532
0.106 -100.313 -7.85385
0.108 -166.541 48.8423
0.11 -227.312 104.299
0.112 -279.346 155.6
0.114 -319.919 200.135
0.116 -347.015 235.75
0.118 -359.424 260.866
0.12 -356.776 274.538
0.122 -339.526 276.487
0.124 -308.887 267.074
0.126 -266.725 247.255
0.128 -215.428 218.497
0.13 -157.761 182.684
0.132 -96.7083 142.008
0.134 -35.3209 98.8467
0.136 23.432 55.6437
0.138 76.8039 14.7826
0.14 122.399 -21.5363
0.142 158.282 -51.4126
0.144 183.073 -73.352
0.146 196.007 -86.3526
0.148 196.974 -89.9665
0.15 186.513 -84.3281
0.152 165.776 -70.1456
0.154 136.451 -48.6519
0.156 100.653 -21.5186
0.158 60.7841 9.26245
0.16 19.3834 41.5203
0.162 -21.0344 73.0558
0.164 -58.1298 101.79
0.166 -89.8712 125.895
0.168 -114.641 143.905
0.17 -131.306 154.789
0.172 -139.256 157.987
0.174 -138.405 153.423
0.176 -129.163 141.473
0.178 -112.382 122.921
0.18 -89.2862 98.8885
0.182 -61.3838 70.7561
0.184 -30.3783 40.0786
0.186 1.92759 8.49747
0.188 33.7244 -22.3457
0.19 63.2857 -50.8918
0.192 89.05 -75.7413
0.194 109.695 -95.7234
0.196 124.198 -109.955
0.198 131.883 -117.884
0.2 132.452 -119.321
0.202 125.993 -114.445
0.204 112.967 -103.789
0.206 94.184 -88.2071
0.208 70.7431 -68.8168
0.21 43.9701 -46.9227
0.212 15.3355 -23.9313
0.214 -13.6319 -1.25773
0.216 -41.433 19.7646
0.218 -66.681 37.9655
0.22 -88.1735 52.4045
0.222 -104.951 62.4171
0.224 -116.336 67.6406
0.226 -121.96 68.0169
0.228 -121.759 63.7768
0.23 -115.971 55.4072
0.232 -105.1 43.6059
0.234 -89.8831 29.2288
0.236 -71.2363 13.2325
0.238 -50.2048 -3.38381
0.24 -27.9031 -19.6342
0.242 -5.45756 -34.5982
0.244 16.0497 -47.4669
0.246 35.6328 -57.5814
0.248 52.4469 -64.4635
0.25 65.8257 -67.8358
0.252 75.3081 -67.6312
0.254 80.6536 -63.9912
0.256 81.8468 -57.2511
0.258 79.0884 -47.9152
0.26 72.7756 -36.621
0.262 63.4723 -24.0959
0.264 51.8706 -11.1086
0.266 38.7468 1.58033
0.268 24.9146 13.2658
0.27 11.178 23.3397
0.272 -1.71256 31.3232
0.274 -13.0985 36.8893
0.276 -22.444 39.8721
0.278 -29.3576 40.2664
0.28 -33.6046 38.2157
0.282 -35.1094 33.9927
0.284 -33.9496 27.9734
0.286 -30.3415 20.6077
0.288 -24.6201 12.389
0.29 -17.214 3.824
0.292 -8.61778 -4.59527
0.294 0.637091 -12.4157
0.296 10.011 -19.2437
0.298 18.9837 -24.7619
0.3 27.0785 -28.7401
0.302 33.8842 -31.042
0.304 39.0716 -31.6275
0.306 42.4064 -30.5492
0.308 43.7562 -27.9453
0.31 43.0935 -24.0276
0.312 40.4923 -19.0661
0.314 36.1205 -13.3717
0.316 30.2286 -7.27606
0.318 23.1329 -1.11212
0.32 15.1979 4.80458
0.322 6.81545 10.1926
0.324 -1.61595 14.8179
0.326 -9.7118 18.5035
0.328 -17.1202 21.1346
0.33 -23.5381 22.6595
0.332 -28.7238 23.0874
0.334 -32.5061 22.4819
0.336 -34.7886 20.9533
0.338 -35.5504 18.6482
0.34 -34.8425 15.7391
0.342 -32.7815 12.4137
0.344 -29.5401 8.86484
0.346 -25.3358 5.28056
0.348 -20.418 1.83632
0.35 -15.0547 -1.31228
0.352 -9.51925 -4.03519
0.354 -4.07747 -6.23217
0.356 1.02451 -7.83565
0.358 5.57059 -8.81205
0.36 9.38344 -9.16156
0.362 12.3312 -8.91634
0.364 14.332 -8.13729
0.366 15.3554 -6.90928
0.368 15.4222 -5.33541
0.37 14.6009 -3.53028
0.372 13.0023 -1.61301
0.374 10.7716 0.299829
0.376 8.07932 2.10064
0.378 5.11089 3.69633
0.38 2.05566 5.01246
0.382 -0.903736 5.99599
0.384 -3.60119 6.61638
0.386 -5.89559 6.86523
0.388 -7.67735 6.75467
0.39 -8.87275 6.31465
0.392 -9.44594 5.58963
0.394 -9.39862 4.63483
0.396 -8.76757 3.51241
0.398 -7.62032 2.28774
0.4 -6.04943 1.02591
0.402 -4.16573 -0.211268
0.404 -2.09099 -1.36796
0.406 0.0494532 -2.39643
0.408 2.13385 -3.25866
0.41 4.05052 -3.9275
0.412 5.7035 -4.38725
0.414 7.01689 -4.63365
0.416 7.93806 -4.6734
0.418 8.43933 -4.52306
0.42 8.5182 -4.20757
0.422 8.19613 -3.75833
0.424 7.51604 -3.21097
0.426 6.53851 -2.60301
0.428 5.33719 -1.9716
0.43 3.9935 -1.35131
0.432 2.59117 -0.772345
0.434 1.21084 -0.259113
0.436 -0.0747957 0.17066
0.438 -1.20501 0.506315
0.44 -2.13402 0.744122
0.442 -2.83264 0.886698
0.444 -3.28874 0.94205
0.446 -3.50641 0.922372
0.448 -3.50408 0.8427
0.45 -3.31177 0.719538
0.452 -2.96791 0.569561
0.454 -2.51572 0.408479
0.456 -1.99979 0.250106
0.458 -1.46284 0.105696
0.46 -0.943005 -0.0164655
0.462 -0.471732 -0.111205
0.464 -0.0723851 -0.176366
0.466 0.240422 -0.212508
0.468 0.460779 -0.22245
0.47 0.590791 -0.210699
0.472 0.639349 -0.182822
0.474 0.620484 -0.144812
0.476 0.551476 -0.102496
0.478 0.45087 -0.0610309
0.48 0.336583 -0.0245165
0.482 0.224258 0.00424561
0.484 0.126011 0.0238447
0.486 0.0496674 0.0342045
0.488 -0.00145996 0.0363966
0.49 -0.0282597 0.0323499
0.492 -0.0350401 0.0244927
0.494 -0.028394 0.0153662
0.496 -0.0158633 0.00725005
0.498 -0.00457253 0.00183861
0.4 0.0697494 0.0433812
0.8 0.0709677 0.0445541
1.2 0.0729919 0.0465047
1.6 0.0758126 0.0492266
2 0.0794166 0.052711
2.4 0.0837874 0.0569469
2.8 0.0889049 0.0619208
3.2 0.0947456 0.0676173
3.6 0.101283 0.0740187
4 0.108488 0.0811058
4.4 0.116328 0.0888576
4.8 0.124768 0.097252
5.2 0.133772 0.106265
5.6 0.1433 0.115874
6 0.153313 0.126052
6.4 0.163769 0.136775
6.8 0.174624 0.148018
7.2 0.185835 0.159757
7.6 0.197359 0.171966
8 0.20915 0.184624
8.4 0.221166 0.19771
8.8 0.233363 0.211202
9.2 0.245698 0.225085
9.6 0.258132 0.239343
10 0.270623 0.253964
10.4 0.283134 0.268938
10.8 0.29563 0.284259
11.2 0.308077 0.299925
11.6 0.320444 0.315937
12 0.332703 0.3323
12.4 0.344828 0.349021
12.8 0.356798 0.366113
13.2 0.368592 0.383591
13.6 0.380195 0.401474
14 0.391595 0.419785
14.4 0.402781 0.438547
14.8 0.413747 0.457789
15.2 0.424491 0.477538
15.6 0.43501 0.497827
16 0.445309 0.518684
16.4 0.455392 0.540141
16.8 0.465266 0.562229
17.2 0.47494 0.584975
17.6 0.484426 0.608405
18 0.493736 0.632542
18.4 0.502884 0.657405
18.8 0.511883 0.683005
19.2 0.520749 0.709352
19.6 0.529495 0.736444
20 0.538135 0.764276
20.4 0.546681 0.792831
20.8 0.555145 0.822086
21.2 0.563536 0.852006
21.6 0.57186 0.88255
22 0.580123 0.913663
22.4 0.588327 0.945283
22.8 0.59647 0.977335
23.2 0.604546 1.00974
23.6 0.612549 1.04239
24 0.620466 1.0752
24.4 0.628282 1.10806
24.8 0.635978 1.14083
25.2 0.643531 1.17341
25.6 0.650914 1.20566
26 0.6581 1.23744
26.4 0.665055 1.26861
26.8 0.671746 1.29904
27.2 0.678134 1.32859
27.6 0.684181 1.35711
28 0.689847 1.38447
28.4 0.695092 1.41055
28.8 0.699875 1.43521
29.2 0.704154 1.45834
29.6 0.707891 1.47983
30 0.711048 1.49958
30.4 0.713588 1.51751
30.8 0.715479 1.53354
31.2 0.71669 1.54761
31.6 0.717196 1.55968
32 0.716975 1.56971
32.4 0.716008 1.57768
32.8 0.714284 1.58359
33.2 0.711795 1.58746
33.6 0.708539 1.58931
34 0.704518 1.58917
34.4 0.699743 1.5871
34.8 0.694225 1.58317
35.2 0.687985 1.57743
35.6 0.681046 1.56999
36 0.673437 1.56093
36.4 0.66519 1.55034
36.8 0.656342 1.53832
37.2 0.646933 1.52498
37.6 0.637004 1.51043
38 0.626602 1.49476
38.4 0.615771 1.47808
38.8 0.604558 1.46048
39.2 0.593012 1.44207
39.6 0.58118 1.42292
40 0.569106 1.40311
40.4 0.556838 1.38272
40.8 0.544416 1.36181
41.2 0.531883 1.34044
41.6 0.519276 1.31864
42 0.50663 1.29645
42.4 0.493978 1.27389
42.8 0.481346 1.25099
43.2 0.468761 1.22774
43.6 0.456243 1.20415
44 0.443811 1.1802
44.4 0.431479 1.1559
44.8 0.419259 1.13121
45.2 0.40716 1.10613
45.6 0.395187 1.08063
46 0.383346 1.05468
46.4 0.371638 1.02827
46.8 0.360064 1.00138
47.2 0.348624 0.973997
47.6 0.337319 0.946112
48 0.326146 0.917722
48.4 0.315107 0.888834
48.8 0.304201 0.85946
49.2 0.293429 0.829622
49.6 0.282795 0.799353
50 0.272301 0.768692
50.4 0.261953 0.73769
50.8 0.251758 0.706406
51.2 0.241725 0.674909
51.6 0.231864 0.643275
52 0.222187 0.611588
52.4 0.212706 0.579939
52.8 0.203436 0.548425
53.2 0.194393 0.517146
53.6 0.185591 0.486204
54 0.177046 0.455706
54.4 0.168775 0.425757
54.8 0.160792 0.396461
55.2 0.153113 0.367918
55.6 0.145749 0.340227
56 0.138712 0.313478
56.4 0.132013 0.287757
56.8 0.125657 0.263141
57.2 0.119651 0.239699
57.6 0.113996 0.217488
58 0.108692 0.196558
58.4 0.103736 0.176946
58.8 0.09912 0.158677
59.2 0.094836 0.141768
59.6 0.0908717 0.12622
60 0.0872123 0.112028
60.4 0.083841 0.0991712
60.8 0.0807383 0.0876226
61.2 0.0778835 0.0773436
61.6 0.0752538 0.0682873
62 0.0728256 0.0603991
62.4 0.0705747 0.0536174
62.8 0.0684762 0.0478749
63.2 0.0665056 0.0430997
63.6 0.0646387 0.0392164
64 0.0628524 0.0361472
64.4 0.0611246 0.033813
64.8 0.0594349 0.0321347
65.2 0.0577649 0.031034
65.6 0.0560979 0.0304344
66 0.0544201 0.0302621
66.4 0.0527197 0.0304469
66.8 0.0509876 0.0309225
67.2 0.0492176 0.0316277
67.6 0.0474056 0.032506
68 0.0455506 0.0335069
68.4 0.0436535 0.034585
68.8 0.0417178 0.0357012
69.2 0.039749 0.0368218
69.6 0.0377543 0.0379189
70 0.0357427 0.0389702
70.4 0.0337243 0.0399583
70.8 0.0317102 0.0408708
71.2 0.0297122 0.0416997
71.6 0.0277425 0.0424409
72 0.0258132 0.0430938
72.4 0.0239365 0.043661
72.8 0.0221237 0.0441474
73.2 0.0203855 0.0445599
73.6 0.0187319 0.044907
74 0.0171713 0.0451982
74.4 0.015711 0.0454438
74.8 0.0143571 0.0456542
75.2 0.0131138 0.0458397
75.6 0.0119841 0.0460104
76 0.0109692 0.0461756
76.4 0.0100692 0.046344
76.8 0.00928242 0.046523
77.2 0.00860596 0.0467193
77.6 0.00803576 0.0469383
78 0.00756664 0.0471843
78.4 0.00719257 0.0474605
78.8 0.00690674 0.0477691
79.2 0.0067018 0.0481112
79.6 0.00657003 0.0484872
80 0.00650351 0.0488965
80.4 0.00649426 0.049338
80.8 0.00653448 0.0498101
81.2 0.0066166 0.0503105
81.6 0.00673348 0.0508368
82 0.00687848 0.0513865
82.4 0.00704557 0.0519566
82.8 0.00722935 0.0525444
83.2 0.00742517 0.0531469
83.6 0.00762909 0.0537613
84 0.00783786 0.0543848
84.4 0.00804898 0.0550147
84.8 0.00826057 0.0556484
85.2 0.00847135 0.0562831
85.6 0.00868057 0.0569163
86 0.00888788 0.0575453
86.4 0.00909331 0.0581674
86.8 0.00929709 0.0587797
87.2 0.0094996 0.0593793
87.6 0.00970122 0.059963
88 0.00990228 0.0605275
88.4 0.0101029 0.0610691
88.8 0.0103031 0.0615841
89.2 0.0105023 0.0620684
89.6 0.0106997 0.0625178
90 0.0108942 0.0629279
90.4 0.011084 0.063294
90.8 0.0112669 0.0636116
91.2 0.0114405 0.0638761
91.6 0.0116015 0.0640828
92 0.0117467 0.0642274
92.4 0.0118723 0.0643058
92.8 0.0119745 0.0643142
93.2 0.0120491 0.0642491
93.6 0.0120921 0.0641078
94 0.0120997 0.0638882
94.4 0.0120681 0.0635886
94.8 0.0119941 0.0632084
95.2 0.0118749 0.0627477
95.6 0.0117085 0.0622075
96 0.0114936 0.0615895
96.4 0.0112301 0.0608966
96.8 0.0109188 0.0601323
97.2 0.0105617 0.0593013
97.6 0.0101623 0.0584087
98 0.00972522 0.0574606
98.4 0.00925682 0.0564638
98.8 0.0087648 0.0554256
99.2 0.00825841 0.0543537
99.6 0.00774835 0.0532562
100 0.00724681 0.0521416
100.4 0.00676731 0.0510183
100.8 0.00632464 0.0498946
101.2 0.00593469 0.048779
101.6 0.00561433 0.0476794
102 0.00538116 0.0466035
102.4 0.0052533 0.0455583
102.8 0.00524915 0.0445504
103.2 0.00538715 0.0435856
103.6 0.00568542 0.0426691
104 0.00616151 0.041805
104.4 0.00683211 0.0409969
104.8 0.00771266 0.0402474
105.2 0.00881713 0.0395584
105.6 0.0101576 0.0389306
106 0.0117442 0.0383643
106.4 0.0135845 0.0378589
106.8 0.0156835 0.0374131
107.2 0.0180434 0.0370251
107.6 0.0206632 0.0366925
108 0.023539 0.0364124
108.4 0.0266632 0.0361817
108.8 0.0300253 0.035997
109.2 0.0336112 0.0358547
109.6 0.0374035 0.0357511
110 0.0413816 0.0356828
110.4 0.0455219 0.0356462
110.8 0.049798 0.0356379
111.2 0.0541807 0.0356548
111.6 0.0586386 0.0356941
112 0.0631384 0.0357531
112.4 0.0676451 0.0358296
112.8 0.0721226 0.0359216
113.2 0.0765341 0.0360274
113.6 0.0808425 0.0361455
114 0.085011 0.0362748
114.4 0.0890032 0.0364141
114.8 0.0927842 0.0365625
115.2 0.0963205 0.0367191
115.6 0.0995809 0.0368831
116 0.102537 0.0370534
116.4 0.105161 0.0372289
116.8 0.107433 0.0374082
117.2 0.109332 0.0375898
117.6 0.110842 0.0377717
118 0.111953 0.0379516
118.4 0.112658 0.0381266
118.8 0.112952 0.0382938
119.2 0.112837 0.0384495
119.6 0.112318 0.0385897
120 0.111404 0.0387101
120.4 0.110108 0.038806
120.8 0.108447 0.0388724
121.2 0.10644 0.0389039
121.6 0.10411 0.0388952
122 0.101484 0.0388409
122.4 0.0985874 0.0387354
122.8 0.0954514 0.0385736
123.2 0.0921064 0.0383502
123.6 0.0885845 0.0380608
124 0.084918 0.0377009
124.4 0.0811395 0.037267
124.8 0.077281 0.0367561
125.2 0.0733738 0.0361658
125.6 0.0694482 0.0354947
126 0.0655329 0.0347424
126.4 0.0616547 0.0339092
126.8 0.0578386 0.0329965
127.2 0.054107 0.0320067
127.6 0.05048 0.0309431
128 0.0469753 0.0298101
128.4 0.0436076 0.028613
128.8 0.040389 0.0273578
129.2 0.0373292 0.0260515
129.6 0.0344349 0.0247017
130 0.0317105 0.0233166
130.4 0.0291581 0.0219049
130.8 0.0267774 0.0204757
131.2 0.0245661 0.0190382
131.6 0.0225202 0.0176018
132 0.0206341 0.0161759
132.4 0.0189008 0.0147695
132.8 0.0173122 0.0133915
133.2 0.0158595 0.0120501
133.6 0.0145332 0.0107533
134 0.0133233 0.00950799
134.4 0.0122198 0.00832063
134.8 0.0112127 0.00719669
135.2 0.0102923 0.00614074
135.6 0.00944913 0.00515641
136 0.00867434 0.00424635
136.4 0.00795971 0.00341221
136.8 0.0072977 0.00265469
137.2 0.00668157 0.00197349
137.6 0.0061054 0.00136744
138 0.0055641 0.000834491
138.4 0.0050534 0.000371836
138.8 0.00456983 -2.40444e-05
139.2 0.00411068 -0.00035727
139.6 0.00367396 -0.000632464
140 0.00325829 -0.000854648
140.4 0.00286286 -0.00102913
140.8 0.00248735 -0.00116142
141.2 0.00213181 -0.00125706
141.6 0.00179662 -0.00132161
142 0.00148234 -0.00136046
142.4 0.0011897 -0.00137884
142.8 0.000919481 -0.00138162
143.2 0.000672445 -0.00137337
143.6 0.000449283 -0.00135819
144 0.00025056 -0.00133973
144.4 7.66655e-05 -0.00132116
144.8 -7.22183e-05 -0.00130511
145.2 -0.000196141 -0.00129368
145.6 -0.000295403 -0.00128846
146 -0.000370556 -0.00129055
146.4 -0.000422409 -0.00130055
146.8 -0.000452013 -0.00131861
147.2 -0.000460649 -0.00134451
147.6 -0.000449803 -0.00137766
148 -0.000421142 -0.00141718
148.4 -0.000376486 -0.00146194
148.8 -0.000317772 -0.00151066
149.2 -0.000247024 -0.0015619
149.6 -0.000166316 -0.00161419
150 -7.77421e-05 -0.00166602
150.4 1.66176e-05 -0.00171595
150.8 0.000114728 -0.00176261
151.2 0.000214627 -0.00180475
151.6 0.000314449 -0.00184129
152 0.000412448 -0.00187133
152.4 0.000507018 -0.00189416
152.8 0.000596704 -0.00190929
153.2 0.000680218 -0.00191647
153.6 0.000756447 -0.00191563
154 0.000824453 -0.00190692
154.4 0.000883483 -0.00189068
154.8 0.00093296 -0.00186743
155.2 0.000972487 -0.00183784
155.6 0.00100183 -0.00180268
156 0.00102094 -0.00176284
156.4 0.00102988 -0.00171926
156.8 0.0010289 -0.00167292
157.2 0.00101834 -0.00162482
157.6 0.000998694 -0.00157591
158 0.000970531 -0.00152712
158.4 0.000934519 -0.00147929
158.8 0.000891398 -0.00143319
159.2 0.000841966 -0.00138947
159.6 0.000787066 -0.00134867
160 0.00072757 -0.0013112
160.4 0.000664366 -0.00127735
160.8 0.000598344 -0.00124727
161.2 0.000530382 -0.00122098
161.6 0.000461334 -0.00119841
162 0.000392021 -0.00117935
162.4 0.000323217 -0.00116351
162.8 0.000255642 -0.0011505
163.2 0.000189953 -0.00113989
163.6 0.000126739 -0.00113119
164 6.65124e-05 -0.00112386
164.4 9.70555e-06 -0.00111737
164.8 -4.33296e-05 -0.00111118
165.2 -9.23249e-05 -0.00110475
165.6 -0.000137095 -0.0010976
166 -0.000177535 -0.00108927
166.4 -0.000213618 -0.00107935
166.8 -0.000245392 -0.00106751
167.2 -0.00027297 -0.00105348
167.6 -0.000296528 -0.00103703
168 -0.000316293 -0.00101805
168.4 -0.000332539 -0.000996457
168.8 -0.000345571 -0.000972264
169.2 -0.000355724 -0.000945536
169.6 -0.000363348 -0.000916399
170 -0.000368797 -0.000885029
170.4 -0.000372426 -0.000851647
170.8 -0.000374578 -0.00081651
171.2 -0.000375575 -0.000779901
171.6 -0.000375715 -0.000742124
172 -0.000375263 -0.000703492
172.4 -0.000374448 -0.00066432
172.8 -0.000373457 -0.000624922
173.2 -0.000372438 -0.000585597
173.6 -0.000371493 -0.000546632
174 -0.000370684 -0.000508292
174.4 -0.000370031 -0.000470817
174.8 -0.000369517 -0.000434425
175.2 -0.000369092 -0.000399302
175.6 -0.000368675 -0.000365612
176 -0.000368166 -0.000333486
176.4 -0.000367446 -0.000303033
176.8 -0.000366386 -0.000274338
177.2 -0.000364852 -0.000247461
177.6 -0.000362714 -0.000222446
178 -0.000359849 -0.000199317
178.4 -0.000356147 -0.000178085
178.8 -0.00035152 -0.000158751
179.2 -0.000345897 -0.000141304
179.6 -0.000339236 -0.000125727
180 -0.00033152 -0.000111998
180.4 -0.000322763 -0.000100088
180.8 -0.000313002 -8.9969e-05
181.2 -0.000302306 -8.16062e-05
181.6 -0.000290765 -7.49642e-05
182 -0.000278492 -7.00039e-05
182.4 -0.000265619 -6.66829e-05
182.8 -0.00025229 -6.49542e-05
183.2 -0.000238659 -6.47659e-05
183.6 -0.000224887 -6.60595e-05
184 -0.000211131 -6.87694e-05
184.4 -0.000197546 -7.28218e-05
184.8 -0.000184275 -7.81338e-05
185.2 -0.000171448 -8.46128e-05
185.6 -0.00015918 -9.21566e-05
186 -0.000147564 -0.000100653
186.4 -0.000136672 -0.000109979
186.8 -0.000126552 -0.000120005
187.2 -0.000117229 -0.000130591
187.6 -0.000108705 -0.000141591
188 -0.00010096 -0.000152855
188.4 -9.3954e-05 -0.000164227
188.8 -8.76282e-05 -0.000175552
189.2 -8.19103e-05 -0.000186675
189.6 -7.67165e-05 -0.000197443
190 -7.19556e-05 -0.00020771
190.4 -6.75327e-05 -0.000217335
190.8 -6.33531e-05 -0.000226188
191.2 -5.93259e-05 -0.000234149
191.6 -5.53672e-05 -0.000241111
192 -5.14035e-05 -0.000246983
192.4 -4.73736e-05 -0.000251687
192.8 -4.32311e-05 -0.000255162
193.2 -3.89451e-05 -0.000257362
193.6 -3.45014e-05 -0.000258259
194 -2.9902e-05 -0.000257843
194.4 -2.51646e-05 -0.000256115
194.8 -2.03215e-05 -0.000253096
195.2 -1.54176e-05 -0.000248819
195.6 -1.05082e-05 -0.00024333
196 -5.65666e-06 -0.000236686
196.4 -9.31251e-07 -0.000228957
196.8 3.59763e-06 -0.000220219
197.2 7.86049e-06 -0.000210557
197.6 1.17916e-05 -0.000200063
198 1.53316e-05 -0.000188831
198.4 1.843e-05 -0.000176962
198.8 2.10472e-05 -0.000164557
199.2 2.31557e-05 -0.000151719
199.6 2.47418e-05 -0.000138552
200 2.58054e-05 -0.00012516
200.4 2.63604e-05 -0.000111646
200.8 2.64339e-05 -9.81126e-05
201.2 2.60658e-05 -8.46597e-05
201.6 2.53063e-05 -7.1386e-05
202 2.42149e-05 -5.83878e-05
202.4 2.28579e-05 -4.57591e-05
202.8 2.1306e-05 -3.35908e-05
203.2 1.9632e-05 -2.19709e-05
203.6 1.7908e-05 -1.09839e-05
204 1.6203e-05 -7.10058e-07
204.4 1.45809e-05 8.77481e-06
204.8 1.30981e-05 1.74002e-05
205.2 1.18017e-05 2.51014e-05
205.6 1.07284e-05 3.18209e-05
206 9.90347e-06 3.75083e-05
206.4 9.33993e-06 4.21224e-05
206.8 9.03881e-06 4.5631e-05
207.2 8.98938e-06 4.80125e-05
207.6 9.16992e-06 4.92565e-05
208 9.54898e-06 4.93645e-05
208.4 1.00868e-05 4.83504e-05
208.8 1.07373e-05 4.62412e-05
209.2 1.14499e-05 4.30769e-05
209.6 1.21716e-05 3.89102e-05
210 1.28493e-05 3.3807e-05
210.4 1.3432e-05 2.78448e-05
210.8 1.38726e-05 2.11123e-05
211.2 1.413e-05 1.37082e-05
211.6 1.41705e-05 5.73936e-06
212 1.39693e-05 -2.68083e-06
212.4 1.35112e-05 -1.14344e-05
212.8 1.27914e-05 -2.04014e-05
213.2 1.18157e-05 -2.94619e-05
213.6 1.06001e-05 -3.84988e-05
214 9.17066e-06 -4.74006e-05
214.4 7.56207e-06 -5.60634e-05
214.8 5.81681e-06 -6.43942e-05
215.2 3.98353e-06 -7.23128e-05
215.6 2.11538e-06 -7.97538e-05
216 2.6813e-07 -8.6669e-05
216.4 -1.5017e-06 -9.30287e-05
216.8 -3.13882e-06 -9.88228e-05
217.2 -4.59102e-06 -0.000104062
217.6 -5.81096e-06 -0.000108776
218 -6.75781e-06 -0.000113018
218.4 -7.39855e-06 -0.000116859
218.8 -7.70919e-06 -0.000120388
219.2 -7.67552e-06 -0.000123712
219.6 -7.29368e-06 -0.000126953
220 -6.57033e-06 -0.000130243
220.4 -5.52252e-06 -0.000133724
220.8 -4.1773e-06 -0.000137546
221.2 -2.57091e-06 -0.000141856
221.6 -7.47889e-07 -0.000146804
222 1.24021e-06 -0.000152531
222.4 3.33614e-06 -0.00015917
222.8 5.47855e-06 -0.000166841
223.2 7.60349e-06 -0.000175646
223.6 9.64615e-06 -0.000185667
224 1.15424e-05 -0.000196962
224.4 1.32304e-05 -0.000209564
224.8 1.4652e-05 -0.000223475
225.2 1.57542e-05 -0.00023867
225.6 1.649e-05 -0.000255092
226 1.68198e-05 -0.000272651
226.4 1.67118e-05 -0.000291228
226.8 1.61425e-05 -0.000310672
227.2 1.50975e-05 -0.000330804
227.6 1.3571e-05 -0.000351417
228 1.15661e-05 -0.000372281
228.4 9.09438e-06 -0.000393146
228.8 6.1754e-06 -0.000413744
229.2 2.83625e-06 -0.000433795
229.6 -8.8927e-07 -0.000453009
230 -4.9614e-06 -0.000471096
230.4 -9.33533e-06 -0.000487765
230.8 -1.39621e-05 -0.000502734
231.2 -1.87894e-05 -0.000515732
231.6 -2.37629e-05 -0.000526503
232 -2.88265e-05 -0.000534816
232.4 -3.39237e-05 -0.000540464
232.8 -3.89985e-05 -0.00054327
233.2 -4.39956e-05 -0.00054309
233.6 -4.88618e-05 -0.000539818
234 -5.3546e-05 -0.000533386
234.4 -5.80003e-05 -0.000523767
234.8 -6.21803e-05 -0.000510973
235.2 -6.60456e-05 -0.000495062
235.6 -6.95601e-05 -0.00047613
236 -7.26928e-05 -0.000454316
236.4 -7.54176e-05 -0.000429795
236.8 -7.77138e-05 -0.000402779
237.2 -7.95665e-05 -0.000373513
237.6 -8.09664e-05 -0.000342272
238 -8.19104e-05 -0.000309356
238.4 -8.24014e-05 -0.000275084
238.8 -8.24483e-05 -0.000239792
239.2 -8.20661e-05 -0.000203828
239.6 -8.12757e-05 -0.000167544
240 -8.01039e-05 -0.000131291
240.4 -7.85827e-05 -9.54175e-05
240.8 -7.67492e-05 -6.02612e-05
241.2 -7.46452e-05 -2.61445e-05
241.6 -7.23164e-05 6.62931e-06
242 -6.98119e-05 3.77804e-05
242.4 -6.71833e-05 6.7056e-05
242.8 -6.44838e-05 9.42336e-05
243.2 -6.17673e-05 0.000119124
243.6 -5.90877e-05 0.000141571
244 -5.64973e-05 0.000161457
244.4 -5.40462e-05 0.0001787
244.8 -5.17812e-05 0.000193253
245.2 -4.97445e-05 0.000205108
245.6 -4.79729e-05 0.000214292
246 -4.6497e-05 0.000220862
246.4 -4.53406e-05 0.00022491
246.8 -4.45196e-05 0.000226555
247.2 -4.40418e-05 0.00022594
247.6 -4.39069e-05 0.000223233
248 -4.41059e-05 0.000218618
248.4 -4.46216e-05 0.000212295
248.8 -4.54287e-05 0.000204474
249.2 -4.64944e-05 0.000195371
249.6 -4.77792e-05 0.000185208
250 -4.92378e-05 0.000174204
250.4 -5.082e-05 0.000162574
250.8 -5.24721e-05 0.000150528
251.2 -5.41379e-05 0.000138262
251.6 -5.57607e-05 0.000125964
252 -5.72839e-05 0.000113802
252.4 -5.86531e-05 0.000101931
252.8 -5.98169e-05 9.04866e-05
253.2 -6.07287e-05 7.95856e-05
253.6 -6.13474e-05 6.93254e-05
254 -6.16388e-05 5.97836e-05
254.4 -6.15762e-05 5.10185e-05
254.8 -6.11411e-05 4.307e-05
255.2 -6.03236e-05 3.59599e-05
255.6 -5.91223e-05 2.96937e-05
256 -5.7545e-05 2.42617e-05
256.4 -5.56075e-05 1.96408e-05
256.8 -5.33337e-05 1.57961e-05
257.2 -5.07546e-05 1.2683e-05
257.6 -4.79074e-05 1.02487e-05
258 -4.48346e-05 8.43448e-06
258.4 -4.15826e-05 7.17724e-06
258.8 -3.82007e-05 6.41132e-06
259.2 -3.47395e-05 6.07012e-06
259.6 -3.12498e-05 6.08758e-06
260 -2.77811e-05 6.39944e-06
260.4 -2.43805e-05 6.94438e-06
260.8 -2.10917e-05 7.66493e-06
261.2 -1.79537e-05 8.50821e-06
261.6 -1.50002e-05 9.42645e-06
262 -1.22592e-05 1.03773e-05
262.4 -9.75187e-06 1.13241e-05
262.8 -7.49294e-06 1.22358e-05
263.2 -5.49039e-06 1.30869e-05
263.6 -3.74566e-06 1.38569e-05
264 -2.25403e-06 1.45306e-05
264.4 -1.00508e-06 1.50969e-05
264.8 1.65896e-08 1.55489e-05
265.2 8.30576e-07 1.58832e-05
265.6 1.45981e-06 1.60993e-05
266 1.92962e-06 1.61991e-05
266.4 2.26672e-06 1.61866e-05
266.8 2.49834e-06 1.60671e-05
267.2 2.6512e-06 1.58474e-05
267.6 2.75076e-06 1.55346e-05
268 2.82038e-06 1.51367e-05
268.4 2.88073e-06 1.46617e-05
268.8 2.94927e-06 1.41178e-05
269.2 3.03988e-06 1.35131e-05
269.6 3.16262e-06 1.28555e-05
270 3.32371e-06 1.21531e-05
270.4 3.5256e-06 1.14135e-05
270.8 3.76716e-06 1.06445e-05
271.2 4.04408e-06 9.85364e-06
271.6 4.34924e-06 9.04851e-06
272 4.67333e-06 8.23675e-06
272.4 5.00534e-06 7.42602e-06
272.8 5.33329e-06 6.62409e-06
273.2 5.64478e-06 5.83874e-06
273.6 5.92764e-06 5.07779e-06
274 6.17053e-06 4.34901e-06
274.4 6.36341e-06 3.66006e-06
274.8 6.49803e-06 3.01833e-06
275.2 6.56828e-06 2.43088e-06
275.6 6.57038e-06 1.90424e-06
276 6.50311e-06 1.44431e-06
276.4 6.36776e-06 1.05616e-06
276.8 6.16809e-06 7.43929e-07
277.2 5.91017e-06 5.10684e-07
277.6 5.60207e-06 3.58292e-07
278 5.25353e-06 2.87347e-07
278.4 4.87557e-06 2.97113e-07
278.8 4.48002e-06 3.85503e-07
279.2 4.07907e-06 5.49089e-07
279.6 3.68478e-06 7.83162e-07
280 3.30862e-06 1.08181e-06
280.4 2.96103e-06 1.43807e-06
280.8 2.65109e-06 1.84405e-06
281.2 2.38615e-06 2.29113e-06
281.6 2.17164e-06 2.77019e-06
282 2.01089e-06 3.27178e-06
282.4 1.90504e-06 3.78642e-06
282.8 1.85309e-06 4.30475e-06
283.2 1.85201e-06 4.81784e-06
283.6 1.89689e-06 5.3173e-06
284 1.98118e-06 5.79557e-06
284.4 2.09706e-06 6.24599e-06
284.8 2.23572e-06 6.66299e-06
285.2 2.38778e-06 7.04214e-06
285.6 2.54368e-06 7.38023e-06
286 2.69407e-06 7.67526e-06
286.4 2.83019e-06 7.92644e-06
286.8 2.94418e-06 8.13409e-06
287.2 3.02944e-06 8.29958e-06
287.6 3.0808e-06 8.42516e-06
288 3.09473e-06 8.51385e-06
288.4 3.06947e-06 8.56925e-06
288.8 3.005e-06 8.59534e-06
289.2 2.90307e-06 8.59631e-06
289.6 2.76702e-06 8.57638e-06
290 2.60169e-06 8.53962e-06
290.4 2.41311e-06 8.48979e-06
290.8 2.20828e-06 8.43018e-06
291.2 1.99487e-06 8.36354e-06
291.6 1.78084e-06 8.29194e-06
292 1.57418e-06 8.2168e-06
292.4 1.38253e-06 8.13876e-06
292.8 1.2129e-06 8.05782e-06
293.2 1.07137e-06 7.97327e-06
293.6 9.62903e-07 7.88383e-06
294 8.91123e-07 7.78775e-06
294.4 8.58202e-07 7.6829e-06
294.8 8.64795e-07 7.5669e-06
295.2 9.10038e-07 7.43729e-06
295.6 9.91599e-07 7.29166e-06
296 1.1058e-06 7.12781e-06
296.4 1.24777e-06 6.94383e-06
296.8 1.41168e-06 6.73828e-06
297.2 1.59095e-06 6.51025e-06
297.6 1.77856e-06 6.25947e-06
298 1.96729e-06 5.98631e-06
298.4 2.15003e-06 5.69185e-06
298.8 2.32005e-06 5.37784e-06
299.2 2.47125e-06 5.04669e-06
299.6 2.59837e-06 4.70139e-06
300 2.6972e-06 4.34543e-06
300.4 2.76468e-06 3.9827e-06
300.8 2.79903e-06 3.61736e-06
301.2 2.79977e-06 3.25371e-06
301.6 2.76769e-06 2.89604e-06
302 2.70482e-06 2.54851e-06
302.4 2.61426e-06 2.215e-06
302.8 2.50008e-06 1.89899e-06
303.2 2.36711e-06 1.60343e-06
303.6 2.2207e-06 1.33069e-06
304 2.06653e-06 1.08246e-06
304.4 1.91033e-06 8.59699e-07
304.8 1.75768e-06 6.6264e-07
305.2 1.61376e-06 4.90784e-07
305.6 1.48315e-06 3.42941e-07
306 1.36968e-06 2.17282e-07
306.4 1.27626e-06 1.11427e-07
306.8 1.2048e-06 2.25428e-08
307.2 1.15615e-06 -5.25447e-08
307.6 1.13011e-06 -1.17223e-07
308 1.12545e-06 -1.74963e-07
308.4 1.13997e-06 -2.2919e-07
308.8 1.17067e-06 -2.83154e-07
309.2 1.21384e-06 -3.39816e-07
309.6 1.26528e-06 -4.0174e-07
310 1.32048e-06 -4.71011e-07
310.4 1.37481e-06 -5.49164e-07
310.8 1.42373e-06 -6.37144e-07
311.2 1.463e-06 -7.35281e-07
311.6 1.48885e-06 -8.43293e-07
312 1.49814e-06 -9.60317e-07
312.4 1.4885e-06 -1.08495e-06
312.8 1.45841e-06 -1.21533e-06
313.2 1.40725e-06 -1.34921e-06
313.6 1.33536e-06 -1.48403e-06
314 1.24398e-06 -1.61711e-06
314.4 1.13518e-06 -1.74564e-06
314.8 1.01182e-06 -1.86689e-06
315.2 8.77373e-07 -1.97829e-06
315.6 7.35799e-07 -2.07749e-06
316 5.91364e-07 -2.16253e-06
316.4 4.48463e-07 -2.23183e-06
316.8 3.11436e-07 -2.28428e-06
317.2 1.84383e-07 -2.31932e-06
317.6 7.09988e-08 -2.33688e-06
318 -2.55831e-08 -2.33742e-06
318.4 -1.02914e-07 -2.32192e-06
318.8 -1.59331e-07 -2.2918e-06
319.2 -1.94016e-07 -2.24888e-06
319.6 -2.07031e-07 -2.19532e-06
320 -1.99304e-07 -2.13351e-06
320.4 -1.72591e-07 -2.066e-06
320.8 -1.29394e-07 -1.99539e-06
321.2 -7.28553e-08 -1.92426e-06
321.6 -6.62611e-09 -1.85507e-06
322 6.52899e-08 -1.79004e-06
322.4 1.38701e-07 -1.73114e-06
322.8 2.09402e-07 -1.68e-06
323.2 2.73344e-07 -1.63785e-06
323.6 3.26802e-07 -1.60552e-06
324 3.66525e-07 -1.58343e-06
324.4 3.89865e-07 -1.57157e-06
324.8 3.9488e-07 -1.56954e-06
325.2 3.80412e-07 -1.57661e-06
325.6 3.46127e-07 -1.59172e-06
326 2.92523e-07 -1.61359e-06
326.4 2.20908e-07 -1.64076e-06
326.8 1.33335e-07 -1.67169e-06
327.2 3.2518e-08 -1.70481e-06
327.6 -7.8283e-08 -1.73861e-06
328 -1.95401e-07 -1.7717e-06
328.4 -3.14915e-07 -1.80288e-06
328.8 -4.32807e-07 -1.83118e-06
329.2 -5.45132e-07 -1.85592e-06
329.6 -6.48179e-07 -1.87671e-06
330 -7.38616e-07 -1.89347e-06
330.4 -8.13632e-07 -1.90643e-06
330.8 -8.71043e-07 -1.91611e-06
331.2 -9.09385e-07 -1.92328e-06
331.6 -9.27966e-07 -1.92892e-06
332 -9.26893e-07 -1.93417e-06
332.4 -9.07069e-07 -1.94026e-06
332.8 -8.70148e-07 -1.94846e-06
333.2 -8.18474e-07 -1.95997e-06
333.6 -7.54976e-07 -1.97591e-06
334 -6.83057e-07 -1.99723e-06
334.4 -6.06451e-07 -2.02465e-06
334.8 -5.29077e-07 -2.05859e-06
335.2 -4.54876e-07 -2.09922e-06
335.6 -3.8766e-07 -2.14634e-06
336 -3.30959e-07 -2.19943e-06
336.4 -2.87878e-07 -2.25763e-06
336.8 -2.6098e-07 -2.3198e-06
337.2 -2.52184e-07 -2.38451e-06
337.6 -2.62689e-07 -2.45009e-06
338 -2.92933e-07 -2.51475e-06
338.4 -3.42576e-07 -2.57656e-06
338.8 -4.10513e-07 -2.63359e-06
339.2 -4.94926e-07 -2.68394e-06
339.6 -5.9335e-07 -2.72584e-06
340 -7.02777e-07 -2.75774e-06
340.4 -8.19772e-07 -2.77831e-06
340.8 -9.40605e-07 -2.78657e-06
341.2 -1.0614e-06 -2.78191e-06
341.6 -1.17829e-06 -2.76411e-06
342 -1.28755e-06 -2.73337e-06
342.4 -1.38574e-06 -2.69032e-06
342.8 -1.46985e-06 -2.63603e-06
343.2 -1.5374e-06 -2.57194e-06
343.6 -1.58652e-06 -2.49984e-06
344 -1.61603e-06 -2.42183e-06
344.4 -1.62547e-06 -2.34026e-06
344.8 -1.6151e-06 -2.25763e-06
345.2 -1.5859e-06 -2.17653e-06
345.6 -1.53948e-06 -2.09957e-06
346 -1.47808e-06 -2.02928e-06
346.4 -1.40439e-06 -1.96803e-06
346.8 -1.32151e-06 -1.91797e-06
347.2 -1.23278e-06 -1.88097e-06
347.6 -1.14165e-06 -1.85853e-06
348 -1.05157e-06 -1.85177e-06
348.4 -9.65818e-07 -1.86139e-06
348.8 -8.87408e-07 -1.88765e-06
349.2 -8.18951e-07 -1.93036e-06
349.6 -7.62572e-07 -1.98891e-06
350 -7.1983e-07 -2.0623e-06
350.4 -6.91669e-07 -2.14916e-06
350.8 -6.78389e-07 -2.2478e-06
351.2 -6.79648e-07 -2.3563e-06
351.6 -6.94487e-07 -2.47254e-06
352 -7.21381e-07 -2.59428e-06
352.4 -7.58309e-07 -2.71924e-06
352.8 -8.02851e-07 -2.84517e-06
353.2 -8.52288e-07 -2.9699e-06
353.6 -9.03724e-07 -3.09141e-06
354 -9.54207e-07 -3.20789e-06
354.4 -1.00085e-06 -3.31776e-06
354.8 -1.04097e-06 -3.41973e-06
355.2 -1.07215e-06 -3.5128e-06
355.6 -1.09241e-06 -3.59627e-06
356 -1.10021e-06 -3.66975e-06
356.4 -1.09457e-06 -3.73311e-06
356.8 -1.07508e-06 -3.7865e-06
357.2 -1.04189e-06 -3.83029e-06
357.6 -9.95758e-07 -3.86503e-06
358 -9.37975e-07 -3.89141e-06
358.4 -8.70314e-07 -3.9102e-06
358.8 -7.94959e-07 -3.92222e-06
359.2 -7.14417e-07 -3.92827e-06
359.6 -6.3141e-07 -3.9291e-06
360 -5.48762e-07 -3.92537e-06
360.4 -4.69288e-07 -3.91762e-06
360.8 -3.95679e-07 -3.90624e-06
361.2 -3.3039e-07 -3.89144e-06
361.6 -2.75546e-07 -3.8733e-06
362 -2.32858e-07 -3.8517e-06
362.4 -2.03552e-07 -3.82639e-06
362.8 -1.88328e-07 -3.79699e-06
363.2 -1.87331e-07 -3.76303e-06
363.6 -2.00147e-07 -3.72397e-06
364 -2.25826e-07 -3.67925e-06
364.4 -2.62921e-07 -3.62833e-06
364.8 -3.0955e-07 -3.57073e-06
365.2 -3.63472e-07 -3.50607e-06
365.6 -4.2218e-07 -3.43412e-06
366 -4.82999e-07 -3.3548e-06
366.4 -5.432e-07 -3.26826e-06
366.8 -6.00104e-07 -3.17481e-06
367.2 -6.51189e-07 -3.07502e-06
367.6 -6.94192e-07 -2.96967e-06
368 -7.27193e-07 -2.85973e-06
368.4 -7.48692e-07 -2.74639e-06
368.8 -7.57663e-07 -2.63095e-06
369.2 -7.53596e-07 -2.51488e-06
369.6 -7.36507e-07 -2.39971e-06
370 -7.06938e-07 -2.287e-06
370.4 -6.65929e-07 -2.1783e-06
370.8 -6.14976e-07 -2.0751e-06
371.2 -5.55962e-07 -1.97878e-06
371.6 -4.91085e-07 -1.89054e-06
372 -4.22764e-07 -1.8114e-06
372.4 -3.53544e-07 -1.74215e-06
372.8 -2.85992e-07 -1.68332e-06
373.2 -2.22593e-07 -1.63514e-06
373.6 -1.65655e-07 -1.59758e-06
374 -1.17218e-07 -1.57033e-06
374.4 -7.89742e-08 -1.55281e-06
374.8 -5.22019e-08 -1.54419e-06
375.2 -3.77215e-08 -1.54343e-06
375.6 -3.58647e-08 -1.5493e-06
376 -4.64658e-08 -1.56046e-06
376.4 -6.88729e-08 -1.57546e-06
376.8 -1.01978e-07 -1.59285e-06
377.2 -1.44264e-07 -1.61118e-06
377.6 -1.93871e-07 -1.62906e-06
378 -2.48671e-07 -1.64524e-06
378.4 -3.06358e-07 -1.65862e-06
378.8 -3.64538e-07 -1.66828e-06
379.2 -4.20828e-07 -1.67356e-06
379.6 -4.7295e-07 -1.67401e-06
380 -5.18822e-07 -1.66943e-06
380.4 -5.56637e-07 -1.65989e-06
380.8 -5.84936e-07 -1.64569e-06
381.2 -6.02661e-07 -1.62734e-06
381.6 -6.09193e-07 -1.60556e-06
382 -6.04377e-07 -1.58124e-06
382.4 -5.88517e-07 -1.55534e-06
382.8 -5.62369e-07 -1.52895e-06
383.2 -5.27097e-07 -1.50316e-06
383.6 -4.84229e-07 -1.47903e-06
384 -4.35591e-07 -1.45758e-06
384.4 -3.83231e-07 -1.4397e-06
384.8 -3.29334e-07 -1.42614e-06
385.2 -2.76134e-07 -1.41749e-06
385.6 -2.25823e-07 -1.41411e-06
386 -1.80463e-07 -1.41617e-06
386.4 -1.41905e-07 -1.42359e-06
386.8 -1.11718e-07 -1.43611e-06
387.2 -9.11203e-08 -1.45321e-06
387.6 -8.09431e-08 -1.47423e-06
388 -8.1593e-08 -1.49832e-06
388.4 -9.30407e-08 -1.5245e-06
388.8 -1.14825e-07 -1.55173e-06
389.2 -1.46075e-07 -1.57889e-06
389.6 -1.85545e-07 -1.60488e-06
390 -2.31671e-07 -1.62862e-06
390.4 -2.8263e-07 -1.64915e-06
390.8 -3.36422e-07 -1.66558e-06
391.2 -3.90941e-07 -1.67722e-06
391.6 -4.44069e-07 -1.68355e-06
392 -4.93755e-07 -1.68424e-06
392.4 -5.38099e-07 -1.67917e-06
392.8 -5.75423e-07 -1.66847e-06
393.2 -6.04341e-07 -1.65245e-06
393.6 -6.23808e-07 -1.63164e-06
394 -6.33158e-07 -1.60673e-06
394.4 -6.32133e-07 -1.57856e-06
394.8 -6.20884e-07 -1.5481e-06
395.2 -5.99967e-07 -1.5164e-06
395.6 -5.7031e-07 -1.48452e-06
396 -5.33182e-07 -1.45354e-06
396.4 -4.90131e-07 -1.42447e-06
396.8 -4.42927e-07 -1.39827e-06
397.2 -3.93485e-07 -1.37574e-06
397.6 -3.43786e-07 -1.35754e-06
398 -2.95804e-07 -1.34416e-06
398.4 -2.51418e-07 -1.33589e-06
398.8 -2.12347e-07 -1.33282e-06
399.2 -1.80073e-07 -1.33483e-06
399.6 -1.55792e-07 -1.3416e-06
400 -1.40364e-07 -1.35264e-06
