-0.498 0.00458499 -0.00184431
-0.496 0.0159225 -0.00726583
-0.494 0.0285469 -0.0153822
-0.492 0.035344 -0.0244815
-0.49 0.0287768 -0.0322664
-0.488 0.00225082 -0.0361798
-0.486 -0.048552 -0.0337821
-0.484 -0.124539 -0.0231393
-0.482 -0.222424 -0.00318276
-0.48 -0.334418 0.0259995
-0.478 -0.448446 0.0629751
-0.476 -0.548908 0.104911
-0.474 -0.617933 0.147664
-0.472 -0.637015 0.186027
-0.47 -0.588904 0.214112
-0.468 -0.459587 0.225861
-0.466 -0.240175 0.215642
-0.464 0.0714573 0.178884
-0.462 0.46944 0.112719
-0.46 0.939221 0.0165485
-0.458 1.45751 -0.10748
-0.456 1.99297 -0.254178
-0.454 2.50754 -0.415212
-0.452 2.95861 -0.57925
-0.45 3.30167 -0.732366
-0.448 3.49358 -0.858717
-0.446 3.49595 -0.941477
-0.444 3.27877 -0.96398
-0.442 2.82356 -0.911031
-0.44 2.1262 -0.770286
-0.438 1.1987 -0.533601
-0.436 0.0701082 -0.198247
-0.434 -1.21393 0.232134
-0.432 -2.59286 0.746949
-0.43 -3.99415 1.32851
-0.428 -5.33731 1.95242
-0.426 -6.53875 2.58847
-0.424 -7.51712 3.20205
-0.422 -8.19883 3.75596
-0.42 -8.52327 4.21257
-0.418 -8.44747 4.53614
-0.416 -7.9498 4.69512
-0.414 -7.03256 4.66439
-0.412 -5.72315 4.42714
-0.41 -4.07388 3.97645
-0.408 -2.16026 3.31628
-0.406 -0.0779087 2.46208
-0.404 2.06189 1.44072
-0.402 4.13772 0.289976
-0.4 6.02451 -0.942596
-0.398 7.60066 -2.20127
-0.396 8.7554 -3.42427
-0.394 9.3961 -4.5464
-0.392 9.45499 -5.5021
-0.39 8.89494 -6.2289
-0.388 7.71377 -6.67118
-0.386 5.94673 -6.78402
-0.384 3.66687 -6.53697
-0.382 0.983094 -5.91748
-0.38 -1.96419 -4.93355
-0.378 -5.00952 -3.61545
-0.376 -7.9708 -2.01616
-0.374 -10.6591 -0.210167
-0.372 -12.8894 1.70911
-0.37 -14.4912 3.63359
-0.368 -15.3193 5.44604
-0.366 -15.2626 7.02659
-0.364 -14.2522 8.25977
-0.362 -12.2668 9.04162
-0.36 -9.33594 9.2864
-0.358 -5.5408 8.9325
-0.356 -1.01232 7.94707
-0.354 4.07312 6.32942
-0.352 9.50029 4.11278
-0.35 15.0238 1.36457
-0.348 20.3786 -1.81498
-0.346 25.2919 -5.29558
-0.344 29.4957 -8.92119
-0.342 32.7406 -12.5157
-0.34 34.8089 -15.89
-0.338 35.5273 -18.8502
-0.336 34.7784 -21.2072
-0.334 32.51 -22.7867
-0.332 28.7417 -23.4403
-0.33 23.5688 -23.056
-0.328 17.1613 -21.5684
-0.326 9.75957 -18.9667
-0.324 1.66571 -15.3012
-0.322 -6.76911 -10.6859
-0.32 -15.1608 -5.29745
-0.318 -23.111 0.62998
-0.316 -30.2276 6.81423
-0.314 -36.1455 12.9386
-0.312 -40.5474 18.6685
-0.31 -43.1819 23.6703
-0.308 -43.8794 27.6315
-0.306 -42.5646 30.2798
-0.304 -39.2634 31.4016
-0.302 -34.1066 30.8573
-0.3 -27.3271 28.5929
-0.298 -19.2527 24.6476
-0.296 -10.2937 19.157
-0.294 -0.925814 12.351
-0.292 8.33086 4.54706
-0.29 16.9368 -3.86105
-0.288 24.3601 -12.4198
-0.286 30.1053 -20.6363
-0.284 33.7426 -28.003
-0.282 34.9355 -34.0257
-0.28 33.4657 -38.2534
-0.278 29.2539 -40.3089
-0.276 22.3734 -39.9184
-0.274 13.0571 -36.9376
-0.272 1.69456 -31.3708
-0.27 -11.1798 -23.3832
-0.268 -24.9085 -13.3017
-0.266 -38.7416 -1.60496
-0.264 -51.8755 11.0987
-0.262 -63.4961 24.1039
-0.26 -72.8262 36.6495
-0.258 -79.1728 47.9661
-0.256 -81.9703 57.3256
-0.254 -80.8199 64.0899
-0.252 -75.5187 67.754
-0.25 -66.0806 67.9818
-0.248 -52.7437 64.6314
-0.246 -35.9673 57.7694
-0.244 -16.4159 47.6727
-0.242 5.06744 34.8191
-0.24 27.4981 19.8671
-0.238 49.7953 3.62552
-0.236 70.8333 -12.9855
-0.234 89.498 -28.9801
-0.232 104.745 -43.3592
-0.23 115.655 -55.166
-0.228 121.492 -63.5446
-0.226 121.75 -67.797
-0.224 116.19 -67.4359
-0.222 104.871 -62.2305
-0.22 88.1605 -52.2385
-0.218 66.7332 -37.8223
-0.216 41.5457 -19.6459
-0.214 13.7979 1.35069
-0.212 -15.1255 23.9981
-0.21 -43.7268 46.9639
-0.208 -70.4786 68.8344
-0.206 -93.9107 88.2049
-0.204 -112.698 103.773
-0.202 -125.738 114.423
-0.2 -132.224 119.305
-0.198 -131.69 117.887
-0.196 -124.046 109.992
-0.194 -109.588 95.8133
-0.192 -88.9901 75.9022
-0.19 -63.2709 51.1425
-0.188 -33.7501 22.7043
-0.186 -1.98611 -8.0148
-0.184 30.297 -39.4585
-0.182 61.292 -69.9889
-0.18 89.1975 -97.9691
-0.178 112.311 -121.849
-0.176 129.123 -140.253
-0.174 138.409 -152.066
-0.172 139.314 -156.508
-0.17 131.426 -153.207
-0.168 114.826 -142.245
-0.166 90.1201 -124.183
-0.164 58.4367 -100.056
-0.162 21.3887 -71.3313
-0.16 -18.997 -39.8377
-0.158 -60.385 -7.65398
-0.156 -100.264 23.0216
-0.154 -136.097 50.0196
-0.152 -165.484 71.3509
-0.15 -186.31 85.3469
-0.148 -196.885 90.7783
-0.146 -196.057 86.9409
-0.144 -183.282 73.7042
-0.142 -158.667 51.5199
-0.14 -122.972 21.3933
-0.138 -77.5735 -15.1782
-0.136 -24.3992 -56.2924
-0.134 34.1597 -99.7479
-0.132 95.3616 -143.161
-0.13 156.242 -184.09
-0.128 213.752 -220.157
-0.126 264.911 -249.175
-0.124 306.956 -269.263
-0.122 337.497 -278.957
-0.12 354.668 -277.306
-0.118 357.254 -263.951
-0.116 344.795 -239.175
-0.114 317.656 -203.922
-0.112 277.045 -159.774
-0.11 224.971 -108.882
-0.108 164.153 -53.8542
-0.106 97.8658 2.3981
-0.104 29.7442 56.8439
-0.102 -36.4477 106.532
-0.1 -97.0565 148.789
-0.098 -148.772 181.398
-0.096 -188.832 202.741
-0.094 -215.189 211.896
-0.092 -226.616 208.682
-0.09 -222.765 193.654
-0.088 -204.166 168.046
-0.086 -172.179 133.681
-0.084 -128.908 92.8542
-0.082 -77.0869 48.2011
-0.08 -19.9365 2.55586
-0.078 38.9852 -41.1873
-0.076 95.9508 -80.2094
-0.074 147.239 -111.897
-0.072 189.317 -133.963
-0.07 219.031 -144.566
-0.068 233.795 -142.409
-0.066 231.768 -126.832
-0.064 212.007 -97.8821
-0.062 174.59 -56.3441
-0.06 120.672 -3.74345
-0.058 52.4828 57.7057
-0.056 -26.7604 125.199
-0.054 -113.017 195.488
-0.052 -201.658 265.069
-0.05 -287.756 330.399
-0.048 -366.406 388.108
-0.046 -433.049 435.218
-0.044 -483.765 469.315
-0.042 -515.52 488.682
-0.04 -526.343 492.381
-0.038 -515.422 480.274
-0.036 -483.131 453.002
-0.034 -430.976 411.918
-0.032 -361.498 358.993
-0.03 -278.117 296.708
-0.028 -184.962 227.933
-0.026 -86.6691 155.808
-0.024 11.8324 83.6149
-0.022 105.544 14.6491
-0.02 189.632 -47.9152
-0.018 259.677 -101.171
-0.016 311.914 -142.634
-0.014 343.478 -170.394
-0.012 352.613 -183.264
-0.01 338.847 -180.9
-0.008 303.086 -163.878
-0.006 247.63 -133.712
-0.004 176.071 -92.7962
-0.002 93.0969 -44.2769
0 4.18829 8.15587
0.002 -84.758 60.5251
0.004 -167.843 108.855
0.006 -239.584 149.458
0.008 -295.287 179.198
0.01 -331.35 195.686
0.012 -345.465 197.421
0.014 -336.715 183.84
0.016 -305.562 155.299
0.018 -253.75 113.001
0.02 -184.134 58.8688
0.022 -100.467 -4.59733
0.024 -7.16483 -74.4787
0.026 90.948 -147.59
0.028 188.876 -220.626
0.03 281.692 -290.298
0.032 364.759 -353.462
0.034 433.948 -407.245
0.036 485.831 -449.164
0.038 517.865 -477.249
0.04 528.535 -490.149
0.042 517.462 -487.225
0.044 485.451 -468.617
0.046 434.467 -435.267
0.048 367.539 -388.891
0.05 288.583 -331.905
0.052 202.157 -267.288
0.054 113.166 -198.407
0.056 26.5392 -128.804
0.058 -53.0899 -61.9799
0.06 -121.675 -1.17695
0.062 -175.992 50.8054
0.064 -213.804 91.759
0.066 -233.946 120.166
0.068 -236.333 135.246
0.07 -221.897 136.961
0.072 -192.474 125.977
0.074 -150.642 103.594
0.076 -99.552 71.6602
0.078 -42.7322 32.4626
0.08 16.0966 -11.3838
0.082 73.2059 -57.0613
0.084 125.035 -101.678
0.086 168.358 -142.405
0.088 200.437 -176.613
0.09 219.159 -202.011
0.092 223.158 -216.785
0.094 211.894 -219.708
0.096 185.708 -210.232
0.098 145.82 -188.545
0.1 94.272 -155.575
0.102 33.82 -112.946
0.104 -32.2294 -62.879
0.106 -100.225 -8.05211
0.108 -166.403 48.5808
0.11 -227.128 103.987
0.112 -279.124 155.253
0.114 -319.669 199.77
0.116 -346.748 235.386
0.118 -359.151 260.521
0.12 -356.509 274.23
0.122 -339.275 276.231
0.124 -308.662 266.884
0.126 -266.533 247.139
0.128 -215.275 218.461
0.13 -157.649 182.729
0.132 -96.6369 142.131
0.134 -35.2882 99.0395
0.136 23.4306 55.8958
0.138 76.775 15.0801
0.14 122.35 -21.2097
0.142 158.224 -51.0747
0.144 183.014 -73.0208
0.146 195.958 -86.046
0.148 196.944 -89.7007
0.15 186.509 -84.1174
0.152 165.805 -70.0012
0.154 136.518 -48.5817
0.156 100.762 -21.5269
0.158 60.9354 9.17541
0.16 19.5765 41.3582
0.162 -20.8023 72.8259
0.164 -57.8634 101.503
0.166 -89.5768 125.565
0.168 -114.326 143.548
0.17 -130.979 154.422
0.172 -138.927 157.629
0.174 -138.083 153.092
0.176 -128.857 141.187
0.178 -112.1 122.696
0.18 -89.0354 98.737
0.182 -61.1695 70.6882
0.184 -30.2041 40.1004
0.186 2.05974 8.61082
0.188 33.8146 -22.1431
0.19 63.3355 -50.6062
0.192 89.0627 -75.3824
0.194 109.675 -95.3038
0.196 124.151 -109.489
0.198 131.815 -117.389
0.2 132.369 -118.812
0.202 125.902 -113.938
0.204 112.875 -103.298
0.206 94.0962 -87.7456
0.208 70.666 -68.3949
0.21 43.9088 -46.5486
0.212 15.2945 -23.6107
0.214 -13.6492 -0.99393
0.216 -41.4243 19.9707
0.218 -66.6452 38.1151
0.22 -88.1109 52.5007
0.222 -104.863 62.465
0.224 -116.226 67.6466
0.226 -121.831 67.9888
0.228 -121.617 63.7234
0.23 -115.821 55.3379
0.232 -104.948 43.5304
0.234 -89.7339 29.1567
0.236 -71.0954 13.1729
0.238 -50.0766 -3.42274
0.24 -27.7913 -19.6456
0.242 -5.36471 -34.5768
0.244 16.122 -47.4093
0.246 35.6839 -57.4862
0.248 52.4771 -64.3313
0.25 65.8362 -67.669
0.252 75.3005 -67.4342
0.254 80.6303 -63.7695
0.256 81.8105 -57.0115
0.258 79.042 -47.6652
0.26 72.7224 -36.3686
0.262 63.4156 -23.849
0.264 51.8136 -10.8749
0.266 38.6926 1.79359
0.268 24.8659 13.4522
0.27 11.137 23.4939
0.272 -1.74409 31.4409
0.274 -13.1196 36.9675
0.276 -22.4545 39.9093
0.278 -29.358 40.2625
0.28 -33.5963 38.172
0.282 -35.0944 33.912
0.284 -33.9304 27.8597
0.286 -30.3211 20.4662
0.288 -24.6014 12.2257
0.29 -17.1999 3.64557
0.292 -8.61106 -4.78167
0.294 0.634171 -12.6027
0.296 9.99673 -19.4243
0.298 18.9568 -24.9292
0.3 27.0386 -28.8879
0.302 33.8313 -31.1651
0.304 39.0064 -31.7218
0.306 42.3301 -30.6118
0.308 43.6706 -27.9749
0.31 43.0006 -24.0244
0.312 40.3943 -19.032
0.314 36.0201 -13.31
0.316 30.1283 -7.19132
0.318 23.0354 -1.01012
0.32 15.1059 4.91738
0.322 6.73123 10.3094
0.324 -1.69028 14.932
0.326 -9.77457 18.6087
0.328 -17.1702 21.2253
0.33 -23.5747 22.7315
0.332 -28.747 23.1375
0.334 -32.5165 22.5085
0.336 -34.7872 20.9558
0.338 -35.5388 18.6273
0.34 -34.8226 15.6966
0.342 -32.7556 12.3524
0.344 -29.5104 8.78782
0.346 -25.3046 5.19152
0.348 -20.3872 1.73909
0.35 -15.0262 -1.41388
0.352 -9.49459 -4.13748
0.354 -4.05766 -6.33175
0.356 1.03878 -7.92949
0.358 5.57902 -8.89758
0.36 9.3861 -9.23672
0.362 12.3285 -8.97968
0.364 14.3245 -8.1879
0.366 15.344 -6.94691
0.368 15.4079 -5.36039
0.37 14.5849 -3.54352
0.372 12.9856 -1.61588
0.374 10.7554 0.305538
0.376 8.06461 2.11288
0.378 5.0986 3.71289
0.38 2.04651 5.03115
0.382 -0.909219 6.01476
0.384 -3.60273 6.63345
0.386 -5.89315 6.87917
0.388 -7.67115 6.76445
0.39 -8.86323 6.31967
0.392 -9.43373 5.58972
0.394 -9.38449 4.63019
0.396 -8.75235 3.50355
0.398 -7.60485 2.27538
0.4 -6.03451 1.01093
0.402 -4.15204 -0.227939
0.404 -2.07909 -1.38541
0.406 0.0591629 -2.4138
0.408 2.14114 -3.27522
0.41 4.05534 -3.94264
0.412 5.70591 -4.4005
0.414 7.01708 -4.64467
0.416 7.93632 -4.68197
0.418 8.436 -4.52906
0.42 8.51365 -4.21099
0.422 8.19075 -3.75921
0.424 7.51021 -3.20941
0.426 6.53259 -2.5992
0.428 5.33149 -1.96577
0.43 3.9883 -1.34374
0.432 2.58669 -0.763385
0.434 1.20723 -0.249156
0.436 -0.0774319 0.181183
0.438 -1.20666 0.51695
0.44 -2.13471 0.754417
0.442 -2.83247 0.896227
0.444 -3.28787 0.950441
0.446 -3.50501 0.929331
0.448 -3.50234 0.848028
0.45 -3.30992 0.723141
0.452 -2.96612 0.571454
0.454 -2.51416 0.408774
0.456 -1.99858 0.248998
0.458 -1.46206 0.103441
0.46 -0.942701 -0.0195796
0.462 -0.471898 -0.11488
0.464 -0.0729837 -0.180316
0.466 0.239457 -0.216482
0.468 0.459533 -0.226239
0.47 0.589358 -0.214147
0.472 0.637823 -0.185823
0.474 0.618953 -0.147309
0.476 0.550014 -0.104476
0.478 0.449538 -0.0625148
0.48 0.335421 -0.0255536
0.482 0.223289 0.0035878
0.484 0.125241 0.0234877
0.486 0.0490888 0.0340667
0.488 -0.00186769 0.0363998
0.49 -0.0285247 0.0324257
0.492 -0.0351946 0.0245872
0.494 -0.0284709 0.0154435
0.496 -0.0158926 0.00729393
0.498 -0.00457851 0.00185155
0.4 0.0780686 0.0287713
0.8 0.0791709 0.029854
1.2 0.0810015 0.0316552
1.6 0.0835505 0.03417
2 0.0868039 0.0373918
2.4 0.0907444 0.041312
2.8 0.095351 0.0459206
3.2 0.100599 0.0512062
3.6 0.106462 0.0571558
4 0.112908 0.0637557
4.4 0.119906 0.0709911
4.8 0.127421 0.0788468
5.2 0.135415 0.0873072
5.6 0.14385 0.0963566
6 0.152687 0.10598
6.4 0.161885 0.116161
6.8 0.171403 0.126887
7.2 0.181201 0.138144
7.6 0.191238 0.149921
8 0.201475 0.162207
8.4 0.211872 0.174994
8.8 0.222391 0.188275
9.2 0.232998 0.202048
9.6 0.243657 0.216309
10 0.254338 0.231061
10.4 0.26501 0.246306
10.8 0.275647 0.262051
11.2 0.286226 0.278303
11.6 0.296725 0.295076
12 0.307127 0.312381
12.4 0.317418 0.330235
12.8 0.327585 0.348655
13.2 0.337622 0.367661
13.6 0.347524 0.387273
14 0.357288 0.407512
14.4 0.366917 0.428399
14.8 0.376415 0.449955
15.2 0.385789 0.472201
15.6 0.395048 0.495156
16 0.404206 0.518835
16.4 0.413276 0.543253
16.8 0.422273 0.568418
17.2 0.431215 0.594337
17.6 0.44012 0.621011
18 0.449005 0.648433
18.4 0.45789 0.676593
18.8 0.466793 0.705471
19.2 0.47573 0.735043
19.6 0.48472 0.765273
20 0.493775 0.79612
20.4 0.502908 0.827532
20.8 0.51213 0.85945
21.2 0.521447 0.891805
21.6 0.530862 0.924519
22 0.540376 0.957507
22.4 0.549984 0.990673
22.8 0.559678 1.02392
23.2 0.569445 1.05713
23.6 0.579267 1.09019
24 0.589123 1.12298
24.4 0.598986 1.15537
24.8 0.608823 1.18724
25.2 0.6186 1.21845
25.6 0.628276 1.24887
26 0.637807 1.27836
26.4 0.647146 1.3068
26.8 0.656241 1.33406
27.2 0.66504 1.36001
27.6 0.673486 1.38454
28 0.681524 1.40754
28.4 0.689096 1.4289
28.8 0.696143 1.44854
29.2 0.70261 1.46638
29.6 0.70844 1.48234
30 0.713581 1.49638
30.4 0.717984 1.50845
30.8 0.7216 1.51853
31.2 0.724389 1.52659
31.6 0.726313 1.53266
32 0.727341 1.53673
32.4 0.727448 1.53885
32.8 0.726615 1.53905
33.2 0.724831 1.53739
33.6 0.722091 1.53394
34 0.718398 1.52877
34.4 0.713762 1.52199
34.8 0.708199 1.51368
35.2 0.701736 1.50394
35.6 0.694402 1.49289
36 0.686235 1.48063
36.4 0.677279 1.46729
36.8 0.667582 1.45296
37.2 0.657198 1.43777
37.6 0.646183 1.42181
38 0.634598 1.4052
38.4 0.622505 1.38802
38.8 0.609969 1.37037
39.2 0.597053 1.35233
39.6 0.583822 1.33396
40 0.57034 1.31532
40.4 0.556667 1.29646
40.8 0.542861 1.27742
41.2 0.528979 1.25822
41.6 0.515071 1.23889
42 0.501184 1.21941
42.4 0.48736 1.19979
42.8 0.473636 1.18001
43.2 0.460043 1.16004
43.6 0.446607 1.13986
44 0.433348 1.11943
44.4 0.420281 1.09871
44.8 0.407416 1.07765
45.2 0.394758 1.05622
45.6 0.382308 1.03436
46 0.370062 1.01204
46.4 0.358015 0.989214
46.8 0.346155 0.965856
47.2 0.334472 0.941937
47.6 0.322952 0.917438
48 0.311582 0.892349
48.4 0.300347 0.866669
48.8 0.289234 0.840408
49.2 0.27823 0.813586
49.6 0.267325 0.786234
50 0.256509 0.758395
50.4 0.245777 0.730121
50.8 0.235125 0.701475
51.2 0.224553 0.672528
51.6 0.214064 0.643363
52 0.203664 0.614069
52.4 0.193364 0.584739
52.8 0.183177 0.555475
53.2 0.173118 0.526381
53.6 0.163207 0.497562
54 0.153465 0.469127
54.4 0.143916 0.441181
54.8 0.134584 0.413829
55.2 0.125495 0.387169
55.6 0.116677 0.361297
56 0.108154 0.3363
56.4 0.0999531 0.312259
56.8 0.0920986 0.289245
57.2 0.0846133 0.26732
57.6 0.0775178 0.246534
58 0.0708301 0.226928
58.4 0.0645649 0.208531
58.8 0.0587338 0.191359
59.2 0.0533446 0.17542
59.6 0.0484013 0.160708
60 0.0439039 0.147207
60.4 0.0398483 0.134892
60.8 0.0362265 0.123728
61.2 0.0330269 0.113672
61.6 0.0302338 0.104671
62 0.0278284 0.0966704
62.4 0.0257887 0.0896061
62.8 0.0240901 0.0834118
63.2 0.0227056 0.0780183
63.6 0.0216063 0.0733542
64 0.0207621 0.069348
64.4 0.0201419 0.0659284
64.8 0.0197143 0.0630258
65.2 0.0194477 0.060573
65.6 0.0193115 0.0585063
66 0.0192757 0.0567659
66.4 0.0193119 0.0552965
66.8 0.0193936 0.0540483
67.2 0.0194961 0.0529764
67.6 0.0195973 0.0520421
68 0.0196777 0.0512119
68.4 0.0197205 0.0504583
68.8 0.0197117 0.0497593
69.2 0.0196403 0.049098
69.6 0.0194981 0.0484627
70 0.0192799 0.0478459
70.4 0.018983 0.0472443
70.8 0.0186074 0.0466581
71.2 0.0181554 0.0460905
71.6 0.0176315 0.0455469
72 0.0170419 0.0450345
72.4 0.0163945 0.044562
72.8 0.0156984 0.0441384
73.2 0.0149638 0.043773
73.6 0.0142014 0.043475
74 0.0134226 0.0432527
74.4 0.0126386 0.0431134
74.8 0.0118606 0.043063
75.2 0.0110994 0.0431059
75.6 0.0103651 0.0432448
76 0.00966709 0.0434807
76.4 0.00901378 0.0438124
76.8 0.00841252 0.0442372
77.2 0.00786947 0.0447506
77.6 0.00738959 0.0453465
78 0.00697657 0.0460171
78.4 0.00663289 0.0467538
78.8 0.00635977 0.0475466
79.2 0.00615732 0.0483847
79.6 0.00602454 0.049257
80 0.00595945 0.0501518
80.4 0.00595921 0.0510575
80.8 0.00602023 0.0519624
81.2 0.00613825 0.0528554
81.6 0.00630857 0.0537258
82 0.00652608 0.0545636
82.4 0.00678544 0.0553595
82.8 0.00708115 0.0561052
83.2 0.00740773 0.0567934
83.6 0.00775974 0.0574179
84 0.0081319 0.0579734
84.4 0.00851915 0.0584557
84.8 0.0089167 0.0588618
85.2 0.00932007 0.0591894
85.6 0.00972511 0.0594372
86 0.010128 0.059605
86.4 0.0105253 0.059693
86.8 0.0109138 0.0597024
87.2 0.0112907 0.0596347
87.6 0.0116534 0.0594922
88 0.0119994 0.0592775
88.4 0.0123267 0.0589936
88.8 0.0126332 0.0586438
89.2 0.012917 0.0582316
89.6 0.0131763 0.0577608
90 0.0134093 0.0572352
90.4 0.0136143 0.0566589
90.8 0.0137896 0.0560361
91.2 0.0139337 0.055371
91.6 0.0140451 0.054668
92 0.0141221 0.0539315
92.4 0.0141637 0.0531663
92.8 0.0141688 0.0523769
93.2 0.0141365 0.0515681
93.6 0.0140664 0.0507449
94 0.0139585 0.0499123
94.4 0.0138134 0.0490754
94.8 0.0136323 0.0482394
95.2 0.013417 0.0474094
95.6 0.0131704 0.0465909
96 0.0128959 0.0457891
96.4 0.0125983 0.0450092
96.8 0.0122832 0.0442564
97.2 0.0119575 0.0435356
97.6 0.0116291 0.0428518
98 0.011307 0.0422094
98.4 0.0110016 0.0416129
98.8 0.0107242 0.0410663
99.2 0.0104873 0.0405731
99.6 0.0103041 0.0401366
100 0.010189 0.0397596
100.4 0.0101568 0.0394444
100.8 0.010223 0.039193
101.2 0.0104033 0.0390068
101.6 0.0107137 0.0388867
102 0.0111699 0.0388335
102.4 0.0117872 0.0388472
102.8 0.0125803 0.0389277
103.2 0.0135628 0.0390745
103.6 0.0147473 0.039287
104 0.0161447 0.0395642
104.4 0.0177641 0.039905
104.8 0.0196126 0.0403082
105.2 0.0216949 0.0407728
105.6 0.0240133 0.0412975
106 0.0265671 0.0418812
106.4 0.029353 0.0425229
106.8 0.0323645 0.0432217
107.2 0.0355922 0.0439767
107.6 0.0390233 0.0447873
108 0.0426423 0.045653
108.4 0.0464303 0.0465732
108.8 0.0503656 0.0475473
109.2 0.0544241 0.048575
109.6 0.0585787 0.0496556
110 0.0628003 0.0507882
110.4 0.0670581 0.0519719
110.8 0.0713194 0.0532051
111.2 0.0755504 0.0544861
111.6 0.0797169 0.0558124
112 0.083784 0.057181
112.4 0.0877171 0.0585881
112.8 0.0914823 0.0600291
113.2 0.0950468 0.0614987
113.6 0.0983794 0.0629905
114 0.101451 0.0644974
114.4 0.104234 0.066011
114.8 0.106705 0.0675223
115.2 0.108843 0.0690213
115.6 0.110631 0.0704971
116 0.112055 0.071938
116.4 0.113105 0.0733318
116.8 0.113775 0.0746655
117.2 0.114064 0.075926
117.6 0.113974 0.0770996
118 0.113511 0.0781729
118.4 0.112685 0.0791322
118.8 0.111512 0.0799645
119.2 0.110007 0.0806571
119.6 0.108193 0.0811979
120 0.106091 0.0815759
120.4 0.103729 0.081781
120.8 0.101133 0.0818046
121.2 0.0983343 0.0816393
121.6 0.0953623 0.0812793
122 0.0922486 0.0807206
122.4 0.0890245 0.079961
122.8 0.0857209 0.0790001
123.2 0.0823683 0.0778393
123.6 0.0789957 0.0764822
124 0.0756306 0.0749341
124.4 0.0722987 0.0732024
124.8 0.0690235 0.071296
125.2 0.0658258 0.0692258
125.6 0.062724 0.0670041
126 0.0597335 0.0646448
126.4 0.0568669 0.0621629
126.8 0.0541337 0.0595746
127.2 0.0515407 0.0568968
127.6 0.0490917 0.0541474
128 0.0467877 0.0513442
128.4 0.0446274 0.0485058
128.8 0.0426069 0.0456503
129.2 0.0407205 0.0427959
129.6 0.0389602 0.0399601
130 0.0373171 0.0371598
130.4 0.0357805 0.0344112
130.8 0.0343391 0.0317293
131.2 0.0329811 0.0291279
131.6 0.0316943 0.0266198
132 0.0304664 0.024216
132.4 0.0292857 0.0219261
132.8 0.0281409 0.0197584
133.2 0.0270216 0.0177192
133.6 0.0259183 0.0158136
134 0.0248228 0.0140448
134.4 0.023728 0.0124147
134.8 0.0226284 0.0109234
135.2 0.0215198 0.0095698
135.6 0.0203994 0.0083515
136 0.0192661 0.00726478
136.4 0.0181199 0.00630486
136.8 0.0169621 0.005466
137.2 0.0157954 0.00474165
137.6 0.0146234 0.00412455
138 0.0134506 0.00360691
138.4 0.0122822 0.00318056
138.8 0.011124 0.00283704
139.2 0.00998239 0.00256781
139.6 0.0088636 0.00236428
140 0.00777413 0.00221803
140.4 0.00672028 0.00212084
140.8 0.00570809 0.00206482
141.2 0.00474315 0.00204248
141.6 0.00383054 0.00204682
142 0.00297468 0.00207136
142.4 0.00217926 0.0021102
142.8 0.00144719 0.00215803
143.2 0.000780575 0.00221019
143.6 0.000180668 0.00226263
144 -0.000352107 0.00231192
144.4 -0.000818138 0.00235522
144.8 -0.00121858 0.00239029
145.2 -0.00155531 0.00241544
145.6 -0.00183084 0.00242945
146 -0.00204827 0.0024316
146.4 -0.00221117 0.00242155
146.8 -0.00232351 0.00239934
147.2 -0.00238955 0.00236532
147.6 -0.00241378 0.00232008
148 -0.00240077 0.00226443
148.4 -0.00235517 0.00219931
148.8 -0.00228154 0.0021258
149.2 -0.00218433 0.00204502
149.6 -0.00206781 0.00195812
150 -0.00193602 0.00186626
150.4 -0.0017927 0.00177053
150.8 -0.0016413 0.00167198
151.2 -0.00148491 0.00157157
151.6 -0.00132631 0.00147017
152 -0.00116788 0.00136852
152.4 -0.00101171 0.00126727
152.8 -0.000859514 0.00116696
153.2 -0.000712726 0.001068
153.6 -0.000572479 0.000970701
154 -0.000439653 0.000875291
154.4 -0.000314898 0.000781901
154.8 -0.000198669 0.000690589
155.2 -9.12572e-05 0.000601358
155.6 7.18142e-06 0.000514163
156 9.65937e-05 0.000428927
156.4 0.000177006 0.000345556
156.8 0.0002485 0.000263951
157.2 0.000311194 0.000184018
157.6 0.000365228 0.000105683
158 0.000410754 2.88934e-05
158.4 0.000447924 -4.63689e-05
158.8 0.000476893 -0.000120086
159.2 0.000497813 -0.0001922
159.6 0.00051084 -0.000262613
160 0.000516136 -0.000331186
160.4 0.000513877 -0.000397744
160.8 0.00050426 -0.000462079
161.2 0.000487512 -0.000523954
161.6 0.000463899 -0.000583112
162 0.000433729 -0.000639282
162.4 0.000397366 -0.000692186
162.8 0.000355225 -0.000741549
163.2 0.000307785 -0.000787107
163.6 0.00025558 -0.000828611
164 0.000199205 -0.000865842
164.4 0.000139307 -0.00089861
164.8 7.65825e-05 -0.000926766
165.2 1.17652e-05 -0.0009502
165.6 -5.43799e-05 -0.000968854
166 -0.000121071 -0.000982715
166.4 -0.000187519 -0.000991825
166.8 -0.000252945 -0.000996272
167.2 -0.000316591 -0.000996196
167.6 -0.000377735 -0.000991785
168 -0.0004357 -0.000983269
168.4 -0.000489874 -0.000970916
168.8 -0.000539712 -0.00095503
169.2 -0.00058475 -0.000935942
169.6 -0.000624611 -0.000914006
170 -0.000659009 -0.000889588
170.4 -0.000687756 -0.000863064
170.8 -0.000710755 -0.000834811
171.2 -0.000728005 -0.000805202
171.6 -0.000739595 -0.000774596
172 -0.000745698 -0.000743337
172.4 -0.000746564 -0.000711745
172.8 -0.00074251 -0.000680116
173.2 -0.000733912 -0.000648715
173.6 -0.000721191 -0.000617775
174 -0.000704804 -0.000587493
174.4 -0.000685231 -0.000558033
174.8 -0.000662963 -0.000529524
175.2 -0.000638492 -0.000502061
175.6 -0.000612298 -0.000475705
176 -0.000584845 -0.000450488
176.4 -0.000556563 -0.000426415
176.8 -0.000527852 -0.000403467
177.2 -0.000499069 -0.000381603
177.6 -0.000470524 -0.000360769
178 -0.000442484 -0.000340894
178.4 -0.000415163 -0.000321903
178.8 -0.00038873 -0.000303713
179.2 -0.000363306 -0.000286243
179.6 -0.000338971 -0.000269412
180 -0.000315761 -0.000253148
180.4 -0.000293682 -0.000237382
180.8 -0.000272707 -0.00022206
181.2 -0.000252787 -0.000207137
181.6 -0.000233853 -0.000192581
182 -0.000215826 -0.000178374
182.4 -0.000198617 -0.00016451
182.8 -0.000182139 -0.000150995
183.2 -0.000166305 -0.000137848
183.6 -0.000151037 -0.000125099
184 -0.000136268 -0.000112785
184.4 -0.000121941 -0.00010095
184.8 -0.000108016 -8.96431e-05
185.2 -9.44699e-05 -7.89165e-05
185.6 -8.12931e-05 -6.88224e-05
186 -6.84931e-05 -5.94118e-05
186.4 -5.60912e-05 -5.07317e-05
186.8 -4.4122e-05 -4.2824e-05
187.2 -3.26305e-05 -3.57236e-05
187.6 -2.16703e-05 -2.9457e-05
188 -1.13006e-05 -2.40412e-05
188.4 -1.58379e-06 -1.94831e-05
188.8 7.41737e-06 -1.57791e-05
189.2 1.56425e-05 -1.29148e-05
189.6 2.30357e-05 -1.08652e-05
190 2.9548e-05 -9.59517e-06
190.4 3.51391e-05 -9.06043e-06
190.8 3.97788e-05 -9.20819e-06
191.2 4.3448e-05 -9.9785e-06
191.6 4.61396e-05 -1.13055e-05
192 4.78586e-05 -1.31188e-05
192.4 4.86221e-05 -1.53453e-05
192.8 4.84588e-05 -1.79102e-05
193.2 4.74083e-05 -2.07389e-05
193.6 4.552e-05 -2.37583e-05
194 4.2852e-05 -2.68983e-05
194.4 3.94697e-05 -3.00929e-05
194.8 3.54442e-05 -3.32816e-05
195.2 3.08507e-05 -3.64098e-05
195.6 2.57673e-05 -3.94301e-05
196 2.02731e-05 -4.23028e-05
196.4 1.44472e-05 -4.49959e-05
196.8 8.36718e-06 -4.74858e-05
197.2 2.10798e-06 -4.97569e-05
197.6 -4.25898e-06 -5.18016e-05
198 -1.06667e-05 -5.36198e-05
198.4 -1.7053e-05 -5.52186e-05
198.8 -2.33613e-05 -5.66116e-05
199.2 -2.95408e-05 -5.78179e-05
199.6 -3.55463e-05 -5.88613e-05
200 -4.13386e-05 -5.97696e-05
200.4 -4.68844e-05 -6.05733e-05
200.8 -5.21556e-05 -6.13046e-05
201.2 -5.71298e-05 -6.19962e-05
201.6 -6.17894e-05 -6.26807e-05
202 -6.61212e-05 -6.33888e-05
202.4 -7.01166e-05 -6.4149e-05
202.8 -7.37707e-05 -6.49861e-05
203.2 -7.70819e-05 -6.59204e-05
203.6 -8.0052e-05 -6.69673e-05
204 -8.26854e-05 -6.81358e-05
204.4 -8.49889e-05 -6.94287e-05
204.8 -8.69716e-05 -7.08415e-05
205.2 -8.86442e-05 -7.23626e-05
205.6 -9.00191e-05 -7.39726e-05
206 -9.11099e-05 -7.56444e-05
206.4 -9.19313e-05 -7.73438e-05
206.8 -9.24987e-05 -7.90289e-05
207.2 -9.28281e-05 -8.06515e-05
207.6 -9.29358e-05 -8.21572e-05
208 -9.28381e-05 -8.34863e-05
208.4 -9.25511e-05 -8.45748e-05
208.8 -9.20908e-05 -8.53559e-05
209.2 -9.14725e-05 -8.57607e-05
209.6 -9.07108e-05 -8.57203e-05
210 -8.98194e-05 -8.51669e-05
210.4 -8.88113e-05 -8.40358e-05
210.8 -8.76983e-05 -8.22669e-05
211.2 -8.64913e-05 -7.98066e-05
211.6 -8.52005e-05 -7.66097e-05
212 -8.38348e-05 -7.26412e-05
212.4 -8.2403e-05 -6.78777e-05
212.8 -8.09129e-05 -6.23096e-05
213.2 -7.93725e-05 -5.59418e-05
213.6 -7.77896e-05 -4.87958e-05
214 -7.61726e-05 -4.09103e-05
214.4 -7.45303e-05 -3.23421e-05
214.8 -7.28726e-05 -2.31665e-05
215.2 -7.12108e-05 -1.34779e-05
215.6 -6.95575e-05 -3.38908e-06
216 -6.79271e-05 6.96881e-06
216.4 -6.63359e-05 1.74475e-05
216.8 -6.4802e-05 2.78828e-05
217.2 -6.33453e-05 3.80963e-05
217.6 -6.19875e-05 4.78972e-05
218 -6.07514e-05 5.70852e-05
218.4 -5.96609e-05 6.54528e-05
218.8 -5.87407e-05 7.27883e-05
219.2 -5.8015e-05 7.88796e-05
219.6 -5.75073e-05 8.3517e-05
220 -5.72398e-05 8.6497e-05
220.4 -5.72322e-05 8.76262e-05
220.8 -5.75009e-05 8.67245e-05
221.2 -5.80586e-05 8.36292e-05
221.6 -5.89129e-05 7.8198e-05
222 -6.00659e-05 7.03122e-05
222.4 -6.15138e-05 5.98802e-05
222.8 -6.32455e-05 4.68393e-05
223.2 -6.52432e-05 3.11586e-05
223.6 -6.74816e-05 1.28403e-05
224 -6.99277e-05 -8.07895e-06
224.4 -7.25416e-05 -3.15273e-05
224.8 -7.52761e-05 -5.73976e-05
225.2 -7.8078e-05 -8.55481e-05
225.6 -8.08881e-05 -0.000115803
226 -8.36429e-05 -0.000147955
226.4 -8.62752e-05 -0.000181766
226.8 -8.87158e-05 -0.000216971
227.2 -9.08943e-05 -0.000253282
227.6 -9.27416e-05 -0.000290389
228 -9.41904e-05 -0.000327968
228.4 -9.51774e-05 -0.00036568
228.8 -9.56448e-05 -0.000403181
229.2 -9.55416e-05 -0.000440125
229.6 -9.48251e-05 -0.000476165
230 -9.34617e-05 -0.000510965
230.4 -9.14287e-05 -0.000544198
230.8 -8.87144e-05 -0.000575554
231.2 -8.53189e-05 -0.000604745
231.6 -8.12544e-05 -0.000631507
232 -7.65455e-05 -0.000655601
232.4 -7.12283e-05 -0.000676825
232.8 -6.53504e-05 -0.000695007
233.2 -5.89701e-05 -0.000710012
233.6 -5.21548e-05 -0.000721743
234 -4.49805e-05 -0.00073014
234.4 -3.75298e-05 -0.000735183
234.8 -2.98907e-05 -0.000736891
235.2 -2.21543e-05 -0.000735319
235.6 -1.44136e-05 -0.000730558
236 -6.76148e-06 -0.000722734
236.4 7.11361e-07 -0.000712004
236.8 7.91779e-06 -0.000698554
237.2 1.47761e-05 -0.000682595
237.6 2.12113e-05 -0.00066436
238 2.71568e-05 -0.000644099
238.4 3.25551e-05 -0.000622076
238.8 3.73591e-05 -0.000598566
239.2 4.15323e-05 -0.00057385
239.6 4.50496e-05 -0.000548207
240 4.78971e-05 -0.000521918
240.4 5.00725e-05 -0.000495254
240.8 5.1584e-05 -0.000468479
241.2 5.24504e-05 -0.000441842
241.6 5.27e-05 -0.000415577
242 5.23695e-05 -0.000389898
242.4 5.15034e-05 -0.000365
242.8 5.01523e-05 -0.000341055
243.2 4.83717e-05 -0.000318211
243.6 4.62211e-05 -0.00029659
244 4.37619e-05 -0.000276292
244.4 4.10568e-05 -0.000257388
244.8 3.8168e-05 -0.000239928
245.2 3.51564e-05 -0.000223937
245.6 3.20803e-05 -0.000209417
246 2.89945e-05 -0.000196348
246.4 2.59497e-05 -0.000184693
246.8 2.29915e-05 -0.000174396
247.2 2.016e-05 -0.000165385
247.6 1.74897e-05 -0.000157577
248 1.50092e-05 -0.000150878
248.4 1.27408e-05 -0.000145185
248.8 1.07012e-05 -0.000140388
249.2 8.90151e-06 -0.000136377
249.6 7.34726e-06 -0.000133037
250 6.03923e-06 -0.000130257
250.4 4.97379e-06 -0.000127926
250.8 4.14339e-06 -0.000125941
251.2 3.53721e-06 -0.0001242
251.6 3.14169e-06 -0.000122613
252 2.94114e-06 -0.000121097
252.4 2.91827e-06 -0.000119576
252.8 3.05472e-06 -0.000117987
253.2 3.33156e-06 -0.000116275
253.6 3.72972e-06 -0.000114395
254 4.23033e-06 -0.000112314
254.4 4.81508e-06 -0.000110007
254.8 5.46646e-06 -0.000107459
255.2 6.16794e-06 -0.000104662
255.6 6.90414e-06 -0.000101619
256 7.6609e-06 -9.8338e-05
256.4 8.42534e-06 -9.48325e-05
256.8 9.18586e-06 -9.11222e-05
257.2 9.9321e-06 -8.72307e-05
257.6 1.06549e-05 -8.31848e-05
258 1.13464e-05 -7.90133e-05
258.4 1.19996e-05 -7.47464e-05
258.8 1.26085e-05 -7.04148e-05
259.2 1.31682e-05 -6.60487e-05
259.6 1.36744e-05 -6.16776e-05
260 1.41239e-05 -5.73294e-05
260.4 1.45137e-05 -5.30299e-05
260.8 1.4842e-05 -4.88025e-05
261.2 1.51072e-05 -4.46683e-05
261.6 1.53084e-05 -4.06453e-05
262 1.54453e-05 -3.67488e-05
262.4 1.55181e-05 -3.29915e-05
262.8 1.55274e-05 -2.9383e-05
263.2 1.54742e-05 -2.59307e-05
263.6 1.53603e-05 -2.26395e-05
264 1.51876e-05 -1.95121e-05
264.4 1.49584e-05 -1.65497e-05
264.8 1.46755e-05 -1.37516e-05
265.2 1.4342e-05 -1.11161e-05
265.6 1.39611e-05 -8.64037e-06
266 1.35363e-05 -6.32104e-06
266.4 1.30714e-05 -4.15413e-06
266.8 1.25699e-05 -2.13548e-06
267.2 1.20359e-05 -2.60782e-07
267.6 1.1473e-05 1.47418e-06
268 1.08849e-05 3.07347e-06
268.4 1.02753e-05 4.54098e-06
268.8 9.64763e-06 5.88032e-06
269.2 9.00516e-06 7.09487e-06
269.6 8.35103e-06 8.18781e-06
270 7.6882e-06 9.16214e-06
270.4 7.01946e-06 1.00208e-05
270.8 6.34747e-06 1.07666e-05
271.2 5.67479e-06 1.14027e-05
271.6 5.00391e-06 1.19319e-05
272 4.33734e-06 1.23578e-05
272.4 3.67762e-06 1.26838e-05
272.8 3.02738e-06 1.29138e-05
273.2 2.38941e-06 1.30521e-05
273.6 1.76668e-06 1.31033e-05
274 1.16239e-06 1.30725e-05
274.4 5.79976e-07 1.29648e-05
274.8 2.31097e-08 1.2786e-05
275.2 -5.04294e-07 1.25418e-05
275.6 -9.98119e-07 1.22383e-05
276 -1.4541e-06 1.18816e-05
276.4 -1.86787e-06 1.14778e-05
276.8 -2.23508e-06 1.1033e-05
277.2 -2.55144e-06 1.05529e-05
277.6 -2.81289e-06 1.00431e-05
278 -3.01567e-06 9.5091e-06
278.4 -3.15646e-06 8.95569e-06
278.8 -3.23249e-06 8.38741e-06
279.2 -3.24168e-06 7.80835e-06
279.6 -3.18272e-06 7.22216e-06
280 -3.05517e-06 6.63201e-06
280.4 -2.85954e-06 6.0407e-06
280.8 -2.59735e-06 5.45064e-06
281.2 -2.27114e-06 4.86389e-06
281.6 -1.88447e-06 4.28228e-06
282 -1.44195e-06 3.70742e-06
282.4 -9.49097e-07 3.14081e-06
282.8 -4.12331e-07 2.58388e-06
283.2 1.61173e-07 2.03809e-06
283.6 7.63605e-07 1.50495e-06
284 1.38667e-06 9.86107e-07
284.4 2.02174e-06 4.83369e-07
284.8 2.66008e-06 -1.28425e-09
285.2 3.29295e-06 -4.65684e-07
285.6 3.91187e-06 -9.07489e-07
286 4.50876e-06 -1.32421e-06
286.4 5.0761e-06 -1.71326e-06
286.8 5.6071e-06 -2.07202e-06
287.2 6.09583e-06 -2.39787e-06
287.6 6.53731e-06 -2.68835e-06
288 6.92764e-06 -2.94115e-06
288.4 7.26398e-06 -3.15429e-06
288.8 7.54463e-06 -3.32614e-06
289.2 7.76902e-06 -3.45555e-06
289.6 7.93761e-06 -3.54189e-06
290 8.05192e-06 -3.58515e-06
290.4 8.11435e-06 -3.58595e-06
290.8 8.12812e-06 -3.54558e-06
291.2 8.09711e-06 -3.46602e-06
291.6 8.02574e-06 -3.34992e-06
292 7.91881e-06 -3.20057e-06
292.4 7.78133e-06 -3.02184e-06
292.8 7.61838e-06 -2.81809e-06
293.2 7.435e-06 -2.59411e-06
293.6 7.23597e-06 -2.35501e-06
294 7.02579e-06 -2.10605e-06
294.4 6.80852e-06 -1.85258e-06
294.8 6.58771e-06 -1.59985e-06
295.2 6.36638e-06 -1.35294e-06
295.6 6.14695e-06 -1.11658e-06
296 5.93123e-06 -8.95042e-07
296.4 5.72049e-06 -6.92065e-07
296.8 5.51544e-06 -5.10739e-07
297.2 5.31629e-06 -3.53448e-07
297.6 5.12284e-06 -2.21819e-07
298 4.93457e-06 -1.167e-07
298.4 4.75069e-06 -3.81633e-08
298.8 4.57026e-06 1.44753e-08
299.2 4.39227e-06 4.26052e-08
299.6 4.21574e-06 4.82535e-08
300 4.03977e-06 3.39978e-08
300.4 3.86366e-06 2.86257e-09
300.8 3.68691e-06 -4.17959e-08
301.2 3.50929e-06 -9.64125e-08
301.6 3.33089e-06 -1.5734e-07
302 3.15205e-06 -2.20976e-07
302.4 2.97345e-06 -2.83884e-07
302.8 2.79599e-06 -3.42904e-07
303.2 2.62085e-06 -3.95253e-07
303.6 2.44934e-06 -4.38612e-07
304 2.28294e-06 -4.71183e-07
304.4 2.12315e-06 -4.91741e-07
304.8 1.97149e-06 -4.99655e-07
305.2 1.82939e-06 -4.94883e-07
305.6 1.69816e-06 -4.77962e-07
306 1.57889e-06 -4.49957e-07
306.4 1.47244e-06 -4.12409e-07
306.8 1.37939e-06 -3.67255e-07
307.2 1.30001e-06 -3.16742e-07
307.6 1.23424e-06 -2.63332e-07
308 1.18171e-06 -2.09597e-07
308.4 1.14175e-06 -1.58114e-07
308.8 1.11338e-06 -1.11367e-07
309.2 1.09543e-06 -7.16509e-08
309.6 1.08649e-06 -4.09826e-08
310 1.08506e-06 -2.10302e-08
310.4 1.08952e-06 -1.30541e-08
310.8 1.09828e-06 -1.78654e-08
311.2 1.10978e-06 -3.58025e-08
311.6 1.12257e-06 -6.67264e-08
312 1.13537e-06 -1.10034e-07
312.4 1.14711e-06 -1.6469e-07
312.8 1.15695e-06 -2.29272e-07
313.2 1.16435e-06 -3.02034e-07
313.6 1.16902e-06 -3.80975e-07
314 1.17098e-06 -4.63921e-07
314.4 1.17049e-06 -5.4861e-07
314.8 1.16806e-06 -6.32777e-07
315.2 1.16444e-06 -7.14242e-07
315.6 1.16048e-06 -7.90985e-07
316 1.1572e-06 -8.61223e-07
316.4 1.15564e-06 -9.23466e-07
316.8 1.15683e-06 -9.7657e-07
317.2 1.16177e-06 -1.01977e-06
317.6 1.1713e-06 -1.0527e-06
318 1.18611e-06 -1.07538e-06
318.4 1.20669e-06 -1.08825e-06
318.8 1.23326e-06 -1.09208e-06
319.2 1.26578e-06 -1.08798e-06
319.6 1.30394e-06 -1.07732e-06
320 1.34714e-06 -1.0617e-06
320.4 1.39453e-06 -1.04283e-06
320.8 1.44503e-06 -1.02253e-06
321.2 1.49733e-06 -1.00259e-06
321.6 1.55001e-06 -9.84749e-07
322 1.60151e-06 -9.70603e-07
322.4 1.65027e-06 -9.61563e-07
322.8 1.69473e-06 -9.58799e-07
323.2 1.73341e-06 -9.63203e-07
323.6 1.76498e-06 -9.75365e-07
324 1.78832e-06 -9.95561e-07
324.4 1.80254e-06 -1.02375e-06
324.8 1.80704e-06 -1.0596e-06
325.2 1.80154e-06 -1.10249e-06
325.6 1.78608e-06 -1.15157e-06
326 1.76103e-06 -1.20577e-06
326.4 1.72711e-06 -1.26391e-06
326.8 1.6853e-06 -1.3247e-06
327.2 1.63687e-06 -1.38679e-06
327.6 1.58333e-06 -1.44889e-06
328 1.52633e-06 -1.50974e-06
328.4 1.46765e-06 -1.56824e-06
328.8 1.40911e-06 -1.6234e-06
329.2 1.35252e-06 -1.67445e-06
329.6 1.2996e-06 -1.72081e-06
330 1.25192e-06 -1.76211e-06
330.4 1.21088e-06 -1.79821e-06
330.8 1.17757e-06 -1.82914e-06
331.2 1.15286e-06 -1.85514e-06
331.6 1.13723e-06 -1.87657e-06
332 1.1309e-06 -1.89389e-06
332.4 1.13368e-06 -1.90763e-06
332.8 1.14511e-06 -1.91833e-06
333.2 1.16438e-06 -1.9265e-06
333.6 1.19043e-06 -1.93254e-06
334 1.22197e-06 -1.93673e-06
334.4 1.25751e-06 -1.9392e-06
334.8 1.29545e-06 -1.93987e-06
335.2 1.33412e-06 -1.93842e-06
335.6 1.37186e-06 -1.93433e-06
336 1.40707e-06 -1.92685e-06
336.4 1.43828e-06 -1.915e-06
336.8 1.46416e-06 -1.89763e-06
337.2 1.48365e-06 -1.87341e-06
337.6 1.49591e-06 -1.84094e-06
338 1.50041e-06 -1.79873e-06
338.4 1.49689e-06 -1.74532e-06
338.8 1.48541e-06 -1.67929e-06
339.2 1.46633e-06 -1.59938e-06
339.6 1.44025e-06 -1.50451e-06
340 1.40805e-06 -1.39387e-06
340.4 1.37077e-06 -1.26693e-06
340.8 1.32964e-06 -1.12356e-06
341.2 1.28598e-06 -9.63972e-07
341.6 1.24115e-06 -7.88824e-07
342 1.19649e-06 -5.9918e-07
342.4 1.15331e-06 -3.96524e-07
342.8 1.11277e-06 -1.82739e-07
343.2 1.07588e-06 3.99263e-08
343.6 1.04345e-06 2.68903e-07
344 1.01605e-06 5.01358e-07
344.4 9.93997e-07 7.34262e-07
344.8 9.77361e-07 9.64461e-07
345.2 9.65937e-07 1.18876e-06
345.6 9.59275e-07 1.404e-06
346 9.56702e-07 1.60716e-06
346.4 9.57346e-07 1.79538e-06
346.8 9.60179e-07 1.96611e-06
347.2 9.64064e-07 2.11713e-06
347.6 9.67799e-07 2.24661e-06
348 9.70174e-07 2.35314e-06
348.4 9.70017e-07 2.4358e-06
348.8 9.66249e-07 2.49413e-06
349.2 9.57924e-07 2.52816e-06
349.6 9.44273e-07 2.53839e-06
350 9.24736e-07 2.52573e-06
350.4 8.98981e-07 2.4915e-06
350.8 8.66926e-07 2.43737e-06
351.2 8.28736e-07 2.36526e-06
351.6 7.84825e-07 2.27732e-06
352 7.3583e-07 2.17584e-06
352.4 6.82599e-07 2.06315e-06
352.8 6.26147e-07 1.94157e-06
353.2 5.67625e-07 1.81335e-06
353.6 5.0827e-07 1.68057e-06
354 4.49363e-07 1.54511e-06
354.4 3.92174e-07 1.40861e-06
354.8 3.37919e-07 1.27241e-06
355.2 2.87712e-07 1.13752e-06
355.6 2.42525e-07 1.00468e-06
356 2.03151e-07 8.74259e-07
356.4 1.70178e-07 7.46362e-07
356.8 1.43968e-07 6.20807e-07
357.2 1.24647e-07 4.97182e-07
357.6 1.12102e-07 3.74886e-07
358 1.05994e-07 2.53183e-07
358.4 1.05768e-07 1.31262e-07
358.8 1.10685e-07 8.2926e-09
359.2 1.19848e-07 -1.16514e-07
359.6 1.32246e-07 -2.43849e-07
360 1.4679e-07 -3.74258e-07
360.4 1.62362e-07 -5.08093e-07
360.8 1.77856e-07 -6.45483e-07
361.2 1.92225e-07 -7.86305e-07
361.6 2.04519e-07 -9.3017e-07
362 2.13923e-07 -1.07643e-06
362.4 2.19788e-07 -1.22416e-06
362.8 2.2165e-07 -1.37223e-06
363.2 2.19249e-07 -1.51928e-06
363.6 2.12534e-07 -1.66379e-06
364 2.01662e-07 -1.80412e-06
364.4 1.86986e-07 -1.93856e-06
364.8 1.69038e-07 -2.06539e-06
365.2 1.48505e-07 -2.18295e-06
365.6 1.26192e-07 -2.28966e-06
366 1.02995e-07 -2.3841e-06
366.4 7.98531e-08 -2.46506e-06
366.8 5.77134e-08 -2.53159e-06
367.2 3.74893e-08 -2.58298e-06
367.6 2.0022e-08 -2.61885e-06
368 6.0457e-09 -2.63914e-06
368.4 -3.84263e-09 -2.64407e-06
368.8 -9.20703e-09 -2.63422e-06
369.2 -9.78985e-09 -2.61043e-06
369.6 -5.52116e-09 -2.5738e-06
370 3.47969e-09 -2.52568e-06
370.4 1.69104e-08 -2.46758e-06
370.8 3.42999e-08 -2.40117e-06
371.2 5.5029e-08 -2.32818e-06
371.6 7.83576e-08 -2.25038e-06
372 1.03456e-07 -2.16954e-06
372.4 1.29443e-07 -2.08732e-06
372.8 1.55418e-07 -2.0053e-06
373.2 1.80503e-07 -1.92487e-06
373.6 2.03881e-07 -1.84725e-06
374 2.24826e-07 -1.77344e-06
374.4 2.42734e-07 -1.70421e-06
374.8 2.57151e-07 -1.64009e-06
375.2 2.67789e-07 -1.58138e-06
375.6 2.74539e-07 -1.52815e-06
376 2.77474e-07 -1.48026e-06
376.4 2.76846e-07 -1.43741e-06
376.8 2.73078e-07 -1.39914e-06
377.2 2.66741e-07 -1.36486e-06
377.6 2.58535e-07 -1.33395e-06
378 2.49256e-07 -1.30573e-06
378.4 2.39764e-07 -1.27952e-06
378.8 2.30949e-07 -1.25469e-06
379.2 2.2369e-07 -1.23069e-06
379.6 2.18819e-07 -1.20708e-06
380 2.1709e-07 -1.18351e-06
380.4 2.1914e-07 -1.15979e-06
380.8 2.25468e-07 -1.13589e-06
381.2 2.36411e-07 -1.1119e-06
381.6 2.52126e-07 -1.08805e-06
382 2.72586e-07 -1.06469e-06
382.4 2.97577e-07 -1.04228e-06
382.8 3.26705e-07 -1.02134e-06
383.2 3.5941e-07 -1.00246e-06
383.6 3.94986e-07 -9.86223e-07
384 4.32606e-07 -9.7319e-07
384.4 4.71358e-07 -9.63879e-07
384.8 5.10271e-07 -9.58723e-07
385.2 5.48359e-07 -9.58044e-07
385.6 5.84654e-07 -9.62032e-07
386 6.18244e-07 -9.70727e-07
386.4 6.48306e-07 -9.84011e-07
386.8 6.74136e-07 -1.0016e-06
387.2 6.95178e-07 -1.02306e-06
387.6 7.11039e-07 -1.04779e-06
388 7.21508e-07 -1.07507e-06
388.4 7.26557e-07 -1.10408e-06
388.8 7.26344e-07 -1.13389e-06
389.2 7.21204e-07 -1.16355e-06
389.6 7.11633e-07 -1.19208e-06
390 6.98269e-07 -1.21854e-06
390.4 6.81867e-07 -1.24201e-06
390.8 6.63262e-07 -1.2617e-06
391.2 6.43345e-07 -1.27693e-06
391.6 6.23019e-07 -1.28716e-06
392 6.03171e-07 -1.29201e-06
392.4 5.84632e-07 -1.29132e-06
392.8 5.68148e-07 -1.28509e-06
393.2 5.54354e-07 -1.27353e-06
393.6 5.43744e-07 -1.25702e-06
394 5.36661e-07 -1.23613e-06
394.4 5.33282e-07 -1.21156e-06
394.8 5.33614e-07 -1.18416e-06
395.2 5.37494e-07 -1.15487e-06
395.6 5.44604e-07 -1.12467e-06
396 5.54482e-07 -1.09459e-06
396.4 5.66542e-07 -1.06564e-06
396.8 5.80103e-07 -1.03876e-06
397.2 5.94418e-07 -1.01484e-06
397.6 6.08702e-07 -9.94633e-07
398 6.22172e-07 -9.78748e-07
398.4 6.34072e-07 -9.67638e-07
398.8 6.43711e-07 -9.61576e-07
399.2 6.50488e-07 -9.60649e-07
399.6 6.53917e-07 -9.64755e-07
400 6.53649e-07 -9.73614e-07
