-3.87042 -3.87071
-3.89428 -3.8943
-3.80003 -3.79946
-3.84914 -3.84945
-3.83799 -3.83785
-3.81859 -3.81968
-3.86259 -3.86272
-3.91693 -3.91702
-3.88344 -3.88321
-3.84385 -3.84479
-3.85887 -3.85863
-3.79955 -3.79905
-3.90035 -3.90042
-3.92215 -3.92213
-3.92699 -3.92723
-3.84576 -3.84444
-3.9084 -3.90855
-3.88073 -3.88041
-3.88867 -3.88888
-3.85173 -3.85042
-3.91356 -3.91345
-3.79903 -3.79839
-3.90206 -3.90199
-3.85846 -3.85769
-3.82027 -3.8203
-3.89879 -3.89899
-3.85259 -3.85262
-3.86889 -3.86901
-3.85138 -3.85147
-3.8732 -3.87321
-3.89022 -3.89028
-3.84854 -3.84741
-3.9035 -3.90348
-3.89114 -3.89106
-3.85798 -3.85757
-3.82748 -3.82788
-3.92037 -3.92058
-3.78774 -3.78894
-3.84351 -3.84325
-3.91099 -3.91096
-3.85067 -3.85096
-3.8762 -3.8764
-3.83223 -3.83212
-3.90407 -3.90406
-3.8463 -3.84635
-3.90524 -3.90532
-3.87104 -3.87108
-3.85716 -3.85742
-3.85879 -3.85869
-3.90028 -3.9002
-3.8064 -3.80613
-3.84898 -3.84921
-3.83915 -3.83791
-3.90773 -3.90779
-3.81651 -3.81618
-3.89049 -3.89057
-3.83115 -3.83146
-3.81245 -3.81218
-3.92651 -3.92648
-3.90156 -3.90155
-3.87718 -3.87756
-3.85458 -3.85456
-3.89639 -3.89633
-3.86366 -3.8633
-3.8627 -3.86299
-3.8272 -3.82756
-3.82815 -3.82829
-3.91781 -3.91776
-3.82952 -3.8296
-3.84557 -3.84612
-3.8838 -3.88372
-3.92063 -3.92093
-3.81632 -3.81636
-3.90643 -3.90654
-3.92115 -3.92114
-3.86498 -3.8645
-3.9267 -3.92687
-3.83687 -3.83705
-3.87122 -3.87085
-3.85634 -3.85646
-3.81322 -3.81326
-3.8673 -3.86732
-3.9116 -3.91171
-3.9263 -3.92611
-3.8858 -3.88563
-3.9319 -3.93195
-3.9164 -3.91641
-3.85902 -3.85917
-3.90956 -3.90962
-3.82876 -3.82812
-3.87373 -3.87402
-3.86382 -3.86325
-3.91839 -3.91859
-3.83086 -3.83053
-3.90652 -3.90658
-3.84751 -3.8472
-3.81604 -3.81588
-3.82477 -3.82419
-3.87277 -3.87315
-3.88426 -3.88409
-3.90699 -3.9072
-3.82189 -3.82207
-3.86477 -3.86477
-3.83995 -3.83986
-3.90531 -3.9054
-3.85417 -3.85424
-3.93674 -3.93677
-3.89347 -3.89365
-3.83111 -3.83092
-3.89169 -3.89155
-3.83601 -3.83615
-3.84795 -3.84821
-3.92632 -3.9263
-3.82665 -3.82733
-3.82256 -3.82248
-3.85952 -3.85957
-3.89603 -3.89604
-3.81365 -3.81347
-3.90985 -3.90982
-3.83552 -3.83453
-3.80191 -3.80175
-3.85995 -3.85983
-3.88326 -3.8831
-3.85335 -3.85305
-3.86233 -3.8623
-3.79905 -3.79855
-3.79146 -3.79085
-3.84132 -3.84058
-3.90967 -3.9097
-3.80137 -3.80126
-3.91885 -3.91898
-3.82713 -3.82702
-3.88832 -3.88844
-3.81239 -3.81258
-3.93057 -3.93049
-3.92593 -3.92585
-3.80688 -3.80681
-3.85255 -3.85221
-3.91094 -3.91077
-3.88551 -3.88549
-3.85326 -3.85346
-3.84566 -3.84564
-3.82157 -3.82226
-3.8558 -3.85583
-3.81498 -3.81437
-3.88972 -3.8898
-3.82062 -3.82075
-3.91165 -3.91168
-3.86923 -3.8693
-3.83391 -3.83386
-3.87768 -3.87779
-3.91867 -3.91884
-3.89734 -3.89727
-3.8862 -3.88611
-3.84194 -3.84155
-3.85254 -3.85197
-3.82076 -3.8212
-3.91738 -3.91757
-3.86556 -3.86565
-3.854 -3.85428
-3.90217 -3.90228
-3.85386 -3.85394
-3.80008 -3.79993
-3.84189 -3.84223
-3.91509 -3.91508
-3.82645 -3.82623
-3.93801 -3.93794
-3.86698 -3.86692
-3.89435 -3.89454
-3.93297 -3.93289
-3.90351 -3.90365
-3.83746 -3.83787
-3.85624 -3.85676
-3.85258 -3.85229
-3.89644 -3.89636
-3.8519 -3.85214
-3.9045 -3.90454
-3.85008 -3.85034
-3.91128 -3.91136
-3.84769 -3.84783
-3.87178 -3.872
-3.81957 -3.81955
-3.93506 -3.93498
-3.8828 -3.88284
-3.88906 -3.88893
-3.92237 -3.9224
-3.86306 -3.86322
-3.91986 -3.91984
-3.85146 -3.85158
-3.85089 -3.85093
-3.92014 -3.92011
-3.87633 -3.87672
-3.8338 -3.83431
-3.87683 -3.8769
-3.92868 -3.92877
-3.83945 -3.83908
-3.83592 -3.83651
-3.83347 -3.83371
-3.83274 -3.83256
-3.84125 -3.84202
-3.87136 -3.87143
-3.92196 -3.92214
-3.90361 -3.90362
-3.79932 -3.79877
-3.89418 -3.89419
-3.84288 -3.84343
-3.84352 -3.84253
-3.81141 -3.81133
-3.93561 -3.93557
-3.85983 -3.86004
-3.82591 -3.82581
-3.84712 -3.84751
-3.85586 -3.85593
-3.87183 -3.87219
-3.83016 -3.83031
-3.91414 -3.91401
-3.82995 -3.82979
-3.85064 -3.85048
-3.81644 -3.81654
-3.84971 -3.84972
-3.85413 -3.85426
-3.92706 -3.92694
-3.86641 -3.86486
-3.8885 -3.88858
-3.81602 -3.81556
-3.91621 -3.91624
-3.85063 -3.84916
-3.85018 -3.85
-3.88004 -3.88008
-3.84942 -3.84969
-3.86059 -3.86048
-3.80917 -3.80899
-3.93627 -3.93635
-3.88742 -3.88747
-3.8926 -3.89269
-3.84146 -3.84147
-3.80702 -3.80614
-3.92888 -3.92879
-3.92711 -3.92711
-3.84593 -3.84624
-3.82905 -3.82904
-3.84261 -3.84232
-3.85756 -3.85746
-3.91538 -3.91527
-3.80436 -3.80423
-3.83612 -3.83646
-3.82851 -3.82834
-3.86769 -3.86791
-3.87833 -3.87807
-3.82065 -3.82089
-3.80189 -3.80188
-3.83455 -3.83427
-3.91277 -3.91269
-3.82699 -3.82763
-3.89929 -3.89941
-3.93586 -3.93591
-3.82414 -3.82333
-3.90214 -3.90209
-3.91368 -3.91362
-3.84508 -3.84508
-3.83649 -3.83517
-3.85796 -3.85803
-3.82477 -3.82503
-3.85126 -3.85151
-3.82453 -3.82405
-3.89954 -3.89948
-3.84761 -3.84797
-3.83852 -3.83876
-3.85759 -3.85778
-3.92924 -3.92923
-3.85621 -3.85598
-3.84409 -3.84456
-3.84903 -3.84935
-3.83816 -3.83775
-3.88005 -3.88004
-3.89719 -3.89735
-3.83467 -3.83478
-3.79282 -3.79255
-3.8754 -3.87553
-3.93092 -3.93114
-3.84397 -3.84452
-3.90946 -3.9097
-3.83393 -3.83405
-3.86642 -3.86668
-3.81373 -3.81403
-3.88043 -3.88013
-3.81739 -3.81682
-3.84374 -3.8441
-3.87729 -3.87742
-3.92284 -3.92306
-3.92658 -3.92644
-3.86695 -3.8668
-3.86567 -3.86587
-3.8329 -3.83335
-3.85465 -3.85453
-3.80567 -3.80571
-3.89129 -3.89104
-3.80786 -3.80764
-3.83911 -3.83986
-3.86418 -3.86402
-3.85912 -3.85887
-3.91838 -3.91826
-3.84558 -3.8451
-3.8607 -3.86011
-3.84326 -3.8435
-3.89886 -3.89882
-3.83994 -3.83993
-3.93191 -3.93211
-3.9238 -3.92389
-3.86381 -3.86398
-3.93758 -3.93753
-3.92942 -3.92958
-3.92833 -3.92823
-3.84594 -3.84496
-3.84209 -3.84244
-3.84633 -3.84629
-3.82322 -3.82321
-3.86652 -3.86625
-3.85833 -3.85812
-3.84724 -3.84742
-3.88076 -3.88087
-3.83918 -3.83957
-3.90572 -3.90588
-3.85404 -3.85387
-3.87786 -3.87792
-3.82666 -3.82645
-3.84312 -3.84289
-3.91912 -3.91922
-3.89006 -3.89002
-3.8185 -3.81846
-3.85026 -3.85018
-3.84653 -3.84645
-3.93479 -3.93471
-3.80455 -3.80405
-3.86218 -3.86185
-3.85945 -3.85898
-3.90714 -3.90744
-3.87509 -3.87539
-3.85002 -3.85077
-3.9117 -3.91158
-3.80902 -3.80869
-3.8408 -3.84093
-3.88872 -3.88865
-3.80608 -3.80635
-3.90134 -3.90144
-3.85364 -3.85399
-3.8599 -3.85966
-3.85613 -3.85598
-3.86946 -3.86948
-3.90085 -3.90094
-3.87356 -3.87347
-3.8683 -3.86847
-3.80868 -3.80844
-3.91127 -3.91127
-3.79982 -3.79933
-3.7998 -3.80015
-3.88292 -3.88314
-3.90794 -3.90802
-3.82395 -3.82374
-3.85388 -3.85383
-3.84384 -3.84406
-3.93307 -3.93309
-3.80629 -3.80561
-3.88666 -3.88668
-3.85849 -3.85832
-3.87106 -3.87108
-3.88961 -3.88975
-3.78782 -3.78801
-3.8816 -3.88193
-3.86111 -3.86019
-3.85771 -3.85761
-3.8416 -3.8423
-3.80245 -3.80211
-3.86139 -3.86169
-3.90484 -3.9049
-3.8681 -3.86799
-3.80083 -3.80103
-3.90362 -3.90365
-3.9311 -3.93124
-3.8459 -3.84605
-3.86462 -3.86464
-3.79067 -3.79017
-3.9207 -3.92077
-3.93285 -3.9329
-3.88155 -3.88163
-3.84637 -3.84644
-3.86972 -3.86966
-3.85694 -3.85661
-3.8369 -3.83574
-3.90053 -3.90081
-3.89828 -3.89843
-3.92318 -3.92311
-3.83526 -3.8352
-3.83154 -3.83138
-3.88089 -3.88106
-3.87138 -3.87133
-3.79777 -3.79705
-3.83589 -3.83554
-3.92843 -3.92844
-3.90066 -3.9006
-3.82251 -3.82201
-3.89229 -3.89241
-3.8965 -3.89658
-3.8536 -3.85326
-3.8962 -3.89639
-3.82789 -3.8279
-3.88087 -3.88082
-3.8172 -3.81723
-3.86686 -3.86692
-3.84967 -3.84961
-3.902 -3.90207
-3.81247 -3.8116
-3.8891 -3.88917
-3.90538 -3.90536
-3.88183 -3.88187
-3.81661 -3.81691
-3.91401 -3.91405
-3.84066 -3.84005
-3.89437 -3.89456
-3.88467 -3.88509
-3.9088 -3.90872
-3.90897 -3.90909
-3.92928 -3.9294
-3.8035 -3.80303
-3.92086 -3.92095
-3.92763 -3.92754
-3.90865 -3.90887
-3.87769 -3.87803
-3.83796 -3.83813
-3.9288 -3.92889
-3.89077 -3.89072
-3.90912 -3.90932
-3.83903 -3.83928
-3.889 -3.88894
-3.93101 -3.9311
-3.82647 -3.82669
-3.86611 -3.8656
-3.83851 -3.83902
-3.84096 -3.84126
-3.93445 -3.93438
-3.83346 -3.83412
-3.87354 -3.87364
-3.82382 -3.82389
-3.8429 -3.8426
-3.87504 -3.87546
-3.85707 -3.85729
-3.92542 -3.92547
-3.80774 -3.80775
-3.85281 -3.85263
-3.84433 -3.8447
-3.88976 -3.88971
-3.91184 -3.9119
-3.80443 -3.80449
-3.86229 -3.86201
-3.85368 -3.85332
-3.91157 -3.91154
-3.89793 -3.89794
-3.78759 -3.78794
-3.90066 -3.90084
-3.88841 -3.8885
-3.9063 -3.9063
-3.85148 -3.85207
-3.86491 -3.86437
-3.90006 -3.90016
-3.87864 -3.87879
-3.8573 -3.85732
-3.87185 -3.87206
-3.88237 -3.88238
-3.83475 -3.83491
-3.89272 -3.89264
-3.85003 -3.85056
-3.8829 -3.88279
-3.89026 -3.89032
-3.88964 -3.88973
-3.92544 -3.92546
-3.84399 -3.84451
-3.84237 -3.84241
-3.9369 -3.93691
-3.7919 -3.7916
-3.87737 -3.87722
-3.83982 -3.83956
-3.83587 -3.83555
-3.79422 -3.79398
-3.88933 -3.88921
-3.89582 -3.89594
-3.90898 -3.90918
-3.91007 -3.91021
-3.8256 -3.82561
-3.81135 -3.81113
-3.91182 -3.91206
-3.80786 -3.80771
-3.91696 -3.91688
-3.85255 -3.85262
-3.8694 -3.86974
-3.85328 -3.8534
-3.86179 -3.86143
-3.90611 -3.9063
-3.92085 -3.92081
-3.87797 -3.87796
-3.8503 -3.84981
-3.837 -3.8372
-3.88529 -3.88564
-3.9238 -3.92372
-3.91559 -3.91546
-3.84383 -3.84483
-3.9104 -3.91047
-3.92138 -3.92133
-3.81428 -3.81446
-3.86131 -3.86106
-3.92066 -3.92084
-3.89342 -3.89345
-3.90161 -3.90159
-3.84482 -3.84502
-3.89508 -3.89528
-3.86554 -3.86593
-3.86924 -3.86921
-3.87755 -3.87748
-3.79521 -3.79454
-3.82165 -3.82154
-3.91913 -3.91921
-3.80966 -3.80981
-3.80702 -3.80731
-3.8388 -3.83861
-3.81164 -3.81139
-3.80786 -3.8079
-3.87712 -3.87761
-3.91618 -3.91629
-3.92271 -3.92265
-3.92075 -3.92071
-3.82054 -3.82087
-3.87717 -3.87717
-3.82929 -3.82953
-3.82936 -3.82933
-3.83215 -3.83205
-3.86849 -3.86885
-3.85069 -3.85069
-3.8482 -3.84835
-3.81077 -3.81016
-3.84549 -3.84567
-3.93072 -3.93067
-3.85314 -3.85344
-3.9246 -3.92459
-3.93648 -3.93647
-3.803 -3.80332
-3.8588 -3.85858
-3.90965 -3.90965
-3.82794 -3.82905
-3.82723 -3.82697
-3.87837 -3.87848
-3.93105 -3.93117
-3.83938 -3.83944
-3.93343 -3.93337
-3.83179 -3.83241
-3.81354 -3.81312
-3.87941 -3.8797
-3.82869 -3.82968
-3.92556 -3.92572
-3.874 -3.87394
-3.79579 -3.79554
-3.8562 -3.85553
-3.85685 -3.85671
-3.92447 -3.92431
-3.92306 -3.92321
-3.85197 -3.85164
-3.92333 -3.92335
-3.85969 -3.85953
-3.82699 -3.82712
-3.79265 -3.79259
-3.85378 -3.85405
-3.90041 -3.90053
-3.86802 -3.86832
-3.83685 -3.83728
-3.84291 -3.8433
-3.83037 -3.83015
-3.92275 -3.92275
-3.92917 -3.92934
-3.83491 -3.83431
-3.8692 -3.86926
-3.85205 -3.85136
-3.82936 -3.82932
-3.82963 -3.8298
-3.87946 -3.87965
-3.87475 -3.8747
-3.88038 -3.88077
-3.83957 -3.84001
-3.8094 -3.80952
-3.83076 -3.82974
-3.84431 -3.84477
-3.88305 -3.88294
-3.83893 -3.83798
-3.82307 -3.82322
-3.86266 -3.86215
-3.80629 -3.80601
-3.91445 -3.91458
-3.88691 -3.88691
-3.85455 -3.85438
-3.91223 -3.91226
-3.84135 -3.84093
-3.80471 -3.805
-3.87808 -3.87814
-3.9285 -3.92854
-3.91961 -3.91969
-3.86844 -3.86836
-3.86067 -3.86048
-3.89334 -3.89361
-3.79734 -3.79781
-3.83091 -3.83072
-3.85115 -3.85091
-3.85712 -3.85724
-3.92114 -3.92114
-3.8128 -3.81279
-3.82684 -3.82633
-3.88092 -3.88083
-3.88918 -3.8893
-3.88724 -3.88744
-3.8952 -3.89518
-3.81222 -3.81282
-3.86553 -3.86549
-3.86867 -3.86872
-3.86261 -3.8628
-3.81874 -3.81912
-3.84036 -3.84028
-3.92788 -3.92801
-3.89034 -3.89033
-3.8447 -3.8446
-3.80803 -3.80753
-3.88508 -3.88503
-3.86571 -3.86591
-3.8968 -3.89695
-3.85833 -3.8584
-3.9307 -3.93093
-3.87884 -3.87907
-3.85354 -3.85251
-3.83575 -3.83563
-3.89859 -3.89854
-3.84642 -3.84645
-3.84092 -3.84004
-3.8432 -3.84338
-3.83687 -3.83739
-3.84675 -3.84674
-3.87048 -3.87054
-3.92591 -3.92584
-3.85677 -3.85723
-3.89091 -3.8911
-3.81818 -3.81803
-3.87873 -3.87876
-3.87292 -3.87303
-3.81343 -3.81382
-3.89247 -3.89235
-3.8431 -3.84219
-3.9349 -3.9349
-3.83832 -3.83809
-3.82676 -3.82711
-3.86406 -3.86425
-3.85798 -3.85793
-3.81443 -3.81449
-3.87991 -3.88007
-3.86596 -3.86587
-3.86284 -3.86326
-3.92514 -3.92517
-3.86996 -3.8699
-3.88934 -3.88918
-3.86748 -3.86751
-3.8995 -3.8994
-3.85292 -3.85195
-3.80731 -3.80728
-3.86724 -3.86739
-3.79766 -3.7985
-3.89147 -3.89141
-3.86493 -3.86466
-3.84722 -3.84775
-3.81839 -3.81939
-3.84385 -3.84407
-3.86177 -3.86214
-3.85139 -3.85138
-3.8451 -3.84391
-3.9362 -3.93619
-3.92824 -3.92829
-3.89085 -3.8911
-3.86816 -3.86842
-3.90204 -3.90217
-3.89223 -3.89239
-3.86469 -3.86495
-3.853 -3.85295
-3.86962 -3.86967
-3.84771 -3.84742
-3.90725 -3.90724
-3.81443 -3.81415
-3.83129 -3.83103
-3.79833 -3.79834
-3.93167 -3.93164
-3.84323 -3.84347
-3.87971 -3.87983
-3.85258 -3.8523
-3.90138 -3.90144
-3.84912 -3.84915
-3.914 -3.91397
-3.84846 -3.84789
-3.84533 -3.84542
-3.82384 -3.82337
-3.82426 -3.82402
-3.87467 -3.87488
-3.91722 -3.91727
-3.90468 -3.90472
-3.88433 -3.88442
-3.83942 -3.83969
-3.90527 -3.90539
-3.83975 -3.83927
-3.8809 -3.88098
-3.82225 -3.82184
-3.79892 -3.79873
-3.91045 -3.91055
-3.93459 -3.93453
-3.89065 -3.89072
-3.81253 -3.81191
-3.83993 -3.83974
-3.88043 -3.88053
-3.84743 -3.84781
-3.91836 -3.91817
-3.86009 -3.86011
-3.82469 -3.82462
-3.85511 -3.85508
-3.8444 -3.84427
-3.8304 -3.8305
-3.81944 -3.81908
-3.82593 -3.82622
-3.93703 -3.937
-3.93037 -3.93033
-3.86066 -3.86053
-3.91936 -3.91938
-3.86144 -3.86062
-3.86692 -3.86694
-3.85828 -3.85786
-3.92541 -3.9255
-3.92232 -3.92247
-3.8094 -3.80862
-3.86314 -3.86322
-3.84417 -3.84401
-3.91626 -3.91644
-3.81635 -3.81641
-3.83101 -3.83112
-3.89178 -3.89174
-3.83313 -3.83322
-3.92461 -3.92457
-3.85924 -3.8593
-3.91147 -3.9114
-3.79081 -3.79055
-3.92372 -3.92369
-3.89769 -3.89768
-3.87627 -3.87608
-3.83889 -3.83895
-3.83378 -3.83344
-3.87836 -3.87839
-3.89816 -3.8984
-3.89922 -3.89913
-3.85484 -3.85522
-3.83224 -3.83214
-3.9251 -3.92531
-3.83047 -3.83064
-3.83159 -3.83116
-3.86257 -3.86227
-3.81944 -3.81925
-3.84205 -3.84217
-3.86262 -3.86249
-3.8408 -3.84075
-3.80999 -3.80986
-3.85106 -3.85103
-3.90932 -3.90946
-3.92486 -3.92481
-3.80201 -3.80209
-3.82839 -3.82818
-3.84494 -3.84468
-3.87735 -3.87784
-3.84391 -3.84423
-3.80776 -3.80703
-3.83491 -3.83497
-3.8984 -3.89852
-3.80904 -3.80933
-3.92244 -3.92229
-3.93015 -3.93032
-3.91489 -3.91503
-3.80593 -3.8058
-3.87899 -3.87912
-3.83953 -3.83976
-3.82727 -3.82767
-3.85629 -3.85637
-3.85708 -3.85706
-3.852 -3.85174
-3.82533 -3.82534
-3.85578 -3.85585
-3.85932 -3.8592
-3.87023 -3.87017
-3.86792 -3.86787
-3.84904 -3.84914
-3.88299 -3.88287
-3.90424 -3.90438
-3.82114 -3.82171
-3.88274 -3.8828
-3.87446 -3.87456
-3.91579 -3.9157
-3.83886 -3.83919
-3.92609 -3.92613
-3.80767 -3.80705
-3.85724 -3.85756
-3.93595 -3.93597
-3.86867 -3.86909
-3.93371 -3.93366
-3.85266 -3.85204
-3.81276 -3.81235
-3.819 -3.81897
-3.84625 -3.84664
-3.81878 -3.81913
-3.93428 -3.93425
-3.93322 -3.93332
-3.84632 -3.84613
-3.84265 -3.84256
-3.8853 -3.88552
-3.88835 -3.8885
-3.82067 -3.82151
-3.89377 -3.89377
-3.81921 -3.81876
-3.85161 -3.85157
-3.85494 -3.85519
-3.82058 -3.82047
-3.91173 -3.91159
-3.85261 -3.85267
-3.83833 -3.83807
-3.8571 -3.85689
-3.80262 -3.80252
-3.92506 -3.92498
-3.82609 -3.82628
-3.83202 -3.83177
-3.85106 -3.85106
-3.82976 -3.82994
-3.8646 -3.86391
-3.91548 -3.91545
-3.86002 -3.86021
-3.88917 -3.88915
-3.86318 -3.86315
-3.93847 -3.93841
-3.83578 -3.83563
-3.8461 -3.84692
-3.90292 -3.90299
-3.92327 -3.92343
-3.93374 -3.93369
-3.84917 -3.84928
-3.85997 -3.86006
-3.88235 -3.88265
-3.87932 -3.87949
-3.85303 -3.85283
-3.84955 -3.8498
-3.86453 -3.86372
-3.89711 -3.89704
-3.81966 -3.82079
-3.86961 -3.86962
-3.83806 -3.83847
-3.79803 -3.79895
-3.897 -3.89719
-3.9117 -3.91176
-3.87787 -3.87784
-3.92421 -3.92418
-3.86935 -3.86914
-3.93167 -3.9317
-3.88878 -3.88906
-3.84959 -3.84897
-3.86648 -3.86688
-3.88244 -3.88266
-3.84807 -3.84796
-3.88797 -3.88789
-3.80799 -3.80905
-3.85401 -3.85374
-3.86668 -3.86663
-3.93348 -3.93365
-3.92323 -3.92352
-3.90784 -3.90775
-3.84747 -3.84686
-3.82495 -3.82462
-3.84671 -3.84667
-3.82129 -3.82113
-3.91419 -3.9143
-3.8184 -3.81811
-3.8823 -3.88218
-3.89745 -3.89767
-3.80645 -3.80675
-3.91393 -3.91417
-3.85337 -3.85256
-3.83635 -3.83673
-3.89587 -3.89591
-3.91119 -3.9112
-3.86457 -3.86456
-3.85346 -3.85358
-3.8492 -3.84971
-3.84855 -3.84845
-3.89593 -3.89595
-3.91961 -3.91977
-3.8602 -3.86043
-3.80623 -3.80624
-3.93556 -3.93552
-3.83798 -3.83822
-3.8706 -3.87018
-3.83834 -3.83934
-3.79933 -3.79933
-3.84723 -3.84712
-3.82068 -3.82046
-3.91502 -3.91513
-3.83986 -3.84065
-3.84893 -3.84877
-3.832 -3.83321
-3.822 -3.82171
-3.79375 -3.79374
-3.92719 -3.92702
-3.85844 -3.85875
-3.90541 -3.90533
-3.82716 -3.82736
-3.93431 -3.93438
-3.89809 -3.89827
-3.9036 -3.90374
-3.89074 -3.89091
-3.9209 -3.92079
-3.87036 -3.87035
-3.87383 -3.87375
-3.91775 -3.91765
-3.85179 -3.8512
-3.84692 -3.84714
-3.85832 -3.85737
-3.82861 -3.83003
-3.88406 -3.88419
-3.9213 -3.92117
-3.85042 -3.85069
-3.87759 -3.87778
-3.90383 -3.90381
-3.85878 -3.85862
-3.85586 -3.85568
-3.84819 -3.84805
-3.82884 -3.82931
-3.79558 -3.79613
-3.8524 -3.8524
-3.80648 -3.80581
-3.87756 -3.87752
-3.87416 -3.87438
-3.84518 -3.8451
-3.8798 -3.87978
-3.86616 -3.86647
-3.88572 -3.88571
-3.93643 -3.93649
-3.8631 -3.86219
-3.87304 -3.87316
-3.80186 -3.80168
-3.88692 -3.88716
-3.85784 -3.8577
-3.92982 -3.92983
-3.8299 -3.8306
-3.87772 -3.87793
-3.90254 -3.90253
-3.84789 -3.84738
-3.88801 -3.88804
-3.85819 -3.85809
-3.86815 -3.86802
-3.90248 -3.90259
-3.85169 -3.85186
-3.82152 -3.82187
-3.84923 -3.84917
-3.91096 -3.91099
-3.86664 -3.86669
-3.87085 -3.87124
-3.90371 -3.90379
-3.91527 -3.91517
-3.88815 -3.88826
-3.85722 -3.85692
-3.90936 -3.90953
-3.8537 -3.85351
-3.83103 -3.8312
-3.90288 -3.90279
-3.79588 -3.79628
-3.84281 -3.84312
-3.91231 -3.91215
-3.84493 -3.8454
-3.80518 -3.80545
-3.83836 -3.83843
-3.81117 -3.81145
-3.93613 -3.9362
-3.84113 -3.84084
-3.8328 -3.83159
-3.8597 -3.859
-3.79779 -3.79821
-3.83514 -3.83509
-3.8637 -3.86361
-3.79752 -3.79732
-3.83696 -3.83653
-3.89187 -3.89172
-3.84979 -3.85039
-3.8448 -3.8449
-3.83447 -3.83444
-3.86193 -3.86176
-3.90357 -3.90365
-3.82787 -3.8278
-3.80899 -3.8084
-3.93001 -3.9299
-3.80769 -3.80699
-3.92058 -3.92068
