-0.498 0.00459338 -0.00191043
-0.496 0.0159654 -0.00747749
-0.494 0.0286592 -0.0157118
-0.492 0.0355595 -0.0247707
-0.49 0.029116 -0.0322219
-0.488 0.00270767 -0.0353927
-0.486 -0.0480228 -0.0317684
-0.484 -0.124031 -0.0194006
-0.482 -0.222084 0.00271915
-0.48 -0.334439 0.0343624
-0.478 -0.449058 0.0738788
-0.476 -0.550355 0.118153
-0.474 -0.620441 0.162719
-0.472 -0.640758 0.202032
-0.47 -0.593966 0.229897
-0.468 -0.465924 0.240009
-0.466 -0.247585 0.226587
-0.464 0.0633514 0.185048
-0.462 0.461196 0.112663
-0.46 0.931563 0.00914372
-0.458 1.45131 -0.122896
-0.456 1.98915 -0.277652
-0.454 2.50708 -0.446072
-0.452 2.9624 -0.616045
-0.45 3.31048 -0.772871
-0.448 3.50788 -0.900007
-0.446 3.51594 -0.980068
-0.444 3.3042 -0.996039
-0.442 2.85376 -0.93264
-0.44 2.15999 -0.777744
-0.438 1.23448 -0.523738
-0.436 0.105873 -0.168734
-0.434 -1.1805 0.282521
-0.432 -2.56423 0.818118
-0.43 -3.97279 1.41893
-0.428 -5.32546 2.05911
-0.426 -6.53825 2.70706
-0.424 -7.5292 3.32698
-0.422 -8.22391 3.88078
-0.42 -8.56085 4.33031
-0.418 -8.49601 4.63972
-0.416 -8.00676 4.77782
-0.414 -7.0944 4.72031
-0.412 -5.78554 4.45163
-0.41 -4.13187 3.96647
-0.408 -2.20859 3.27072
-0.406 -0.111351 2.38192
-0.404 2.04814 1.32911
-0.402 4.14766 0.152156
-0.4 6.06101 -1.09951
-0.398 7.66508 -2.36862
-0.396 8.84743 -3.59233
-0.394 9.5136 -4.70495
-0.392 9.594 -5.64107
-0.39 9.04982 -6.33904
-0.388 7.87744 -6.74477
-0.386 6.11109 -6.81543
-0.384 3.82329 -6.5232
-0.382 1.12299 -5.85844
-0.38 -1.84875 -4.83222
-0.378 -4.9252 -3.47782
-0.376 -7.92243 -1.85082
-0.374 -10.6493 -0.0278654
-0.372 -12.9179 1.89621
-0.37 -14.5553 3.81275
-0.368 -15.4131 5.60481
-0.366 -15.378 7.15368
-0.364 -14.3789 8.34587
-0.362 -12.3928 9.08008
-0.36 -9.44848 9.27374
-0.358 -5.62724 8.86866
-0.356 -1.06089 7.83557
-0.354 4.07232 6.17719
-0.352 9.55455 3.92985
-0.35 15.1371 1.16352
-0.348 20.551 -2.01966
-0.346 25.5194 -5.48833
-0.344 29.7703 -9.08629
-0.342 33.0504 -12.6382
-0.34 35.1387 -15.9567
-0.338 35.8596 -18.8506
-0.336 35.0941 -21.1342
-0.334 32.7898 -22.6374
-0.332 28.9675 -23.2162
-0.33 23.7245 -22.7632
-0.328 17.2343 -21.2176
-0.326 9.74163 -18.5725
-0.324 1.55383 -14.8814
-0.322 -6.97235 -10.2605
-0.32 -15.447 -4.88759
-0.318 -23.4663 1.00361
-0.316 -30.6332 7.1325
-0.314 -36.5785 13.1852
-0.312 -40.9819 18.831
-0.31 -43.5905 23.7408
-0.308 -44.2348 27.6072
-0.306 -42.8409 30.1632
-0.304 -39.4378 31.2002
-0.302 -34.1604 30.5831
-0.3 -27.2472 28.2619
-0.298 -19.032 24.2791
-0.296 -9.93176 18.7721
-0.294 -0.428866 11.972
-0.292 8.95029 4.19628
-0.29 17.6604 -4.16255
-0.288 25.1647 -12.6532
-0.286 30.9643 -20.7861
-0.284 34.627 -28.0582
-0.282 35.8154 -33.9802
-0.28 34.3122 -38.107
-0.278 30.0402 -40.0675
-0.276 23.0764 -39.5941
-0.274 13.6587 -36.5478
-0.272 2.18257 -30.938
-0.27 -10.8109 -22.9331
-0.268 -24.6571 -12.862
-0.266 -38.5992 -1.20319
-0.264 -51.8269 11.4367
-0.262 -63.5204 24.3561
-0.26 -72.8981 36.7988
-0.258 -79.2638 48.0018
-0.256 -82.0509 57.2442
-0.254 -80.8611 63.8949
-0.252 -75.494 67.456
-0.25 -65.9673 67.5977
-0.248 -52.5245 64.1836
-0.246 -35.6313 57.2844
-0.244 -15.9591 47.18
-0.242 5.64219 34.3499
-0.24 28.1811 19.4528
-0.238 50.5705 3.29614
-0.236 71.6793 -13.2024
-0.234 90.3889 -29.0613
-0.232 105.651 -43.2868
-0.23 116.546 -54.929
-0.228 122.336 -63.1398
-0.226 122.515 -67.2297
-0.224 116.847 -66.7205
-0.222 105.396 -61.3897
-0.22 88.5339 -51.3027
-0.218 66.9419 -36.8282
-0.216 41.5847 -18.634
-0.214 13.671 2.33803
-0.212 -15.4058 24.9196
-0.21 -44.1393 47.7819
-0.208 -70.9943 69.5171
-0.206 -94.4941 88.7283
-0.204 -113.309 104.121
-0.202 -126.334 114.592
-0.2 -132.763 119.297
-0.198 -132.131 117.715
-0.196 -124.354 109.677
-0.194 -109.736 95.3812
-0.192 -88.9561 75.3862
-0.19 -63.0442 50.579
-0.188 -33.3298 22.132
-0.186 -1.38155 -8.55614
-0.184 31.0666 -39.9297
-0.182 62.198 -70.3529
-0.18 90.203 -98.1924
-0.178 113.372 -121.904
-0.176 130.191 -140.118
-0.174 139.433 -151.727
-0.172 140.243 -155.962
-0.17 132.21 -152.46
-0.168 115.423 -141.311
-0.166 90.4956 -123.087
-0.164 58.5663 -98.8285
-0.162 21.2616 -70.0099
-0.16 -19.3776 -38.4618
-0.158 -61.0012 -6.26424
-0.156 -101.084 24.3861
-0.154 -137.077 51.3235
-0.152 -166.57 72.5641
-0.15 -187.442 86.4459
-0.148 -198.001 91.7463
-0.146 -197.094 87.7687
-0.144 -184.182 74.3895
-0.142 -159.382 52.0673
-0.14 -123.462 21.8135
-0.138 -77.8116 -14.869
-0.136 -24.3739 -56.0732
-0.134 34.4459 -99.594
-0.132 95.8919 -143.045
-0.13 156.986 -183.982
-0.128 214.667 -220.028
-0.126 265.944 -248.996
-0.124 308.046 -269.01
-0.122 338.582 -278.608
-0.12 355.682 -276.845
-0.118 358.135 -263.37
-0.116 345.49 -238.473
-0.114 318.123 -203.106
-0.112 277.254 -158.858
-0.11 224.911 -107.888
-0.108 163.83 -52.8096
-0.106 97.305 3.45938
-0.104 28.9859 57.8844
-0.102 -37.3483 107.511
-0.1 -98.0335 149.665
-0.098 -149.753 182.129
-0.096 -189.744 203.283
-0.094 -215.961 212.209
-0.092 -227.186 208.73
-0.09 -223.081 193.402
-0.088 -204.19 167.464
-0.086 -171.891 132.749
-0.084 -128.306 91.5587
-0.082 -76.1843 46.5389
-0.08 -18.7651 0.535192
-0.078 40.3783 -43.5457
-0.076 97.5051 -82.8717
-0.074 148.882 -114.816
-0.072 190.97 -137.081
-0.07 220.611 -147.813
-0.068 235.218 -145.708
-0.066 232.952 -130.101
-0.064 212.88 -101.037
-0.062 175.09 -59.3041
-0.06 120.754 -6.43438
-0.058 52.118 55.3471
-0.056 -27.58 123.221
-0.054 -114.279 193.923
-0.052 -203.33 263.931
-0.05 -289.787 329.679
-0.048 -368.731 387.781
-0.046 -435.588 435.239
-0.044 -486.434 469.623
-0.042 -518.23 489.204
-0.04 -529.007 493.036
-0.038 -517.96 480.976
-0.036 -485.468 453.667
-0.034 -433.053 412.466
-0.032 -363.265 359.353
-0.03 -279.543 296.822
-0.028 -186.028 227.759
-0.026 -87.3728 155.321
-0.024 11.4791 82.8104
-0.022 105.515 13.5427
-0.02 189.89 -49.2883
-0.018 260.172 -102.758
-0.016 312.589 -144.365
-0.014 344.268 -172.189
-0.012 353.452 -185.034
-0.01 339.668 -182.553
-0.008 303.827 -165.325
-0.006 248.234 -134.874
-0.004 176.494 -93.6071
-0.002 93.3091 -44.6887
0 4.17385 8.16935
0.002 -84.9974 60.9663
0.004 -168.29 109.703
0.006 -240.204 150.67
0.008 -296.032 180.71
0.01 -332.164 197.422
0.012 -346.284 199.292
0.014 -337.471 185.752
0.016 -306.188 157.163
0.018 -254.181 114.73
0.02 -184.315 60.3892
0.022 -100.352 -3.3457
0.024 -6.71627 -73.5378
0.026 91.7516 -146.983
0.028 190.043 -220.354
0.03 283.214 -290.343
0.032 366.615 -353.786
0.034 436.098 -407.792
0.036 488.225 -449.866
0.038 520.437 -478.024
0.04 531.209 -490.911
0.042 520.155 -487.884
0.044 488.075 -469.086
0.046 436.934 -435.464
0.048 369.765 -388.749
0.05 290.493 -331.37
0.052 203.689 -266.326
0.054 114.275 -197.001
0.056 27.1984 -126.961
0.058 -52.8869 -59.7253
0.06 -121.914 1.4432
0.062 -176.639 53.7289
0.064 -214.807 94.9103
0.066 -235.24 123.46
0.068 -237.841 138.594
0.07 -223.537 140.274
0.072 -194.16 129.168
0.074 -152.292 106.585
0.076 -101.089 74.3836
0.078 -44.0881 34.8643
0.08 14.9775 -9.34389
0.082 72.3652 -55.4082
0.084 124.498 -100.422
0.086 168.133 -141.542
0.088 200.514 -176.127
0.09 219.512 -201.875
0.092 223.743 -216.962
0.094 212.657 -220.154
0.096 186.585 -210.899
0.098 146.737 -189.381
0.1 95.1565 -156.526
0.102 34.6009 -113.957
0.104 -31.6154 -63.8985
0.106 -99.8294 -9.03045
0.108 -166.263 47.6876
0.11 -227.263 103.216
0.112 -279.535 154.633
0.114 -320.34 199.32
0.116 -347.646 235.116
0.118 -360.23 260.429
0.12 -357.711 274.305
0.122 -340.537 276.452
0.124 -309.917 267.221
0.126 -267.718 247.557
0.128 -216.33 218.92
0.13 -158.523 183.189
0.132 -97.29 142.549
0.134 -35.6923 99.3782
0.136 23.2893 56.119
0.138 76.8957 15.1573
0.14 122.718 -21.3026
0.142 158.809 -51.3551
0.144 183.777 -73.4987
0.146 196.847 -86.7229
0.148 197.901 -90.5703
0.15 187.473 -85.1649
0.152 166.714 -71.2038
0.154 137.314 -49.9091
0.156 101.393 -22.9425
0.158 61.3601 7.71339
0.16 19.7657 39.8942
0.162 -20.864 71.4051
0.164 -58.177 100.168
0.166 -90.1297 124.356
0.168 -115.093 142.496
0.17 -131.925 153.551
0.172 -140.007 156.953
0.174 -139.25 152.615
0.176 -130.06 140.904
0.178 -113.289 122.59
0.18 -90.1623 98.7862
0.182 -62.1924 70.8626
0.184 -31.0874 40.3659
0.186 1.34351 8.93022
0.188 33.2838 -21.8081
0.19 62.9989 -50.2936
0.192 88.9192 -75.1284
0.194 109.714 -95.1415
0.196 124.352 -109.447
0.198 132.151 -117.489
0.2 132.807 -119.07
0.202 126.401 -114.361
0.204 113.396 -103.885
0.206 94.599 -88.4868
0.208 71.1114 -69.2708
0.21 44.2632 -47.5323
0.212 15.5303 -24.6686
0.214 -13.5516 -2.08788
0.216 -41.4761 18.881
0.218 -66.8487 37.0697
0.22 -88.46 51.5368
0.222 -105.344 61.615
0.224 -116.819 66.936
0.226 -122.51 67.4354
0.228 -122.353 63.3364
0.23 -116.583 55.1181
0.232 -105.705 43.4707
0.234 -90.4558 29.2432
0.236 -71.7551 13.3857
0.238 -50.6507 -3.10768
0.24 -28.2613 -19.2555
0.242 -5.71832 -34.1404
0.244 15.8905 -46.9556
0.246 35.5732 -57.0432
0.248 52.4789 -63.9249
0.25 65.9352 -67.3218
0.252 75.4757 -67.1643
0.254 80.8558 -63.5901
0.256 82.0572 -56.9298
0.258 79.2792 -47.6825
0.26 72.9197 -36.4799
0.262 63.5448 -24.0435
0.264 51.8505 -11.137
0.266 38.6183 1.48347
0.268 24.668 13.1161
0.27 10.8102 23.1547
0.272 -2.19776 31.121
0.274 -13.6909 36.687
0.276 -23.1276 39.6848
0.278 -30.1116 40.1064
0.28 -34.4045 38.0917
0.282 -35.9286 33.9097
0.284 -34.7603 27.9327
0.286 -31.1165 20.6073
0.288 -25.3339 12.4238
0.29 -17.8444 3.88648
0.292 -9.1466 -4.5143
0.294 0.222986 -12.3265
0.296 9.71909 -19.1571
0.298 18.8153 -24.6884
0.3 27.0289 -28.6893
0.302 33.9429 -31.0223
0.304 39.2229 -31.6453
0.306 42.6302 -30.6089
0.308 44.0295 -28.0485
0.31 43.3913 -24.1734
0.312 40.7892 -19.2511
0.314 36.3924 -13.5899
0.316 30.4534 -7.51914
0.318 23.2925 -1.37026
0.32 15.2786 4.54241
0.322 6.80866 9.93792
0.324 -1.71336 14.5821
0.326 -9.89751 18.2969
0.328 -17.3869 20.9661
0.33 -23.8739 22.5361
0.332 -29.1136 23.0133
0.334 -32.9322 22.4588
0.336 -35.232 20.9798
0.338 -35.992 18.7202
0.34 -35.2644 15.8499
0.342 -33.1678 12.5546
0.344 -29.8779 9.02511
0.346 -25.6155 5.44871
0.348 -20.634 2.00046
0.35 -15.2055 -1.1637
0.352 -9.60711 -3.91265
0.354 -4.10813 -6.14445
0.356 1.0424 -7.78931
0.358 5.62622 -8.811
0.36 9.46466 -9.20684
0.362 12.4254 -9.00608
0.364 14.4269 -8.26678
0.366 15.4398 -7.07135
0.368 15.4869 -5.52085
0.37 14.6388 -3.72853
0.372 13.0088 -1.81279
0.374 10.745 0.109715
0.376 8.02055 1.93059
0.378 5.02318 3.55526
0.38 1.94425 4.90726
0.382 -1.03208 5.93115
0.384 -3.73878 6.59375
0.386 -6.03442 6.88401
0.388 -7.80965 6.81153
0.39 -8.99151 6.4041
0.392 -9.54535 5.70443
0.394 -9.47436 4.76653
0.396 -8.817 3.65192
0.398 -7.64256 2.42591
0.4 -6.04525 1.15413
0.402 -4.13739 -0.100654
0.404 -2.04197 -1.28119
0.406 0.114767 -2.33804
0.408 2.21053 -3.23132
0.41 4.13349 -3.9319
0.412 5.78781 -4.42219
0.414 7.09807 -4.69616
0.416 8.01233 -4.75903
0.418 8.50377 -4.6262
0.42 8.57085 -4.32185
0.422 8.23601 -3.87704
0.424 7.54306 -3.32749
0.426 6.55341 -2.71127
0.428 5.34137 -2.0664
0.43 3.98884 -1.42862
0.432 2.57983 -0.829502
0.434 1.19509 -0.294922
0.436 -0.0927678 0.155956
0.438 -1.22323 0.511153
0.44 -2.15083 0.765834
0.442 -2.84678 0.921788
0.444 -3.29938 0.986517
0.446 -3.51313 0.972044
0.448 -3.50684 0.893549
0.45 -3.31087 0.767958
0.452 -2.96386 0.612585
0.454 -2.50923 0.443918
0.456 -1.99163 0.276619
0.458 -1.45378 0.122779
0.46 -0.933766 -0.00855328
0.462 -0.462926 -0.111567
0.464 -0.0644818 -0.18363
0.466 0.247109 -0.225004
0.468 0.466091 -0.238392
0.47 0.594709 -0.228345
0.472 0.641968 -0.200613
0.474 0.621982 -0.161473
0.476 0.552082 -0.1171
0.478 0.45083 -0.0730184
0.48 0.336133 -0.0336817
0.482 0.223601 -0.00219726
0.484 0.125307 0.0197884
0.486 0.0490271 0.0320471
0.488 -0.00197459 0.0355855
0.49 -0.0286273 0.0323489
0.492 -0.0352699 0.0248485
0.494 -0.0285144 0.0157542
0.496 -0.0159108 0.00749594
0.498 -0.00458249 0.00191498
0.4 0.055687 0.0407026
0.8 0.0568235 0.0417774
1.2 0.0587121 0.0435664
1.6 0.0613446 0.0460656
2 0.0647092 0.04927
2.4 0.0687913 0.0531727
2.8 0.0735729 0.0577659
3.2 0.0790329 0.0630403
3.6 0.0851473 0.0689854
4 0.0918893 0.0755896
4.4 0.0992293 0.0828404
4.8 0.107135 0.0907246
5.2 0.115572 0.0992281
5.6 0.124505 0.108336
6 0.133894 0.118035
6.4 0.1437 0.128308
6.8 0.153881 0.139142
7.2 0.164398 0.150522
7.6 0.175206 0.162435
8 0.186263 0.174866
8.4 0.197529 0.187805
8.8 0.208961 0.20124
9.2 0.22052 0.215163
9.6 0.232169 0.229567
10 0.24387 0.244445
10.4 0.25559 0.259795
10.8 0.2673 0.275615
11.2 0.278971 0.291907
11.6 0.29058 0.308673
12 0.302107 0.325921
12.4 0.313537 0.343657
12.8 0.324856 0.361892
13.2 0.336058 0.380638
13.6 0.347138 0.399908
14 0.358098 0.419719
14.4 0.368942 0.440084
14.8 0.379678 0.461022
15.2 0.390316 0.482548
15.6 0.400871 0.504679
16 0.41136 0.527429
16.4 0.4218 0.550811
16.8 0.43221 0.574835
17.2 0.442612 0.59951
17.6 0.453024 0.624838
18 0.463466 0.650818
18.4 0.473955 0.677443
18.8 0.484508 0.704703
19.2 0.495136 0.732577
19.6 0.505849 0.761041
20 0.516652 0.790061
20.4 0.527546 0.819597
20.8 0.538526 0.849599
21.2 0.549584 0.88001
21.6 0.560704 0.910766
22 0.571865 0.941793
22.4 0.583041 0.973009
22.8 0.5942 1.00433
23.2 0.605305 1.03565
23.6 0.616312 1.06687
24 0.627175 1.09789
24.4 0.637841 1.12859
24.8 0.648257 1.15885
25.2 0.658362 1.18856
25.6 0.668099 1.21759
26 0.677404 1.24583
26.4 0.686216 1.27315
26.8 0.694474 1.29944
27.2 0.702117 1.32458
27.6 0.709089 1.34846
28 0.715335 1.37098
28.4 0.720804 1.39205
28.8 0.725452 1.41157
29.2 0.729239 1.42948
29.6 0.732132 1.44571
30 0.734104 1.4602
30.4 0.735135 1.4729
30.8 0.735216 1.4838
31.2 0.734342 1.49288
31.6 0.732518 1.50012
32 0.729756 1.50555
32.4 0.726075 1.50918
32.8 0.721505 1.51105
33.2 0.716078 1.51121
33.6 0.709835 1.50971
34 0.702824 1.50662
34.4 0.695097 1.50202
34.8 0.686708 1.496
35.2 0.677719 1.48863
35.6 0.66819 1.48002
36 0.658185 1.47027
36.4 0.647769 1.45947
36.8 0.637005 1.44772
37.2 0.625956 1.43513
37.6 0.614682 1.42179
38 0.603242 1.40779
38.4 0.591688 1.39321
38.8 0.58007 1.37814
39.2 0.568432 1.36264
39.6 0.556815 1.34678
40 0.545251 1.33061
40.4 0.533767 1.31417
40.8 0.522385 1.2975
41.2 0.51112 1.28061
41.6 0.499981 1.26353
42 0.488972 1.24624
42.4 0.47809 1.22875
42.8 0.467329 1.21104
43.2 0.456676 1.19307
43.6 0.446117 1.17483
44 0.435633 1.15627
44.4 0.425203 1.13736
44.8 0.414804 1.11804
45.2 0.404414 1.09827
45.6 0.394007 1.07801
46 0.383561 1.05721
46.4 0.373054 1.03583
46.8 0.362465 1.01383
47.2 0.351779 0.991168
47.6 0.34098 0.967831
48 0.33006 0.943795
48.4 0.31901 0.91905
48.8 0.307831 0.893597
49.2 0.296525 0.867444
49.6 0.285099 0.840611
50 0.273568 0.813129
50.4 0.261947 0.785039
50.8 0.25026 0.756393
51.2 0.238531 0.727252
51.6 0.226792 0.697688
52 0.215075 0.667781
52.4 0.203418 0.637619
52.8 0.191859 0.607296
53.2 0.180438 0.576914
53.6 0.169198 0.546576
54 0.15818 0.516392
54.4 0.147425 0.48647
54.8 0.136976 0.456921
55.2 0.12687 0.427854
55.6 0.117146 0.399373
56 0.107836 0.371583
56.4 0.0989708 0.34458
56.8 0.0905782 0.318455
57.2 0.0826802 0.293291
57.6 0.0752947 0.269163
58 0.0684348 0.246138
58.4 0.0621085 0.224271
58.8 0.0563187 0.203608
59.2 0.0510634 0.184185
59.6 0.0463354 0.166025
60 0.042123 0.149142
60.4 0.0384098 0.13354
60.8 0.0351751 0.119211
61.2 0.0323946 0.106137
61.6 0.0300405 0.0942933
62 0.0280823 0.0836433
62.4 0.026487 0.0741445
62.8 0.0252199 0.0657469
63.2 0.0242451 0.0583948
63.6 0.023526 0.052027
64 0.0230262 0.0465785
64.4 0.0227094 0.0419812
64.8 0.0225406 0.0381649
65.2 0.0224862 0.0350582
65.6 0.0225147 0.0325899
66 0.0225968 0.0306891
66.4 0.0227059 0.0292867
66.8 0.0228183 0.0283158
67.2 0.0229138 0.0277125
67.6 0.022975 0.0274163
68 0.0229884 0.027371
68.4 0.0229435 0.0275243
68.8 0.0228335 0.0278291
69.2 0.0226545 0.0282428
69.6 0.0224058 0.0287281
70 0.0220896 0.0292526
70.4 0.0217104 0.0297889
70.8 0.0212752 0.0303144
71.2 0.0207928 0.0308116
71.6 0.0202732 0.031267
72 0.0197281 0.0316716
72.4 0.0191694 0.0320201
72.8 0.0186095 0.0323111
73.2 0.018061 0.032546
73.6 0.0175357 0.0327291
74 0.0170449 0.0328673
74.4 0.0165987 0.0329693
74.8 0.0162061 0.0330455
75.2 0.0158741 0.0331076
75.6 0.0156085 0.0331683
76 0.0154127 0.0332406
76.4 0.0152884 0.0333382
76.8 0.0152353 0.0334743
77.2 0.015251 0.0336619
77.6 0.0153313 0.0339137
78 0.01547 0.0342413
78.4 0.0156593 0.0346553
78.8 0.0158901 0.0351652
79.2 0.0161517 0.0357792
79.6 0.0164328 0.0365041
80 0.0167212 0.0373447
80.4 0.0170041 0.0383047
80.8 0.0172689 0.0393856
81.2 0.017503 0.0405873
81.6 0.0176943 0.0419078
82 0.0178314 0.0433435
82.4 0.0179041 0.0448887
82.8 0.0179032 0.046536
83.2 0.0178211 0.0482763
83.6 0.017652 0.0500989
84 0.0173917 0.0519914
84.4 0.0170379 0.0539402
84.8 0.0165903 0.0559302
85.2 0.0160505 0.0579451
85.6 0.015422 0.059968
86 0.0147104 0.0619807
86.4 0.0139227 0.063965
86.8 0.0130677 0.065902
87.2 0.0121554 0.0677728
87.6 0.0111972 0.0695588
88 0.0102052 0.0712418
88.4 0.00919252 0.072804
88.8 0.00817236 0.0742289
89.2 0.00715822 0.0755011
89.6 0.00616345 0.0766065
90 0.00520096 0.0775329
90.4 0.00428302 0.0782698
90.8 0.00342102 0.0788087
91.2 0.00262523 0.0791435
91.6 0.00190464 0.0792705
92 0.00126681 0.0791882
92.4 0.000717785 0.0788977
92.8 0.000261982 0.0784029
93.2 -9.77941e-05 0.0777097
93.6 -0.000360353 0.0768269
94 -0.000526059 0.0757655
94.4 -0.000596736 0.0745385
94.8 -0.000575529 0.0731613
95.2 -0.000466739 0.071651
95.6 -0.000275626 0.070026
96 -8.18737e-06 0.0683065
96.4 0.000329082 0.0665135
96.8 0.000729439 0.0646686
97.2 0.00118615 0.0627941
97.6 0.00169274 0.0609122
98 0.00224326 0.059045
98.4 0.00283248 0.0572139
98.8 0.00345613 0.0554398
99.2 0.00411107 0.0537421
99.6 0.00479544 0.0521391
100 0.00550877 0.0506474
100.4 0.00625205 0.0492818
100.8 0.00702774 0.0480551
101.2 0.00783979 0.046978
101.6 0.00869353 0.0460592
102 0.0095956 0.0453048
102.4 0.0105537 0.0447189
102.8 0.0115767 0.0443033
103.2 0.0126739 0.0440575
103.6 0.0138551 0.0439791
104 0.0151305 0.0440636
104.4 0.0165099 0.0443047
104.8 0.0180027 0.0446944
105.2 0.0196177 0.0452232
105.6 0.0213624 0.0458804
106 0.023243 0.0466542
106.4 0.025264 0.0475319
106.8 0.027428 0.0485003
107.2 0.0297354 0.0495454
107.6 0.0321844 0.0506533
108 0.0347705 0.0518098
108.4 0.0374869 0.0530009
108.8 0.040324 0.0542128
109.2 0.0432697 0.055432
109.6 0.0463096 0.0566455
110 0.0494266 0.057841
110.4 0.0526017 0.0590066
110.8 0.0558138 0.0601311
111.2 0.0590403 0.0612043
111.6 0.0622571 0.0622164
112 0.0654392 0.0631583
112.4 0.068561 0.0640219
112.8 0.0715967 0.0647997
113.2 0.0745206 0.0654845
113.6 0.0773078 0.0660703
114 0.0799341 0.0665514
114.4 0.0823772 0.0669226
114.8 0.084616 0.0671796
115.2 0.0866318 0.0673182
115.6 0.0884083 0.067335
116 0.0899318 0.0672273
116.4 0.0911914 0.0669925
116.8 0.0921792 0.066629
117.2 0.0928903 0.0661354
117.6 0.0933231 0.0655111
118 0.0934789 0.0647563
118.4 0.0933621 0.0638715
118.8 0.09298 0.0628583
119.2 0.0923426 0.0617189
119.6 0.0914622 0.0604563
120 0.0903535 0.0590745
120.4 0.0890331 0.057578
120.8 0.0875189 0.0559728
121.2 0.0858305 0.0542652
121.6 0.083988 0.0524627
122 0.0820121 0.0505737
122.4 0.0799238 0.0486073
122.8 0.0777438 0.0465735
123.2 0.0754923 0.0444829
123.6 0.0731887 0.0423467
124 0.0708515 0.0401767
124.4 0.0684978 0.0379851
124.8 0.0661431 0.0357842
125.2 0.0638015 0.0335866
125.6 0.0614852 0.0314048
126 0.0592045 0.0292512
126.4 0.0569683 0.0271376
126.8 0.0547832 0.0250755
127.2 0.0526544 0.0230758
127.6 0.0505854 0.0211486
128 0.0485779 0.0193028
128.4 0.0466327 0.0175466
128.8 0.0447491 0.0158869
129.2 0.0429254 0.0143295
129.6 0.0411592 0.0128786
130 0.0394475 0.0115374
130.4 0.0377869 0.0103076
130.8 0.0361736 0.00918963
131.2 0.034604 0.00818256
131.6 0.0330746 0.00728423
132 0.0315822 0.00649128
132.4 0.0301238 0.00579925
132.8 0.0286971 0.00520273
133.2 0.0273004 0.00469543
133.6 0.0259325 0.00427036
134 0.0245929 0.00391995
134.4 0.0232818 0.00363622
134.8 0.022 0.00341094
135.2 0.0207486 0.00323575
135.6 0.0195295 0.00310238
136 0.0183448 0.00300272
136.4 0.0171971 0.00292901
136.8 0.0160889 0.00287395
137.2 0.015023 0.00283079
137.6 0.0140021 0.00279344
138 0.0130287 0.00275655
138.4 0.0121052 0.00271556
138.8 0.0112336 0.00266671
139.2 0.0104153 0.00260712
139.6 0.00965142 0.00253472
140 0.00894251 0.00244827
140.4 0.00828851 0.00234733
140.8 0.00768879 0.00223217
141.2 0.00714213 0.00210373
141.6 0.00664675 0.00196355
142 0.00620033 0.00181366
142.4 0.00580008 0.0016565
142.8 0.00544277 0.00149483
143.2 0.00512486 0.0013316
143.6 0.0048425 0.00116988
144 0.00459169 0.00101275
144.4 0.00436832 0.000863236
144.8 0.00416828 0.000724168
145.2 0.00398753 0.000598156
145.6 0.0038222 0.000487503
146 0.00366866 0.000394154
146.4 0.00352356 0.000319652
146.8 0.00338392 0.000265106
147.2 0.00324714 0.000231176
147.6 0.00311106 0.000218065
148 0.00297394 0.000225525
148.4 0.00283451 0.000252875
148.8 0.00269192 0.000299025
149.2 0.00254575 0.000362514
149.6 0.00239597 0.000441552
150 0.00224291 0.000534071
150.4 0.00208719 0.000637777
150.8 0.00192969 0.000750209
151.2 0.00177149 0.000868794
151.6 0.00161383 0.000990911
152 0.001458 0.00111394
152.4 0.00130536 0.00123533
152.8 0.0011572 0.00135264
153.2 0.00101479 0.00146356
153.6 0.000879242 0.00156602
154 0.000751537 0.00165815
154.4 0.000632477 0.00173835
154.8 0.000522664 0.00180528
155.2 0.00042249 0.00185792
155.6 0.000332134 0.00189552
156 0.000251564 0.00191764
156.4 0.00018055 0.00192413
156.8 0.000118678 0.0019151
157.2 6.53767e-05 0.00189093
157.6 1.99411e-05 0.00185224
158 -1.84366e-05 0.00179986
158.4 -5.06353e-05 0.0017348
158.8 -7.75727e-05 0.00165822
159.2 -0.000100173 0.00157141
159.6 -0.000119337 0.00147576
160 -0.000135913 0.00137269
160.4 -0.000150675 0.00126368
160.8 -0.0001643 0.00115019
161.2 -0.000177352 0.00103368
161.6 -0.000190275 0.000915541
162 -0.00020338 0.000797103
162.4 -0.000216854 0.000679612
162.8 -0.000230753 0.000564212
163.2 -0.000245021 0.000451938
163.6 -0.000259493 0.000343702
164 -0.000273918 0.000240293
164.4 -0.000287972 0.000142373
164.8 -0.000301281 5.0478e-05
165.2 -0.000313438 -3.49805e-05
165.6 -0.00032403 -0.000113709
166 -0.000332653 -0.000185529
166.4 -0.000338932 -0.000250363
166.8 -0.000342541 -0.000308232
167.2 -0.000343215 -0.000359241
167.6 -0.000340764 -0.000403574
168 -0.000335076 -0.000441477
168.4 -0.000326131 -0.000473254
168.8 -0.000313996 -0.000499251
169.2 -0.000298823 -0.000519853
169.6 -0.00028085 -0.000535468
170 -0.000260387 -0.000546523
170.4 -0.000237809 -0.000553454
170.8 -0.000213544 -0.0005567
171.2 -0.000188057 -0.000556695
171.6 -0.000161837 -0.000553866
172 -0.000135382 -0.000548623
172.4 -0.000109182 -0.000541358
172.8 -8.37091e-05 -0.000532441
173.2 -5.93978e-05 -0.000522218
173.6 -3.66394e-05 -0.000511004
174 -1.5769e-05 -0.000499089
174.4 2.94052e-06 -0.000486728
174.8 1.92844e-05 -0.000474149
175.2 3.31284e-05 -0.000461543
175.6 4.44089e-05 -0.000449071
176 5.31311e-05 -0.000436861
176.4 5.93647e-05 -0.000425012
176.8 6.32378e-05 -0.000413587
177.2 6.4929e-05 -0.000402624
177.6 6.46585e-05 -0.000392132
178 6.26783e-05 -0.000382092
178.4 5.92617e-05 -0.000372464
178.8 5.46925e-05 -0.000363186
179.2 4.92556e-05 -0.000354175
179.6 4.32265e-05 -0.000345337
180 3.68634e-05 -0.000336563
180.4 3.03993e-05 -0.000327736
180.8 2.40364e-05 -0.000318737
181.2 1.79411e-05 -0.000309442
181.6 1.2242e-05 -0.000299732
182 7.0282e-06 -0.000289494
182.4 2.34978e-06 -0.000278626
182.8 -1.77988e-06 -0.000267038
183.2 -5.38103e-06 -0.000254657
183.6 -8.50295e-06 -0.000241429
184 -1.12186e-05 -0.000227323
184.4 -1.36187e-05 -0.000212329
184.8 -1.5805e-05 -0.000196462
185.2 -1.78844e-05 -0.000179764
185.6 -1.99618e-05 -0.0001623
186 -2.21352e-05 -0.00014416
186.4 -2.44895e-05 -0.000125458
186.8 -2.70928e-05 -0.00010633
187.2 -2.99928e-05 -8.69295e-05
187.6 -3.32142e-05 -6.74284e-05
188 -3.6758e-05 -4.80104e-05
188.4 -4.06012e-05 -2.8869e-05
188.8 -4.46977e-05 -1.02028e-05
189.2 -4.89809e-05 7.78809e-06
189.6 -5.33663e-05 2.49067e-05
190 -5.77555e-05 4.09633e-05
190.4 -6.20402e-05 5.57794e-05
190.8 -6.61076e-05 6.91917e-05
191.2 -6.98444e-05 8.10556e-05
191.6 -7.31423e-05 9.12484e-05
192 -7.59025e-05 9.96716e-05
192.4 -7.80397e-05 0.000106253
192.8 -7.94857e-05 0.00011095
193.2 -8.01926e-05 0.000113746
193.6 -8.01345e-05 0.000114656
194 -7.93089e-05 0.000113721
194.4 -7.77369e-05 0.000111012
194.8 -7.54623e-05 0.000106624
195.2 -7.25505e-05 0.000100676
195.6 -6.90859e-05 9.33073e-05
196 -6.51686e-05 8.46744e-05
196.4 -6.09114e-05 7.49484e-05
196.8 -5.64352e-05 6.43104e-05
197.2 -5.18653e-05 5.29482e-05
197.6 -4.73263e-05 4.10517e-05
198 -4.29385e-05 2.88097e-05
198.4 -3.88138e-05 1.64061e-05
198.8 -3.50517e-05 4.01629e-06
199.2 -3.17363e-05 -8.19587e-06
199.6 -2.89342e-05 -2.00807e-05
200 -2.66924e-05 -3.15051e-05
200.4 -2.50372e-05 -4.23541e-05
200.8 -2.39744e-05 -5.25325e-05
201.2 -2.34896e-05 -6.19651e-05
201.6 -2.35495e-05 -7.05973e-05
202 -2.41039e-05 -7.83946e-05
202.4 -2.50884e-05 -8.53418e-05
202.8 -2.64274e-05 -9.14415e-05
203.2 -2.80372e-05 -9.6713e-05
203.6 -2.98299e-05 -0.00010119
204 -3.17169e-05 -0.000104917
204.4 -3.36128e-05 -0.000107951
204.8 -3.54382e-05 -0.000110353
205.2 -3.7123e-05 -0.000112191
205.6 -3.86092e-05 -0.000113533
206 -3.98527e-05 -0.000114447
206.4 -4.08247e-05 -0.000115
206.8 -4.15127e-05 -0.000115253
207.2 -4.19204e-05 -0.00011526
207.6 -4.20674e-05 -0.000115069
208 -4.19878e-05 -0.000114719
208.4 -4.17288e-05 -0.000114238
208.8 -4.13479e-05 -0.000113646
209.2 -4.0911e-05 -0.000112955
209.6 -4.04889e-05 -0.000112166
210 -4.01543e-05 -0.000111274
210.4 -3.9979e-05 -0.000110267
210.8 -4.00302e-05 -0.000109128
211.2 -4.0368e-05 -0.000107837
211.6 -4.10426e-05 -0.000106373
212 -4.20922e-05 -0.000104715
212.4 -4.35408e-05 -0.000102844
212.8 -4.53974e-05 -0.000100748
213.2 -4.76551e-05 -9.84178e-05
213.6 -5.02907e-05 -9.5856e-05
214 -5.32656e-05 -9.3073e-05
214.4 -5.65267e-05 -9.00903e-05
214.8 -6.00078e-05 -8.69417e-05
215.2 -6.36317e-05 -8.36733e-05
215.6 -6.73124e-05 -8.03443e-05
216 -7.09582e-05 -7.70265e-05
216.4 -7.44743e-05 -7.38043e-05
216.8 -7.77657e-05 -7.07736e-05
217.2 -8.07404e-05 -6.80409e-05
217.6 -8.33122e-05 -6.57216e-05
218 -8.54032e-05 -6.39385e-05
218.4 -8.69465e-05 -6.28199e-05
218.8 -8.78878e-05 -6.24971e-05
219.2 -8.81874e-05 -6.31024e-05
219.6 -8.7821e-05 -6.47663e-05
220 -8.67806e-05 -6.76152e-05
220.4 -8.50742e-05 -7.17691e-05
220.8 -8.27261e-05 -7.73388e-05
221.2 -7.97752e-05 -8.44236e-05
221.6 -7.62743e-05 -9.31095e-05
222 -7.22885e-05 -0.000103467
222.4 -6.78927e-05 -0.000115549
222.8 -6.31696e-05 -0.000129389
223.2 -5.82076e-05 -0.000145003
223.6 -5.30979e-05 -0.000162384
224 -4.79321e-05 -0.000181505
224.4 -4.28e-05 -0.000202317
224.8 -3.77869e-05 -0.000224751
225.2 -3.29722e-05 -0.000248715
225.6 -2.84269e-05 -0.0002741
226 -2.42124e-05 -0.000300777
226.4 -2.03795e-05 -0.000328599
226.8 -1.69675e-05 -0.000357406
227.2 -1.40038e-05 -0.000387023
227.6 -1.15037e-05 -0.000417262
228 -9.47089e-06 -0.000447927
228.4 -7.89791e-06 -0.000478817
228.8 -6.76716e-06 -0.000509721
229.2 -6.05192e-06 -0.000540432
229.6 -5.71767e-06 -0.000570737
230 -5.72353e-06 -0.00060043
230.4 -6.02378e-06 -0.000629306
230.8 -6.56934e-06 -0.000657169
231.2 -7.30935e-06 -0.000683829
231.6 -8.1926e-06 -0.00070911
232 -9.16881e-06 -0.000732843
232.4 -1.01899e-05 -0.000754876
232.8 -1.12111e-05 -0.000775069
233.2 -1.21914e-05 -0.000793298
233.6 -1.3095e-05 -0.000809456
234 -1.38908e-05 -0.000823451
234.4 -1.45535e-05 -0.000835208
234.8 -1.50634e-05 -0.00084467
235.2 -1.54063e-05 -0.000851795
235.6 -1.55733e-05 -0.00085656
236 -1.55608e-05 -0.000858956
236.4 -1.53699e-05 -0.00085899
236.8 -1.50059e-05 -0.000856685
237.2 -1.44782e-05 -0.000852078
237.6 -1.37994e-05 -0.000845218
238 -1.2985e-05 -0.000836168
238.4 -1.20531e-05 -0.000825002
238.8 -1.10237e-05 -0.000811803
239.2 -9.91869e-06 -0.000796666
239.6 -8.76111e-06 -0.000779693
240 -7.57516e-06 -0.000760993
240.4 -6.38581e-06 -0.000740682
240.8 -5.2186e-06 -0.000718882
241.2 -4.09941e-06 -0.000695719
241.6 -3.05426e-06 -0.000671323
242 -2.10908e-06 -0.000645825
242.4 -1.28949e-06 -0.000619361
242.8 -6.20492e-07 -0.000592066
243.2 -1.26186e-07 -0.000564076
243.6 1.70576e-07 -0.000535527
244 2.48594e-07 -0.000506554
244.4 8.87495e-08 -0.000477289
244.8 -3.25529e-07 -0.000447865
245.2 -1.00777e-06 -0.000418409
245.6 -1.96797e-06 -0.000389047
246 -3.21209e-06 -0.000359899
246.4 -4.7416e-06 -0.000331084
246.8 -6.55304e-06 -0.000302712
247.2 -8.63772e-06 -0.000274891
247.6 -1.09814e-05 -0.000247721
248 -1.35642e-05 -0.000221298
248.4 -1.63606e-05 -0.000195708
248.8 -1.93394e-05 -0.000171035
249.2 -2.24643e-05 -0.00014735
249.6 -2.56941e-05 -0.000124721
250 -2.89831e-05 -0.000103204
250.4 -3.22825e-05 -8.28497e-05
250.8 -3.55405e-05 -6.3699e-05
251.2 -3.87037e-05 -4.57844e-05
251.6 -4.17184e-05 -2.91296e-05
252 -4.45312e-05 -1.37496e-05
252.4 -4.70905e-05 3.49249e-07
252.8 -4.93479e-05 1.31692e-05
253.2 -5.12592e-05 2.47211e-05
253.6 -5.27851e-05 3.50237e-05
254 -5.3893e-05 4.41038e-05
254.4 -5.45574e-05 5.19954e-05
254.8 -5.47605e-05 5.87396e-05
255.2 -5.44932e-05 6.4384e-05
255.6 -5.37551e-05 6.89817e-05
256 -5.25544e-05 7.25911e-05
256.4 -5.09084e-05 7.52751e-05
256.8 -4.88426e-05 7.71002e-05
257.2 -4.63904e-05 7.81356e-05
257.6 -4.35922e-05 7.8453e-05
258 -4.04946e-05 7.8125e-05
258.4 -3.71492e-05 7.72248e-05
258.8 -3.36111e-05 7.58254e-05
259.2 -2.99384e-05 7.39986e-05
259.6 -2.61897e-05 7.18144e-05
260 -2.24236e-05 6.93403e-05
260.4 -1.86971e-05 6.66408e-05
260.8 -1.50639e-05 6.37764e-05
261.2 -1.1574e-05 6.08039e-05
261.6 -8.27194e-06 5.77752e-05
262 -5.19634e-06 5.47374e-05
262.4 -2.37905e-06 5.17325e-05
262.8 1.55251e-07 4.8797e-05
263.2 2.38936e-06 4.59625e-05
263.6 4.31358e-06 4.32548e-05
264 5.92557e-06 4.06948e-05
264.4 7.22992e-06 3.82983e-05
264.8 8.23769e-06 3.60763e-05
265.2 8.9656e-06 3.40352e-05
265.6 9.43526e-06 3.21777e-05
266 9.67216e-06 3.05023e-05
266.4 9.70473e-06 2.90047e-05
266.8 9.56321e-06 2.76776e-05
267.2 9.27868e-06 2.65115e-05
267.6 8.88203e-06 2.5495e-05
268 8.40303e-06 2.46153e-05
268.4 7.86948e-06 2.38589e-05
268.8 7.30654e-06 2.32118e-05
269.2 6.73612e-06 2.26596e-05
269.6 6.17647e-06 2.21886e-05
270 5.64196e-06 2.17853e-05
270.4 5.14293e-06 2.14371e-05
270.8 4.68579e-06 2.11325e-05
271.2 4.27324e-06 2.08612e-05
271.6 3.90457e-06 2.06137e-05
272 3.57617e-06 2.03824e-05
272.4 3.28204e-06 2.01604e-05
272.8 3.01438e-06 1.99423e-05
273.2 2.7643e-06 1.97239e-05
273.6 2.5224e-06 1.95019e-05
274 2.27943e-06 1.92738e-05
274.4 2.02689e-06 1.9038e-05
274.8 1.75756e-06 1.87935e-05
275.2 1.46588e-06 1.85394e-05
275.6 1.14837e-06 1.82756e-05
276 8.03764e-07 1.80015e-05
276.4 4.33203e-07 1.77168e-05
276.8 4.01595e-08 1.74211e-05
277.2 -3.69665e-07 1.71135e-05
277.6 -7.88578e-07 1.67932e-05
278 -1.20722e-06 1.64588e-05
278.4 -1.61498e-06 1.61087e-05
278.8 -2.00046e-06 1.57409e-05
279.2 -2.35195e-06 1.53532e-05
279.6 -2.65799e-06 1.49434e-05
280 -2.90787e-06 1.4509e-05
280.4 -3.09209e-06 1.40477e-05
280.8 -3.20283e-06 1.35572e-05
281.2 -3.23429e-06 1.30356e-05
281.6 -3.18303e-06 1.24814e-05
282 -3.0481e-06 1.18936e-05
282.4 -2.8312e-06 1.12718e-05
282.8 -2.53665e-06 1.06163e-05
283.2 -2.17127e-06 9.92824e-06
283.6 -1.7442e-06 9.20966e-06
284 -1.2666e-06 8.46337e-06
284.4 -7.51249e-07 7.69309e-06
284.8 -2.12171e-07 6.90337e-06
285.2 3.35901e-07 6.09955e-06
285.6 8.77999e-07 5.28768e-06
286 1.39944e-06 4.4744e-06
286.4 1.88632e-06 3.66681e-06
286.8 2.32598e-06 2.87236e-06
287.2 2.70744e-06 2.09865e-06
287.6 3.02172e-06 1.35329e-06
288 3.26214e-06 6.43739e-07
288.4 3.42451e-06 -2.28903e-08
288.8 3.5072e-06 -6.39973e-07
289.2 3.51119e-06 -1.20153e-06
289.6 3.43992e-06 -1.70237e-06
290 3.29915e-06 -2.13817e-06
290.4 3.0967e-06 -2.50563e-06
290.8 2.8421e-06 -2.8025e-06
291.2 2.54621e-06 -3.02761e-06
291.6 2.2208e-06 -3.18093e-06
292 1.8781e-06 -3.26353e-06
292.4 1.53037e-06 -3.27753e-06
292.8 1.18939e-06 -3.22607e-06
293.2 8.66126e-07 -3.11318e-06
293.6 5.70293e-07 -2.94373e-06
294 3.10077e-07 -2.72323e-06
294.4 9.18731e-08 -2.45776e-06
294.8 -7.98885e-08 -2.15382e-06
295.2 -2.02835e-07 -1.81815e-06
295.6 -2.76664e-07 -1.45758e-06
296 -3.03074e-07 -1.07893e-06
296.4 -2.85623e-07 -6.88846e-07
296.8 -2.29516e-07 -2.93685e-07
297.2 -1.41335e-07 1.00604e-07
297.6 -2.8719e-08 4.88561e-07
298 9.99802e-08 8.65289e-07
298.4 2.36069e-07 1.22651e-06
298.8 3.70884e-07 1.5686e-06
299.2 4.9615e-07 1.8886e-06
299.6 6.04314e-07 2.18419e-06
300 6.88845e-07 2.45372e-06
300.4 7.44477e-07 2.69612e-06
300.8 7.67401e-07 2.91086e-06
301.2 7.55391e-07 3.09792e-06
301.6 7.07858e-07 3.25767e-06
302 6.25841e-07 3.39087e-06
302.4 5.11929e-07 3.49851e-06
302.8 3.70119e-07 3.58181e-06
303.2 2.05623e-07 3.64212e-06
303.6 2.46202e-08 3.68086e-06
304 -1.66013e-07 3.69948e-06
304.4 -3.5901e-07 3.69941e-06
304.8 -5.47025e-07 3.682e-06
305.2 -7.22943e-07 3.64856e-06
305.6 -8.80178e-07 3.60029e-06
306 -1.01294e-06 3.53831e-06
306.4 -1.11647e-06 3.46364e-06
306.8 -1.18723e-06 3.37726e-06
307.2 -1.22303e-06 3.28008e-06
307.6 -1.22312e-06 3.17301e-06
308 -1.18818e-06 3.05696e-06
308.4 -1.12033e-06 2.93288e-06
308.8 -1.02296e-06 2.80177e-06
309.2 -9.00666e-07 2.66473e-06
309.6 -7.5897e-07 2.52295e-06
310 -6.04143e-07 2.37773e-06
310.4 -4.42928e-07 2.23051e-06
310.8 -2.82263e-07 2.0828e-06
311.2 -1.29005e-07 1.93623e-06
311.6 1.03469e-08 1.79249e-06
312 1.29908e-07 1.65334e-06
312.4 2.24635e-07 1.5205e-06
312.8 2.90522e-07 1.39571e-06
313.2 3.24745e-07 1.28059e-06
313.6 3.2577e-07 1.17664e-06
314 2.93392e-07 1.08522e-06
314.4 2.2874e-07 1.00744e-06
314.8 1.34211e-07 9.44164e-07
315.2 1.33638e-08 8.95969e-07
315.6 -1.29229e-07 8.63113e-07
316 -2.88176e-07 8.45518e-07
316.4 -4.57486e-07 8.42761e-07
316.8 -6.30807e-07 8.5408e-07
317.2 -8.01684e-07 8.78384e-07
317.6 -9.63804e-07 9.14279e-07
318 -1.11125e-06 9.601e-07
318.4 -1.23872e-06 1.01396e-06
318.8 -1.34172e-06 1.07378e-06
319.2 -1.41674e-06 1.13739e-06
319.6 -1.46137e-06 1.20254e-06
320 -1.47437e-06 1.267e-06
320.4 -1.45571e-06 1.32861e-06
320.8 -1.40656e-06 1.38534e-06
321.2 -1.32919e-06 1.43537e-06
321.6 -1.2269e-06 1.4771e-06
322 -1.10387e-06 1.50924e-06
322.4 -9.64961e-07 1.53082e-06
322.8 -8.1552e-07 1.54121e-06
323.2 -6.61174e-07 1.54015e-06
323.6 -5.07597e-07 1.52774e-06
324 -3.60286e-07 1.50444e-06
324.4 -2.24352e-07 1.47103e-06
324.8 -1.04325e-07 1.42859e-06
325.2 -3.98984e-09 1.37845e-06
325.6 7.37477e-08 1.32215e-06
326 1.26956e-07 1.26139e-06
326.4 1.54731e-07 1.19795e-06
326.8 1.57212e-07 1.13362e-06
327.2 1.35545e-07 1.07018e-06
327.6 9.18203e-08 1.0093e-06
328 2.89569e-08 9.52516e-07
328.4 -4.94306e-08 9.01147e-07
328.8 -1.392e-07 8.5628e-07
329.2 -2.35865e-07 8.18731e-07
329.6 -3.34789e-07 7.89017e-07
330 -4.31385e-07 7.67353e-07
330.4 -5.21305e-07 7.53644e-07
330.8 -6.00623e-07 7.47499e-07
331.2 -6.65992e-07 7.48253e-07
331.6 -7.14777e-07 7.54989e-07
332 -7.4516e-07 7.66584e-07
332.4 -7.56202e-07 7.81746e-07
332.8 -7.47876e-07 7.99065e-07
333.2 -7.21057e-07 8.17064e-07
333.6 -6.77473e-07 8.34252e-07
334 -6.19628e-07 8.49175e-07
334.4 -5.50686e-07 8.60461e-07
334.8 -4.74336e-07 8.66873e-07
335.2 -3.94627e-07 8.67337e-07
335.6 -3.15798e-07 8.60979e-07
336 -2.42101e-07 8.47151e-07
336.4 -1.77619e-07 8.25438e-07
336.8 -1.26094e-07 7.95669e-07
337.2 -9.07754e-08 7.57915e-07
337.6 -7.42848e-08 7.12473e-07
338 -7.85062e-08 6.59851e-07
338.4 -1.0451e-07 6.00741e-07
338.8 -1.52509e-07 5.35986e-07
339.2 -2.21849e-07 4.66549e-07
339.6 -3.11035e-07 3.93469e-07
340 -4.17793e-07 3.17831e-07
340.4 -5.39157e-07 2.40719e-07
340.8 -6.71588e-07 1.63185e-07
341.2 -8.11115e-07 8.62165e-08
341.6 -9.53493e-07 1.0706e-08
342 -1.09436e-06 -6.25686e-08
342.4 -1.22943e-06 -1.32961e-07
342.8 -1.35461e-06 -1.99967e-07
343.2 -1.46622e-06 -2.63222e-07
343.6 -1.56107e-06 -3.22504e-07
344 -1.63664e-06 -3.77716e-07
344.4 -1.69112e-06 -4.28874e-07
344.8 -1.72347e-06 -4.76082e-07
345.2 -1.7335e-06 -5.19514e-07
345.6 -1.72183e-06 -5.5938e-07
346 -1.68985e-06 -5.95903e-07
346.4 -1.63969e-06 -6.29291e-07
346.8 -1.57406e-06 -6.59709e-07
347.2 -1.49623e-06 -6.8726e-07
347.6 -1.40981e-06 -7.11964e-07
348 -1.31865e-06 -7.33745e-07
348.4 -1.22663e-06 -7.52424e-07
348.8 -1.1376e-06 -7.67715e-07
349.2 -1.05513e-06 -7.79231e-07
349.6 -9.82426e-07 -7.86495e-07
350 -9.22183e-07 -7.88956e-07
350.4 -8.76505e-07 -7.86009e-07
350.8 -8.46813e-07 -7.77022e-07
351.2 -8.33803e-07 -7.61364e-07
351.6 -8.37429e-07 -7.38439e-07
352 -8.56913e-07 -7.07714e-07
352.4 -8.90788e-07 -6.68753e-07
352.8 -9.36969e-07 -6.21244e-07
353.2 -9.92842e-07 -5.65029e-07
353.6 -1.05538e-06 -5.00122e-07
354 -1.12127e-06 -4.26725e-07
354.4 -1.18706e-06 -3.45242e-07
354.8 -1.2493e-06 -2.56282e-07
355.2 -1.30466e-06 -1.6065e-07
355.6 -1.35012e-06 -5.93427e-08
356 -1.38302e-06 4.64717e-08
356.4 -1.40125e-06 1.55478e-07
356.8 -1.40326e-06 2.66244e-07
357.2 -1.38816e-06 3.77251e-07
357.6 -1.35575e-06 4.86939e-07
358 -1.3065e-06 5.93739e-07
358.4 -1.24157e-06 6.9612e-07
358.8 -1.16274e-06 7.92627e-07
359.2 -1.07231e-06 8.81921e-07
359.6 -9.73046e-07 9.62811e-07
360 -8.68064e-07 1.03429e-06
360.4 -7.6068e-07 1.09556e-06
360.8 -6.54295e-07 1.14605e-06
361.2 -5.5226e-07 1.18542e-06
361.6 -4.5774e-07 1.21357e-06
362 -3.73593e-07 1.23066e-06
362.4 -3.02263e-07 1.23706e-06
362.8 -2.45681e-07 1.23337e-06
363.2 -2.05196e-07 1.22036e-06
363.6 -1.81532e-07 1.19897e-06
364 -1.74756e-07 1.17027e-06
364.4 -1.84291e-07 1.13542e-06
364.8 -2.08936e-07 1.09564e-06
365.2 -2.46925e-07 1.05216e-06
365.6 -2.96002e-07 1.00617e-06
366 -3.53513e-07 9.58842e-07
366.4 -4.16513e-07 9.1123e-07
366.8 -4.8189e-07 8.64284e-07
367.2 -5.46486e-07 8.18813e-07
367.6 -6.07225e-07 7.75474e-07
368 -6.61229e-07 7.3476e-07
368.4 -7.05938e-07 6.96999e-07
368.8 -7.39199e-07 6.62353e-07
369.2 -7.59354e-07 6.30832e-07
369.6 -7.65296e-07 6.02305e-07
370 -7.5651e-07 5.76522e-07
370.4 -7.33087e-07 5.53136e-07
370.8 -6.95711e-07 5.31731e-07
371.2 -6.45631e-07 5.11845e-07
371.6 -5.84598e-07 4.93003e-07
372 -5.14799e-07 4.74745e-07
372.4 -4.38759e-07 4.56647e-07
372.8 -3.59238e-07 4.38346e-07
373.2 -2.79122e-07 4.19562e-07
373.6 -2.01304e-07 4.0011e-07
374 -1.28569e-07 3.79908e-07
374.4 -6.34856e-08 3.58987e-07
374.8 -8.30429e-09 3.37486e-07
375.2 3.51274e-08 3.15645e-07
375.6 6.54352e-08 2.938e-07
376 8.17682e-08 2.7236e-07
376.4 8.38268e-08 2.51796e-07
376.8 7.18701e-08 2.32613e-07
377.2 4.6699e-08 2.1533e-07
377.6 9.61996e-09 2.00456e-07
378 -3.76128e-08 1.88464e-07
378.4 -9.28709e-08 1.79769e-07
378.8 -1.5374e-07 1.7471e-07
379.2 -2.17621e-07 1.7353e-07
379.6 -2.8183e-07 1.76362e-07
380 -3.43711e-07 1.83224e-07
380.4 -4.00738e-07 1.9401e-07
380.8 -4.50615e-07 2.08492e-07
381.2 -4.91366e-07 2.26329e-07
381.6 -5.21405e-07 2.47071e-07
382 -5.39602e-07 2.70181e-07
382.4 -5.45316e-07 2.95046e-07
382.8 -5.3842e-07 3.21004e-07
383.2 -5.19297e-07 3.47365e-07
383.6 -4.8882e-07 3.73434e-07
384 -4.48312e-07 3.9854e-07
384.4 -3.99487e-07 4.22056e-07
384.8 -3.44377e-07 4.43423e-07
385.2 -2.85247e-07 4.62172e-07
385.6 -2.24501e-07 4.77935e-07
386 -1.64585e-07 4.9046e-07
386.4 -1.07888e-07 4.99621e-07
386.8 -5.66445e-08 5.05419e-07
387.2 -1.28476e-08 5.07976e-07
387.6 2.18285e-08 5.07538e-07
388 4.60935e-08 5.04453e-07
388.4 5.90891e-08 4.99164e-07
388.8 6.04195e-08 4.92185e-07
389.2 5.01628e-08 4.84085e-07
389.6 2.88638e-08 4.75458e-07
390 -2.49275e-09 4.66905e-07
390.4 -4.25254e-08 4.59007e-07
390.8 -8.95154e-08 4.52303e-07
391.2 -1.41479e-07 4.47268e-07
391.6 -1.96249e-07 4.44296e-07
392 -2.51564e-07 4.43684e-07
392.4 -3.05162e-07 4.45623e-07
392.8 -3.54867e-07 4.50189e-07
393.2 -3.98682e-07 4.57341e-07
393.6 -4.34861e-07 4.66926e-07
394 -4.61984e-07 4.78686e-07
394.4 -4.79007e-07 4.92268e-07
394.8 -4.853e-07 5.0724e-07
395.2 -4.80676e-07 5.23109e-07
395.6 -4.65385e-07 5.39343e-07
396 -4.40111e-07 5.5539e-07
396.4 -4.05934e-07 5.70706e-07
396.8 -3.64284e-07 5.8477e-07
397.2 -3.16886e-07 5.97113e-07
397.6 -2.65685e-07 6.07333e-07
398 -2.12766e-07 6.1511e-07
398.4 -1.60272e-07 6.20223e-07
398.8 -1.10315e-07 6.22555e-07
399.2 -6.48941e-08 6.221e-07
399.6 -2.58168e-08 6.18963e-07
400 5.37432e-09 6.13357e-07
