-0.498 0.00455287 -0.0018544
-0.496 0.0158216 -0.00728638
-0.494 0.0283932 -0.0153789
-0.492 0.0352117 -0.0243844
-0.49 0.0287928 -0.0319759
-0.488 0.00257597 -0.035582
-0.486 -0.0477504 -0.0327703
-0.484 -0.123121 -0.0216415
-0.482 -0.220315 -0.00119087
-0.48 -0.331635 0.0284024
-0.478 -0.445124 0.0655942
-0.476 -0.545304 0.10743
-0.474 -0.61442 0.149652
-0.472 -0.634056 0.186958
-0.47 -0.587013 0.213411
-0.468 -0.45928 0.222962
-0.466 -0.241913 0.21006
-0.464 0.0673195 0.1703
-0.462 0.462706 0.101061
-0.46 0.929892 0.00207342
-0.458 1.44581 -0.124132
-0.456 1.97934 -0.271945
-0.454 2.49267 -0.432615
-0.452 2.94335 -0.594433
-0.45 3.28705 -0.743186
-0.448 3.48067 -0.862874
-0.446 3.48586 -0.936684
-0.444 3.27251 -0.948162
-0.442 2.822 -0.882535
-0.44 2.12992 -0.728089
-0.438 1.20798 -0.477492
-0.436 0.0848286 -0.12897
-0.434 -1.1943 0.31281
-0.432 -2.56928 0.836225
-0.43 -3.96792 1.42265
-0.428 -5.31003 2.0469
-0.426 -6.51218 2.67827
-0.424 -7.49307 3.28193
-0.422 -8.17898 3.82085
-0.42 -8.50904 4.25795
-0.418 -8.43988 4.5584
-0.416 -7.94941 4.69193
-0.414 -7.03938 4.63497
-0.412 -5.7367 4.37244
-0.41 -4.09322 3.89924
-0.408 -2.1841 3.22114
-0.406 -0.104766 2.35522
-0.404 2.03353 1.32971
-0.402 4.10925 0.18331
-0.4 5.99707 -1.03597
-0.398 7.57499 -2.27257
-0.396 8.73184 -3.46551
-0.394 9.37451 -4.55104
-0.392 9.43486 -5.46569
-0.39 8.87544 -6.1496
-0.388 7.69387 -6.55019
-0.386 5.92537 -6.62581
-0.384 3.64312 -6.34933
-0.382 0.956328 -5.71124
-0.38 -1.99413 -4.72215
-0.378 -5.04221 -3.41421
-0.376 -8.00511 -1.8413
-0.374 -10.6931 -0.0777807
-0.372 -12.9205 1.7843
-0.37 -14.516 3.63938
-0.368 -15.3337 5.3738
-0.366 -15.2624 6.87217
-0.364 -14.2331 8.02408
-0.362 -12.2248 8.7309
-0.36 -9.26759 8.91216
-0.358 -5.44391 8.511
-0.356 -0.886126 7.49859
-0.354 4.22755 5.87713
-0.352 9.67987 3.68143
-0.35 15.2234 0.979018
-0.348 20.5911 -2.13125
-0.346 25.5084 -5.52197
-0.344 29.7061 -9.04135
-0.342 32.9343 -12.5187
-0.34 34.9752 -15.7714
-0.338 35.6564 -18.6123
-0.336 34.8621 -20.8597
-0.334 32.5423 -22.3463
-0.332 28.7195 -22.9302
-0.33 23.4922 -22.5048
-0.328 17.0336 -21.0088
-0.326 9.58752 -18.4337
-0.324 1.45908 -14.8301
-0.322 -6.998 -10.3101
-0.32 -15.3977 -5.04606
-0.318 -23.3406 0.733901
-0.316 -30.4342 6.75561
-0.314 -36.3143 12.7116
-0.312 -40.6651 18.2773
-0.31 -43.2376 23.1292
-0.308 -43.8657 26.9641
-0.306 -42.4777 29.518
-0.304 -39.1041 30.5836
-0.302 -33.8799 30.0256
-0.3 -27.0425 27.7914
-0.298 -18.9236 23.9194
-0.296 -9.93683 18.5417
-0.294 -0.56025 11.8823
-0.292 8.68486 4.25101
-0.29 17.2589 -3.9677
-0.288 24.6313 -12.3306
-0.286 30.3093 -20.3558
-0.284 33.8666 -27.5465
-0.282 34.9714 -33.4189
-0.28 33.4106 -37.5312
-0.278 29.1102 -39.5138
-0.276 22.1491 -39.0986
-0.274 12.765 -36.1442
-0.272 1.35152 -30.6553
-0.27 -11.5538 -22.7942
-0.268 -25.2918 -12.8821
-0.266 -39.1122 -1.389
-0.264 -52.2122 11.0877
-0.262 -63.7801 23.8551
-0.26 -73.0425 36.1656
-0.258 -79.3105 47.2634
-0.256 -82.024 56.4331
-0.254 -80.7896 63.0473
-0.252 -75.41 66.6096
-0.25 -65.9042 66.7896
-0.248 -52.5151 63.4481
-0.246 -35.7056 56.6509
-0.244 -16.1428 46.6715
-0.242 5.32922 33.9815
-0.24 27.7259 19.231
-0.238 49.9681 3.21844
-0.236 70.9331 -13.1475
-0.234 89.5107 -28.8935
-0.232 104.661 -43.0331
-0.23 115.472 -54.6222
-0.228 121.213 -62.8167
-0.226 121.382 -66.9288
-0.224 115.747 -66.4796
-0.222 104.373 -61.2439
-0.22 87.629 -51.2817
-0.218 66.193 -36.9542
-0.216 41.0226 -18.9203
-0.214 13.3168 1.88843
-0.212 -15.5418 24.3144
-0.21 -44.0594 47.0394
-0.208 -70.7133 68.6648
-0.206 -94.039 87.8018
-0.204 -112.717 103.162
-0.202 -125.654 113.644
-0.2 -132.045 118.406
-0.198 -131.433 116.924
-0.196 -123.731 109.024
-0.194 -109.24 94.9002
-0.192 -88.6344 75.101
-0.19 -62.9349 50.5049
-0.188 -33.4605 22.2745
-0.186 -1.76789 -8.2018
-0.184 30.4219 -39.3785
-0.182 61.3057 -69.6298
-0.18 89.0871 -97.3316
-0.178 112.07 -120.947
-0.176 128.751 -139.114
-0.174 137.913 -150.728
-0.172 138.709 -155.022
-0.17 130.732 -151.63
-0.168 114.07 -140.641
-0.166 89.3342 -122.614
-0.164 57.6559 -98.5812
-0.162 20.6494 -70.0027
-0.16 -19.6589 -38.694
-0.158 -60.9363 -6.71959
-0.156 -100.676 23.7386
-0.154 -136.349 50.5278
-0.152 -165.56 71.6741
-0.15 -186.205 85.5218
-0.148 -196.603 90.8509
-0.146 -195.608 86.9626
-0.144 -182.686 73.7279
-0.142 -157.951 51.5966
-0.14 -122.167 21.5684
-0.138 -76.7138 -14.867
-0.136 -23.5233 -55.8169
-0.134 35.0136 -99.0907
-0.132 96.1566 -142.316
-0.13 156.944 -183.062
-0.128 214.332 -218.963
-0.126 265.346 -247.842
-0.124 307.231 -267.828
-0.122 337.607 -277.464
-0.12 354.617 -275.806
-0.118 357.056 -262.497
-0.116 344.476 -237.822
-0.114 317.25 -202.721
-0.112 276.592 -158.768
-0.11 224.519 -108.105
-0.108 163.751 -53.3273
-0.106 97.5621 2.66683
-0.104 29.5825 56.8607
-0.102 -36.4303 106.316
-0.1 -96.8319 148.371
-0.098 -148.323 180.814
-0.096 -188.155 202.031
-0.094 -214.29 211.101
-0.092 -225.515 207.84
-0.09 -221.492 192.794
-0.088 -202.76 167.189
-0.086 -170.688 132.838
-0.084 -127.385 92.0295
-0.082 -75.588 47.3876
-0.08 -18.5188 1.73969
-0.078 40.2659 -42.0257
-0.076 97.0422 -81.0936
-0.074 148.094 -112.852
-0.072 189.898 -135.016
-0.07 219.31 -145.739
-0.068 233.754 -143.724
-0.066 231.401 -128.306
-0.064 211.321 -99.5235
-0.062 173.603 -58.1565
-0.06 119.413 -5.72102
-0.058 50.9888 55.5777
-0.056 -28.4465 122.944
-0.054 -114.849 193.14
-0.052 -203.59 262.669
-0.05 -289.743 327.992
-0.048 -368.409 385.745
-0.046 -435.034 432.949
-0.044 -485.705 467.188
-0.042 -517.395 486.739
-0.04 -528.14 490.657
-0.038 -517.135 478.795
-0.036 -484.756 451.784
-0.034 -432.515 410.966
-0.032 -362.955 358.303
-0.03 -279.498 296.267
-0.028 -186.274 227.721
-0.026 -87.9171 155.8
-0.024 10.6435 83.7809
-0.022 104.411 14.9576
-0.02 188.555 -47.4969
-0.018 258.657 -100.677
-0.016 310.957 -142.095
-0.014 342.59 -169.843
-0.012 351.806 -182.729
-0.01 338.132 -180.408
-0.008 302.475 -163.453
-0.006 247.135 -133.371
-0.004 175.702 -92.5541
-0.002 92.8631 -44.1411
0 4.09356 8.18369
0.002 -84.7129 60.4495
0.004 -167.661 108.686
0.006 -239.272 149.212
0.008 -294.853 178.894
0.01 -330.805 195.348
0.012 -344.821 197.074
0.014 -335.982 183.508
0.016 -304.751 155.008
0.018 -252.867 112.776
0.02 -183.185 58.734
0.022 -99.4558 -4.62005
0.024 -6.09124 -74.3687
0.026 92.0848 -147.329
0.028 190.079 -220.197
0.03 282.965 -289.689
0.032 366.106 -352.664
0.034 435.373 -406.254
0.036 487.338 -447.983
0.038 519.454 -475.887
0.04 530.204 -488.623
0.042 519.205 -485.559
0.044 487.255 -466.841
0.046 436.313 -433.415
0.048 369.402 -387.001
0.05 290.432 -330.016
0.052 203.955 -265.436
0.054 114.871 -196.625
0.056 28.1077 -127.119
0.058 -51.7013 -60.4123
0.06 -120.507 0.260246
0.062 -175.079 52.1061
0.064 -213.173 92.9237
0.066 -233.613 121.2
0.068 -236.305 136.161
0.07 -222.169 137.77
0.072 -193.028 126.696
0.074 -151.452 104.241
0.076 -100.58 72.2506
0.078 -43.9344 33.014
0.08 14.7698 -10.8567
0.082 71.808 -56.5468
0.084 123.621 -101.169
0.086 166.982 -141.898
0.088 199.149 -176.112
0.09 218.005 -201.529
0.092 222.176 -216.337
0.094 211.114 -219.318
0.096 185.149 -209.928
0.098 145.49 -188.356
0.1 94.1656 -155.529
0.102 33.9208 -113.066
0.104 -31.9492 -63.1811
0.106 -99.8024 -8.54192
0.108 -165.882 47.9093
0.11 -226.558 103.152
0.112 -278.555 154.284
0.114 -319.148 198.706
0.116 -346.319 234.274
0.118 -358.85 259.409
0.12 -356.362 273.168
0.122 -339.3 275.264
0.124 -308.864 266.051
0.126 -266.908 246.473
0.128 -215.811 217.983
0.13 -158.323 182.451
0.132 -97.4215 142.053
0.134 -36.149 99.1531
0.136 22.531 56.1816
0.138 75.8756 15.5092
0.14 121.49 -20.6744
0.142 157.44 -50.4776
0.144 182.34 -72.4116
0.146 195.422 -85.4774
0.148 196.567 -89.2255
0.15 186.305 -83.785
0.152 165.778 -69.8542
0.154 136.664 -48.6523
0.156 101.066 -21.8337
0.158 61.3759 8.629
0.16 20.1244 40.5851
0.162 -20.1811 71.8549
0.164 -57.2059 100.376
0.166 -88.9209 124.336
0.168 -113.708 142.276
0.17 -130.432 153.169
0.172 -138.477 156.455
0.174 -137.751 152.051
0.176 -128.657 140.324
0.178 -112.038 122.045
0.18 -89.108 98.3203
0.182 -61.3682 70.5142
0.184 -30.5132 40.1656
0.186 1.66109 8.90001
0.188 33.3514 -21.6557
0.19 62.8354 -49.9557
0.192 88.5548 -74.6116
0.194 109.188 -94.4615
0.196 123.712 -108.628
0.198 131.448 -116.563
0.2 132.094 -118.075
0.202 125.732 -113.337
0.204 112.818 -102.877
0.206 94.154 -87.5364
0.208 70.8321 -68.4172
0.21 44.1711 -46.8086
0.212 15.6352 -24.0997
0.214 -13.2523 -1.68914
0.216 -40.9966 19.1048
0.218 -66.2133 37.1245
0.22 -87.7011 51.4386
0.222 -104.5 61.3883
0.224 -115.93 66.6124
0.226 -121.619 67.0511
0.228 -121.499 62.9299
0.23 -115.801 54.7278
0.232 -105.025 43.1328
0.234 -89.8994 28.9894
0.236 -71.3363 13.2418
0.238 -50.3751 -3.12327
0.24 -28.1262 -19.1325
0.242 -5.71293 -33.8775
0.244 15.7843 -46.5599
0.246 35.3797 -56.5304
0.248 52.2271 -63.3179
0.25 65.6576 -66.65
0.252 75.206 -66.4614
0.254 80.6276 -62.8923
0.256 81.9014 -56.2738
0.258 79.2227 -47.103
0.26 72.9836 -36.0076
0.262 63.7431 -23.7031
0.264 52.1891 -10.9456
0.266 39.0949 1.5175
0.268 25.2721 12.9935
0.27 11.524 22.8852
0.272 -1.39836 30.7228
0.274 -12.8347 36.1856
0.276 -22.2463 39.1116
0.278 -29.2377 39.4964
0.28 -33.5699 37.4818
0.282 -35.1623 33.3365
0.284 -34.0874 27.4306
0.286 -30.5567 20.2063
0.288 -24.9009 12.1483
0.29 -17.5452 3.75388
0.292 -8.98165 -4.49452
0.294 0.259655 -12.1531
0.296 9.63925 -18.8372
0.298 18.6357 -24.2367
0.3 26.7703 -28.1274
0.302 33.6287 -30.3773
0.304 38.8782 -30.948
0.306 42.2802 -29.8923
0.308 43.6984 -27.3456
0.31 43.1009 -23.5154
0.312 40.5581 -18.6656
0.314 36.2351 -13.0996
0.316 30.3798 -7.14083
0.318 23.3071 -1.11378
0.32 15.3809 4.67413
0.322 6.99333 9.94877
0.324 -1.45614 14.4822
0.326 -9.58119 18.1017
0.328 -17.0276 20.6953
0.33 -23.4896 22.2122
0.332 -28.7226 22.6606
0.334 -32.5523 22.1014
0.336 -34.8796 20.641
0.338 -35.6811 18.4209
0.34 -35.0059 15.6077
0.342 -32.9692 12.383
0.344 -29.743 8.93325
0.346 -25.5446 5.44081
0.348 -20.624 2.07591
0.35 -15.2504 -1.01004
0.352 -9.69844 -3.68999
0.354 -4.23568 -5.86539
0.356 0.889974 -7.46893
0.358 5.46069 -8.46597
0.36 9.29762 -8.85437
0.362 12.2677 -8.66296
0.364 14.288 -7.94846
0.366 15.3278 -6.79117
0.368 15.4076 -5.28945
0.37 14.596 -3.55341
0.372 13.0043 -1.69812
0.374 10.7782 0.163091
0.376 8.08888 1.92497
0.378 5.12251 3.49573
0.38 2.06903 4.80124
0.382 -0.888389 5.78777
0.384 -3.58325 6.42328
0.386 -5.8742 6.69723
0.388 -7.65161 6.61911
0.39 -8.84185 6.21605
0.392 -9.40935 5.52964
0.394 -9.35615 4.6124
0.396 -8.71948 3.52412
0.398 -7.56735 2.32822
0.4 -5.99279 1.08841
0.402 -4.10701 -0.134376
0.404 -2.03209 -1.28455
0.406 0.106464 -2.31411
0.408 2.18692 -3.18427
0.41 4.09778 -3.86674
0.412 5.74338 -4.34436
0.414 7.0483 -4.61125
0.416 7.96045 -4.67241
0.418 8.45275 -4.5428
0.42 8.52328 -4.24592
0.422 8.19402 -3.81196
0.424 7.5083 -3.27571
0.426 6.52698 -2.67423
0.428 5.32381 -2.04454
0.43 3.9802 -1.4215
0.432 2.57967 -0.835893
0.434 1.20255 -0.312943
0.436 -0.0788549 0.12864
0.438 -1.20426 0.477154
0.44 -2.12833 0.727854
0.442 -2.82229 0.882448
0.444 -3.27437 0.94821
0.446 -3.48891 0.936815
0.448 -3.48453 0.863009
0.45 -3.29132 0.74324
0.452 -2.94769 0.594326
0.454 -2.49675 0.432286
0.456 -1.98292 0.271356
0.458 -1.44871 0.123275
0.46 -0.932013 -0.00317868
0.462 -0.464016 -0.102369
0.464 -0.0678501 -0.171747
0.466 0.242077 -0.21157
0.468 0.460015 -0.224457
0.47 0.588176 -0.214817
0.472 0.635493 -0.188213
0.474 0.615987 -0.15071
0.476 0.546871 -0.108266
0.478 0.446586 -0.0662015
0.48 0.332919 -0.0287942
0.482 0.221377 0.000986
0.484 0.123947 0.0215842
0.486 0.0483507 0.0328155
0.488 -0.00217334 0.0356849
0.49 -0.0285484 0.0320967
0.492 -0.035082 0.0244925
0.494 -0.0283367 0.015456
0.496 -0.0158041 0.00732708
0.498 -0.00455038 0.00186592
0.4 0.0486027 0.0354789
0.8 0.0498394 0.036502
1.2 0.0518946 0.0382037
1.6 0.0547591 0.0405792
2 0.0584201 0.0436214
2.4 0.0628614 0.0473214
2.8 0.068063 0.0516688
3.2 0.0740016 0.0566513
3.6 0.0806506 0.0622553
4 0.0879799 0.0684657
4.4 0.0959564 0.0752665
4.8 0.104544 0.0826406
5.2 0.113703 0.0905703
5.6 0.123393 0.0990376
6 0.13357 0.108024
6.4 0.144187 0.117513
6.8 0.155196 0.127485
7.2 0.166549 0.137925
7.6 0.178194 0.148816
8 0.190082 0.160147
8.4 0.202159 0.171903
8.8 0.214377 0.184076
9.2 0.226684 0.196658
9.6 0.239031 0.209645
10 0.25137 0.223036
10.4 0.263656 0.236832
10.8 0.275847 0.251039
11.2 0.287902 0.265665
11.6 0.299785 0.280723
12 0.311464 0.296229
12.4 0.322911 0.312202
12.8 0.334101 0.328665
13.2 0.345016 0.345643
13.6 0.355642 0.363165
14 0.365969 0.381261
14.4 0.375994 0.399964
14.8 0.385716 0.419307
15.2 0.395143 0.439322
15.6 0.404283 0.460045
16 0.413152 0.481506
16.4 0.421768 0.503737
16.8 0.430153 0.526764
17.2 0.438332 0.550612
17.6 0.446332 0.5753
18 0.454183 0.60084
18.4 0.461915 0.627242
18.8 0.469559 0.654503
19.2 0.477145 0.682617
19.6 0.484703 0.711567
20 0.492262 0.741327
20.4 0.499847 0.771861
20.8 0.507481 0.803124
21.2 0.515183 0.835061
21.6 0.522969 0.867605
22 0.530849 0.900679
22.4 0.538829 0.934198
22.8 0.54691 0.968065
23.2 0.555086 1.00218
23.6 0.563347 1.03642
24 0.571676 1.07067
24.4 0.580052 1.10481
24.8 0.588448 1.13869
25.2 0.59683 1.17219
25.6 0.605161 1.20517
26 0.6134 1.23749
26.4 0.621502 1.269
26.8 0.629417 1.29958
27.2 0.637095 1.32908
27.6 0.644482 1.35738
28 0.651524 1.38436
28.4 0.658168 1.40989
28.8 0.664357 1.43388
29.2 0.670041 1.45623
29.6 0.675168 1.47686
30 0.679689 1.49569
30.4 0.683561 1.51267
30.8 0.686743 1.52774
31.2 0.689199 1.54088
31.6 0.690898 1.55208
32 0.691814 1.56132
32.4 0.691929 1.56862
32.8 0.691229 1.57399
33.2 0.689707 1.57748
33.6 0.687361 1.57913
34 0.684199 1.579
34.4 0.68023 1.57715
34.8 0.675473 1.57367
35.2 0.66995 1.56862
35.6 0.663688 1.5621
36 0.656722 1.55419
36.4 0.649086 1.545
36.8 0.640822 1.5346
37.2 0.631972 1.52309
37.6 0.622582 1.51057
38 0.612698 1.49712
38.4 0.60237 1.48281
38.8 0.591644 1.46772
39.2 0.580569 1.45193
39.6 0.569192 1.43549
40 0.557559 1.41845
40.4 0.545715 1.40085
40.8 0.533699 1.38274
41.2 0.521552 1.36413
41.6 0.50931 1.34504
42 0.497004 1.32549
42.4 0.484665 1.30547
42.8 0.472318 1.28499
43.2 0.459987 1.26401
43.6 0.447689 1.24254
44 0.435441 1.22055
44.4 0.423256 1.19802
44.8 0.411144 1.17493
45.2 0.399111 1.15124
45.6 0.387164 1.12695
46 0.375306 1.10202
46.4 0.363538 1.07645
46.8 0.351861 1.05022
47.2 0.340275 1.02332
47.6 0.32878 0.995759
48 0.317376 0.967545
48.4 0.306061 0.938695
48.8 0.294838 0.909235
49.2 0.283708 0.8792
49.6 0.272673 0.848634
50 0.261737 0.81759
50.4 0.250907 0.786132
50.8 0.240189 0.754328
51.2 0.229592 0.722258
51.6 0.219127 0.690007
52 0.208805 0.657666
52.4 0.19864 0.625333
52.8 0.188648 0.593106
53.2 0.178843 0.561091
53.6 0.169242 0.529392
54 0.159863 0.498114
54.4 0.150723 0.467363
54.8 0.14184 0.437239
55.2 0.133232 0.407843
55.6 0.124916 0.379266
56 0.116907 0.351598
56.4 0.109221 0.32492
56.8 0.101872 0.299304
57.2 0.0948715 0.274816
57.6 0.0882294 0.251511
58 0.0819541 0.229433
58.4 0.0760515 0.20862
58.8 0.070525 0.189095
59.2 0.065376 0.170873
59.6 0.0606031 0.153958
60 0.0562026 0.138345
60.4 0.0521682 0.124018
60.8 0.0484914 0.110951
61.2 0.0451615 0.0991116
61.6 0.0421656 0.088458
62 0.0394888 0.0789418
62.4 0.0371147 0.0705081
62.8 0.035025 0.0630971
63.2 0.0332004 0.0566444
63.6 0.0316206 0.0510827
64 0.0302641 0.046342
64.4 0.0291094 0.0423513
64.8 0.0281343 0.0390391
65.2 0.0273168 0.0363345
65.6 0.026635 0.0341683
66 0.0260676 0.0324732
66.4 0.0255939 0.0311851
66.8 0.0251941 0.0302432
67.2 0.0248494 0.0295911
67.6 0.0245423 0.0291769
68 0.0242566 0.0289536
68.4 0.0239775 0.0288791
68.8 0.023692 0.0289169
69.2 0.0233884 0.0290357
69.6 0.0230569 0.0292095
70 0.0226891 0.0294175
70.4 0.0222786 0.0296436
70.8 0.0218204 0.0298767
71.2 0.0213111 0.0301098
71.6 0.0207488 0.0303398
72 0.0201332 0.0305673
72.4 0.0194651 0.0307958
72.8 0.0187466 0.0310311
73.2 0.0179812 0.0312815
73.6 0.0171729 0.0315563
74 0.0163269 0.0318663
74.4 0.0154492 0.0322226
74.8 0.0145462 0.0326363
75.2 0.0136249 0.0331184
75.6 0.0126926 0.0336791
76 0.011757 0.0343273
76.4 0.0108257 0.035071
76.8 0.00990637 0.0359161
77.2 0.00900677 0.0368669
77.6 0.00813429 0.0379257
78 0.00729612 0.0390928
78.4 0.00649909 0.0403661
78.8 0.0057496 0.0417418
79.2 0.0050536 0.0432136
79.6 0.00441649 0.0447734
80 0.00384311 0.0464113
80.4 0.00333769 0.0481157
80.8 0.00290381 0.0498732
81.2 0.00254443 0.0516695
81.6 0.00226182 0.053489
82 0.00205757 0.0553153
82.4 0.00193261 0.0571317
82.8 0.0018872 0.0589209
83.2 0.00192092 0.0606658
83.6 0.00203269 0.0623494
84 0.00222081 0.0639554
84.4 0.00248295 0.065468
84.8 0.00281616 0.0668726
85.2 0.00321692 0.0681556
85.6 0.00368115 0.0693047
86 0.00420423 0.0703093
86.4 0.00478102 0.0711602
86.8 0.00540592 0.0718501
87.2 0.00607287 0.0723733
87.6 0.00677539 0.0727261
88 0.00750661 0.0729067
88.4 0.00825935 0.072915
88.8 0.0090261 0.0727528
89.2 0.00979912 0.0724236
89.6 0.0105705 0.0719328
90 0.0113321 0.0712872
90.4 0.0120758 0.0704949
90.8 0.0127935 0.0695657
91.2 0.0134771 0.0685102
91.6 0.0141187 0.0673404
92 0.0147107 0.0660689
92.4 0.0152459 0.0647089
92.8 0.0157175 0.0632744
93.2 0.0161193 0.0617793
93.6 0.0164458 0.0602381
94 0.0166923 0.0586651
94.4 0.0168551 0.0570742
94.8 0.0169317 0.0554792
95.2 0.0169205 0.0538933
95.6 0.0168215 0.0523292
96 0.0166358 0.0507988
96.4 0.0163664 0.0493131
96.8 0.0160175 0.0478822
97.2 0.0155953 0.0465152
97.6 0.0151074 0.0452201
98 0.0145633 0.0440038
98.4 0.0139744 0.0428721
98.8 0.0133533 0.0418297
99.2 0.0127148 0.04088
99.6 0.0120749 0.0400253
100 0.0114511 0.0392671
100.4 0.0108624 0.0386055
100.8 0.0103285 0.0380399
101.2 0.00987025 0.0375685
101.6 0.00950913 0.0371889
102 0.00926687 0.0368979
102.4 0.00916529 0.0366916
102.8 0.00922593 0.0365656
103.2 0.00946971 0.0365148
103.6 0.0099166 0.0365341
104 0.0105852 0.0366177
104.4 0.0114926 0.0367598
104.8 0.0126535 0.0369545
105.2 0.0140806 0.037196
105.6 0.0157837 0.0374781
106 0.0177696 0.0377952
106.4 0.0200421 0.0381415
106.8 0.0226012 0.0385117
107.2 0.0254434 0.0389006
107.6 0.0285614 0.0393032
108 0.0319443 0.0397151
108.4 0.0355769 0.0401318
108.8 0.0394407 0.0405496
109.2 0.043513 0.0409646
109.6 0.0477681 0.0413738
110 0.0521766 0.0417738
110.4 0.0567064 0.0421621
110.8 0.0613226 0.0425359
111.2 0.0659882 0.0428929
111.6 0.0706643 0.0432308
112 0.0753109 0.0435475
112.4 0.079887 0.0438408
112.8 0.0843516 0.0441088
113.2 0.0886639 0.0443493
113.6 0.092784 0.0445603
114 0.0966735 0.0447395
114.4 0.100296 0.0448848
114.8 0.103618 0.0449937
115.2 0.106607 0.0450639
115.6 0.109238 0.0450927
116 0.111485 0.0450777
116.4 0.11333 0.0450161
116.8 0.114757 0.0449052
117.2 0.115756 0.0447424
117.6 0.116321 0.0445249
118 0.116452 0.0442503
118.4 0.116151 0.0439162
118.8 0.115427 0.0435203
119.2 0.114293 0.0430609
119.6 0.112766 0.0425363
120 0.110867 0.0419453
120.4 0.10862 0.0412874
120.8 0.106053 0.0405623
121.2 0.103197 0.0397705
121.6 0.100083 0.0389128
122 0.0967464 0.037991
122.4 0.0932214 0.0370073
122.8 0.0895439 0.0359648
123.2 0.0857499 0.0348671
123.6 0.0818747 0.0337186
124 0.0779525 0.0325243
124.4 0.0740164 0.0312897
124.8 0.0700975 0.0300211
125.2 0.0662248 0.0287252
125.6 0.0624246 0.0274089
126 0.0587206 0.0260799
126.4 0.0551335 0.0247457
126.8 0.0516809 0.0234144
127.2 0.0483772 0.0220937
127.6 0.0452337 0.0207915
128 0.0422584 0.0195156
128.4 0.0394564 0.0182732
128.8 0.0368299 0.0170716
129.2 0.0343783 0.015917
129.6 0.0320988 0.0148157
130 0.0299861 0.0137726
130.4 0.0280333 0.0127925
130.8 0.0262316 0.0118791
131.2 0.0245713 0.011035
131.6 0.0230416 0.0102624
132 0.0216309 0.00956222
132.4 0.0203277 0.0089346
132.8 0.0191201 0.00837873
133.2 0.0179968 0.00789295
133.6 0.0169467 0.00747476
134 0.0159595 0.00712088
134.4 0.0150258 0.00682733
134.8 0.0141373 0.00658952
135.2 0.0132867 0.00640234
135.6 0.0124679 0.00626024
136 0.011676 0.00615739
136.4 0.0109074 0.00608773
136.8 0.0101595 0.00604515
137.2 0.0094309 0.00602354
137.6 0.00872124 0.00601693
138 0.00803098 0.00601959
138.4 0.00736135 0.00602613
138.8 0.00671422 0.00603157
139.2 0.00609192 0.00603144
139.6 0.00549709 0.0060218
140 0.00493256 0.00599935
140.4 0.00440114 0.00596141
140.8 0.00390557 0.00590595
141.2 0.00344833 0.00583162
141.6 0.00303156 0.00573771
142 0.00265695 0.00562416
142.4 0.00232571 0.00549148
142.8 0.00203845 0.00534075
143.2 0.00179521 0.0051735
143.6 0.00159543 0.00499172
144 0.00143792 0.00479771
144.4 0.00132094 0.00459405
144.8 0.00124218 0.00438351
145.2 0.00119886 0.00416894
145.6 0.0011878 0.00395325
146 0.00120542 0.00373924
146.4 0.00124793 0.00352961
146.8 0.00131131 0.00332687
147.2 0.00139146 0.00313324
147.6 0.00148428 0.00295068
148 0.00158571 0.00278075
148.4 0.00169186 0.00262469
148.8 0.00179902 0.0024833
149.2 0.00190379 0.00235701
149.6 0.00200305 0.00224585
150 0.00209407 0.00214947
150.4 0.00217449 0.00206715
150.8 0.00224238 0.00199785
151.2 0.00229619 0.00194025
151.6 0.00233481 0.0018928
152 0.00235753 0.00185373
152.4 0.00236399 0.00182116
152.8 0.0023542 0.00179313
153.2 0.0023285 0.00176763
153.6 0.00228748 0.0017427
154 0.002232 0.00171646
154.4 0.00216308 0.00168714
154.8 0.00208192 0.00165317
155.2 0.00198983 0.00161316
155.6 0.00188818 0.00156595
156 0.00177837 0.00151066
156.4 0.00166182 0.00144666
156.8 0.00153991 0.00137362
157.2 0.00141397 0.00129147
157.6 0.00128525 0.00120041
158 0.00115493 0.00110091
158.4 0.00102407 0.000993657
158.8 0.000893638 0.000879554
159.2 0.000764513 0.000759682
159.6 0.000637454 0.000635267
160 0.000513131 0.000507642
160.4 0.000392122 0.000378212
160.8 0.000274928 0.000248417
161.2 0.000161977 0.000119693
161.6 5.36386e-05 -6.55943e-06
162 -4.97674e-05 -0.000129008
162.4 -0.000147962 -0.00024642
162.8 -0.0002407 -0.000357681
163.2 -0.000327759 -0.000461821
163.6 -0.000408939 -0.000558028
164 -0.000484058 -0.000645657
164.4 -0.000552948 -0.000724234
164.8 -0.000615459 -0.000793463
165.2 -0.000671459 -0.000853214
165.6 -0.000720837 -0.000903523
166 -0.000763509 -0.000944573
166.4 -0.000799421 -0.000976682
166.8 -0.000828557 -0.00100029
167.2 -0.000850941 -0.00101592
167.6 -0.000866648 -0.0010242
168 -0.000875801 -0.0010258
168.4 -0.00087858 -0.0010214
168.8 -0.000875222 -0.00101174
169.2 -0.000866023 -0.000997535
169.6 -0.000851335 -0.000979471
170 -0.000831566 -0.000958211
170.4 -0.000807173 -0.000934365
170.8 -0.000778659 -0.000908484
171.2 -0.000746565 -0.000881057
171.6 -0.000711461 -0.0008525
172 -0.000673936 -0.000823161
172.4 -0.000634589 -0.000793316
172.8 -0.000594018 -0.000763176
173.2 -0.000552811 -0.00073289
173.6 -0.00051153 -0.000702553
174 -0.000470709 -0.000672215
174.4 -0.000430839 -0.000641887
174.8 -0.00039236 -0.000611558
175.2 -0.00035566 -0.000581196
175.6 -0.000321062 -0.000550761
176 -0.000288827 -0.000520219
176.4 -0.000259148 -0.00048954
176.8 -0.000232152 -0.000458712
177.2 -0.000207901 -0.000427745
177.6 -0.000186394 -0.000396673
178 -0.000167574 -0.000365557
178.4 -0.000151331 -0.000334486
178.8 -0.000137511 -0.000303577
179.2 -0.00012592 -0.000272969
179.6 -0.000116339 -0.000242826
180 -0.000108526 -0.000213325
180.4 -0.000102225 -0.000184656
180.8 -9.71779e-05 -0.000157014
181.2 -9.31296e-05 -0.000130591
181.6 -8.9835e-05 -0.000105574
182 -8.70653e-05 -8.21336e-05
182.4 -8.46132e-05 -6.04236e-05
182.8 -8.22972e-05 -4.05717e-05
183.2 -7.99636e-05 -2.26771e-05
183.6 -7.74892e-05 -6.80712e-06
184 -7.47808e-05 7.00493e-06
184.4 -7.17757e-05 1.8761e-05
184.8 -6.84391e-05 2.84979e-05
185.2 -6.47627e-05 3.62862e-05
185.6 -6.07609e-05 4.22279e-05
186 -5.64679e-05 4.6453e-05
186.4 -5.1933e-05 4.91155e-05
186.8 -4.72171e-05 5.03883e-05
187.2 -4.23881e-05 5.04587e-05
187.6 -3.75174e-05 4.95217e-05
188 -3.26758e-05 4.77755e-05
188.4 -2.79303e-05 4.5415e-05
188.8 -2.33414e-05 4.26269e-05
189.2 -1.89612e-05 3.95849e-05
189.6 -1.48315e-05 3.64453e-05
190 -1.09831e-05 3.33434e-05
190.4 -7.43543e-06 3.03909e-05
190.8 -4.19737e-06 2.76736e-05
191.2 -1.26767e-06 2.52511e-05
191.6 1.36339e-06 2.3156e-05
192 3.71235e-06 2.1395e-05
192.4 5.80052e-06 1.99504e-05
192.8 7.65185e-06 1.87825e-05
193.2 9.29076e-06 1.78323e-05
193.6 1.074e-05 1.70248e-05
194 1.20189e-05 1.62733e-05
194.4 1.31415e-05 1.54825e-05
194.8 1.41154e-05 1.45534e-05
195.2 1.49409e-05 1.33868e-05
195.6 1.56105e-05 1.18872e-05
196 1.6109e-05 9.96638e-06
196.4 1.64138e-05 7.54637e-06
196.8 1.64962e-05 4.56229e-06
197.2 1.63221e-05 9.64291e-07
197.6 1.58543e-05 -3.28086e-06
198 1.50538e-05 -8.18891e-06
198.4 1.38822e-05 -1.37577e-05
198.8 1.2304e-05 -1.99674e-05
199.2 1.0288e-05 -2.67814e-05
199.6 7.81018e-06 -3.41471e-05
200 4.85512e-06 -4.1998e-05
200.4 1.41762e-06 -5.02552e-05
200.8 -2.49604e-06 -5.88296e-05
201.2 -6.86719e-06 -6.76243e-05
201.6 -1.16644e-05 -7.65365e-05
202 -1.68433e-05 -8.54602e-05
202.4 -2.23474e-05 -9.42882e-05
202.8 -2.81087e-05 -0.000102914
203.2 -3.40492e-05 -0.000111233
203.6 -4.00822e-05 -0.000119146
204 -4.61151e-05 -0.000126558
204.4 -5.20507e-05 -0.000133381
204.8 -5.77902e-05 -0.000139534
205.2 -6.32358e-05 -0.000144944
205.6 -6.82928e-05 -0.000149544
206 -7.28721e-05 -0.000153277
206.4 -7.6893e-05 -0.000156093
206.8 -8.02845e-05 -0.000157952
207.2 -8.29878e-05 -0.000158818
207.6 -8.4957e-05 -0.000158665
208 -8.61608e-05 -0.000157476
208.4 -8.65827e-05 -0.000155238
208.8 -8.62215e-05 -0.000151948
209.2 -8.50908e-05 -0.000147612
209.6 -8.32189e-05 -0.000142244
210 -8.06471e-05 -0.000135865
210.4 -7.74292e-05 -0.00012851
210.8 -7.36292e-05 -0.000120222
211.2 -6.93202e-05 -0.000111057
211.6 -6.45817e-05 -0.000101084
212 -5.94983e-05 -9.03843e-05
212.4 -5.41571e-05 -7.90561e-05
212.8 -4.86455e-05 -6.72111e-05
213.2 -4.305e-05 -5.49772e-05
213.6 -3.74535e-05 -4.2498e-05
214 -3.19342e-05 -2.9933e-05
214.4 -2.65639e-05 -1.74567e-05
214.8 -2.14073e-05 -5.25795e-06
215.2 -1.65205e-05 6.46155e-06
215.6 -1.19507e-05 1.74891e-05
216 -7.73592e-06 2.76032e-05
216.4 -3.9048e-06 3.65761e-05
216.8 -4.76767e-07 4.41773e-05
217.2 2.53758e-06 5.01764e-05
217.6 5.13591e-06 5.4347e-05
218 7.32354e-06 5.6471e-05
218.4 9.11255e-06 5.63418e-05
218.8 1.0521e-05 5.37694e-05
219.2 1.15721e-05 4.85835e-05
219.6 1.22931e-05 4.0638e-05
220 1.27148e-05 2.98144e-05
220.4 1.28705e-05 1.60251e-05
220.8 1.27954e-05 -7.83636e-07
221.2 1.2526e-05 -2.06292e-05
221.6 1.20997e-05 -4.34911e-05
222 1.15542e-05 -6.93091e-05
222.4 1.09273e-05 -9.79836e-05
222.8 1.02567e-05 -0.000129375
223.2 9.57991e-06 -0.000163304
223.6 8.93395e-06 -0.000199555
224 8.35543e-06 -0.000237876
224.4 7.88038e-06 -0.000277982
224.8 7.54424e-06 -0.000319562
225.2 7.38167e-06 -0.000362274
225.6 7.42636e-06 -0.00040576
226 7.71085e-06 -0.000449642
226.4 8.26612e-06 -0.000493533
226.8 9.12124e-06 -0.000537037
227.2 1.03029e-05 -0.000579758
227.6 1.18347e-05 -0.000621305
228 1.3737e-05 -0.000661293
228.4 1.60257e-05 -0.000699353
228.8 1.87119e-05 -0.000735135
229.2 2.18013e-05 -0.000768309
229.6 2.52936e-05 -0.000798574
230 2.91816e-05 -0.000825658
230.4 3.34514e-05 -0.000849322
230.8 3.80816e-05 -0.000869364
231.2 4.30431e-05 -0.000885617
231.6 4.82995e-05 -0.000897955
232 5.38069e-05 -0.000906292
232.4 5.95146e-05 -0.000910579
232.8 6.53652e-05 -0.00091081
233.2 7.12959e-05 -0.000907016
233.6 7.7239e-05 -0.000899269
234 8.31234e-05 -0.000887675
234.4 8.88755e-05 -0.000872374
234.8 9.44206e-05 -0.000853541
235.2 9.96848e-05 -0.000831378
235.6 0.000104596 -0.000806117
236 0.000109085 -0.000778011
236.4 0.000113089 -0.000747335
236.8 0.00011655 -0.000714382
237.2 0.000119418 -0.000679457
237.6 0.000121651 -0.000642879
238 0.000123219 -0.00060497
238.4 0.0001241 -0.000566058
238.8 0.000124284 -0.000526471
239.2 0.000123771 -0.000486532
239.6 0.000122574 -0.00044656
240 0.000120714 -0.000406863
240.4 0.000118224 -0.000367736
240.8 0.000115148 -0.000329459
241.2 0.000111536 -0.000292295
241.6 0.000107445 -0.000256486
242 0.000102942 -0.000222251
242.4 9.80949e-05 -0.000189786
242.8 9.29763e-05 -0.000159262
243.2 8.76605e-05 -0.000130822
243.6 8.22219e-05 -0.00010458
244 7.67337e-05 -8.06257e-05
244.4 7.12662e-05 -5.90175e-05
244.8 6.58859e-05 -3.97867e-05
245.2 6.06541e-05 -2.29371e-05
245.6 5.56261e-05 -8.44587e-06
246 5.08503e-05 3.73519e-06
246.4 4.63676e-05 1.36781e-05
246.8 4.22114e-05 2.14768e-05
247.2 3.84068e-05 2.72451e-05
247.6 3.49711e-05 3.11142e-05
248 3.1914e-05 3.32303e-05
248.4 2.92378e-05 3.37518e-05
248.8 2.69381e-05 3.28465e-05
249.2 2.50044e-05 3.06889e-05
249.6 2.34209e-05 2.74569e-05
250 2.21674e-05 2.33295e-05
250.4 2.12201e-05 1.84838e-05
250.8 2.05525e-05 1.30923e-05
251.2 2.01364e-05 7.32059e-06
251.6 1.99425e-05 1.32541e-06
252 1.99414e-05 -4.74762e-06
252.4 2.01042e-05 -1.07655e-05
252.8 2.04029e-05 -1.66092e-05
253.2 2.08115e-05 -2.21744e-05
253.6 2.13055e-05 -2.73727e-05
254 2.1863e-05 -3.21313e-05
254.4 2.24643e-05 -3.63934e-05
254.8 2.30924e-05 -4.01178e-05
255.2 2.37323e-05 -4.32782e-05
255.6 2.43716e-05 -4.58625e-05
256 2.50002e-05 -4.78713e-05
256.4 2.56094e-05 -4.93171e-05
256.8 2.61927e-05 -5.02228e-05
257.2 2.67446e-05 -5.06196e-05
257.6 2.72608e-05 -5.05462e-05
258 2.77378e-05 -5.00464e-05
258.4 2.81728e-05 -4.91682e-05
258.8 2.85633e-05 -4.79618e-05
259.2 2.89071e-05 -4.64782e-05
259.6 2.92019e-05 -4.47679e-05
260 2.94458e-05 -4.288e-05
260.4 2.96367e-05 -4.08609e-05
260.8 2.97726e-05 -3.87534e-05
261.2 2.98517e-05 -3.65964e-05
261.6 2.98723e-05 -3.44243e-05
262 2.98332e-05 -3.22667e-05
262.4 2.97336e-05 -3.01482e-05
262.8 2.95734e-05 -2.8089e-05
263.2 2.93531e-05 -2.61044e-05
263.6 2.90742e-05 -2.42057e-05
264 2.87392e-05 -2.24004e-05
264.4 2.83513e-05 -2.06928e-05
264.8 2.7915e-05 -1.90844e-05
265.2 2.74356e-05 -1.75746e-05
265.6 2.69195e-05 -1.61611e-05
266 2.63738e-05 -1.48406e-05
266.4 2.58061e-05 -1.36092e-05
266.8 2.52246e-05 -1.24629e-05
267.2 2.46378e-05 -1.13978e-05
267.6 2.40542e-05 -1.04105e-05
268 2.34819e-05 -9.49813e-06
268.4 2.29288e-05 -8.65862e-06
268.8 2.2402e-05 -7.89065e-06
269.2 2.19076e-05 -7.1936e-06
269.6 2.14508e-05 -6.56742e-06
270 2.10353e-05 -6.01248e-06
270.4 2.06637e-05 -5.5294e-06
270.8 2.03372e-05 -5.11875e-06
271.2 2.00552e-05 -4.7809e-06
271.6 1.98162e-05 -4.51577e-06
272 1.96171e-05 -4.32258e-06
272.4 1.94536e-05 -4.19976e-06
272.8 1.93207e-05 -4.14474e-06
273.2 1.92122e-05 -4.15393e-06
273.6 1.91216e-05 -4.22264e-06
274 1.90421e-05 -4.34511e-06
274.4 1.89666e-05 -4.51463e-06
274.8 1.88884e-05 -4.7236e-06
275.2 1.88012e-05 -4.96376e-06
275.6 1.86993e-05 -5.22635e-06
276 1.85778e-05 -5.50237e-06
276.4 1.84328e-05 -5.78283e-06
276.8 1.82617e-05 -6.059e-06
277.2 1.80628e-05 -6.32265e-06
277.6 1.78357e-05 -6.56631e-06
278 1.75813e-05 -6.78343e-06
278.4 1.73012e-05 -6.96862e-06
278.8 1.69983e-05 -7.1177e-06
279.2 1.66763e-05 -7.22784e-06
279.6 1.63392e-05 -7.29756e-06
280 1.59918e-05 -7.32669e-06
280.4 1.56388e-05 -7.31635e-06
280.8 1.52851e-05 -7.26877e-06
281.2 1.49351e-05 -7.18717e-06
281.6 1.45929e-05 -7.07555e-06
282 1.4262e-05 -6.93845e-06
282.4 1.39448e-05 -6.78074e-06
282.8 1.36431e-05 -6.6074e-06
283.2 1.33577e-05 -6.4232e-06
283.6 1.3088e-05 -6.23259e-06
284 1.28329e-05 -6.03943e-06
284.4 1.259e-05 -5.84684e-06
284.8 1.2356e-05 -5.65711e-06
285.2 1.21271e-05 -5.47158e-06
285.6 1.18988e-05 -5.29064e-06
286 1.16663e-05 -5.11376e-06
286.4 1.14244e-05 -4.93951e-06
286.8 1.11684e-05 -4.76571e-06
287.2 1.08934e-05 -4.58957e-06
287.6 1.05954e-05 -4.40784e-06
288 1.02708e-05 -4.21708e-06
288.4 9.91705e-06 -4.01382e-06
288.8 9.5324e-06 -3.79481e-06
289.2 9.11636e-06 -3.55723e-06
289.6 8.66953e-06 -3.29889e-06
290 8.19372e-06 -3.01843e-06
290.4 7.69187e-06 -2.71542e-06
290.8 7.16801e-06 -2.39052e-06
291.2 6.62717e-06 -2.04551e-06
291.6 6.07518e-06 -1.68328e-06
292 5.51856e-06 -1.30786e-06
292.4 4.96425e-06 -9.24261e-07
292.8 4.41946e-06 -5.38378e-07
293.2 3.8914e-06 -1.56815e-07
293.6 3.38708e-06 2.1333e-07
294 2.91307e-06 5.64702e-07
294.4 2.4753e-06 8.89943e-07
294.8 2.0789e-06 1.18195e-06
295.2 1.72803e-06 1.43416e-06
295.6 1.42577e-06 1.64075e-06
296 1.17403e-06 1.79691e-06
296.4 9.73533e-07 1.89901e-06
296.8 8.23794e-07 1.94479e-06
297.2 7.23176e-07 1.93341e-06
297.6 6.68967e-07 1.86557e-06
298 6.57495e-07 1.74348e-06
298.4 6.84271e-07 1.57081e-06
298.8 7.44159e-07 1.35263e-06
299.2 8.31561e-07 1.0952e-06
299.6 9.40611e-07 8.05832e-07
300 1.06537e-06 4.92612e-07
300.4 1.20004e-06 1.64177e-07
300.8 1.3391e-06 -1.70583e-07
301.2 1.47752e-06 -5.02811e-07
301.6 1.61088e-06 -8.23963e-07
302 1.73545e-06 -1.12609e-06
302.4 1.84834e-06 -1.40208e-06
302.8 1.94748e-06 -1.6459e-06
303.2 2.03167e-06 -1.85276e-06
303.6 2.10055e-06 -2.01923e-06
304 2.15454e-06 -2.14338e-06
304.4 2.19478e-06 -2.22477e-06
304.8 2.22299e-06 -2.26445e-06
305.2 2.24138e-06 -2.26487e-06
305.6 2.25249e-06 -2.22977e-06
306 2.25905e-06 -2.16401e-06
306.4 2.26384e-06 -2.07336e-06
306.8 2.26951e-06 -1.96427e-06
307.2 2.27852e-06 -1.84361e-06
307.6 2.29293e-06 -1.71841e-06
308 2.31439e-06 -1.59557e-06
308.4 2.344e-06 -1.48162e-06
308.8 2.38228e-06 -1.38249e-06
309.2 2.42918e-06 -1.30326e-06
309.6 2.48404e-06 -1.24801e-06
310 2.54565e-06 -1.21966e-06
310.4 2.61231e-06 -1.21992e-06
310.8 2.6819e-06 -1.24917e-06
311.2 2.75196e-06 -1.30655e-06
311.6 2.81984e-06 -1.38998e-06
312 2.8828e-06 -1.49622e-06
312.4 2.93811e-06 -1.62108e-06
312.8 2.98323e-06 -1.75956e-06
313.2 3.01584e-06 -1.90605e-06
313.6 3.03404e-06 -2.05458e-06
314 3.03634e-06 -2.19901e-06
314.4 3.02179e-06 -2.33335e-06
314.8 2.99002e-06 -2.45188e-06
315.2 2.94122e-06 -2.54947e-06
315.6 2.87618e-06 -2.62168e-06
316 2.79625e-06 -2.66501e-06
316.4 2.70326e-06 -2.67692e-06
316.8 2.5995e-06 -2.656e-06
317.2 2.48761e-06 -2.60197e-06
317.6 2.37046e-06 -2.51567e-06
318 2.25107e-06 -2.39901e-06
318.4 2.13246e-06 -2.25492e-06
318.8 2.01757e-06 -2.08717e-06
319.2 1.90914e-06 -1.90023e-06
319.6 1.80958e-06 -1.69913e-06
320 1.72092e-06 -1.48921e-06
320.4 1.64472e-06 -1.27593e-06
320.8 1.582e-06 -1.06467e-06
321.2 1.53326e-06 -8.60534e-07
321.6 1.49841e-06 -6.6815e-07
322 1.47683e-06 -4.91519e-07
322.4 1.46736e-06 -3.3388e-07
322.8 1.46842e-06 -1.97607e-07
323.2 1.47803e-06 -8.41457e-08
323.6 1.4939e-06 6.01187e-09
324 1.51357e-06 7.33147e-08
324.4 1.53446e-06 1.19101e-07
324.8 1.55402e-06 1.45515e-07
325.2 1.56984e-06 1.55386e-07
325.6 1.57969e-06 1.52089e-07
326 1.58168e-06 1.3938e-07
326.4 1.57432e-06 1.21224e-07
326.8 1.55652e-06 1.01611e-07
327.2 1.52773e-06 8.438e-08
327.6 1.48787e-06 7.30472e-08
328 1.43738e-06 7.06552e-08
328.4 1.37719e-06 7.96409e-08
328.8 1.30866e-06 1.01732e-07
329.2 1.23354e-06 1.37873e-07
329.6 1.15388e-06 1.88192e-07
330 1.07198e-06 2.51991e-07
330.4 9.90227e-07 3.27783e-07
330.8 9.11064e-07 4.13358e-07
331.2 8.36842e-07 5.05876e-07
331.6 7.69746e-07 6.01995e-07
332 7.11695e-07 6.98012e-07
332.4 6.64265e-07 7.90028e-07
332.8 6.28624e-07 8.74112e-07
333.2 6.05481e-07 9.46476e-07
333.6 5.95059e-07 1.00364e-06
334 5.9708e-07 1.04259e-06
334.4 6.10776e-07 1.06092e-06
334.8 6.34917e-07 1.05691e-06
335.2 6.67856e-07 1.02966e-06
335.6 7.07594e-07 9.7914e-07
336 7.51856e-07 9.06161e-07
336.4 7.98175e-07 8.12415e-07
336.8 8.4399e-07 7.00404e-07
337.2 8.86744e-07 5.73365e-07
337.6 9.23978e-07 4.35161e-07
338 9.53425e-07 2.9015e-07
338.4 9.731e-07 1.43032e-07
338.8 9.81368e-07 -1.31895e-09
339.2 9.77008e-07 -1.38025e-07
339.6 9.5926e-07 -2.62379e-07
340 9.27847e-07 -3.70014e-07
340.4 8.82986e-07 -4.57058e-07
340.8 8.25379e-07 -5.20271e-07
341.2 7.5618e-07 -5.57157e-07
341.6 6.76956e-07 -5.66054e-07
342 5.89621e-07 -5.46191e-07
342.4 4.96367e-07 -4.97704e-07
342.8 3.99578e-07 -4.21634e-07
343.2 3.01744e-07 -3.19883e-07
343.6 2.05368e-07 -1.95137e-07
344 1.12874e-07 -5.07683e-08
344.4 2.6523e-08 1.09288e-07
344.8 -5.16722e-08 2.80679e-07
345.2 -1.20011e-07 4.5879e-07
345.6 -1.77164e-07 6.38909e-07
346 -2.22214e-07 8.1639e-07
346.4 -2.54683e-07 9.86813e-07
346.8 -2.7454e-07 1.14613e-06
347.2 -2.82191e-07 1.29081e-06
347.6 -2.78456e-07 1.41792e-06
348 -2.6453e-07 1.52525e-06
348.4 -2.41928e-07 1.61133e-06
348.8 -2.1242e-07 1.6755e-06
349.2 -1.77961e-07 1.71787e-06
349.6 -1.40611e-07 1.73931e-06
350 -1.02452e-07 1.74139e-06
350.4 -6.55127e-08 1.72627e-06
350.8 -3.16902e-08 1.69665e-06
351.2 -2.6806e-09 1.65558e-06
351.6 2.00802e-08 1.60637e-06
352 3.54649e-08 1.55243e-06
352.4 4.26898e-08 1.49716e-06
352.8 4.1336e-08 1.44376e-06
353.2 3.13553e-08 1.39515e-06
353.6 1.30615e-08 1.35382e-06
354 -1.28922e-08 1.32179e-06
354.4 -4.55488e-08 1.30048e-06
354.8 -8.36946e-08 1.2907e-06
355.2 -1.25915e-07 1.29263e-06
355.6 -1.70656e-07 1.30583e-06
356 -2.16294e-07 1.32924e-06
356.4 -2.612e-07 1.36127e-06
356.8 -3.03809e-07 1.39988e-06
357.2 -3.42678e-07 1.44265e-06
357.6 -3.76547e-07 1.48691e-06
358 -4.04384e-07 1.52985e-06
358.4 -4.25419e-07 1.56865e-06
358.8 -4.3917e-07 1.60059e-06
359.2 -4.45457e-07 1.62317e-06
359.6 -4.44399e-07 1.63423e-06
360 -4.36402e-07 1.63201e-06
360.4 -4.22131e-07 1.61524e-06
360.8 -4.02479e-07 1.58322e-06
361.2 -3.78519e-07 1.53577e-06
361.6 -3.51453e-07 1.47332e-06
362 -3.22558e-07 1.39685e-06
362.4 -2.93125e-07 1.30785e-06
362.8 -2.64402e-07 1.20824e-06
363.2 -2.3754e-07 1.10036e-06
363.6 -2.13542e-07 9.86787e-07
364 -1.93219e-07 8.70287e-07
364.4 -1.77155e-07 7.53691e-07
364.8 -1.65685e-07 6.39774e-07
365.2 -1.58883e-07 5.31156e-07
365.6 -1.56553e-07 4.30194e-07
366 -1.58249e-07 3.38892e-07
366.4 -1.63288e-07 2.5883e-07
366.8 -1.70785e-07 1.911e-07
367.2 -1.79692e-07 1.36275e-07
367.6 -1.88844e-07 9.43903e-08
368 -1.97011e-07 6.49495e-08
368.4 -2.02955e-07 4.69552e-08
368.8 -2.0548e-07 3.89558e-08
369.2 -2.03491e-07 3.91125e-08
369.6 -1.9604e-07 4.5282e-08
370 -1.8237e-07 5.51099e-08
370.4 -1.61952e-07 6.6133e-08
370.8 -1.34512e-07 7.58856e-08
371.2 -1.00044e-07 8.20048e-08
371.6 -5.88172e-08 8.23311e-08
372 -1.13724e-08 7.50007e-08
372.4 4.14984e-08 5.85248e-08
372.8 9.87777e-08 3.18534e-08
373.2 1.59258e-07 -5.57892e-09
373.6 2.21587e-07 -5.38276e-08
374 2.84316e-07 -1.12433e-07
374.4 3.45953e-07 -1.80437e-07
374.8 4.05023e-07 -2.56418e-07
375.2 4.60116e-07 -3.3855e-07
375.6 5.09945e-07 -4.24671e-07
376 5.53391e-07 -5.12368e-07
376.4 5.89545e-07 -5.99076e-07
376.8 6.17743e-07 -6.82176e-07
377.2 6.37587e-07 -7.59103e-07
377.6 6.48961e-07 -8.27442e-07
378 6.52031e-07 -8.85033e-07
378.4 6.47242e-07 -9.30046e-07
378.8 6.35293e-07 -9.61067e-07
379.2 6.17114e-07 -9.77142e-07
379.6 5.93826e-07 -9.77827e-07
380 5.66699e-07 -9.632e-07
380.4 5.37105e-07 -9.33862e-07
380.8 5.06459e-07 -8.90916e-07
381.2 4.76172e-07 -8.35927e-07
381.6 4.47597e-07 -7.70861e-07
382 4.21973e-07 -6.98012e-07
382.4 4.0039e-07 -6.19917e-07
382.8 3.83739e-07 -5.3926e-07
383.2 3.7269e-07 -4.58773e-07
383.6 3.67665e-07 -3.81129e-07
384 3.68829e-07 -3.08853e-07
384.4 3.76086e-07 -2.44218e-07
384.8 3.89088e-07 -1.89173e-07
385.2 4.07255e-07 -1.45268e-07
385.6 4.29799e-07 -1.13601e-07
386 4.55758e-07 -9.47862e-08
386.4 4.84044e-07 -8.89343e-08
386.8 5.13478e-07 -9.56565e-08
387.2 5.42848e-07 -1.14087e-07
387.6 5.70954e-07 -1.42924e-07
388 5.96655e-07 -1.80485e-07
388.4 6.18917e-07 -2.24782e-07
388.8 6.36851e-07 -2.73598e-07
389.2 6.49751e-07 -3.24583e-07
389.6 6.57116e-07 -3.75345e-07
390 6.5867e-07 -4.23545e-07
390.4 6.54373e-07 -4.66994e-07
390.8 6.44417e-07 -5.03731e-07
391.2 6.29218e-07 -5.32102e-07
391.6 6.09397e-07 -5.50824e-07
392 5.85754e-07 -5.59027e-07
392.4 5.59236e-07 -5.5629e-07
392.8 5.30893e-07 -5.42647e-07
393.2 5.0184e-07 -5.18587e-07
393.6 4.73213e-07 -4.85023e-07
394 4.46119e-07 -4.43258e-07
394.4 4.21596e-07 -3.94925e-07
394.8 4.00573e-07 -3.41918e-07
395.2 3.83831e-07 -2.86316e-07
395.6 3.71977e-07 -2.30298e-07
396 3.65421e-07 -1.76052e-07
396.4 3.64358e-07 -1.2569e-07
396.8 3.68771e-07 -8.11602e-08
397.2 3.78422e-07 -4.41753e-08
397.6 3.92876e-07 -1.61408e-08
398 4.11511e-07 1.89742e-09
398.4 4.33549e-07 9.2928e-09
398.8 4.58087e-07 5.8216e-09
399.2 4.84137e-07 -8.31072e-09
399.6 5.1066e-07 -3.24802e-08
400 5.36616e-07 -6.56717e-08
