-0.498 0.000371638 -0.000158854
-0.496 0.000820768 -0.000126354
-0.494 0.000267989 0.000661692
-0.492 -0.00236467 0.00247778
-0.49 -0.00802289 0.00531978
-0.488 -0.0174003 0.00898103
-0.486 -0.0308332 0.0131604
-0.484 -0.048212 0.0175942
-0.482 -0.0689113 0.0221874
-0.48 -0.0917422 0.0271226
-0.478 -0.114933 0.0329247
-0.476 -0.136147 0.0404671
-0.474 -0.152544 0.0509128
-0.472 -0.160905 0.0655948
-0.47 -0.157819 0.0858488
-0.468 -0.139937 0.112822
-0.466 -0.104302 0.147282
-0.464 -0.0487232 0.189459
-0.462 0.0278124 0.238936
-0.46 0.124728 0.29461
-0.458 0.239492 0.35472
-0.456 0.367333 0.416957
-0.454 0.501099 0.478629
-0.452 0.63129 0.536872
-0.45 0.746308 0.5889
-0.448 0.832949 0.632257
-0.446 0.877127 0.665064
-0.444 0.864832 0.686223
-0.442 0.78326 0.695562
-0.44 0.622064 0.693883
-0.438 0.374637 0.682896
-0.436 0.0393228 0.665018
-0.434 -0.379555 0.643053
-0.432 -0.870961 0.61975
-0.43 -1.41681 0.597319
-0.428 -1.99215 0.576947
-0.426 -2.56585 0.558407
-0.424 -3.10191 0.53984
-0.422 -3.56135 0.517773
-0.42 -3.90456 0.487404
-0.418 -4.0941 0.44315
-0.416 -4.0977 0.379404
-0.414 -3.89128 0.291412
-0.412 -3.46183 0.176163
-0.41 -2.80981 0.0331664
-0.408 -1.95079 -0.134963
-0.406 -0.916278 -0.322201
-0.404 0.246669 -0.519117
-0.402 1.47697 -0.713174
-0.4 2.70234 -0.889316
-0.398 3.84323 -1.03079
-0.396 4.81776 -1.12016
-0.394 5.54737 -1.14052
-0.392 5.96274 -1.07679
-0.39 6.00967 -0.917146
-0.388 5.65437 -0.654508
-0.386 4.88776 -0.28793
-0.384 3.72837 0.17613
-0.382 2.22356 0.722908
-0.38 0.448777 1.32895
-0.378 -1.49524 1.96247
-0.376 -3.48716 2.58448
-0.374 -5.39162 3.15092
-0.372 -7.06729 3.61545
-0.37 -8.37596 3.93306
-0.368 -9.19219 4.06382
-0.366 -9.41289 3.97673
-0.364 -8.96622 3.65312
-0.362 -7.81898 3.08919
-0.36 -5.98214 2.29761
-0.358 -3.51368 1.30782
-0.356 -0.518465 0.165069
-0.354 2.85507 -1.07179
-0.352 6.42157 -2.33353
-0.35 9.9684 -3.54468
-0.348 13.2679 -4.6283
-0.346 16.0916 -5.51107
-0.344 18.2254 -6.12853
-0.342 19.4847 -6.4301
-0.34 19.7285 -6.38364
-0.338 18.8715 -5.9792
-0.336 16.8929 -5.23167
-0.334 13.8414 -4.18184
-0.332 9.83574 -2.8959
-0.33 5.06091 -1.46284
-0.328 -0.240501 0.0099572
-0.326 -5.78092 1.40303
-0.324 -11.244 2.59251
-0.322 -16.3034 3.45878
-0.32 -20.6428 3.89535
-0.318 -23.9766 3.81734
-0.316 -26.0695 3.16894
-0.314 -26.7528 1.92908
-0.312 -25.9389 0.115136
-0.31 -23.6297 -2.21584
-0.308 -19.9201 -4.96834
-0.306 -14.9964 -8.01208
-0.304 -9.12801 -11.1882
-0.302 -2.65343 -14.3172
-0.3 4.03802 -17.2093
-0.298 10.5291 -19.6756
-0.296 16.3999 -21.5397
-0.294 21.2545 -22.6509
-0.292 24.7468 -22.8946
-0.29 26.6041 -22.2029
-0.288 26.647 -20.5618
-0.286 24.8039 -18.0153
-0.284 21.1186 -14.6659
-0.282 15.7519 -10.6705
-0.28 8.97397 -6.23286
-0.278 1.15127 -1.59193
-0.276 -7.27441 2.99223
-0.274 -15.8116 7.25418
-0.272 -23.9489 10.9394
-0.27 -31.1864 13.82
-0.268 -37.0673 15.7084
-0.266 -41.2066 16.4691
-0.264 -43.3163 16.0272
-0.262 -43.2238 14.374
-0.26 -40.8838 11.5692
-0.258 -36.3811 7.73957
-0.256 -29.9263 3.07463
-0.254 -21.8426 -2.1811
-0.252 -12.5461 -7.73905
-0.25 -2.52016 -13.2804
-0.248 7.7138 -18.4725
-0.246 17.6282 -22.987
-0.244 26.7206 -26.5192
-0.242 34.5441 -28.807
-0.24 40.7332 -29.6479
-0.238 45.0251 -28.9133
-0.236 47.2746 -26.5588
-0.234 47.4613 -22.6285
-0.232 45.6892 -17.254
-0.23 42.1784 -10.6478
-0.228 37.2487 -3.09203
-0.226 31.2969 5.07769
-0.224 24.7691 13.4902
-0.222 18.129 21.7583
-0.22 11.8247 29.4987
-0.218 6.25755 36.3504
-0.216 1.75364 41.9912
-0.214 -1.45865 46.1522
-0.212 -3.26353 48.6292
-0.21 -3.66389 49.2911
-0.208 -2.77809 48.0851
-0.206 -0.827724 45.039
-0.204 1.88256 40.2598
-0.202 4.9914 33.9294
-0.2 8.11101 26.2976
-0.198 10.8589 17.6708
-0.196 12.8885 8.39983
-0.194 13.9165 -1.1352
-0.192 13.7448 -10.5413
-0.19 12.2754 -19.4295
-0.188 9.51846 -27.4314
-0.186 5.59187 -34.2154
-0.184 0.713144 -39.501
-0.182 -4.81536 -43.0709
-0.18 -10.6274 -44.7808
-0.178 -16.3183 -44.5657
-0.176 -21.4735 -42.443
-0.174 -25.6982 -38.5119
-0.172 -28.6467 -32.9482
-0.17 -30.0494 -25.9971
-0.168 -29.7351 -17.9616
-0.166 -27.6483 -9.18914
-0.164 -23.8584 -0.0561714
-0.162 -18.561 9.04735
-0.16 -12.0699 17.7341
-0.158 -4.8002 25.6343
-0.156 2.75744 32.4103
-0.154 10.0688 37.7691
-0.152 16.5937 41.4739
-0.15 21.825 43.3549
-0.148 25.3278 43.3178
-0.146 26.774 41.3516
-0.144 25.9711 37.5348
-0.142 22.8808 32.0376
-0.14 17.6285 25.1219
-0.138 10.4997 17.1357
-0.136 1.92609 8.50236
-0.134 -7.53995 -0.296949
-0.132 -17.2594 -8.74576
-0.13 -26.5476 -16.3202
-0.128 -34.7186 -22.5199
-0.126 -41.1305 -26.8992
-0.124 -45.2285 -29.0969
-0.122 -46.5825 -28.8619
-0.12 -44.9173 -26.0721
-0.118 -40.1341 -20.7465
-0.116 -32.3214 -13.0491
-0.114 -21.7551 -3.2849
-0.112 -8.88832 8.11104
-0.11 5.66943 20.5917
-0.108 21.1824 33.5209
-0.106 36.8267 46.2018
-0.104 51.7351 57.9084
-0.102 65.0452 67.9205
-0.1 75.9496 75.5602
-0.098 83.7443 80.2297
-0.096 87.8725 81.4472
-0.094 87.9619 78.8804
-0.092 83.8513 72.3738
-0.09 75.6065 61.9692
-0.088 63.5228 47.9149
-0.086 48.1137 30.6647
-0.084 30.0872 10.8635
-0.082 10.3084 -10.6781
-0.08 -10.2471 -33.0211
-0.078 -30.5482 -55.1426
-0.076 -49.5669 -75.9877
-0.074 -66.3371 -94.5236
-0.072 -80.0105 -109.794
-0.07 -89.9042 -120.97
-0.068 -95.5384 -127.398
-0.066 -96.6623 -128.64
-0.064 -93.2654 -124.5
-0.062 -85.5765 -115.047
-0.06 -74.0485 -100.618
-0.058 -59.3324 -81.8078
-0.056 -42.2404 -59.4511
-0.054 -23.7015 -34.5771
-0.052 -4.71118 -8.35932
-0.05 13.7227 17.9499
-0.048 30.6339 43.0912
-0.046 45.149 65.8722
-0.044 56.5339 85.2378
-0.042 64.2316 100.331
-0.04 67.8906 110.537
-0.038 67.3812 115.518
-0.036 62.8008 115.22
-0.034 54.4668 109.869
-0.032 42.8982 99.9457
-0.03 28.7872 86.1591
-0.028 12.9616 69.3977
-0.026 -3.65984 50.6822
-0.024 -20.1166 31.1134
-0.022 -35.4585 11.8157
-0.02 -48.7975 -6.11812
-0.018 -59.3562 -21.6839
-0.016 -66.5118 -34.0208
-0.014 -69.831 -42.4628
-0.012 -69.0959 -46.5835
-0.01 -64.3177 -46.2309
-0.008 -55.7386 -41.547
-0.006 -43.8195 -32.9689
-0.004 -29.216 -21.2077
-0.002 -12.7416 -7.20558
0 4.67939 7.92875
0.002 22.0654 23
0.004 38.4359 36.8137
0.006 52.8693 48.2656
0.008 64.5565 56.4212
0.01 72.8481 60.5794
0.012 77.2901 60.3153
0.014 77.6485 55.5009
0.016 73.9206 46.303
0.018 66.3329 33.1632
0.02 55.3271 16.7625
0.022 41.5339 -2.0239
0.024 25.737 -22.1792
0.026 8.83026 -42.5998
0.028 -8.23227 -62.1522
0.03 -24.4875 -79.7297
0.032 -39.0156 -94.3071
0.034 -50.989 -104.994
0.036 -59.7171 -111.084
0.038 -64.6833 -112.096
0.04 -65.5732 -107.808
0.042 -62.2927 -98.2793
0.044 -54.9747 -83.853
0.046 -43.9736 -65.147
0.048 -29.8484 -43.0228
0.05 -13.3346 -18.5384
0.052 4.6945 7.11231
0.054 23.2735 32.6702
0.056 41.3968 56.8847
0.058 58.0724 78.5859
0.06 72.3757 96.7489
0.062 83.4995 110.547
0.064 90.7987 119.391
0.066 93.8264 122.952
0.068 92.36 121.17
0.07 86.4155 114.248
0.072 76.249 102.632
0.074 62.3442 86.9822
0.076 45.3872 68.1307
0.078 26.2281 47.0377
0.08 5.83338 24.7377
0.082 -14.77 2.28518
0.084 -34.553 -19.2989
0.086 -52.5435 -39.079
0.088 -67.8807 -56.2495
0.09 -79.8617 -70.1712
0.092 -87.9784 -80.3971
0.094 -91.9412 -86.6856
0.096 -91.6899 -89.002
0.098 -87.3909 -87.5083
0.1 -79.4215 -82.5428
0.102 -68.3425 -74.5925
0.104 -54.861 -64.2594
0.106 -39.7869 -52.2246
0.108 -23.984 -39.2104
0.11 -8.3203 -25.9444
0.112 6.38069 -13.1239
0.114 19.3841 -1.38513
0.116 30.0821 8.72507
0.118 38.0234 16.7721
0.12 42.9343 22.451
0.122 44.7286 25.5976
0.124 43.5072 26.1924
0.126 39.5469 24.3561
0.128 33.2793 20.3381
0.13 25.2598 14.4971
0.132 16.1304 7.27552
0.134 6.57655 -0.829698
0.136 -2.71827 -9.29865
0.138 -11.1168 -17.619
0.14 -18.0689 -25.3136
0.142 -23.1454 -31.963
0.144 -26.0637 -37.2228
0.146 -26.7014 -40.8338
0.148 -25.0994 -42.6278
0.15 -21.4534 -42.5276
0.152 -16.0937 -40.5442
0.154 -9.45752 -36.7708
0.156 -2.05347 -31.3752
0.158 5.57694 -24.5911
0.16 12.8989 -16.7074
0.162 19.4217 -8.05752
0.164 24.7308 0.994109
0.166 28.5135 10.0653
0.168 30.5759 18.7713
0.17 30.8505 26.7404
0.172 29.3954 33.6294
0.174 26.3842 39.139
0.176 22.0895 43.0266
0.178 16.8596 45.118
0.18 11.0919 45.3148
0.182 5.20351 43.5995
0.184 -0.39891 40.036
0.186 -5.34741 34.7667
0.188 -9.33839 28.0065
0.19 -12.1535 20.0331
0.192 -13.6747 11.1753
0.194 -13.8918 1.79826
0.196 -12.9032 -7.71172
0.198 -10.908 -16.9641
0.2 -8.19063 -25.5807
0.202 -5.09881 -33.2121
0.204 -2.01642 -39.5522
0.206 0.66739 -44.3514
0.208 2.59 -47.4268
0.21 3.44567 -48.6699
0.212 3.01194 -48.051
0.214 1.16991 -45.6205
0.216 -2.08352 -41.5072
0.218 -6.63239 -35.9126
0.22 -12.2478 -29.1034
0.222 -18.6027 -21.3995
0.224 -25.2946 -13.1604
0.226 -31.8736 -4.76841
0.228 -37.8744 3.38996
0.23 -42.8491 10.9435
0.232 -46.399 17.5558
0.234 -48.2023 22.9438
0.236 -48.0375 26.8936
0.238 -45.7994 29.2715
0.24 -41.5073 30.0317
0.242 -35.3061 29.2167
0.244 -27.4587 26.9529
0.246 -18.3309 23.4411
0.248 -8.37109 18.942
0.25 1.91711 13.7591
0.252 12.0041 8.21977
0.254 21.3665 2.65638
0.256 29.5185 -2.61233
0.258 36.0416 -7.29743
0.26 40.6105 -11.1538
0.262 43.0126 -13.991
0.264 43.161 -15.6811
0.266 41.0999 -16.1634
0.268 37.0009 -15.4453
0.27 31.1516 -13.6007
0.272 23.9368 -10.7639
0.274 15.8139 -7.12179
0.276 7.28366 -2.90157
0.278 -1.14125 1.64271
0.28 -8.96796 6.2459
0.282 -15.753 10.648
0.284 -21.1284 14.6101
0.286 -24.8222 17.9284
0.288 -26.6723 20.4456
0.29 -26.6336 22.0593
0.292 -24.777 22.7253
0.294 -21.2813 22.4574
0.296 -16.4189 21.3238
0.298 -10.5364 19.4387
0.3 -4.03017 16.9534
0.302 2.67906 14.0442
0.304 9.17296 10.9003
0.306 15.0611 7.71196
0.308 20.0036 4.6587
0.31 23.7299 1.89969
0.312 26.053 -0.434688
0.314 26.8768 -2.24886
0.316 26.1989 -3.48581
0.318 24.1068 -4.12833
0.32 20.769 -4.19774
0.322 16.4211 -3.75024
0.324 11.3494 -2.87113
0.326 5.87085 -1.66738
0.328 0.312681 -0.25915
0.33 -5.00772 1.22918
0.332 -9.80174 2.67764
0.334 -13.8258 3.97845
0.336 -16.8939 5.04224
0.338 -18.8866 5.80261
0.34 -19.7546 6.21861
0.342 -19.5184 6.27536
0.344 -18.263 5.98291
0.346 -16.1296 5.37357
0.348 -13.3029 4.49819
0.35 -9.99777 3.42155
0.352 -6.44316 2.21731
0.354 -2.8675 0.962742
0.356 0.515772 -0.266391
0.358 3.52051 -1.40062
0.36 5.99754 -2.38093
0.362 7.84139 -3.16199
0.364 8.99358 -3.7144
0.366 9.44286 -4.0256
0.368 9.22226 -4.09958
0.37 8.4037 -3.95531
0.372 7.09046 -3.62412
0.374 5.40835 -3.1463
0.376 3.49603 -2.56726
0.378 1.49538 -1.93369
0.38 -0.457685 -1.29
0.382 -2.24128 -0.675428
0.384 -3.75414 -0.121978
0.386 -4.92038 0.346789
0.388 -5.6923 0.716088
0.39 -6.05113 0.979529
0.392 -6.00582 1.13821
0.394 -5.59017 1.19945
0.396 -4.85849 1.17534
0.398 -3.8803 1.0813
0.4 -2.73444 0.934557
0.402 -1.50312 0.752873
0.404 -0.266252 0.553298
0.406 0.903517 0.351138
0.408 1.94476 0.159125
0.41 2.81009 -0.0131796
0.412 3.46777 -0.159684
0.414 3.902 -0.277766
0.416 4.11221 -0.367954
0.418 4.11136 -0.433342
0.42 3.9235 -0.478788
0.422 3.58098 -0.510018
0.424 3.12136 -0.532735
0.426 2.58437 -0.551852
0.428 2.00918 -0.57094
0.43 1.43195 -0.59193
0.432 0.883973 -0.6151
0.434 0.390378 -0.639288
0.436 -0.0306211 -0.662284
0.438 -0.367877 -0.681316
0.44 -0.616987 -0.693543
0.442 -0.77956 -0.696492
0.444 -0.862182 -0.688394
0.446 -0.875207 -0.668383
0.448 -0.831468 -0.636572
0.45 -0.745019 -0.594009
0.452 -0.629998 -0.542536
0.454 -0.49967 -0.484589
0.456 -0.365686 -0.422952
0.458 -0.2376 -0.360503
0.46 -0.122608 -0.299967
0.462 -0.0255132 -0.243698
0.464 0.0511282 -0.193506
0.466 0.106729 -0.150551
0.468 0.142299 -0.115304
0.47 0.160036 -0.0875821
0.472 0.162912 -0.0666565
0.474 0.154291 -0.051408
0.476 0.137608 -0.0405173
0.478 0.116101 -0.0326558
0.48 0.0926284 -0.0266547
0.482 0.069543 -0.0216265
0.484 0.0486278 -0.0170265
0.486 0.0310782 -0.0126485
0.488 0.0175211 -0.00856346
0.49 0.0080635 -0.0050124
0.492 0.00236247 -0.00227738
0.494 -0.000284828 -0.000550991
0.496 -0.000834843 0.000172988
0.498 -0.000376666 0.000169514
0.4 0.0565772 0.0452246
0.8 0.0579061 0.0462974
1.2 0.0601145 0.0480818
1.6 0.0631929 0.0505724
2 0.0671277 0.0537618
2.4 0.0719019 0.0576409
2.8 0.0774948 0.0621992
3.2 0.083882 0.0674245
3.6 0.091036 0.0733039
4 0.098926 0.0798239
4.4 0.107518 0.0869705
4.8 0.116775 0.0947298
5.2 0.126658 0.103089
5.6 0.137126 0.112034
6 0.148133 0.121555
6.4 0.159636 0.131642
6.8 0.171585 0.142287
7.2 0.183934 0.153484
7.6 0.196633 0.16523
8 0.209631 0.177524
8.4 0.222879 0.190369
8.8 0.236328 0.20377
9.2 0.249928 0.217736
9.6 0.263631 0.232277
10 0.27739 0.247407
10.4 0.291161 0.263144
10.8 0.304899 0.279506
11.2 0.318565 0.296514
11.6 0.33212 0.314192
12 0.345529 0.332562
12.4 0.35876 0.351651
12.8 0.371785 0.371482
13.2 0.384579 0.39208
13.6 0.397119 0.413468
14 0.40939 0.435666
14.4 0.421377 0.458693
14.8 0.43307 0.482563
15.2 0.444463 0.507287
15.6 0.455555 0.53287
16 0.466346 0.559311
16.4 0.476841 0.586604
16.8 0.487049 0.614734
17.2 0.496981 0.643681
17.6 0.506649 0.673413
18 0.516072 0.703893
18.4 0.525266 0.735074
18.8 0.534253 0.7669
19.2 0.543054 0.799304
19.6 0.551692 0.832213
20 0.560189 0.865543
20.4 0.568571 0.899202
20.8 0.576861 0.933089
21.2 0.585081 0.967096
21.6 0.593255 1.00111
22 0.601404 1.03501
22.4 0.609547 1.06866
22.8 0.617703 1.10195
23.2 0.625887 1.13472
23.6 0.634113 1.16686
24 0.642392 1.19822
24.4 0.650732 1.22866
24.8 0.659136 1.25806
25.2 0.667608 1.28629
25.6 0.676144 1.31321
26 0.68474 1.33872
26.4 0.693386 1.3627
26.8 0.702069 1.38505
27.2 0.710771 1.40567
27.6 0.719474 1.42449
28 0.728152 1.44143
28.4 0.736776 1.45644
28.8 0.745317 1.46947
29.2 0.753737 1.4805
29.6 0.761999 1.4895
30 0.77006 1.49647
30.4 0.777877 1.50143
30.8 0.785401 1.5044
31.2 0.792584 1.50541
31.6 0.799373 1.50451
32 0.805716 1.50178
32.4 0.811558 1.49727
32.8 0.816843 1.49108
33.2 0.821517 1.48329
33.6 0.825524 1.47399
34 0.82881 1.4633
34.4 0.831321 1.45132
34.8 0.833007 1.43815
35.2 0.833817 1.42392
35.6 0.833707 1.40872
36 0.832633 1.39268
36.4 0.830558 1.37588
36.8 0.827448 1.35845
37.2 0.823274 1.34046
37.6 0.818014 1.32201
38 0.811649 1.30319
38.4 0.804171 1.28405
38.8 0.795574 1.26467
39.2 0.785863 1.2451
39.6 0.775047 1.22538
40 0.763144 1.20555
40.4 0.750179 1.18563
40.8 0.736184 1.16563
41.2 0.721199 1.14557
41.6 0.705269 1.12543
42 0.688449 1.10522
42.4 0.670796 1.0849
42.8 0.652375 1.06447
43.2 0.633258 1.04388
43.6 0.613519 1.02312
44 0.593238 1.00215
44.4 0.572496 0.980944
44.8 0.551379 0.959459
45.2 0.529974 0.937668
45.6 0.508369 0.915542
46 0.486652 0.893058
46.4 0.464911 0.870195
46.8 0.443233 0.84694
47.2 0.421702 0.823284
47.6 0.400399 0.799226
48 0.379404 0.774774
48.4 0.358789 0.749942
48.8 0.338626 0.724751
49.2 0.318977 0.699231
49.6 0.299901 0.673421
50 0.281451 0.647364
50.4 0.263674 0.621113
50.8 0.246609 0.594725
51.2 0.23029 0.568264
51.6 0.214743 0.541797
52 0.199989 0.515396
52.4 0.186041 0.489137
52.8 0.172907 0.463095
53.2 0.160589 0.437347
53.6 0.149082 0.411971
54 0.138377 0.387042
54.4 0.12846 0.362634
54.8 0.119311 0.338817
55.2 0.11091 0.315657
55.6 0.103228 0.293216
56 0.0962361 0.27155
56.4 0.0899033 0.250708
56.8 0.0841953 0.230734
57.2 0.0790763 0.211665
57.6 0.0745098 0.19353
58 0.0704581 0.17635
58.4 0.0668834 0.160142
58.8 0.0637479 0.144912
59.2 0.061014 0.130662
59.6 0.0586448 0.117385
60 0.0566042 0.105071
60.4 0.0548571 0.0937
60.8 0.0533698 0.0832502
61.2 0.0521097 0.0736938
61.6 0.051046 0.064999
62 0.0501493 0.0571306
62.4 0.0493917 0.0500508
62.8 0.0487472 0.0437194
63.2 0.0481913 0.0380948
63.6 0.0477012 0.0331344
64 0.0472558 0.0287954
64.4 0.0468355 0.0250349
64.8 0.0464226 0.0218105
65.2 0.0460007 0.0190811
65.6 0.0455552 0.0168068
66 0.0450729 0.0149493
66.4 0.0445423 0.0134721
66.8 0.0439534 0.012341
67.2 0.0432975 0.0115236
67.6 0.0425678 0.01099
68 0.0417586 0.0107124
68.4 0.0408661 0.0106652
68.8 0.0398877 0.0108249
69.2 0.0388225 0.0111702
69.6 0.0376709 0.0116816
70 0.0364349 0.0123413
70.4 0.0351179 0.0131333
70.8 0.0337246 0.014043
71.2 0.032261 0.0150572
71.6 0.0307346 0.0161638
72 0.0291539 0.0173518
72.4 0.0275283 0.0186111
72.8 0.0258685 0.0199326
73.2 0.0241857 0.0213077
73.6 0.0224919 0.0227286
74 0.0207995 0.024188
74.4 0.0191213 0.0256794
74.8 0.0174701 0.0271966
75.2 0.0158589 0.0287341
75.6 0.0142999 0.030287
76 0.0128054 0.0318507
76.4 0.0113865 0.0334214
76.8 0.0100539 0.0349958
77.2 0.00881702 0.0365714
77.6 0.00768406 0.0381459
78 0.00666196 0.039718
78.4 0.0057562 0.0412868
78.8 0.00497066 0.0428521
79.2 0.00430766 0.0444142
79.6 0.00376779 0.0459738
80 0.00335004 0.0475321
80.4 0.0030517 0.0490908
80.8 0.0028685 0.0506517
81.2 0.00279466 0.0522167
81.6 0.00282299 0.0537878
82 0.00294507 0.0553671
82.4 0.00315135 0.0569561
82.8 0.00343141 0.0585563
83.2 0.00377409 0.0601685
83.6 0.00416774 0.061793
84 0.00460041 0.0634292
84.4 0.00506012 0.065076
84.8 0.00553502 0.0667311
85.2 0.00601365 0.0683912
85.6 0.00648513 0.0700521
86 0.00693932 0.0717083
86.4 0.00736703 0.0733534
86.8 0.00776015 0.0749798
87.2 0.00811175 0.0765788
87.6 0.00841619 0.078141
88 0.00866919 0.0796557
88.4 0.00886785 0.0811118
88.8 0.00901063 0.0824974
89.2 0.0090974 0.0838002
89.6 0.00912927 0.0850076
90 0.0091086 0.0861069
90.4 0.00903888 0.0870854
90.8 0.00892455 0.087931
91.2 0.00877092 0.0886318
91.6 0.00858398 0.0891769
92 0.00837028 0.0895563
92.4 0.0081367 0.0897612
92.8 0.00789035 0.0897841
93.2 0.00763837 0.0896189
93.6 0.0073878 0.0892615
94 0.00714547 0.0887094
94.4 0.00691783 0.0879621
94.8 0.0067109 0.0870211
95.2 0.00653017 0.08589
95.6 0.00638057 0.0845744
96 0.00626643 0.0830821
96.4 0.00619149 0.0814228
96.8 0.00615893 0.0796084
97.2 0.0061714 0.0776524
97.6 0.00623109 0.0755702
98 0.00633983 0.0733787
98.4 0.00649918 0.0710965
98.8 0.00671053 0.0687429
99.2 0.00697523 0.0663386
99.6 0.00729468 0.0639048
100 0.00767049 0.0614634
100.4 0.00810453 0.0590364
100.8 0.00859904 0.0566458
101.2 0.00915671 0.0543132
101.6 0.00978074 0.0520599
102 0.0104748 0.0499063
102.4 0.0112432 0.0478716
102.8 0.0120906 0.0459739
103.2 0.0130222 0.0442297
103.6 0.0140435 0.0426541
104 0.0151603 0.0412599
104.4 0.0163783 0.0400583
104.8 0.0177033 0.0390585
105.2 0.0191408 0.0382671
105.6 0.0206957 0.0376889
106 0.0223722 0.0373263
106.4 0.0241737 0.0371795
106.8 0.0261023 0.0372466
107.2 0.0281586 0.0375235
107.6 0.0303418 0.0380043
108 0.0326492 0.038681
108.4 0.035076 0.0395439
108.8 0.0376154 0.0405819
109.2 0.0402582 0.0417826
109.6 0.0429932 0.043132
110 0.0458066 0.0446157
110.4 0.0486824 0.0462181
110.8 0.0516025 0.0479233
111.2 0.0545464 0.0497151
111.6 0.057492 0.0515772
112 0.0604154 0.0534931
112.4 0.0632913 0.055447
112.8 0.0660933 0.0574232
113.2 0.0687942 0.0594069
113.6 0.0713667 0.0613837
114 0.0737832 0.0633403
114.4 0.0760169 0.0652643
114.8 0.0780418 0.067144
115.2 0.0798331 0.068969
115.6 0.0813682 0.0707298
116 0.0826264 0.072418
116.4 0.0835896 0.074026
116.8 0.0842428 0.0755473
117.2 0.0845742 0.0769762
117.6 0.0845756 0.0783077
118 0.0842423 0.0795375
118.4 0.0835737 0.080662
118.8 0.0825732 0.0816779
119.2 0.081248 0.0825823
119.6 0.0796094 0.0833726
120 0.0776723 0.0840465
120.4 0.0754554 0.0846016
120.8 0.0729807 0.0850355
121.2 0.0702733 0.0853459
121.6 0.067361 0.0855303
122 0.0642738 0.0855862
122.4 0.0610435 0.085511
122.8 0.0577036 0.0853019
123.2 0.054288 0.0849562
123.6 0.0508312 0.0844711
124 0.0473674 0.0838441
124.4 0.0439302 0.0830727
124.8 0.0405519 0.0821547
125.2 0.0372632 0.0810884
125.6 0.0340926 0.0798727
126 0.0310663 0.078507
126.4 0.0282074 0.0769915
126.8 0.0255361 0.0753274
127.2 0.0230689 0.0735168
127.6 0.0208191 0.071563
128 0.0187962 0.0694704
128.4 0.0170061 0.0672447
128.8 0.0154508 0.0648929
129.2 0.0141289 0.0624233
129.6 0.0130358 0.0598456
130 0.0121632 0.0571705
130.4 0.0115003 0.0544101
130.8 0.0110334 0.0515777
131.2 0.0107466 0.0486874
131.6 0.0106219 0.0457543
132 0.0106399 0.0427943
132.4 0.01078 0.0398236
132.8 0.011021 0.0368588
133.2 0.0113411 0.0339167
133.6 0.0117189 0.031014
134 0.0121331 0.0281671
134.4 0.0125634 0.0253919
134.8 0.0129907 0.0227033
135.2 0.0133972 0.0201157
135.6 0.0137668 0.0176419
136 0.0140853 0.0152938
136.4 0.0143404 0.0130816
136.8 0.0145222 0.011014
137.2 0.0146228 0.00909788
137.6 0.0146366 0.00733853
138 0.0145602 0.00573935
138.4 0.0143923 0.00430193
138.8 0.0141336 0.00302607
139.2 0.013787 0.00190982
139.6 0.0133566 0.000949569
140 0.0128485 0.00014012
140.4 0.0122698 -0.00052515
140.8 0.0116289 -0.00105415
141.2 0.010935 -0.00145592
141.6 0.0101977 -0.00174042
142 0.00942741 -0.00191839
142.4 0.00863431 -0.00200108
142.8 0.00782867 -0.00200011
143.2 0.0070205 -0.00192727
143.6 0.00621932 -0.00179428
144 0.00543407 -0.00161265
144.4 0.00467294 -0.00139349
144.8 0.00394323 -0.00114739
145.2 0.00325133 -0.000884243
145.6 0.00260261 -0.00061314
146 0.00200138 -0.000342298
146.4 0.00145093 -7.8971e-05
146.8 0.000953485 0.000170595
147.2 0.000510276 0.000401182
147.6 0.000121576 0.000608609
148 -0.000213225 0.000789709
148.4 -0.000495541 0.000942296
148.8 -0.000727493 0.00106511
149.2 -0.000911815 0.00115774
149.6 -0.00105174 0.00122055
150 -0.0011509 0.0012546
150.4 -0.00121323 0.00126151
150.8 -0.00124283 0.0012434
151.2 -0.0012439 0.00120275
151.6 -0.00122064 0.00114232
152 -0.00117716 0.00106504
152.4 -0.00111743 0.000973918
152.8 -0.00104518 0.000871956
153.2 -0.000963884 0.00076206
153.6 -0.000876704 0.000646986
154 -0.000786466 0.000529277
154.4 -0.000695639 0.000411218
154.8 -0.000606334 0.000294807
155.2 -0.000520302 0.00018173
155.6 -0.000438943 7.33521e-05
156 -0.000363327 -2.92804e-05
156.4 -0.000294216 -0.000125431
156.8 -0.00023209 -0.000214656
157.2 -0.000177181 -0.000296774
157.6 -0.000129507 -0.00037184
158 -8.89058e-05 -0.000440108
158.4 -5.50674e-05 -0.000501992
158.8 -2.75713e-05 -0.000558027
159.2 -5.91657e-06 -0.000608833
159.6 1.04489e-05 -0.000655071
160 2.21019e-05 -0.000697415
160.4 2.9621e-05 -0.000736516
160.8 3.35679e-05 -0.000772976
161.2 3.44716e-05 -0.000807324
161.6 3.28171e-05 -0.000840002
162 2.9037e-05 -0.000871348
162.4 2.35076e-05 -0.000901596
162.8 1.65468e-05 -0.000930868
163.2 8.41494e-06 -0.000959179
163.6 -6.81117e-07 -0.000986447
164 -1.05836e-05 -0.0010125
164.4 -2.11769e-05 -0.0010371
164.8 -3.23809e-05 -0.00105994
165.2 -4.41424e-05 -0.00108068
165.6 -5.64279e-05 -0.00109896
166 -6.92157e-05 -0.00111442
166.4 -8.24891e-05 -0.0011267
166.8 -9.623e-05 -0.00113549
167.2 -0.000110414 -0.00114052
167.6 -0.000125005 -0.00114157
168 -0.000139953 -0.00113849
168.4 -0.000155194 -0.00113122
168.8 -0.000170646 -0.00111975
169.2 -0.000186209 -0.00110418
169.6 -0.000201771 -0.00108466
170 -0.000217204 -0.00106143
170.4 -0.00023237 -0.00103479
170.8 -0.000247121 -0.00100509
171.2 -0.000261309 -0.000972733
171.6 -0.000274779 -0.000938163
172 -0.000287381 -0.000901837
172.4 -0.00029897 -0.000864227
172.8 -0.00030941 -0.000825802
173.2 -0.000318574 -0.000787019
173.6 -0.00032635 -0.000748311
174 -0.000332642 -0.000710078
174.4 -0.00033737 -0.000672681
174.8 -0.000340471 -0.00063643
175.2 -0.000341901 -0.000601589
175.6 -0.000341636 -0.000568364
176 -0.00033967 -0.000536908
176.4 -0.000336015 -0.00050732
176.8 -0.000330699 -0.000479647
177.2 -0.000323769 -0.000453888
177.6 -0.000315286 -0.000429999
178 -0.000305327 -0.000407899
178.4 -0.000293981 -0.000387477
178.8 -0.000281351 -0.000368596
179.2 -0.000267547 -0.000351103
179.6 -0.000252694 -0.000334833
180 -0.000236923 -0.00031962
180.4 -0.000220372 -0.000305298
180.8 -0.000203186 -0.000291706
181.2 -0.000185517 -0.000278698
181.6 -0.000167519 -0.000266141
182 -0.00014935 -0.00025392
182.4 -0.000131168 -0.000241938
182.8 -0.000113135 -0.00023012
183.2 -9.5407e-05 -0.00021841
183.6 -7.81412e-05 -0.00020677
184 -6.14884e-05 -0.00019518
184.4 -4.55937e-05 -0.000183637
184.8 -3.05946e-05 -0.000172151
185.2 -1.66186e-05 -0.000160741
185.6 -3.78175e-06 -0.000149436
186 7.813e-06 -0.000138271
186.4 1.80777e-05 -0.000127285
186.8 2.69408e-05 -0.000116515
187.2 3.43484e-05 -0.000106002
187.6 4.02656e-05 -9.57806e-05
188 4.4677e-05 -8.5885e-05
188.4 4.75871e-05 -7.63446e-05
188.8 4.90208e-05 -6.71846e-05
189.2 4.90228e-05 -5.84263e-05
189.6 4.76569e-05 -5.00871e-05
190 4.50052e-05 -4.21814e-05
190.4 4.11664e-05 -3.47209e-05
190.8 3.6254e-05 -2.77158e-05
191.2 3.03943e-05 -2.11756e-05
191.6 2.37236e-05 -1.51097e-05
192 1.63863e-05 -9.52808e-06
192.4 8.53107e-06 -4.44184e-06
192.8 3.08781e-07 1.36578e-07
193.2 -8.13089e-06 4.19343e-06
193.6 -1.66422e-05 7.71395e-06
194 -2.50862e-05 1.06829e-05
194.4 -3.3333e-05 1.30853e-05
194.8 -4.12646e-05 1.49075e-05
195.2 -4.87763e-05 1.61381e-05
195.6 -5.57787e-05 1.67695e-05
196 -6.21986e-05 1.67989e-05
196.4 -6.79802e-05 1.62294e-05
196.8 -7.3085e-05 1.50716e-05
197.2 -7.74917e-05 1.33439e-05
197.6 -8.1196e-05 1.10735e-05
198 -8.42094e-05 8.2971e-06
198.4 -8.65579e-05 5.06023e-06
198.8 -8.82803e-05 1.41754e-06
199.2 -8.94264e-05 -2.56811e-06
199.6 -9.00549e-05 -6.82663e-06
200 -9.02311e-05 -1.12821e-05
200.4 -9.00246e-05 -1.58545e-05
200.8 -8.95068e-05 -2.04615e-05
201.2 -8.8749e-05 -2.50208e-05
201.6 -8.78201e-05 -2.94525e-05
202 -8.67844e-05 -3.36811e-05
202.4 -8.57002e-05 -3.76378e-05
202.8 -8.46185e-05 -4.12631e-05
203.2 -8.35812e-05 -4.45082e-05
203.6 -8.2621e-05 -4.73369e-05
204 -8.17604e-05 -4.97272e-05
204.4 -8.10117e-05 -5.16714e-05
204.8 -8.0377e-05 -5.31776e-05
205.2 -7.98491e-05 -5.42688e-05
205.6 -7.94113e-05 -5.49826e-05
206 -7.90394e-05 -5.53707e-05
206.4 -7.87018e-05 -5.54968e-05
206.8 -7.83615e-05 -5.5435e-05
207.2 -7.79772e-05 -5.52677e-05
207.6 -7.75046e-05 -5.5083e-05
208 -7.68982e-05 -5.49717e-05
208.4 -7.61121e-05 -5.5025e-05
208.8 -7.51022e-05 -5.53313e-05
209.2 -7.38267e-05 -5.59736e-05
209.6 -7.22475e-05 -5.70265e-05
210 -7.03314e-05 -5.85543e-05
210.4 -6.80506e-05 -6.06086e-05
210.8 -6.53833e-05 -6.32271e-05
211.2 -6.23145e-05 -6.64316e-05
211.6 -5.88361e-05 -7.02281e-05
212 -5.4947e-05 -7.4606e-05
212.4 -5.06532e-05 -7.95388e-05
212.8 -4.59676e-05 -8.49845e-05
213.2 -4.09096e-05 -9.08873e-05
213.6 -3.5505e-05 -9.71787e-05
214 -2.97853e-05 -0.00010378
214.4 -2.37875e-05 -0.000110605
214.8 -1.75532e-05 -0.000117561
215.2 -1.11283e-05 -0.000124553
215.6 -4.56233e-06 -0.000131487
216 2.09208e-06 -0.00013827
216.4 8.7799e-06 -0.000144814
216.8 1.54441e-05 -0.000151039
217.2 2.20263e-05 -0.000156875
217.6 2.84674e-05 -0.000162262
218 3.47077e-05 -0.000167153
218.4 4.0688e-05 -0.000171511
218.8 4.63497e-05 -0.000175317
219.2 5.16356e-05 -0.000178562
219.6 5.649e-05 -0.000181251
220 6.08599e-05 -0.000183399
220.4 6.46951e-05 -0.000185033
220.8 6.7949e-05 -0.000186188
221.2 7.05789e-05 -0.000186907
221.6 7.25472e-05 -0.000187236
222 7.38213e-05 -0.000187225
222.4 7.43748e-05 -0.000186923
222.8 7.41876e-05 -0.000186379
223.2 7.32469e-05 -0.000185638
223.6 7.15473e-05 -0.000184738
224 6.90912e-05 -0.000183712
224.4 6.58895e-05 -0.000182583
224.8 6.19615e-05 -0.000181367
225.2 5.73348e-05 -0.000180069
225.6 5.20458e-05 -0.000178685
226 4.61389e-05 -0.000177201
226.4 3.96664e-05 -0.000175594
226.8 3.26882e-05 -0.000173836
227.2 2.52705e-05 -0.000171889
227.6 1.74857e-05 -0.000169713
228 9.41068e-06 -0.000167261
228.4 1.12637e-06 -0.00016449
228.8 -7.28391e-06 -0.000161354
229.2 -1.57356e-05 -0.00015781
229.6 -2.41441e-05 -0.000153819
230 -3.24266e-05 -0.000149351
230.4 -4.05029e-05 -0.000144381
230.8 -4.82969e-05 -0.000138893
231.2 -5.57382e-05 -0.000132882
231.6 -6.27626e-05 -0.000126355
232 -6.93139e-05 -0.000119327
232.4 -7.5344e-05 -0.000111826
232.8 -8.08142e-05 -0.000103893
233.2 -8.56953e-05 -9.55745e-05
233.6 -8.99679e-05 -8.69308e-05
234 -9.36228e-05 -7.80286e-05
234.4 -9.66603e-05 -6.89418e-05
234.8 -9.90906e-05 -5.97496e-05
235.2 -0.000100932 -5.05348e-05
235.6 -0.000102213 -4.13822e-05
236 -0.000102966 -3.23764e-05
236.4 -0.000103232 -2.36006e-05
236.8 -0.000103057 -1.51342e-05
237.2 -0.000102491 -7.05194e-06
237.6 -0.000101586 5.78143e-07
238 -0.000100394 7.69542e-06
238.4 -9.89703e-05 1.42479e-05
238.8 -9.7367e-05 2.0193e-05
239.2 -9.56346e-05 2.54977e-05
239.6 -9.38204e-05 3.01394e-05
240 -9.19679e-05 3.4105e-05
240.4 -9.01157e-05 3.73917e-05
240.8 -8.82973e-05 4.00055e-05
241.2 -8.65405e-05 4.19613e-05
241.6 -8.48673e-05 4.32817e-05
242 -8.32939e-05 4.3996e-05
242.4 -8.18305e-05 4.41397e-05
242.8 -8.0482e-05 4.37525e-05
243.2 -7.92481e-05 4.28779e-05
243.6 -7.81237e-05 4.15621e-05
244 -7.71e-05 3.98522e-05
244.4 -7.61643e-05 3.77961e-05
244.8 -7.53017e-05 3.5441e-05
245.2 -7.44947e-05 3.2833e-05
245.6 -7.37251e-05 3.00161e-05
246 -7.29735e-05 2.70317e-05
246.4 -7.22208e-05 2.39185e-05
246.8 -7.14484e-05 2.07118e-05
247.2 -7.06388e-05 1.74437e-05
247.6 -6.97759e-05 1.41427e-05
248 -6.88454e-05 1.08342e-05
248.4 -6.78353e-05 7.54017e-06
248.8 -6.67354e-05 4.27965e-06
249.2 -6.55381e-05 1.06899e-06
249.6 -6.4238e-05 -2.07795e-06
250 -6.28318e-05 -5.14944e-06
250.4 -6.13183e-05 -8.13555e-06
250.8 -5.96984e-05 -1.10279e-05
251.2 -5.79742e-05 -1.38193e-05
251.6 -5.61497e-05 -1.65037e-05
252 -5.42298e-05 -1.90756e-05
252.4 -5.22207e-05 -2.15303e-05
252.8 -5.01289e-05 -2.38636e-05
253.2 -4.79619e-05 -2.60717e-05
253.6 -4.57274e-05 -2.8151e-05
254 -4.34334e-05 -3.00984e-05
254.4 -4.10882e-05 -3.19111e-05
254.8 -3.87001e-05 -3.35867e-05
255.2 -3.62777e-05 -3.51234e-05
255.6 -3.38296e-05 -3.65194e-05
256 -3.13644e-05 -3.77739e-05
256.4 -2.88912e-05 -3.88863e-05
256.8 -2.64191e-05 -3.98567e-05
257.2 -2.39576e-05 -4.06859e-05
257.6 -2.15164e-05 -4.1375e-05
258 -1.91056e-05 -4.19258e-05
258.4 -1.67357e-05 -4.23405e-05
258.8 -1.44172e-05 -4.26219e-05
259.2 -1.21612e-05 -4.27729e-05
259.6 -9.97867e-06 -4.2797e-05
260 -7.88064e-06 -4.26977e-05
260.4 -5.87797e-06 -4.24788e-05
260.8 -3.98111e-06 -4.21442e-05
261.2 -2.19996e-06 -4.16978e-05
261.6 -5.43579e-07 -4.11437e-05
262 9.80027e-07 -4.04858e-05
262.4 2.36414e-06 -3.97284e-05
262.8 3.60356e-06 -3.88755e-05
263.2 4.69479e-06 -3.79317e-05
263.6 5.6362e-06 -3.69014e-05
264 6.42819e-06 -3.57897e-05
264.4 7.07323e-06 -3.46019e-05
264.8 7.57588e-06 -3.33437e-05
265.2 7.94282e-06 -3.20218e-05
265.6 8.18268e-06 -3.06433e-05
266 8.30595e-06 -2.92161e-05
266.4 8.32475e-06 -2.77489e-05
266.8 8.25258e-06 -2.62512e-05
267.2 8.10402e-06 -2.47334e-05
267.6 7.89438e-06 -2.32065e-05
268 7.63934e-06 -2.1682e-05
268.4 7.35458e-06 -2.01722e-05
268.8 7.0554e-06 -1.86894e-05
269.2 6.7563e-06 -1.72462e-05
269.6 6.47068e-06 -1.5855e-05
270 6.21048e-06 -1.45276e-05
270.4 5.98591e-06 -1.32756e-05
270.8 5.80523e-06 -1.21092e-05
271.2 5.67457e-06 -1.10376e-05
271.6 5.59781e-06 -1.00687e-05
272 5.57658e-06 -9.20835e-06
272.4 5.61028e-06 -8.46087e-06
272.8 5.69614e-06 -7.82844e-06
273.2 5.82944e-06 -7.31115e-06
273.6 6.00372e-06 -6.90698e-06
274 6.21102e-06 -6.61177e-06
274.4 6.44223e-06 -6.41934e-06
274.8 6.68743e-06 -6.32165e-06
275.2 6.93623e-06 -6.30893e-06
275.6 7.17817e-06 -6.37001e-06
276 7.40305e-06 -6.49258e-06
276.4 7.60129e-06 -6.66352e-06
276.8 7.76426e-06 -6.8693e-06
277.2 7.88452e-06 -7.09628e-06
277.6 7.95606e-06 -7.33116e-06
278 7.97451e-06 -7.56131e-06
278.4 7.93717e-06 -7.77509e-06
278.8 7.84313e-06 -7.96223e-06
279.2 7.69324e-06 -8.11401e-06
279.6 7.49001e-06 -8.22351e-06
280 7.2375e-06 -8.2858e-06
280.4 6.94116e-06 -8.29793e-06
280.8 6.60757e-06 -8.25905e-06
281.2 6.24419e-06 -8.17027e-06
281.6 5.85909e-06 -8.03461e-06
282 5.46068e-06 -7.85678e-06
282.4 5.05735e-06 -7.64297e-06
282.8 4.65724e-06 -7.40056e-06
283.2 4.26796e-06 -7.13781e-06
283.6 3.89631e-06 -6.86353e-06
284 3.54814e-06 -6.58668e-06
284.4 3.22814e-06 -6.31612e-06
284.8 2.93973e-06 -6.06018e-06
285.2 2.68504e-06 -5.82638e-06
285.6 2.46483e-06 -5.62119e-06
286 2.27859e-06 -5.44977e-06
286.4 2.12458e-06 -5.3158e-06
286.8 1.99998e-06 -5.22137e-06
287.2 1.90107e-06 -5.16696e-06
287.6 1.82337e-06 -5.15139e-06
288 1.76194e-06 -5.17199e-06
288.4 1.71152e-06 -5.22462e-06
288.8 1.66683e-06 -5.30399e-06
289.2 1.62276e-06 -5.40378e-06
289.6 1.5746e-06 -5.51699e-06
290 1.51821e-06 -5.63618e-06
290.4 1.4502e-06 -5.75385e-06
290.8 1.36805e-06 -5.86266e-06
291.2 1.2702e-06 -5.9558e-06
291.6 1.15608e-06 -6.02726e-06
292 1.02613e-06 -6.07203e-06
292.4 8.81781e-07 -6.08635e-06
292.8 7.25329e-07 -6.06787e-06
293.2 5.59872e-07 -6.01568e-06
293.6 3.89142e-07 -5.93045e-06
294 2.17353e-07 -5.81433e-06
294.4 4.90134e-08 -5.67091e-06
294.8 -1.1126e-07 -5.50508e-06
295.2 -2.58938e-07 -5.32283e-06
295.6 -3.89762e-07 -5.13108e-06
296 -4.99919e-07 -4.93734e-06
296.4 -5.86192e-07 -4.74949e-06
296.8 -6.46089e-07 -4.57545e-06
297.2 -6.77942e-07 -4.42289e-06
297.6 -6.80966e-07 -4.29894e-06
298 -6.55294e-07 -4.20993e-06
298.4 -6.01967e-07 -4.16114e-06
298.8 -5.22893e-07 -4.15661e-06
299.2 -4.20772e-07 -4.19895e-06
299.6 -2.98995e-07 -4.28929e-06
300 -1.61517e-07 -4.42722e-06
300.4 -1.27069e-08 -4.61075e-06
300.8 1.42807e-07 -4.83644e-06
301.2 3.00308e-07 -5.09947e-06
301.6 4.55151e-07 -5.39383e-06
302 6.0293e-07 -5.71252e-06
302.4 7.39616e-07 -6.04778e-06
302.8 8.61693e-07 -6.39135e-06
303.2 9.6626e-07 -6.73479e-06
303.6 1.05111e-06 -7.0697e-06
304 1.1148e-06 -7.38804e-06
304.4 1.15662e-06 -7.68238e-06
304.8 1.17667e-06 -7.94611e-06
305.2 1.17573e-06 -8.1737e-06
305.6 1.15526e-06 -8.36077e-06
306 1.11729e-06 -8.50431e-06
306.4 1.06431e-06 -8.60264e-06
306.8 9.99137e-07 -8.65553e-06
307.2 9.24819e-07 -8.66408e-06
307.6 8.44467e-07 -8.63069e-06
308 7.61133e-07 -8.5589e-06
308.4 6.77689e-07 -8.45328e-06
308.8 5.96705e-07 -8.31917e-06
309.2 5.20358e-07 -8.16252e-06
309.6 4.50354e-07 -7.98961e-06
310 3.87877e-07 -7.80687e-06
310.4 3.33554e-07 -7.6206e-06
310.8 2.87462e-07 -7.43675e-06
311.2 2.49141e-07 -7.26077e-06
311.6 2.17645e-07 -7.09738e-06
312 1.91609e-07 -6.95046e-06
312.4 1.6933e-07 -6.82295e-06
312.8 1.48872e-07 -6.71676e-06
313.2 1.28171e-07 -6.6328e-06
313.6 1.05146e-07 -6.57095e-06
314 7.78196e-08 -6.53018e-06
314.4 4.44195e-08 -6.50857e-06
314.8 3.47966e-09 -6.50351e-06
315.2 -4.60753e-08 -6.51183e-06
315.6 -1.04864e-07 -6.52993e-06
316 -1.72999e-07 -6.55403e-06
316.4 -2.50067e-07 -6.5803e-06
316.8 -3.35123e-07 -6.60507e-06
317.2 -4.26713e-07 -6.62496e-06
317.6 -5.22922e-07 -6.63709e-06
318 -6.21434e-07 -6.63913e-06
318.4 -7.19617e-07 -6.62945e-06
318.8 -8.14621e-07 -6.60716e-06
319.2 -9.03485e-07 -6.57213e-06
319.6 -9.83248e-07 -6.525e-06
320 -1.05107e-06 -6.46713e-06
320.4 -1.10434e-06 -6.4005e-06
320.8 -1.14078e-06 -6.32768e-06
321.2 -1.15854e-06 -6.25162e-06
321.6 -1.15627e-06 -6.17557e-06
322 -1.13321e-06 -6.10289e-06
322.4 -1.08916e-06 -6.03693e-06
322.8 -1.02456e-06 -5.98082e-06
323.2 -9.40469e-07 -5.93736e-06
323.6 -8.38503e-07 -5.90889e-06
324 -7.20818e-07 -5.89714e-06
324.4 -5.90026e-07 -5.90321e-06
324.8 -4.49106e-07 -5.92743e-06
325.2 -3.01307e-07 -5.96939e-06
325.6 -1.50036e-07 -6.02792e-06
326 1.25627e-09 -6.10113e-06
326.4 1.49193e-07 -6.18649e-06
326.8 2.90581e-07 -6.28089e-06
327.2 4.22516e-07 -6.3808e-06
327.6 5.42474e-07 -6.48235e-06
328 6.48389e-07 -6.58154e-06
328.4 7.38714e-07 -6.67434e-06
328.8 8.12456e-07 -6.7569e-06
329.2 8.69198e-07 -6.82563e-06
329.6 9.09093e-07 -6.87742e-06
330 9.3284e-07 -6.9097e-06
330.4 9.41641e-07 -6.92055e-06
330.8 9.37136e-07 -6.9088e-06
331.2 9.21326e-07 -6.87406e-06
331.6 8.96487e-07 -6.81671e-06
332 8.65066e-07 -6.73792e-06
332.4 8.29586e-07 -6.63959e-06
332.8 7.92538e-07 -6.52426e-06
333.2 7.56287e-07 -6.39503e-06
333.6 7.22977e-07 -6.25544e-06
334 6.94455e-07 -6.1093e-06
334.4 6.72201e-07 -5.96058e-06
334.8 6.57282e-07 -5.81325e-06
335.2 6.5032e-07 -5.67112e-06
335.6 6.51476e-07 -5.53767e-06
336 6.60459e-07 -5.41597e-06
336.4 6.76552e-07 -5.30856e-06
336.8 6.98652e-07 -5.21729e-06
337.2 7.25329e-07 -5.14335e-06
337.6 7.54895e-07 -5.08716e-06
338 7.85483e-07 -5.04842e-06
338.4 8.15136e-07 -5.02608e-06
338.8 8.4189e-07 -5.0184e-06
339.2 8.63868e-07 -5.02306e-06
339.6 8.79356e-07 -5.03724e-06
340 8.86883e-07 -5.05771e-06
340.4 8.85281e-07 -5.08101e-06
340.8 8.73737e-07 -5.10356e-06
341.2 8.51827e-07 -5.12183e-06
341.6 8.19536e-07 -5.13245e-06
342 7.77255e-07 -5.13236e-06
342.4 7.25771e-07 -5.11895e-06
342.8 6.66229e-07 -5.09016e-06
343.2 6.00085e-07 -5.04451e-06
343.6 5.29053e-07 -4.98124e-06
344 4.55024e-07 -4.90029e-06
344.4 3.8e-07 -4.80229e-06
344.8 3.06004e-07 -4.68859e-06
345.2 2.35003e-07 -4.56116e-06
345.6 1.68828e-07 -4.42254e-06
346 1.091e-07 -4.27572e-06
346.4 5.71689e-08 -4.12408e-06
346.8 1.40573e-08 -3.97117e-06
347.2 -1.95747e-08 -3.82069e-06
347.6 -4.34548e-08 -3.67624e-06
348 -5.77049e-08 -3.54128e-06
348.4 -6.28325e-08 -3.41896e-06
348.8 -5.97059e-08 -3.31198e-06
349.2 -4.95137e-08 -3.22256e-06
349.6 -3.37124e-08 -3.15233e-06
350 -1.39622e-08 -3.10225e-06
350.4 7.94513e-09 -3.07264e-06
350.8 3.01643e-08 -3.06314e-06
351.2 5.08763e-08 -3.07274e-06
351.6 6.83669e-08 -3.09982e-06
352 8.11018e-08 -3.14227e-06
352.4 8.77938e-08 -3.19749e-06
352.8 8.74599e-08 -3.26258e-06
353.2 7.94668e-08 -3.33442e-06
353.6 6.35612e-08 -3.40977e-06
354 3.98857e-08 -3.48544e-06
354.4 8.97813e-09 -3.55836e-06
354.8 -2.82454e-08 -3.62575e-06
355.2 -7.05222e-08 -3.68517e-06
355.6 -1.1629e-07 -3.73463e-06
356 -1.63744e-07 -3.77263e-06
356.4 -2.10908e-07 -3.79826e-06
356.8 -2.5571e-07 -3.81115e-06
357.2 -2.96059e-07 -3.81151e-06
357.6 -3.29935e-07 -3.80012e-06
358 -3.55461e-07 -3.77824e-06
358.4 -3.70982e-07 -3.74758e-06
358.8 -3.75133e-07 -3.7102e-06
359.2 -3.66894e-07 -3.66843e-06
359.6 -3.45635e-07 -3.62475e-06
360 -3.11146e-07 -3.5817e-06
360.4 -2.63648e-07 -3.54178e-06
360.8 -2.03799e-07 -3.50729e-06
361.2 -1.32666e-07 -3.48033e-06
361.6 -5.17024e-08 -3.46261e-06
362 3.73074e-08 -3.45547e-06
362.4 1.32302e-07 -3.45978e-06
362.8 2.31013e-07 -3.47592e-06
363.2 3.31043e-07 -3.50377e-06
363.6 4.29944e-07 -3.54273e-06
364 5.25302e-07 -3.59173e-06
364.4 6.14815e-07 -3.6493e-06
364.8 6.96369e-07 -3.71361e-06
365.2 7.6811e-07 -3.78257e-06
365.6 8.28496e-07 -3.8539e-06
366 8.76352e-07 -3.92526e-06
366.4 9.10895e-07 -3.99429e-06
366.8 9.31755e-07 -4.05875e-06
367.2 9.38984e-07 -4.11662e-06
367.6 9.33034e-07 -4.16612e-06
368 9.14741e-07 -4.20586e-06
368.4 8.85277e-07 -4.23481e-06
368.8 8.46107e-07 -4.25241e-06
369.2 7.98923e-07 -4.25854e-06
369.6 7.45581e-07 -4.25357e-06
370 6.88026e-07 -4.23827e-06
370.4 6.28223e-07 -4.21384e-06
370.8 5.68081e-07 -4.18181e-06
371.2 5.0939e-07 -4.14401e-06
371.6 4.53755e-07 -4.10245e-06
372 4.02547e-07 -4.05929e-06
372.4 3.56861e-07 -4.01669e-06
372.8 3.17484e-07 -3.97676e-06
373.2 2.84881e-07 -3.94144e-06
373.6 2.59189e-07 -3.91248e-06
374 2.40228e-07 -3.89127e-06
374.4 2.27523e-07 -3.87888e-06
374.8 2.20337e-07 -3.87595e-06
375.2 2.17715e-07 -3.88271e-06
375.6 2.18535e-07 -3.89893e-06
376 2.21564e-07 -3.92395e-06
376.4 2.25521e-07 -3.95672e-06
376.8 2.29136e-07 -3.99581e-06
377.2 2.31206e-07 -4.0395e-06
377.6 2.30656e-07 -4.08583e-06
378 2.26584e-07 -4.13268e-06
378.4 2.18302e-07 -4.17786e-06
378.8 2.05365e-07 -4.21922e-06
379.2 1.87592e-07 -4.25469e-06
379.6 1.65075e-07 -4.28241e-06
380 1.38171e-07 -4.30077e-06
380.4 1.07489e-07 -4.3085e-06
380.8 7.38646e-08 -4.30471e-06
381.2 3.83203e-08 -4.28891e-06
381.6 2.02479e-09 -4.26109e-06
382 -3.37592e-08 -4.22164e-06
382.4 -6.77288e-08 -4.17139e-06
382.8 -9.85969e-08 -4.11158e-06
383.2 -1.25148e-07 -4.04379e-06
383.6 -1.46291e-07 -3.96989e-06
384 -1.61105e-07 -3.89196e-06
384.4 -1.68885e-07 -3.81224e-06
384.8 -1.69168e-07 -3.73301e-06
385.2 -1.61759e-07 -3.65653e-06
385.6 -1.4674e-07 -3.58495e-06
386 -1.24475e-07 -3.52022e-06
386.4 -9.5592e-08 -3.46402e-06
386.8 -6.09681e-08 -3.41773e-06
387.2 -2.16931e-08 -3.38232e-06
387.6 2.09683e-08 -3.3584e-06
388 6.56245e-08 -3.34612e-06
388.4 1.10809e-07 -3.34523e-06
388.8 1.55036e-07 -3.35505e-06
389.2 1.96855e-07 -3.37454e-06
389.6 2.34907e-07 -3.40233e-06
390 2.67978e-07 -3.43677e-06
390.4 2.95036e-07 -3.476e-06
390.8 3.15281e-07 -3.51802e-06
391.2 3.28162e-07 -3.5608e-06
391.6 3.33408e-07 -3.60231e-06
392 3.31028e-07 -3.64062e-06
392.4 3.21311e-07 -3.67401e-06
392.8 3.04818e-07 -3.70097e-06
393.2 2.82351e-07 -3.72028e-06
393.6 2.54926e-07 -3.73106e-06
394 2.23727e-07 -3.73282e-06
394.4 1.90067e-07 -3.72542e-06
394.8 1.55328e-07 -3.70909e-06
395.2 1.20913e-07 -3.68443e-06
395.6 8.81902e-08 -3.65238e-06
396 5.84379e-08 -3.61415e-06
396.4 3.28e-08 -3.57117e-06
396.8 1.22407e-08 -3.52506e-06
397.2 -2.49043e-09 -3.47752e-06
397.6 -1.08855e-08 -3.4303e-06
398 -1.26953e-08 -3.38509e-06
398.4 -7.9363e-09 -3.34347e-06
398.8 3.1126e-09 -3.30685e-06
399.2 1.99242e-08 -3.27641e-06
399.6 4.17462e-08 -3.25304e-06
400 6.76332e-08 -3.23734e-06
