-0.498 0.000413366 -0.000167474
-0.496 0.000993192 -0.00017202
-0.494 0.000649252 0.000537043
-0.492 -0.00173156 0.00222528
-0.49 -0.00715032 0.00489216
-0.488 -0.0163694 0.00834198
-0.486 -0.0297983 0.0122937
-0.484 -0.0473943 0.0165116
-0.482 -0.0685824 0.0209343
-0.48 -0.0921972 0.0257805
-0.478 -0.116456 0.0316103
-0.476 -0.13897 0.0393276
-0.474 -0.156806 0.0501174
-0.472 -0.166614 0.0653227
-0.47 -0.164814 0.0862747
-0.468 -0.14787 0.1141
-0.466 -0.11263 0.149532
-0.464 -0.0567136 0.192752
-0.462 0.0210497 0.243287
-0.46 0.120197 0.299973
-0.458 0.238243 0.360995
-0.456 0.370389 0.423995
-0.454 0.509364 0.486245
-0.452 0.645456 0.544864
-0.45 0.766771 0.597067
-0.448 0.859729 0.640417
-0.446 0.909818 0.673069
-0.444 0.902564 0.693974
-0.442 0.824708 0.70302
-0.44 0.665483 0.701072
-0.438 0.417933 0.689909
-0.436 0.0801595 0.672015
-0.434 -0.343623 0.650256
-0.432 -0.842333 0.627435
-0.43 -1.39768 0.605799
-0.428 -1.98432 0.586555
-0.426 -2.57059 0.569468
-0.424 -3.11983 0.55264
-0.422 -3.59228 0.532525
-0.42 -3.9475 0.504216
-0.418 -4.1472 0.461993
-0.416 -4.1583 0.400092
-0.414 -3.95601 0.313589
-0.412 -3.52677 0.1993
-0.41 -2.87066 0.0565817
-0.408 -2.00318 -0.112085
-0.406 -0.955964 -0.300775
-0.404 0.223447 -0.500111
-0.402 1.47323 -0.697566
-0.4 2.72008 -0.878047
-0.398 3.88321 -1.02472
-0.396 4.87936 -1.12002
-0.394 5.62848 -1.14689
-0.392 6.05982 -1.09005
-0.39 6.11785 -0.937454
-0.388 5.76765 -0.681784
-0.386 4.99936 -0.321853
-0.384 3.83109 0.136125
-0.382 2.31023 0.677609
-0.38 0.512685 1.27935
-0.378 -1.45987 1.9097
-0.376 -3.48476 2.5298
-0.374 -5.42494 3.09562
-0.372 -7.13712 3.56084
-0.37 -8.48099 3.88037
-0.368 -9.32896 4.01418
-0.366 -9.57594 3.93115
-0.364 -9.14826 3.61241
-0.362 -8.01127 3.05399
-0.36 -6.17493 2.26837
-0.358 -3.6967 1.28478
-0.356 -0.681564 0.148255
-0.354 2.72139 -1.08253
-0.352 6.32553 -2.33852
-0.35 9.91645 -3.54441
-0.348 13.2642 -4.62336
-0.346 16.1379 -5.50212
-0.344 18.3205 -6.11624
-0.342 19.6247 -6.41508
-0.34 19.9069 -6.3664
-0.338 19.0794 -5.9601
-0.336 17.1194 -5.21085
-0.334 14.0742 -4.15925
-0.332 10.0621 -2.87128
-0.33 5.26793 -1.43576
-0.328 -0.0647948 0.0400793
-0.326 -5.64699 1.43688
-0.324 -11.1601 2.63084
-0.322 -16.2751 3.50234
-0.32 -20.6725 3.94487
-0.318 -24.0635 3.87349
-0.316 -26.2091 3.23227
-0.314 -26.9379 1.99998
-0.312 -26.1591 0.1938
-0.31 -23.8723 -2.12947
-0.308 -20.1711 -4.8746
-0.306 -15.2408 -7.9117
-0.304 -9.35081 -11.0822
-0.302 -2.84053 -14.2071
-0.3 3.89899 -17.0969
-0.298 10.448 -19.5629
-0.296 16.3837 -21.4292
-0.294 21.3065 -22.5449
-0.292 24.8666 -22.7957
-0.29 26.7875 -22.1135
-0.288 26.8862 -20.4842
-0.286 25.0877 -17.9516
-0.284 21.4334 -14.618
-0.282 16.0821 -10.64
-0.28 9.30306 -6.22094
-0.278 1.4626 -1.59955
-0.276 -6.99653 2.96455
-0.274 -15.581 7.20639
-0.272 -23.7768 10.872
-0.27 -31.0806 13.7341
-0.268 -37.0317 15.6056
-0.266 -41.2412 16.3519
-0.264 -43.4169 15.8985
-0.262 -43.3824 14.2373
-0.26 -41.089 11.4284
-0.258 -36.6189 7.59875
-0.256 -30.1807 2.93788
-0.254 -22.0968 -2.3098
-0.252 -12.7833 -7.85602
-0.25 -2.72455 -13.3824
-0.248 7.55624 -18.5567
-0.246 17.5288 -23.0513
-0.244 26.6876 -26.5621
-0.242 34.5819 -28.8276
-0.24 40.8424 -29.6461
-0.238 45.2024 -28.8898
-0.236 47.5128 -26.5152
-0.234 47.7501 -22.567
-0.232 46.0152 -17.1778
-0.23 42.526 -10.561
-0.228 37.6008 -2.99922
-0.226 31.6362 5.17145
-0.224 25.0785 13.5796
-0.222 18.3924 21.8382
-0.22 12.0283 29.5645
-0.218 6.39021 36.398
-0.216 1.80736 42.0176
-0.214 -1.48831 46.1557
-0.212 -3.37736 48.6094
-0.21 -3.85911 49.2488
-0.208 -3.04864 48.0225
-0.206 -1.1647 44.9592
-0.204 1.49034 40.167
-0.202 4.55675 33.8286
-0.2 7.64768 26.1942
-0.198 10.3809 17.5704
-0.196 12.4096 8.30824
-0.194 13.4494 -1.21255
-0.192 13.3007 -10.5995
-0.19 11.864 -19.4642
-0.188 9.14727 -27.4396
-0.186 5.26612 -34.1952
-0.184 0.435786 -39.4521
-0.182 -5.04368 -42.9946
-0.18 -10.8082 -44.6804
-0.178 -16.455 -44.4462
-0.176 -21.5712 -42.3111
-0.174 -25.7631 -38.3753
-0.172 -28.6858 -32.816
-0.17 -30.0698 -25.8787
-0.168 -29.7437 -17.8663
-0.166 -27.6512 -9.12549
-0.164 -23.8606 -0.0315237
-0.162 -18.5662 9.02753
-0.16 -12.0803 17.6666
-0.158 -4.81624 25.5188
-0.156 2.73647 32.2491
-0.154 10.0448 37.5675
-0.152 16.5693 41.2401
-0.15 21.8034 43.0993
-0.148 25.312 43.053
-0.146 26.767 41.0915
-0.144 25.9749 37.2939
-0.142 22.8968 31.8302
-0.14 17.6568 24.9615
-0.138 10.5394 17.034
-0.136 1.9753 8.4687
-0.134 -7.48416 -0.256216
-0.132 -17.2008 -8.62767
-0.13 -26.4904 -16.1255
-0.128 -34.6675 -22.2531
-0.126 -41.0902 -26.5687
-0.124 -45.2037 -28.7145
-0.122 -46.5771 -28.4425
-0.12 -44.9349 -25.6331
-0.118 -40.1772 -20.3071
-0.116 -32.3913 -12.6291
-0.114 -21.8521 -2.90416
-0.112 -9.01129 8.43431
-0.11 5.52271 20.8416
-0.108 21.0152 33.6851
-0.106 36.6434 46.2722
-0.104 51.5405 57.8817
-0.102 64.8445 67.7987
-0.1 75.7482 75.3505
-0.098 83.5473 79.944
-0.096 87.6846 81.102
-0.094 87.7869 78.4951
-0.092 83.6922 71.9705
-0.09 75.4648 61.5708
-0.088 63.3989 47.5444
-0.086 48.0068 30.3437
-0.084 29.995 10.6112
-0.082 10.2276 -10.8459
-0.08 -10.3207 -33.0925
-0.078 -30.6196 -55.1105
-0.076 -49.6412 -75.8503
-0.074 -66.4196 -94.2841
-0.072 -80.1061 -109.461
-0.07 -90.0172 -120.557
-0.068 -95.6723 -126.923
-0.066 -96.8193 -128.124
-0.064 -93.4467 -123.967
-0.062 -85.7819 -114.521
-0.06 -74.2765 -100.122
-0.058 -59.5803 -81.3666
-0.056 -42.5047 -59.0832
-0.054 -23.9777 -34.298
-0.052 -4.99429 -8.17928
-0.05 13.4382 18.0259
-0.048 30.3534 43.0638
-0.046 44.8781 65.7473
-0.044 56.278 85.0258
-0.042 63.9958 100.046
-0.04 67.6792 110.197
-0.038 67.1983 115.141
-0.036 62.6498 114.824
-0.034 54.3503 109.473
-0.032 42.8183 99.5668
-0.03 28.745 85.8116
-0.028 12.9575 69.0929
-0.026 -3.62606 50.428
-0.024 -20.0458 30.9138
-0.022 -35.3523 11.671
-0.02 -48.6578 -6.21134
-0.018 -59.1856 -21.7326
-0.016 -66.3131 -34.0348
-0.014 -69.6072 -42.4542
-0.012 -68.8502 -46.5661
-0.01 -64.0534 -46.219
-0.008 -55.4588 -41.5546
-0.006 -43.5276 -33.0086
-0.004 -28.915 -21.2898
-0.002 -12.4342 -7.33727
0 4.9906 7.74393
0.002 22.3781 22.762
0.004 38.7484 36.5271
0.006 53.1803 47.9388
0.008 64.8654 56.0657
0.01 73.1551 60.2092
0.012 77.596 59.9456
0.014 77.9551 55.147
0.016 74.2303 45.9796
0.018 66.649 32.8829
0.02 55.6532 16.5356
0.022 41.874 -2.1905
0.024 26.0954 -22.282
0.026 9.21082 -42.639
0.028 -7.82588 -62.1315
0.03 -24.0524 -79.6561
0.032 -38.5497 -94.1906
0.034 -50.4915 -104.847
0.036 -59.1885 -110.921
0.038 -64.1253 -111.932
0.04 -64.989 -107.659
0.042 -61.6869 -98.1595
0.044 -54.353 -83.7767
0.046 -43.3429 -65.1258
0.048 -29.2167 -43.0652
0.05 -12.7103 -18.6493
0.052 5.30227 6.93249
0.054 23.8558 32.4254
0.056 41.9448 56.5833
0.058 58.5779 78.2403
0.06 72.8315 96.375
0.062 83.8998 110.163
0.064 91.1392 119.017
0.066 94.1046 122.608
0.068 92.5752 120.875
0.07 86.569 114.02
0.072 76.3437 102.485
0.074 62.3849 86.9272
0.076 45.3796 68.176
0.078 26.179 47.1869
0.08 5.74989 24.9906
0.082 -14.8807 2.63775
0.084 -34.6841 -18.8544
0.086 -52.6891 -38.5534
0.088 -68.036 -55.6567
0.09 -80.0231 -69.5273
0.092 -88.1438 -79.7198
0.094 -92.1099 -85.9935
0.096 -91.8625 -88.314
0.098 -87.5691 -86.8422
0.1 -79.6077 -81.915
0.102 -68.5395 -74.017
0.104 -55.0719 -63.7473
0.106 -40.0145 -51.7834
0.108 -24.2305 -38.8444
0.11 -8.58706 -25.6541
0.112 6.09341 -12.9066
0.114 19.0773 -1.23523
0.116 29.7581 8.81544
0.118 37.6857 16.8125
0.12 42.5877 22.4523
0.122 44.3788 25.5711
0.124 43.1606 26.1492
0.126 39.2102 24.307
0.128 32.9591 20.2929
0.13 24.9624 14.4643
0.132 15.8611 7.26227
0.134 6.33952 -0.818047
0.136 -2.92033 -9.25858
0.138 -11.2829 -17.5489
0.14 -18.1998 -25.2137
0.142 -23.244 -31.8353
0.144 -26.1342 -37.0708
0.146 -26.7496 -40.6624
0.148 -25.1324 -42.4427
0.15 -21.4785 -42.3349
0.152 -16.1184 -40.3503
0.154 -9.48868 -36.5816
0.156 -2.09673 -31.1964
0.158 5.51765 -24.4273
0.16 12.8218 -16.5625
0.162 19.3272 -7.93408
0.164 24.622 1.09442
0.166 28.3957 10.1418
0.168 30.4563 18.8243
0.17 30.7381 26.7709
0.172 29.3001 33.6389
0.174 26.3161 39.1295
0.176 22.0584 43.0003
0.178 16.8744 45.0772
0.18 11.1597 45.2619
0.182 5.32928 43.5366
0.184 -0.212848 39.9651
0.186 -5.10159 34.6897
0.188 -9.03638 27.9251
0.19 -11.8019 19.9487
0.192 -13.2827 11.0892
0.194 -13.4714 1.71163
0.196 -12.4683 -7.79809
0.198 -10.474 -17.0497
0.2 -7.77346 -25.6655
0.202 -4.71447 -33.2964
0.204 -1.67989 -39.6371
0.206 0.942962 -44.4383
0.208 2.79411 -47.5178
0.21 3.57113 -48.7675
0.212 3.05546 -48.1578
0.214 1.13237 -45.7394
0.216 -2.19697 -41.6406
0.218 -6.81251 -36.0627
0.22 -12.4817 -29.2715
0.222 -18.8744 -21.5862
0.224 -25.5862 -13.3654
0.226 -32.1659 -4.9903
0.228 -38.1482 3.15337
0.23 -43.0863 10.6952
0.232 -46.5833 17.2997
0.234 -48.3206 22.6843
0.236 -48.0803 26.6353
0.238 -45.7612 29.0195
0.24 -41.3874 29.7911
0.242 -35.1083 28.9925
0.244 -27.1909 26.7497
0.246 -18.0053 23.263
0.248 -8.00281 18.7922
0.25 2.3102 13.64
0.252 12.4027 8.13256
0.254 21.7508 2.60098
0.256 29.8693 -2.63728
0.258 36.3414 -7.29452
0.26 40.8443 -11.1267
0.262 43.1687 -13.9441
0.264 43.232 -15.6196
0.266 41.0826 -16.0925
0.268 36.8966 -15.3702
0.27 30.9661 -13.526
0.272 23.68 -10.6939
0.274 15.4989 -7.05949
0.276 6.92633 -2.84929
0.278 -1.52347 1.68369
0.28 -9.35689 6.27529
0.282 -16.1308 10.6664
0.284 -21.4785 14.6188
0.286 -25.1301 17.9293
0.288 -26.9264 20.4412
0.29 -26.8257 22.052
0.292 -24.9023 22.7176
0.294 -21.339 22.4518
0.296 -16.4118 21.322
0.298 -10.4706 19.4421
0.3 -3.9147 16.9627
0.302 2.83289 14.0592
0.304 9.35229 10.9202
0.306 15.2522 7.73497
0.308 20.1928 4.68267
0.31 23.9043 1.92198
0.312 26.2009 -0.416914
0.314 26.9886 -2.23841
0.316 26.2673 -3.48527
0.318 24.1275 -4.13985
0.32 20.7402 -4.22286
0.322 16.3443 -3.78978
0.324 11.2284 -2.92512
0.326 5.712 -1.73504
0.328 0.124266 -0.338903
0.33 -5.21604 1.13965
0.332 -10.0195 2.58127
0.334 -14.0423 3.87866
0.336 -17.099 4.94278
0.338 -19.0709 5.70735
0.34 -19.9102 6.13133
0.342 -19.6392 6.19958
0.344 -18.3452 5.92166
0.346 -16.1712 5.32925
0.348 -13.3044 4.47246
0.35 -9.96148 3.41522
0.352 -6.37329 2.23033
0.354 -2.76972 0.994259
0.356 0.634714 -0.217986
0.358 3.6532 -1.33756
0.36 6.13636 -2.30593
0.362 7.97889 -3.07809
0.364 9.12292 -3.6248
0.366 9.5581 -3.93349
0.368 9.31864 -4.00801
0.37 8.47783 -3.86707
0.372 7.14045 -3.5416
0.374 5.43377 -3.07144
0.376 3.49791 -2.50147
0.378 1.47603 -1.87783
0.38 -0.494864 -1.24436
0.382 -2.29206 -0.639787
0.384 -3.81378 -0.0956281
0.386 -4.98395 0.364943
0.388 -5.75496 0.727426
0.39 -6.10846 0.985605
0.392 -6.05407 1.14063
0.394 -5.62642 1.19977
0.396 -4.88082 1.17498
0.398 -3.88781 1.08143
0.4 -2.72725 0.93612
0.402 -1.48227 0.756509
0.404 -0.233596 0.55937
0.406 0.945516 0.359753
0.408 1.99322 0.170162
0.41 2.86192 -2.68363e-05
0.412 3.51987 -0.144865
0.414 3.95146 -0.26183
0.416 4.15645 -0.351511
0.418 4.14826 -0.417021
0.42 3.9515 -0.463206
0.422 3.59911 -0.495743
0.424 3.12926 -0.520258
0.426 2.58228 -0.541562
0.428 1.99785 -0.563104
0.43 1.41258 -0.586687
0.432 0.858119 -0.612456
0.434 0.35981 -0.639123
0.436 -0.0640235 -0.664372
0.438 -0.402251 -0.685345
0.44 -0.650592 -0.69914
0.442 -0.810872 -0.703251
0.444 -0.889967 -0.695901
0.446 -0.898566 -0.676237
0.448 -0.849858 -0.644403
0.45 -0.758248 -0.601493
0.452 -0.638198 -0.549401
0.454 -0.503249 -0.490624
0.456 -0.36527 -0.428009
0.458 -0.233959 -0.364498
0.46 -0.11659 -0.302878
0.462 -0.0179754 -0.245559
0.464 0.0593818 -0.194405
0.466 0.114993 -0.150617
0.468 0.150003 -0.114695
0.47 0.166764 -0.0864765
0.472 0.168408 -0.0652347
0.474 0.158453 -0.0498415
0.476 0.140464 -0.038956
0.478 0.117788 -0.0312196
0.48 0.0933558 -0.0254275
0.482 0.0695591 -0.0206548
0.484 0.0481871 -0.016321
0.486 0.0304128 -0.0121897
0.488 0.0168194 -0.00830909
0.49 0.00745668 -0.00490727
0.492 0.00192042 -0.00226315
0.494 -0.000548831 -0.000575715
0.496 -0.000951844 0.000146784
0.498 -0.000403997 0.000159159
0.4 0.0655019 0.0489833
0.8 0.0669679 0.0500316
1.2 0.0694044 0.0517771
1.6 0.0728014 0.0542171
2 0.0771448 0.0573478
2.4 0.0824165 0.0611646
2.8 0.0885946 0.0656619
3.2 0.0956535 0.070833
3.6 0.103564 0.0766706
4 0.112292 0.0831666
4.4 0.121803 0.090312
4.8 0.132057 0.0980977
5.2 0.14301 0.106514
5.6 0.154618 0.11555
6 0.166833 0.125196
6.4 0.179605 0.135443
6.8 0.192883 0.146279
7.2 0.206611 0.157697
7.6 0.220737 0.169686
8 0.235205 0.182239
8.4 0.249959 0.195349
8.8 0.264944 0.20901
9.2 0.280105 0.223218
9.6 0.295388 0.23797
10 0.310741 0.253265
10.4 0.326112 0.269104
10.8 0.341455 0.285489
11.2 0.356723 0.302424
11.6 0.371874 0.319916
12 0.38687 0.337972
12.4 0.401675 0.356601
12.8 0.416257 0.375813
13.2 0.430591 0.39562
13.6 0.444652 0.416033
14 0.458423 0.437063
14.4 0.471889 0.458723
14.8 0.485042 0.481023
15.2 0.497875 0.50397
15.6 0.510387 0.527572
16 0.522581 0.551832
16.4 0.534462 0.57675
16.8 0.54604 0.602321
17.2 0.557328 0.628537
17.6 0.56834 0.655382
18 0.579092 0.682835
18.4 0.589604 0.710868
18.8 0.599894 0.739445
19.2 0.609983 0.768524
19.6 0.619893 0.798054
20 0.629642 0.827975
20.4 0.63925 0.85822
20.8 0.648737 0.888714
21.2 0.65812 0.919374
21.6 0.667413 0.950109
22 0.67663 0.98082
22.4 0.685782 1.0114
22.8 0.694877 1.04175
23.2 0.703922 1.07175
23.6 0.712917 1.10128
24 0.721864 1.13022
24.4 0.730758 1.15844
24.8 0.739593 1.18584
25.2 0.748359 1.21228
25.6 0.757044 1.23766
26 0.765632 1.26185
26.4 0.774105 1.28475
26.8 0.782442 1.30627
27.2 0.790619 1.3263
27.6 0.798611 1.34477
28 0.806389 1.36161
28.4 0.813925 1.37674
28.8 0.821186 1.39014
29.2 0.828139 1.40174
29.6 0.83475 1.41155
30 0.840983 1.41954
30.4 0.846802 1.42571
30.8 0.852169 1.43009
31.2 0.857047 1.4327
31.6 0.861398 1.43358
32 0.865185 1.43279
32.4 0.868368 1.43039
32.8 0.870912 1.42644
33.2 0.87278 1.42103
33.6 0.873936 1.41424
34 0.874346 1.40617
34.4 0.873976 1.3969
34.8 0.872797 1.38653
35.2 0.870779 1.37516
35.6 0.867896 1.36289
36 0.864123 1.34981
36.4 0.85944 1.336
36.8 0.85383 1.32155
37.2 0.847278 1.30655
37.6 0.839774 1.29104
38 0.831313 1.27512
38.4 0.821894 1.25881
38.8 0.811519 1.24218
39.2 0.800197 1.22524
39.6 0.78794 1.20804
40 0.774767 1.19059
40.4 0.760702 1.17289
40.8 0.745772 1.15495
41.2 0.730012 1.13675
41.6 0.713461 1.11828
42 0.696162 1.09953
42.4 0.678163 1.08047
42.8 0.659519 1.06107
43.2 0.640285 1.0413
43.6 0.620522 1.02114
44 0.600295 1.00055
44.4 0.57967 0.979505
44.8 0.558717 0.957983
45.2 0.537507 0.935965
45.6 0.516111 0.913435
46 0.494604 0.890386
46.4 0.473056 0.866817
46.8 0.451542 0.842735
47.2 0.430131 0.818154
47.6 0.408893 0.793099
48 0.387896 0.767601
48.4 0.367202 0.7417
48.8 0.346874 0.715446
49.2 0.326968 0.688893
49.6 0.307538 0.662105
50 0.288631 0.635152
50.4 0.270293 0.608109
50.8 0.252561 0.581055
51.2 0.235469 0.554073
51.6 0.219047 0.527249
52 0.203318 0.500669
52.4 0.1883 0.474418
52.8 0.174006 0.448583
53.2 0.160446 0.423245
53.6 0.147622 0.398484
54 0.135535 0.374375
54.4 0.124179 0.350985
54.8 0.113546 0.328378
55.2 0.103624 0.306609
55.6 0.0943959 0.285727
56 0.0858445 0.26577
56.4 0.0779488 0.246772
56.8 0.0706857 0.228753
57.2 0.0640305 0.21173
57.6 0.0579569 0.195707
58 0.0524376 0.180682
58.4 0.0474444 0.166646
58.8 0.0429488 0.153581
59.2 0.0389217 0.141463
59.6 0.0353344 0.130261
60 0.032158 0.119941
60.4 0.0293643 0.110463
60.8 0.0269256 0.101782
61.2 0.0248148 0.0938519
61.6 0.0230057 0.0866248
62 0.021473 0.0800505
62.4 0.0201924 0.074079
62.8 0.0191406 0.0686601
63.2 0.0182955 0.0637451
63.6 0.017636 0.0592866
64 0.0171422 0.0552394
64.4 0.0167953 0.0515609
64.8 0.0165778 0.0482116
65.2 0.016473 0.0451552
65.6 0.0164657 0.0423588
66 0.0165416 0.0397933
66.4 0.0166876 0.0374332
66.8 0.0168914 0.0352566
67.2 0.017142 0.0332451
67.6 0.0174293 0.0313839
68 0.0177443 0.0296611
68.4 0.0180786 0.0280679
68.8 0.0184251 0.0265982
69.2 0.0187772 0.0252481
69.6 0.0191293 0.0240158
70 0.0194766 0.0229011
70.4 0.0198147 0.0219054
70.8 0.0201402 0.0210307
71.2 0.02045 0.0202802
71.6 0.0207417 0.019657
72 0.0210133 0.0191649
72.4 0.021263 0.0188071
72.8 0.0214896 0.0185869
73.2 0.0216921 0.0185069
73.6 0.0218695 0.0185691
74 0.0220212 0.0187749
74.4 0.0221464 0.0191246
74.8 0.0222447 0.0196178
75.2 0.0223153 0.0202532
75.6 0.0223577 0.0210283
76 0.0223712 0.0219399
76.4 0.0223551 0.0229838
76.8 0.0223086 0.0241549
77.2 0.022231 0.0254472
77.6 0.0221215 0.0268539
78 0.0219793 0.0283676
78.4 0.0218036 0.0299802
78.8 0.0215938 0.0316828
79.2 0.0213496 0.0334662
79.6 0.0210707 0.0353205
80 0.0207572 0.0372356
80.4 0.0204094 0.0392008
80.8 0.0200283 0.0412054
81.2 0.019615 0.0432381
81.6 0.0191713 0.0452877
82 0.0186995 0.0473428
82.4 0.0182024 0.049392
82.8 0.0176835 0.0514238
83.2 0.0171467 0.0534268
83.6 0.0165964 0.0553899
84 0.0160376 0.0573022
84.4 0.0154757 0.059153
84.8 0.0149166 0.0609322
85.2 0.0143663 0.0626301
85.6 0.013831 0.0642377
86 0.0133171 0.0657466
86.4 0.0128309 0.0671491
86.8 0.0123785 0.0684387
87.2 0.0119658 0.0696095
87.6 0.0115982 0.0706569
88 0.0112805 0.0715774
88.4 0.011017 0.0723684
88.8 0.0108112 0.0730288
89.2 0.0106655 0.0735586
89.6 0.0105817 0.073959
90 0.0105605 0.0742326
90.4 0.0106013 0.074383
90.8 0.0107028 0.0744152
91.2 0.0108626 0.0743349
91.6 0.0110771 0.0741492
92 0.0113421 0.0738659
92.4 0.0116524 0.0734935
92.8 0.0120019 0.0730413
93.2 0.0123844 0.0725191
93.6 0.0127929 0.0719368
94 0.0132202 0.0713049
94.4 0.0136592 0.0706334
94.8 0.0141028 0.0699327
95.2 0.0145443 0.0692126
95.6 0.0149775 0.0684826
96 0.015397 0.0677517
96.4 0.0157982 0.067028
96.8 0.0161775 0.0663193
97.2 0.0165328 0.0656322
97.6 0.0168629 0.0649726
98 0.0171684 0.0643457
98.4 0.0174511 0.0637555
98.8 0.0177144 0.0632054
99.2 0.0179631 0.0626979
99.6 0.0182036 0.0622348
100 0.0184434 0.0618171
100.4 0.0186913 0.0614455
100.8 0.0189573 0.0611201
101.2 0.0192521 0.0608406
101.6 0.0195872 0.0606069
102 0.0199743 0.0604183
102.4 0.0204256 0.0602745
102.8 0.0209527 0.0601753
103.2 0.0215673 0.0601208
103.6 0.0222802 0.0601113
104 0.0231013 0.0601478
104.4 0.0240392 0.0602316
104.8 0.0251011 0.0603645
105.2 0.0262925 0.0605488
105.6 0.0276171 0.0607874
106 0.0290764 0.0610834
106.4 0.0306698 0.0614403
106.8 0.0323945 0.0618621
107.2 0.0342451 0.0623525
107.6 0.0362143 0.0629155
108 0.0382922 0.0635547
108.4 0.0404668 0.0642736
108.8 0.0427242 0.0650748
109.2 0.0450485 0.0659607
109.6 0.0474222 0.0669324
110 0.0498263 0.0679902
110.4 0.0522408 0.0691331
110.8 0.0546448 0.070359
111.2 0.057017 0.0716642
111.6 0.0593357 0.0730434
112 0.0615797 0.0744901
112.4 0.0637281 0.0759958
112.8 0.065761 0.0775507
113.2 0.0676593 0.0791434
113.6 0.0694057 0.080761
114 0.0709846 0.0823892
114.4 0.072382 0.0840125
114.8 0.0735865 0.0856146
115.2 0.0745888 0.0871779
115.6 0.0753818 0.0886846
116 0.0759612 0.0901164
116.4 0.0763252 0.0914547
116.8 0.0764742 0.0926812
117.2 0.0764113 0.0937781
117.6 0.0761419 0.0947282
118 0.0756735 0.0955151
118.4 0.0750156 0.0961239
118.8 0.0741795 0.0965409
119.2 0.073178 0.0967542
119.6 0.0720254 0.0967537
120 0.0707367 0.0965313
120.4 0.0693278 0.096081
120.8 0.067815 0.0953993
121.2 0.0662149 0.0944847
121.6 0.0645438 0.0933382
122 0.0628177 0.091963
122.4 0.0610519 0.0903647
122.8 0.059261 0.0885509
123.2 0.0574584 0.0865316
123.6 0.0556564 0.0843183
124 0.053866 0.0819246
124.4 0.0520967 0.0793656
124.8 0.0503565 0.0766576
125.2 0.0486519 0.073818
125.6 0.046988 0.0708654
126 0.0453682 0.0678187
126.4 0.0437948 0.0646973
126.8 0.0422685 0.0615207
127.2 0.0407889 0.0583084
127.6 0.0393546 0.0550795
128 0.0379633 0.0518525
128.4 0.0366119 0.0486454
128.8 0.0352967 0.0454749
129.2 0.0340138 0.0423571
129.6 0.0327588 0.0393064
130 0.0315275 0.0363364
130.4 0.0303157 0.0334589
130.8 0.0291194 0.0306844
131.2 0.0279351 0.028022
131.6 0.0267597 0.0254791
132 0.0255907 0.0230618
132.4 0.0244263 0.0207747
132.8 0.0232652 0.0186208
133.2 0.0221071 0.0166021
133.6 0.0209523 0.0147189
134 0.0198016 0.0129708
134.4 0.0186569 0.0113558
134.8 0.0175203 0.00987135
135.2 0.0163946 0.0085138
135.6 0.0152832 0.00727881
136 0.0141895 0.00616138
136.4 0.0131176 0.00515598
136.8 0.0120715 0.00425666
137.2 0.0110552 0.00345713
137.6 0.0100728 0.00275087
138 0.00912823 0.00213124
138.4 0.00822514 0.00159153
138.8 0.00736684 0.00112505
139.2 0.00655625 0.000725224
139.6 0.00579584 0.000385595
140 0.00508754 9.99199e-05
140.4 0.00443274 -0.000137801
140.8 0.00383224 -0.000333286
141.2 0.00328628 -0.000491946
141.6 0.00279449 -0.000618855
142 0.00235597 -0.000718741
142.4 0.00196928 -0.000795965
142.8 0.00163247 -0.000854524
143.2 0.00134317 -0.000898041
143.6 0.00109863 -0.00092977
144 0.000895755 -0.000952601
144.4 0.000731209 -0.000969068
144.8 0.000601463 -0.000981356
145.2 0.000502869 -0.000991321
145.6 0.000431722 -0.0010005
146 0.000384332 -0.00101012
146.4 0.000357076 -0.00102114
146.8 0.000346456 -0.00103424
147.2 0.000349149 -0.00104987
147.6 0.000362044 -0.00106825
148 0.000382276 -0.00108941
148.4 0.000407257 -0.00111319
148.8 0.000434686 -0.00113931
149.2 0.000462564 -0.00116732
149.6 0.000489197 -0.00119672
150 0.000513189 -0.00122688
150.4 0.000533435 -0.00125715
150.8 0.000549103 -0.00128684
151.2 0.000559618 -0.00131525
151.6 0.000564632 -0.00134169
152 0.000564006 -0.00136551
152.4 0.000557777 -0.00138609
152.8 0.00054613 -0.00140289
153.2 0.000529373 -0.00141545
153.6 0.000507907 -0.00142338
154 0.000482201 -0.0014264
154.4 0.000452765 -0.00142432
154.8 0.000420135 -0.00141706
155.2 0.000384851 -0.00140464
155.6 0.00034744 -0.00138719
156 0.000308406 -0.00136492
156.4 0.000268221 -0.00133814
156.8 0.000227317 -0.00130723
157.2 0.000186085 -0.00127265
157.6 0.000144871 -0.00123489
158 0.000103978 -0.00119452
158.4 6.36698e-05 -0.00115211
158.8 2.41737e-05 -0.00110825
159.2 -1.43141e-05 -0.00106353
159.6 -5.16232e-05 -0.00101853
160 -8.76036e-05 -0.000973799
160.4 -0.000122121 -0.000929861
160.8 -0.00015505 -0.000887177
161.2 -0.000186273 -0.000846161
161.6 -0.000215675 -0.000807161
162 -0.000243143 -0.000770462
162.4 -0.000268562 -0.000736278
162.8 -0.000291818 -0.000704753
163.2 -0.0003128 -0.000675965
163.6 -0.000331398 -0.000649926
164 -0.000347509 -0.000626587
164.4 -0.000361037 -0.000605846
164.8 -0.000371901 -0.000587555
165.2 -0.000380035 -0.000571525
165.6 -0.000385393 -0.000557538
166 -0.000387954 -0.000545355
166.4 -0.000387722 -0.000534724
166.8 -0.00038473 -0.000525389
167.2 -0.000379043 -0.000517099
167.6 -0.000370755 -0.000509611
168 -0.000359994 -0.000502703
168.4 -0.000346916 -0.000496173
168.8 -0.000331706 -0.000489845
169.2 -0.000314575 -0.000483571
169.6 -0.000295754 -0.000477235
170 -0.000275495 -0.000470748
170.4 -0.00025406 -0.00046405
170.8 -0.000231721 -0.000457109
171.2 -0.000208752 -0.000449914
171.6 -0.000185423 -0.000442474
172 -0.000162 -0.000434813
172.4 -0.000138734 -0.000426965
172.8 -0.000115861 -0.00041897
173.2 -9.35951e-05 -0.000410868
173.6 -7.21295e-05 -0.000402697
174 -5.16309e-05 -0.000394487
174.4 -3.22394e-05 -0.000386256
174.8 -1.40679e-05 -0.000378012
175.2 2.79788e-06 -0.000369746
175.6 1.82984e-05 -0.000361434
176 3.23984e-05 -0.000353037
176.4 4.50855e-05 -0.000344503
176.8 5.63664e-05 -0.000335765
177.2 6.6265e-05 -0.000326747
177.6 7.48183e-05 -0.000317366
178 8.20736e-05 -0.000307538
178.4 8.80854e-05 -0.000297175
178.8 9.29118e-05 -0.000286198
179.2 9.6612e-05 -0.000274533
179.6 9.92443e-05 -0.000262122
180 0.000100863 -0.000248921
180.4 0.000101519 -0.000234905
180.8 0.000101257 -0.00022007
181.2 0.000100115 -0.000204438
181.6 9.81273e-05 -0.000188051
182 9.53207e-05 -0.000170977
182.4 9.17196e-05 -0.000153309
182.8 8.73452e-05 -0.000135158
183.2 8.22178e-05 -0.000116659
183.6 7.63583e-05 -9.79586e-05
184 6.97905e-05 -7.92197e-05
184.4 6.25427e-05 -6.06126e-05
184.8 5.46492e-05 -4.23118e-05
185.2 4.61519e-05 -2.44916e-05
185.6 3.71016e-05 -7.32136e-06
186 2.75584e-05 9.0393e-06
186.4 1.75924e-05 2.44444e-05
186.8 7.28324e-06 3.87658e-05
187.2 -3.28039e-06 5.18961e-05
187.6 -1.40017e-05 6.37516e-05
188 -2.47773e-05 7.42744e-05
188.4 -3.54991e-05 8.34331e-05
188.8 -4.60566e-05 9.12236e-05
189.2 -5.6339e-05 9.76687e-05
189.6 -6.6238e-05 0.000102816
190 -7.56502e-05 0.000106739
190.4 -8.448e-05 0.000109529
190.8 -9.26417e-05 0.000111297
191.2 -0.000100062 0.000112169
191.6 -0.000106681 0.000112279
192 -0.000112457 0.000111771
192.4 -0.000117361 0.000110786
192.8 -0.000121386 0.000109468
193.2 -0.00012454 0.000107952
193.6 -0.000126847 0.000106364
194 -0.000128352 0.000104818
194.4 -0.000129109 0.000103411
194.8 -0.00012919 0.000102224
195.2 -0.000128675 0.00010132
195.6 -0.000127653 0.00010074
196 -0.000126219 0.000100506
196.4 -0.00012447 0.000100621
196.8 -0.000122505 0.00010107
197.2 -0.000120417 0.000101821
197.6 -0.000118294 0.000102828
198 -0.000116217 0.000104033
198.4 -0.000114255 0.000105368
198.8 -0.000112465 0.00010676
199.2 -0.00011089 0.000108133
199.6 -0.000109556 0.000109409
200 -0.000108478 0.000110513
200.4 -0.00010765 0.000111378
200.8 -0.000107055 0.000111941
201.2 -0.000106659 0.00011215
201.6 -0.000106417 0.000111963
202 -0.00010627 0.000111352
202.4 -0.000106151 0.000110299
202.8 -0.000105987 0.000108801
203.2 -0.000105697 0.000106864
203.6 -0.000105201 0.000104507
204 -0.000104415 0.00010176
204.4 -0.000103262 9.86594e-05
204.8 -0.000101666 9.52503e-05
205.2 -9.9559e-05 9.15814e-05
205.6 -9.68825e-05 8.77044e-05
206 -9.35874e-05 8.36717e-05
206.4 -8.96365e-05 7.95343e-05
206.8 -8.50048e-05 7.53401e-05
207.2 -7.96805e-05 7.11321e-05
207.6 -7.36649e-05 6.6947e-05
208 -6.69724e-05 6.2814e-05
208.4 -5.96303e-05 5.87544e-05
208.8 -5.16775e-05 5.47808e-05
209.2 -4.31642e-05 5.08972e-05
209.6 -3.41505e-05 4.70994e-05
210 -2.47047e-05 4.33755e-05
210.4 -1.49025e-05 3.9707e-05
210.8 -4.82528e-06 3.60697e-05
211.2 5.44154e-06 3.24355e-05
211.6 1.58097e-05 2.87738e-05
212 2.61897e-05 2.50531e-05
212.4 3.64918e-05 2.12427e-05
212.8 4.66274e-05 1.73143e-05
213.2 5.65101e-05 1.3244e-05
213.6 6.60562e-05 9.01307e-06
214 7.51858e-05 4.60956e-06
214.4 8.38232e-05 2.92976e-08
214.8 9.18972e-05 -4.72348e-06
215.2 9.93415e-05 -9.63566e-06
215.6 0.000106095 -1.4685e-05
216 0.000112101 -1.98406e-05
216.4 0.00011731 -2.50627e-05
216.8 0.000121676 -3.03041e-05
217.2 0.000125157 -3.55105e-05
217.6 0.00012772 -4.06223e-05
218 0.000129334 -4.55751e-05
218.4 0.000129975 -5.03019e-05
218.8 0.000129623 -5.4734e-05
219.2 0.000128265 -5.88033e-05
219.6 0.000125894 -6.2443e-05
220 0.000122508 -6.55896e-05
220.4 0.000118113 -6.81844e-05
220.8 0.00011272 -7.01744e-05
221.2 0.000106348 -7.15135e-05
221.6 9.90244e-05 -7.21638e-05
222 9.07827e-05 -7.20958e-05
222.4 8.16651e-05 -7.12893e-05
222.8 7.17214e-05 -6.97335e-05
223.2 6.10097e-05 -6.74272e-05
223.6 4.95955e-05 -6.4379e-05
224 3.7552e-05 -6.06065e-05
224.4 2.49591e-05 -5.61361e-05
224.8 1.19033e-05 -5.10028e-05
225.2 -1.52332e-06 -4.52489e-05
225.6 -1.52242e-05 -3.89236e-05
226 -2.90989e-05 -3.20822e-05
226.4 -4.3045e-05 -2.47849e-05
226.8 -5.69585e-05 -1.7096e-05
227.2 -7.07359e-05 -9.08342e-06
227.6 -8.42753e-05 -8.16923e-07
228 -9.74776e-05 7.63206e-06
228.4 -0.000110248 1.61916e-05
228.8 -0.000122498 2.479e-05
229.2 -0.000134145 3.33565e-05
229.6 -0.000145115 4.18223e-05
230 -0.000155342 5.01209e-05
230.4 -0.000164771 5.81887e-05
230.8 -0.000173356 6.5966e-05
231.2 -0.000181061 7.3397e-05
231.6 -0.000187863 8.04308e-05
232 -0.000193746 8.70216e-05
232.4 -0.000198708 9.31291e-05
232.8 -0.000202754 9.87192e-05
233.2 -0.0002059 0.000103764
233.6 -0.000208168 0.000108242
234 -0.00020959 0.00011214
234.4 -0.000210203 0.000115451
234.8 -0.00021005 0.000118174
235.2 -0.000209178 0.000120319
235.6 -0.000207636 0.0001219
236 -0.000205477 0.000122939
236.4 -0.000202753 0.000123468
236.8 -0.000199518 0.000123522
237.2 -0.000195823 0.000123144
237.6 -0.000191718 0.000122382
238 -0.000187253 0.000121291
238.4 -0.000182471 0.000119928
238.8 -0.000177417 0.000118354
239.2 -0.000172129 0.000116631
239.6 -0.000166643 0.000114825
240 -0.000160993 0.000112999
240.4 -0.000155208 0.000111215
240.8 -0.000149316 0.000109534
241.2 -0.000143341 0.00010801
241.6 -0.000137308 0.000106696
242 -0.000131236 0.000105635
242.4 -0.000125147 0.000104865
242.8 -0.00011906 0.000104414
243.2 -0.000112995 0.000104304
243.6 -0.000106968 0.000104544
244 -0.000101001 0.000105138
244.4 -9.51104e-05 0.000106076
244.8 -8.93171e-05 0.000107341
245.2 -8.36402e-05 0.000108905
245.6 -7.80992e-05 0.000110734
246 -7.27137e-05 0.000112785
246.4 -6.75031e-05 0.000115007
246.8 -6.2486e-05 0.000117346
247.2 -5.76804e-05 0.000119743
247.6 -5.31028e-05 0.000122134
248 -4.87681e-05 0.000124458
248.4 -4.46894e-05 0.000126652
248.8 -4.08772e-05 0.000128654
249.2 -3.73397e-05 0.000130408
249.6 -3.40821e-05 0.000131861
250 -3.11066e-05 0.000132966
250.4 -2.84123e-05 0.000133684
250.8 -2.59952e-05 0.000133984
251.2 -2.38482e-05 0.000133843
251.6 -2.19611e-05 0.000133248
252 -2.03212e-05 0.000132196
252.4 -1.89132e-05 0.000130691
252.8 -1.77196e-05 0.000128748
253.2 -1.67214e-05 0.000126391
253.6 -1.58981e-05 0.000123649
254 -1.52285e-05 0.000120561
254.4 -1.46909e-05 0.00011717
254.8 -1.42636e-05 0.000113524
255.2 -1.39256e-05 0.000109674
255.6 -1.36566e-05 0.000105673
256 -1.34379e-05 0.000101574
256.4 -1.3252e-05 9.74304e-05
256.8 -1.30834e-05 9.32915e-05
257.2 -1.29186e-05 8.92044e-05
257.6 -1.27464e-05 8.52116e-05
258 -1.25574e-05 8.13504e-05
258.4 -1.23447e-05 7.76519e-05
258.8 -1.21033e-05 7.41408e-05
259.2 -1.18302e-05 7.08351e-05
259.6 -1.15242e-05 6.77457e-05
260 -1.11855e-05 6.4877e-05
260.4 -1.08158e-05 6.22269e-05
260.8 -1.04176e-05 5.97873e-05
261.2 -9.99428e-06 5.75449e-05
261.6 -9.54977e-06 5.5482e-05
262 -9.08814e-06 5.3577e-05
262.4 -8.61351e-06 5.18059e-05
262.8 -8.12982e-06 5.01428e-05
263.2 -7.64066e-06 4.85614e-05
263.6 -7.14914e-06 4.70353e-05
264 -6.65783e-06 4.55394e-05
264.4 -6.16869e-06 4.40507e-05
264.8 -5.68306e-06 4.25488e-05
265.2 -5.20174e-06 4.10165e-05
265.6 -4.72498e-06 3.94404e-05
266 -4.25263e-06 3.7811e-05
266.4 -3.78421e-06 3.6123e-05
266.8 -3.31904e-06 3.43754e-05
267.2 -2.85635e-06 3.25709e-05
267.6 -2.39541e-06 3.07161e-05
268 -1.93564e-06 2.88209e-05
268.4 -1.47668e-06 2.6898e-05
268.8 -1.01853e-06 2.49623e-05
269.2 -5.61517e-07 2.30305e-05
269.6 -1.06395e-07 2.11201e-05
270 3.4569e-07 1.92491e-05
270.4 7.93215e-07 1.74352e-05
270.8 1.23432e-06 1.56953e-05
271.2 1.66689e-06 1.40447e-05
271.6 2.08863e-06 1.24971e-05
272 2.49714e-06 1.10638e-05
272.4 2.89008e-06 9.75366e-06
272.8 3.2652e-06 8.57291e-06
273.2 3.6205e-06 7.52502e-06
273.6 3.95428e-06 6.61078e-06
274 4.26526e-06 5.82839e-06
274.4 4.55258e-06 5.17367e-06
274.8 4.81591e-06 4.64035e-06
275.2 5.0554e-06 4.22037e-06
275.6 5.2717e-06 3.90431e-06
276 5.46592e-06 3.68171e-06
276.4 5.63958e-06 3.54153e-06
276.8 5.79452e-06 3.47253e-06
277.2 5.93282e-06 3.46364e-06
277.6 6.05667e-06 3.50428e-06
278 6.16828e-06 3.58466e-06
278.4 6.26975e-06 3.69603e-06
278.8 6.36297e-06 3.83082e-06
279.2 6.44949e-06 3.98273e-06
279.6 6.53045e-06 4.1468e-06
280 6.60651e-06 4.31938e-06
280.4 6.67779e-06 4.49801e-06
280.8 6.74384e-06 4.68132e-06
281.2 6.80364e-06 4.86882e-06
281.6 6.85566e-06 5.06072e-06
282 6.89788e-06 5.25767e-06
282.4 6.92786e-06 5.46057e-06
282.8 6.94289e-06 5.67026e-06
283.2 6.94007e-06 5.88738e-06
283.6 6.91644e-06 6.11213e-06
284 6.86915e-06 6.34413e-06
284.4 6.79559e-06 6.58229e-06
284.8 6.69351e-06 6.82475e-06
285.2 6.56117e-06 7.06884e-06
285.6 6.39744e-06 7.31114e-06
286 6.20192e-06 7.54752e-06
286.4 5.97496e-06 7.77325e-06
286.8 5.71776e-06 7.98319e-06
287.2 5.43233e-06 8.17196e-06
287.6 5.12151e-06 8.33411e-06
288 4.78886e-06 8.46441e-06
288.4 4.43866e-06 8.55799e-06
288.8 4.07574e-06 8.61062e-06
289.2 3.70536e-06 8.61885e-06
289.6 3.33309e-06 8.5802e-06
290 2.9646e-06 8.49332e-06
290.4 2.60552e-06 8.35804e-06
290.8 2.26127e-06 8.17544e-06
291.2 1.9369e-06 7.94785e-06
291.6 1.63689e-06 7.67881e-06
292 1.36507e-06 7.37296e-06
292.4 1.12448e-06 7.03594e-06
292.8 9.17276e-07 6.67419e-06
293.2 7.44698e-07 6.29474e-06
293.6 6.0702e-07 5.90503e-06
294 5.0357e-07 5.5126e-06
294.4 4.32774e-07 5.12492e-06
294.8 3.92221e-07 4.7491e-06
295.2 3.7877e-07 4.39166e-06
295.6 3.88672e-07 4.05837e-06
296 4.17715e-07 3.75403e-06
296.4 4.61386e-07 3.48235e-06
296.8 5.15036e-07 3.24586e-06
297.2 5.74047e-07 3.04586e-06
297.6 6.34004e-07 2.8824e-06
298 6.9084e-07 2.75434e-06
298.4 7.40981e-07 2.65943e-06
298.8 7.81459e-07 2.59442e-06
299.2 8.10003e-07 2.55527e-06
299.6 8.25106e-07 2.53727e-06
300 8.2605e-07 2.53533e-06
300.4 8.12913e-07 2.54413e-06
300.8 7.86535e-07 2.55839e-06
301.2 7.48461e-07 2.57308e-06
301.6 7.00852e-07 2.5836e-06
302 6.46377e-07 2.586e-06
302.4 5.88088e-07 2.57711e-06
302.8 5.29273e-07 2.55468e-06
303.2 4.73314e-07 2.51741e-06
303.6 4.23535e-07 2.46503e-06
304 3.83056e-07 2.3983e-06
304.4 3.54658e-07 2.31893e-06
304.8 3.40664e-07 2.22949e-06
305.2 3.42838e-07 2.13332e-06
305.6 3.62311e-07 2.03435e-06
306 3.99525e-07 1.93693e-06
306.4 4.5422e-07 1.84563e-06
306.8 5.25434e-07 1.76504e-06
307.2 6.11538e-07 1.69958e-06
307.6 7.10303e-07 1.65327e-06
308 8.18979e-07 1.62958e-06
308.4 9.34404e-07 1.63129e-06
308.8 1.05313e-06 1.66031e-06
309.2 1.17153e-06 1.71762e-06
309.6 1.28598e-06 1.80323e-06
310 1.39295e-06 1.91613e-06
310.4 1.48918e-06 2.05433e-06
310.8 1.57175e-06 2.21493e-06
311.2 1.63826e-06 2.39418e-06
311.6 1.68682e-06 2.58769e-06
312 1.71621e-06 2.79048e-06
312.4 1.72585e-06 2.99726e-06
312.8 1.71586e-06 3.20256e-06
313.2 1.68702e-06 3.40093e-06
313.6 1.64074e-06 3.58716e-06
314 1.57899e-06 3.75645e-06
314.4 1.50422e-06 3.90459e-06
314.8 1.41927e-06 4.02807e-06
315.2 1.32725e-06 4.12424e-06
315.6 1.23139e-06 4.19138e-06
316 1.13494e-06 4.22874e-06
316.4 1.04104e-06 4.23655e-06
316.8 9.52593e-07 4.216e-06
317.2 8.72151e-07 4.16919e-06
317.6 8.01835e-07 4.09901e-06
318 7.43246e-07 4.00904e-06
318.4 6.97418e-07 3.90337e-06
318.8 6.64785e-07 3.78647e-06
319.2 6.45175e-07 3.66298e-06
319.6 6.37829e-07 3.53757e-06
320 6.41443e-07 3.41472e-06
320.4 6.54229e-07 3.29856e-06
320.8 6.74002e-07 3.19274e-06
321.2 6.98272e-07 3.10029e-06
321.6 7.24355e-07 3.02349e-06
322 7.49491e-07 2.96384e-06
322.4 7.70956e-07 2.92201e-06
322.8 7.86183e-07 2.89781e-06
323.2 7.92869e-07 2.89025e-06
323.6 7.89067e-07 2.89758e-06
324 7.73273e-07 2.9174e-06
324.4 7.44486e-07 2.94676e-06
324.8 7.02252e-07 2.98233e-06
325.2 6.46682e-07 3.0205e-06
325.6 5.78452e-07 3.05759e-06
326 4.98775e-07 3.08998e-06
326.4 4.09358e-07 3.1143e-06
326.8 3.12332e-07 3.12754e-06
327.2 2.10169e-07 3.12721e-06
327.6 1.05589e-07 3.11146e-06
328 1.45375e-09 3.07911e-06
328.4 -9.93461e-08 3.02975e-06
328.8 -1.94001e-07 2.96375e-06
329.2 -2.7989e-07 2.88225e-06
329.6 -3.54681e-07 2.78712e-06
330 -4.1642e-07 2.68088e-06
330.4 -4.63603e-07 2.5666e-06
330.8 -4.9523e-07 2.4478e-06
331.2 -5.10844e-07 2.3283e-06
331.6 -5.10544e-07 2.21207e-06
332 -4.94974e-07 2.10306e-06
332.4 -4.65301e-07 2.00507e-06
332.8 -4.23164e-07 1.92158e-06
333.2 -3.70608e-07 1.8556e-06
333.6 -3.10005e-07 1.80958e-06
334 -2.43962e-07 1.78531e-06
334.4 -1.75217e-07 1.78379e-06
334.8 -1.06542e-07 1.80526e-06
335.2 -4.06331e-08 1.84915e-06
335.6 1.99877e-08 1.91407e-06
336 7.30632e-08 1.99792e-06
336.4 1.16683e-07 2.0979e-06
336.8 1.49349e-07 2.21064e-06
337.2 1.70023e-07 2.33233e-06
337.6 1.78162e-07 2.45883e-06
338 1.73723e-07 2.58584e-06
338.4 1.5716e-07 2.70904e-06
338.8 1.29394e-07 2.82423e-06
339.2 9.17682e-08 2.92753e-06
339.6 4.5988e-08 3.01546e-06
340 -5.95321e-09 3.08505e-06
340.4 -6.18578e-08 3.13402e-06
340.8 -1.19413e-07 3.16075e-06
341.2 -1.76286e-07 3.1644e-06
341.6 -2.30213e-07 3.14489e-06
342 -2.79087e-07 3.1029e-06
342.4 -3.21041e-07 3.03984e-06
342.8 -3.5451e-07 2.95777e-06
343.2 -3.7829e-07 2.85933e-06
343.6 -3.91578e-07 2.74761e-06
344 -3.93992e-07 2.62604e-06
344.4 -3.85574e-07 2.49827e-06
344.8 -3.66782e-07 2.368e-06
345.2 -3.3846e-07 2.23889e-06
345.6 -3.01791e-07 2.11437e-06
346 -2.58239e-07 1.99756e-06
346.4 -2.09488e-07 1.89117e-06
346.8 -1.57358e-07 1.79737e-06
347.2 -1.03731e-07 1.71776e-06
347.6 -5.04646e-08 1.65334e-06
348 6.79324e-10 1.60446e-06
348.4 4.81134e-08 1.57085e-06
348.8 9.04869e-08 1.55164e-06
349.2 1.26739e-07 1.54544e-06
349.6 1.56139e-07 1.55042e-06
350 1.78313e-07 1.56436e-06
350.4 1.93248e-07 1.58481e-06
350.8 2.01294e-07 1.60917e-06
351.2 2.03134e-07 1.63483e-06
351.6 1.99755e-07 1.65926e-06
352 1.92392e-07 1.68017e-06
352.4 1.82473e-07 1.69554e-06
352.8 1.71549e-07 1.70375e-06
353.2 1.61222e-07 1.70366e-06
353.6 1.5307e-07 1.6946e-06
354 1.48572e-07 1.67645e-06
354.4 1.49041e-07 1.64963e-06
354.8 1.55556e-07 1.61503e-06
355.2 1.68916e-07 1.57405e-06
355.6 1.89596e-07 1.52845e-06
356 2.17718e-07 1.48034e-06
356.4 2.53042e-07 1.43206e-06
356.8 2.94969e-07 1.38606e-06
357.2 3.42558e-07 1.34482e-06
357.6 3.9456e-07 1.31073e-06
358 4.49462e-07 1.28596e-06
358.4 5.05549e-07 1.27241e-06
358.8 5.60967e-07 1.2716e-06
359.2 6.13798e-07 1.28458e-06
359.6 6.62136e-07 1.3119e-06
360 7.04164e-07 1.35359e-06
360.4 7.38229e-07 1.4091e-06
360.8 7.62909e-07 1.47738e-06
361.2 7.77075e-07 1.55685e-06
361.6 7.79939e-07 1.64549e-06
362 7.71092e-07 1.74089e-06
362.4 7.50521e-07 1.84036e-06
362.8 7.18624e-07 1.94098e-06
363.2 6.76194e-07 2.03978e-06
363.6 6.24399e-07 2.13378e-06
364 5.64741e-07 2.22013e-06
364.4 4.99007e-07 2.29622e-06
364.8 4.29203e-07 2.35975e-06
365.2 3.57489e-07 2.40885e-06
365.6 2.86098e-07 2.44211e-06
366 2.17255e-07 2.45865e-06
366.4 1.53104e-07 2.45815e-06
366.8 9.56258e-08 2.44086e-06
367.2 4.65706e-08 2.40756e-06
367.6 7.39645e-09 2.35956e-06
368 -2.0781e-08 2.29864e-06
368.4 -3.72261e-08 2.22697e-06
368.8 -4.16061e-08 2.14702e-06
369.2 -3.39994e-08 2.06149e-06
369.6 -1.48881e-08 1.9732e-06
370 1.48642e-08 1.88496e-06
370.4 5.40482e-08 1.79949e-06
370.8 1.01158e-07 1.71932e-06
371.2 1.54449e-07 1.64671e-06
371.6 2.12006e-07 1.58351e-06
372 2.71818e-07 1.53119e-06
372.4 3.31848e-07 1.49072e-06
372.8 3.90115e-07 1.46258e-06
373.2 4.44762e-07 1.44672e-06
373.6 4.94124e-07 1.44261e-06
374 5.36786e-07 1.44927e-06
374.4 5.7163e-07 1.46526e-06
374.8 5.97873e-07 1.48883e-06
375.2 6.15086e-07 1.51793e-06
375.6 6.23207e-07 1.55035e-06
376 6.22529e-07 1.58376e-06
376.4 6.13685e-07 1.61585e-06
376.8 5.97617e-07 1.64442e-06
377.2 5.75525e-07 1.66743e-06
377.6 5.48823e-07 1.68314e-06
378 5.19071e-07 1.69013e-06
378.4 4.87915e-07 1.68739e-06
378.8 4.57014e-07 1.67435e-06
379.2 4.27979e-07 1.65087e-06
379.6 4.02304e-07 1.61729e-06
380 3.81311e-07 1.5744e-06
380.4 3.66096e-07 1.52338e-06
380.8 3.57493e-07 1.46577e-06
381.2 3.5604e-07 1.40344e-06
381.6 3.61964e-07 1.33843e-06
382 3.75176e-07 1.27298e-06
382.4 3.95278e-07 1.20932e-06
382.8 4.21585e-07 1.14969e-06
383.2 4.53157e-07 1.09616e-06
383.6 4.88839e-07 1.05064e-06
384 5.27313e-07 1.01471e-06
384.4 5.67151e-07 9.89625e-07
384.8 6.06876e-07 9.76251e-07
385.2 6.45025e-07 9.75021e-07
385.6 6.80203e-07 9.85926e-07
386 7.11146e-07 1.00852e-06
386.4 7.36765e-07 1.04192e-06
386.8 7.56191e-07 1.08489e-06
387.2 7.6881e-07 1.13582e-06
387.6 7.74281e-07 1.19285e-06
388 7.72551e-07 1.25391e-06
388.4 7.63852e-07 1.3168e-06
388.8 7.4869e-07 1.3793e-06
389.2 7.27822e-07 1.43922e-06
389.6 7.0222e-07 1.49451e-06
390 6.73033e-07 1.54332e-06
390.4 6.41536e-07 1.58409e-06
390.8 6.09078e-07 1.61555e-06
391.2 5.77026e-07 1.63686e-06
391.6 5.46709e-07 1.64752e-06
392 5.19364e-07 1.6475e-06
392.4 4.96088e-07 1.63714e-06
392.8 4.77791e-07 1.61719e-06
393.2 4.65163e-07 1.58875e-06
393.6 4.58648e-07 1.55323e-06
394 4.58427e-07 1.51228e-06
394.4 4.6441e-07 1.46774e-06
394.8 4.76247e-07 1.42155e-06
395.2 4.9334e-07 1.37566e-06
395.6 5.14871e-07 1.33201e-06
396 5.39839e-07 1.29236e-06
396.4 5.67097e-07 1.25831e-06
396.8 5.95405e-07 1.2312e-06
397.2 6.23481e-07 1.21204e-06
397.6 6.50052e-07 1.20151e-06
398 6.73906e-07 1.19994e-06
398.4 6.93944e-07 1.20727e-06
398.8 7.09225e-07 1.22305e-06
399.2 7.19002e-07 1.24652e-06
399.6 7.22752e-07 1.2766e-06
400 7.20201e-07 1.31192e-06
