-0.498 0.00383822 -0.00045684
-0.496 0.0140798 -0.0007453
-0.494 0.0270571 0.00089247
-0.492 0.0372371 0.00608338
-0.49 0.0380327 0.0159811
-0.488 0.0227832 0.0310627
-0.486 -0.0141912 0.0511204
-0.484 -0.0765501 0.0754181
-0.482 -0.164989 0.102903
-0.48 -0.276481 0.132325
-0.478 -0.403798 0.162163
-0.476 -0.535433 0.190364
-0.474 -0.656028 0.214041
-0.472 -0.747394 0.229342
-0.47 -0.790106 0.231745
-0.468 -0.765612 0.216876
-0.466 -0.658622 0.181807
-0.464 -0.459506 0.126531
-0.462 -0.16635 0.0552045
-0.46 0.213628 -0.0233082
-0.458 0.663549 -0.0959513
-0.456 1.15732 -0.147272
-0.454 1.66102 -0.162394
-0.452 2.13505 -0.130655
-0.45 2.53694 -0.0489312
-0.448 2.82445 0.0765583
-0.446 2.95896 0.230881
-0.444 2.90879 0.393609
-0.442 2.65241 0.543783
-0.44 2.18122 0.665144
-0.438 1.50173 0.750113
-0.436 0.636833 0.8014
-0.434 -0.373983 0.830752
-0.432 -1.47573 0.854804
-0.43 -2.60047 0.888603
-0.428 -3.67135 0.938123
-0.426 -4.60793 0.994033
-0.424 -5.33218 1.02935
-0.422 -5.77461 1.0029
-0.42 -5.87965 0.868777
-0.418 -5.60983 0.58949
-0.416 -4.94889 0.149241
-0.414 -3.90353 -0.43662
-0.412 -2.50437 -1.11871
-0.41 -0.805962 -1.81835
-0.408 1.114 -2.43942
-0.406 3.1565 -2.88525
-0.404 5.20425 -3.07767
-0.402 7.12628 -2.97403
-0.4 8.78458 -2.5782
-0.398 10.0429 -1.94213
-0.396 10.7774 -1.1567
-0.394 10.8888 -0.333145
-0.392 10.3136 0.420507
-0.39 9.03343 1.02197
-0.388 7.08102 1.43008
-0.386 4.54025 1.64911
-0.384 1.5412 1.72155
-0.382 -1.7499 1.71189
-0.38 -5.14402 1.68621
-0.378 -8.44373 1.69238
-0.376 -11.4566 1.74526
-0.374 -14.0062 1.81993
-0.372 -15.9404 1.85562
-0.37 -17.1374 1.77087
-0.368 -17.5095 1.48771
-0.366 -17.0069 0.958933
-0.364 -15.6204 0.189998
-0.362 -13.385 -0.751882
-0.36 -10.3831 -1.74509
-0.358 -6.748 -2.63564
-0.356 -2.66375 -3.26812
-0.354 1.63938 -3.5182
-0.352 5.89638 -3.32017
-0.35 9.82582 -2.6838
-0.348 13.1531 -1.69656
-0.346 15.6352 -0.509616
-0.344 17.0834 0.691072
-0.342 17.3803 1.72285
-0.34 16.4893 2.44518
-0.338 14.4568 2.78906
-0.336 11.4054 2.76901
-0.334 7.52116 2.47368
-0.332 3.03585 2.03671
-0.33 -1.79169 1.59547
-0.328 -6.69318 1.24932
-0.326 -11.4045 1.02969
-0.324 -15.6751 0.890535
-0.322 -19.2747 0.720259
-0.32 -21.9992 0.370693
-0.318 -23.6796 -0.304225
-0.316 -24.1917 -1.40712
-0.314 -23.4676 -2.96061
-0.312 -21.505 -4.8843
-0.31 -18.373 -6.99517
-0.308 -14.2131 -9.03677
-0.306 -9.23524 -10.7331
-0.304 -3.70882 -11.8513
-0.302 2.05217 -12.2525
-0.3 7.70988 -11.9154
-0.298 12.9271 -10.9294
-0.296 17.3919 -9.46555
-0.294 20.8385 -7.73698
-0.292 23.0609 -5.95686
-0.29 23.9214 -4.2989
-0.288 23.3539 -2.86533
-0.286 21.3659 -1.67261
-0.284 18.038 -0.664428
-0.282 13.521 0.248499
-0.28 8.02963 1.13692
-0.278 1.83288 2.01332
-0.276 -4.75743 2.82182
-0.274 -11.3985 3.46039
-0.272 -17.7292 3.82197
-0.27 -23.3844 3.83508
-0.268 -28.011 3.48913
-0.266 -31.2871 2.84041
-0.264 -32.9419 2.00145
-0.262 -32.7757 1.11758
-0.26 -30.6787 0.333096
-0.258 -26.6483 -0.247082
-0.256 -20.8005 -0.588437
-0.254 -13.3753 -0.735524
-0.252 -4.73126 -0.788674
-0.25 4.66981 -0.852618
-0.248 14.29 -0.975835
-0.246 23.5516 -1.10743
-0.244 31.8808 -1.09392
-0.242 38.7544 -0.722486
-0.24 43.7425 0.202396
-0.238 46.541 1.77653
-0.236 46.9887 3.93781
-0.234 45.0701 6.45242
-0.232 40.9048 8.94997
-0.23 34.7311 10.9996
-0.228 26.8856 12.2117
-0.226 17.7833 12.3467
-0.224 7.90082 11.4049
-0.222 -2.23775 9.66724
-0.22 -12.0712 7.65956
-0.218 -21.013 6.03229
-0.216 -28.4702 5.37896
-0.214 -33.8737 6.04749
-0.212 -36.7212 8.01016
-0.21 -36.6287 10.8421
-0.208 -33.3812 13.8196
-0.206 -26.9738 16.1084
-0.204 -17.6356 16.9856
-0.202 -5.83078 16.0371
-0.2 7.76425 13.2856
-0.198 22.3086 9.21827
-0.196 36.8623 4.69866
-0.194 50.4595 0.768033
-0.192 62.179 -1.63028
-0.19 71.2036 -1.93309
-0.188 76.866 -0.155735
-0.186 78.6833 3.07304
-0.184 76.3817 6.66933
-0.182 69.9136 9.40473
-0.18 59.4664 10.2694
-0.178 45.464 8.77225
-0.176 28.5588 5.09283
-0.174 9.61476 0.0555061
-0.172 -10.3257 -5.05898
-0.17 -30.0941 -8.81899
-0.168 -48.4688 -10.0014
-0.166 -64.2648 -7.92507
-0.164 -76.4266 -2.668
-0.162 -84.1143 4.91043
-0.16 -86.7711 13.3729
-0.158 -84.1659 21.0894
-0.156 -76.4088 26.6856
-0.154 -63.94 29.4066
-0.152 -47.4975 29.278
-0.15 -28.0709 27.0285
-0.148 -6.85013 23.8167
-0.146 14.8291 20.8538
-0.144 35.5427 19.0254
-0.142 53.8453 18.6087
-0.14 68.3519 19.1615
-0.138 77.8329 19.6243
-0.136 81.3195 18.6215
-0.134 78.2078 14.8825
-0.132 68.3495 7.6608
-0.13 52.1139 -2.97966
-0.128 30.402 -16.1033
-0.126 4.6 -30.0926
-0.124 -23.5298 -43.0403
-0.122 -52.0089 -53.2374
-0.12 -78.8258 -59.6191
-0.118 -102.113 -62.0311
-0.116 -120.293 -61.2216
-0.114 -132.175 -58.5522
-0.112 -137 -55.5302
-0.11 -134.444 -53.3359
-0.108 -124.579 -52.5005
-0.106 -107.83 -52.8086
-0.104 -84.9217 -53.4134
-0.102 -56.8547 -53.1117
-0.1 -24.8993 -50.728
-0.098 9.40165 -45.5405
-0.096 44.2419 -37.6321
-0.094 77.6015 -28.0107
-0.092 107.351 -18.3856
-0.09 131.412 -10.6293
-0.088 147.947 -6.12808
-0.086 155.557 -5.30413
-0.084 153.446 -7.50181
-0.082 141.53 -11.2443
-0.08 120.475 -14.7127
-0.078 91.6468 -16.273
-0.076 56.9891 -14.9362
-0.074 18.8389 -10.6932
-0.072 -20.285 -4.64153
-0.07 -57.8807 1.20923
-0.068 -91.6188 4.50861
-0.066 -119.449 3.38677
-0.064 -139.673 -2.78036
-0.062 -151.004 -12.9905
-0.06 -152.627 -24.7774
-0.058 -144.273 -34.846
-0.056 -126.266 -39.9627
-0.054 -99.5714 -37.8599
-0.052 -65.7922 -27.9494
-0.05 -27.1281 -11.6711
-0.048 13.743 7.66865
-0.046 53.8686 25.6313
-0.044 90.3017 37.829
-0.042 120.407 41.2012
-0.04 142.13 34.9344
-0.038 154.169 20.7249
-0.036 156.044 2.36956
-0.034 148.069 -15.1225
-0.032 131.239 -26.6772
-0.03 107.058 -28.3874
-0.028 77.3244 -18.6317
-0.026 43.9348 1.23188
-0.024 8.75408 26.9652
-0.022 -26.4047 52.5143
-0.02 -59.7269 71.7662
-0.018 -89.3497 80.3205
-0.016 -113.4 76.5911
-0.014 -130.126 61.9673
-0.012 -138.074 40.2296
-0.01 -136.251 16.5867
-0.008 -124.265 -3.44543
-0.006 -102.449 -15.2751
-0.004 -72.0032 -16.495
-0.002 -35.0733 -7.82926
0 5.33672 6.78794
0.002 45.6987 21.3564
0.004 82.4857 29.8773
0.006 112.698 28.4195
0.008 134.198 16.2644
0.01 145.795 -4.17348
0.012 147.166 -28.2941
0.014 138.718 -50.572
0.016 121.459 -65.7889
0.018 96.8559 -70.1538
0.02 66.6753 -62.2678
0.022 32.8026 -43.7074
0.024 -2.88918 -18.8641
0.026 -38.5779 6.15701
0.028 -72.4458 25.3091
0.03 -102.626 34.3595
0.032 -127.225 31.9546
0.034 -144.446 19.7186
0.036 -152.791 1.55979
0.038 -151.271 -17.4479
0.04 -139.58 -32.2971
0.042 -118.203 -39.1931
0.044 -88.4489 -36.4427
0.046 -52.3769 -24.8622
0.048 -12.6267 -7.51423
0.05 27.8517 11.2122
0.052 66.1039 26.8788
0.054 99.4518 36.1809
0.056 125.697 37.6821
0.058 143.239 31.9752
0.06 151.119 21.3332
0.062 149.017 8.99591
0.064 137.213 -1.73517
0.066 116.529 -8.38781
0.068 88.2631 -9.95415
0.07 54.1231 -7.05345
0.072 16.1688 -1.55149
0.074 -23.2624 4.20438
0.076 -61.6624 8.20685
0.078 -96.509 9.35964
0.08 -125.464 7.67215
0.082 -146.586 4.13232
0.084 -158.51 0.372509
0.086 -160.579 -1.79143
0.088 -152.883 -0.886534
0.09 -136.226 3.73803
0.092 -112.015 11.6546
0.094 -82.0944 21.4709
0.096 -48.5509 31.3083
0.098 -13.5205 39.4517
0.1 20.9711 44.8876
0.102 53.1129 47.5287
0.104 81.3578 48.0928
0.106 104.433 47.7528
0.108 121.335 47.7099
0.11 131.339 48.8102
0.112 134.022 51.2689
0.114 129.313 54.5553
0.116 117.539 57.4901
0.118 99.4612 58.5668
0.12 76.2758 56.4248
0.122 49.5644 50.3164
0.124 21.198 40.3962
0.126 -6.80908 27.7286
0.128 -32.4761 14.0223
0.13 -54.04 1.18313
0.132 -70.1144 -9.17292
0.134 -79.7993 -16.1123
0.136 -82.7274 -19.5734
0.138 -79.0493 -20.3054
0.14 -69.372 -19.5817
0.142 -54.6677 -18.7813
0.144 -36.1695 -18.9667
0.146 -15.2662 -20.5834
0.148 6.59315 -23.3572
0.15 27.9812 -26.4049
0.152 47.5591 -28.5171
0.154 64.1347 -28.5362
0.156 76.7165 -25.7336
0.158 84.5653 -20.0822
0.16 87.2405 -12.335
0.162 84.6325 -3.86282
0.164 76.9735 3.70782
0.166 64.822 8.94378
0.168 49.0202 10.9898
0.17 30.6262 9.77167
0.172 10.8277 5.97391
0.174 -9.15087 0.822369
0.176 -28.1382 -4.24914
0.178 -45.0889 -7.95838
0.18 -59.1367 -9.48006
0.182 -69.6267 -8.63417
0.184 -76.1333 -5.91204
0.186 -78.4676 -2.32408
0.188 -76.6764 0.900306
0.19 -71.0331 2.67587
0.192 -62.0207 2.37226
0.194 -50.3072 -0.02757
0.196 -36.7108 -3.96216
0.198 -22.154 -8.48972
0.2 -7.6041 -12.5702
0.202 5.99715 -15.3408
0.204 17.8072 -16.3149
0.206 27.1485 -15.4699
0.208 33.5554 -13.2195
0.21 36.7982 -10.2863
0.212 36.8812 -7.50377
0.214 34.0194 -5.59447
0.216 28.5967 -4.98204
0.218 21.1161 -5.69268
0.22 12.1472 -7.37676
0.222 2.28393 -9.43894
0.224 -7.88639 -11.2269
0.226 -17.8016 -12.213
0.228 -26.9365 -12.1148
0.23 -34.8135 -10.931
0.232 -41.0165 -8.90059
0.234 -45.2078 -6.41331
0.236 -47.1482 -3.90088
0.238 -46.717 -1.73509
0.24 -43.9294 -0.151606
0.242 -38.9461 0.785409
0.244 -32.0714 1.16967
0.246 -23.7356 1.19481
0.248 -14.4627 1.07214
0.25 -4.82738 0.954099
0.252 4.5913 0.890971
0.254 13.2541 0.834087
0.256 20.6979 0.678831
0.258 26.5629 0.325203
0.26 30.6081 -0.270877
0.262 32.7167 -1.07435
0.264 32.8911 -1.97971
0.266 31.2408 -2.84209
0.268 27.9656 -3.51562
0.27 23.3366 -3.88721
0.272 17.6763 -3.90006
0.274 11.338 -3.56421
0.276 4.68768 -2.95061
0.278 -1.9132 -2.16579
0.28 -8.12131 -1.31125
0.282 -13.6243 -0.44238
0.284 -18.1526 0.453717
0.286 -21.4912 1.44809
0.288 -23.4886 2.63015
0.29 -24.0638 4.05613
0.292 -23.209 5.70927
0.294 -20.9899 7.48684
0.296 -17.544 9.21446
0.298 -13.0772 10.6781
0.3 -7.85522 11.664
0.302 -2.19016 12.0004
0.304 3.58057 11.5972
0.306 9.11881 10.4756
0.308 14.1101 8.77446
0.31 18.2846 6.72687
0.312 21.4317 4.60934
0.314 23.4094 2.67903
0.316 24.148 1.1198
0.318 23.6494 0.0128498
0.32 21.9812 -0.663748
0.322 19.2672 -1.01218
0.324 15.6763 -1.17834
0.326 11.4124 -1.31043
0.328 6.7058 -1.52025
0.33 1.80718 -1.85412
0.332 -3.01918 -2.28088
0.334 -7.5047 -2.70142
0.336 -11.3902 -2.97857
0.338 -14.4434 -2.97883
0.34 -16.4779 -2.6137
0.342 -17.3707 -1.86883
0.344 -17.075 -0.813513
0.346 -15.627 0.411285
0.348 -13.1438 1.62235
0.35 -9.81433 2.63303
0.352 -5.88149 3.2915
0.354 -1.62006 3.50965
0.356 2.68831 3.27727
0.358 6.77836 2.65979
0.36 10.4195 1.78146
0.362 13.4274 0.797849
0.364 15.6685 -0.136749
0.366 17.06 -0.900303
0.368 17.5667 -1.42515
0.37 17.1975 -1.70544
0.372 16.0022 -1.78806
0.374 14.0682 -1.7508
0.376 11.5174 -1.67503
0.378 8.50207 -1.6215
0.38 5.19863 -1.61511
0.382 1.79975 -1.64101
0.384 -1.49693 -1.6513
0.386 -4.50211 -1.57982
0.388 -7.04931 -1.36202
0.39 -9.00818 -0.955329
0.392 -10.2946 -0.35538
0.394 -10.8756 0.396717
0.396 -10.7694 1.21869
0.398 -10.0392 2.00249
0.4 -8.78432 2.63678
0.402 -7.12849 3.03058
0.404 -5.20792 3.13183
0.406 -3.16069 2.93655
0.408 -1.11783 2.48736
0.41 0.80322 1.86246
0.412 2.50327 1.15857
0.414 3.90445 0.47196
0.416 4.95198 -0.118535
0.418 5.61504 -0.563353
0.42 5.88675 -0.846971
0.422 5.78325 -0.985045
0.424 5.34188 -1.01496
0.426 4.61817 -0.982596
0.428 3.68161 -0.929112
0.43 2.61025 -0.881545
0.432 1.48459 -0.84929
0.434 0.381582 -0.826442
0.436 -0.630736 -0.79801
0.438 -1.49726 -0.747401
0.44 -2.17839 -0.662898
0.442 -2.65112 -0.541812
0.444 -2.90887 -0.391746
0.446 -2.96014 -0.228989
0.448 -2.82644 -0.074537
0.45 -2.53942 0.0511323
0.452 -2.13771 0.133035
0.454 -1.66357 0.164901
0.456 -1.15953 0.149821
0.458 -0.665237 0.0984373
0.46 -0.214679 0.0256288
0.462 0.165979 -0.0531311
0.464 0.459794 -0.124755
0.466 0.659497 -0.180343
0.468 0.766962 -0.215706
0.47 0.791794 -0.230829
0.472 0.749278 -0.228626
0.474 0.65797 -0.213472
0.476 0.537309 -0.189898
0.478 0.405512 -0.161767
0.48 0.277963 -0.13198
0.482 0.166199 -0.102601
0.484 0.0774754 -0.0751577
0.486 0.0148467 -0.0509027
0.488 -0.0223624 -0.0308885
0.49 -0.0377969 -0.0158493
0.492 -0.0371303 -0.00599121
0.494 -0.0270254 -0.000835423
0.496 -0.0140794 0.00077339
0.498 -0.00384163 0.000464649
0.4 0.0594479 0.0494829
0.8 0.060556 0.0506059
1.2 0.062401 0.0524743
1.6 0.0649802 0.0550833
2 0.0682896 0.0584258
2.4 0.0723242 0.0624932
2.8 0.0770774 0.0672748
3.2 0.0825414 0.072758
3.6 0.088707 0.0789283
4 0.0955632 0.0857698
4.4 0.103097 0.0932644
4.8 0.111296 0.101393
5.2 0.120141 0.110135
5.6 0.129617 0.119468
6 0.139702 0.129369
6.4 0.150376 0.139814
6.8 0.161614 0.15078
7.2 0.173392 0.162241
7.6 0.185681 0.174174
8 0.198453 0.186555
8.4 0.211677 0.19936
8.8 0.225323 0.212568
9.2 0.239356 0.226159
9.6 0.253745 0.240115
10 0.268453 0.254419
10.4 0.283448 0.269059
10.8 0.298694 0.284026
11.2 0.314157 0.299311
11.6 0.329803 0.314912
12 0.345599 0.330829
12.4 0.361514 0.347066
12.8 0.377518 0.363631
13.2 0.393581 0.380534
13.6 0.409678 0.397789
14 0.425783 0.415415
14.4 0.441875 0.433431
14.8 0.457932 0.451858
15.2 0.473938 0.470721
15.6 0.489876 0.490042
16 0.505734 0.509847
16.4 0.521501 0.530159
16.8 0.537167 0.551
17.2 0.552726 0.572388
17.6 0.568172 0.594339
18 0.5835 0.616866
18.4 0.598707 0.639973
18.8 0.61379 0.66366
19.2 0.628747 0.687921
19.6 0.643575 0.712739
20 0.65827 0.738093
20.4 0.672828 0.763949
20.8 0.687244 0.790265
21.2 0.70151 0.816991
21.6 0.715616 0.844066
22 0.729552 0.871418
22.4 0.743302 0.898968
22.8 0.756849 0.926627
23.2 0.770174 0.954296
23.6 0.783254 0.981872
24 0.796061 1.00924
24.4 0.808568 1.03628
24.8 0.820742 1.06288
25.2 0.832548 1.08891
25.6 0.843949 1.11423
26 0.854905 1.13872
26.4 0.865374 1.16226
26.8 0.875315 1.18471
27.2 0.884682 1.20596
27.6 0.89343 1.22589
28 0.901516 1.24439
28.4 0.908895 1.26137
28.8 0.915524 1.27673
29.2 0.92136 1.29039
29.6 0.926364 1.30228
30 0.9305 1.31236
30.4 0.933733 1.32057
30.8 0.936033 1.32689
31.2 0.937374 1.33131
31.6 0.937734 1.33382
32 0.937096 1.33444
32.4 0.935448 1.3332
32.8 0.932784 1.33013
33.2 0.929101 1.3253
33.6 0.924404 1.31875
34 0.918703 1.31058
34.4 0.912013 1.30085
34.8 0.904354 1.28967
35.2 0.895752 1.27712
35.6 0.886236 1.26332
36 0.875843 1.24835
36.4 0.864611 1.23235
36.8 0.852582 1.2154
37.2 0.839804 1.19762
37.6 0.826324 1.17911
38 0.812195 1.15997
38.4 0.797469 1.1403
38.8 0.782201 1.12019
39.2 0.766446 1.09972
39.6 0.750259 1.07896
40 0.733696 1.05798
40.4 0.71681 1.03684
40.8 0.699656 1.01559
41.2 0.682284 0.99428
41.6 0.664745 0.972931
42 0.647086 0.951572
42.4 0.629351 0.930221
42.8 0.611584 0.908886
43.2 0.593822 0.887572
43.6 0.576103 0.866278
44 0.558459 0.844997
44.4 0.54092 0.82372
44.8 0.523513 0.802433
45.2 0.506263 0.781123
45.6 0.489189 0.759777
46 0.472312 0.738379
46.4 0.455646 0.716918
46.8 0.439205 0.695385
47.2 0.423002 0.673771
47.6 0.407045 0.652075
48 0.391345 0.630299
48.4 0.375907 0.608449
48.8 0.36074 0.586536
49.2 0.345847 0.56458
49.6 0.331235 0.542601
50 0.316909 0.52063
50.4 0.302874 0.498699
50.8 0.289135 0.476847
51.2 0.275698 0.455117
51.6 0.262568 0.433556
52 0.249753 0.412213
52.4 0.237258 0.391142
52.8 0.225093 0.370397
53.2 0.213263 0.350032
53.6 0.201779 0.330103
54 0.190647 0.310664
54.4 0.179877 0.291767
54.8 0.169479 0.273463
55.2 0.15946 0.255799
55.6 0.149828 0.238816
56 0.140593 0.222553
56.4 0.13176 0.207044
56.8 0.123337 0.192314
57.2 0.115328 0.178384
57.6 0.107739 0.165271
58 0.10057 0.152981
58.4 0.0938249 0.141517
58.8 0.0875016 0.130873
59.2 0.0815982 0.121039
59.6 0.0761107 0.111998
60 0.0710332 0.103726
60.4 0.0663578 0.0961963
60.8 0.0620748 0.0893759
61.2 0.0581726 0.0832281
61.6 0.0546381 0.0777128
62 0.0514561 0.072787
62.4 0.0486103 0.0684058
62.8 0.0460827 0.0645226
63.2 0.0438544 0.0610903
63.6 0.0419051 0.0580616
64 0.0402141 0.0553901
64.4 0.0387598 0.0530304
64.8 0.0375205 0.0509389
65.2 0.036474 0.0490745
65.6 0.0355985 0.0473985
66 0.0348724 0.0458755
66.4 0.0342746 0.0444737
66.8 0.0337848 0.0431647
67.2 0.0333833 0.0419238
67.6 0.0330519 0.0407305
68 0.0327734 0.0395678
68.4 0.0325318 0.0384226
68.8 0.0323129 0.0372855
69.2 0.0321037 0.0361506
69.6 0.0318929 0.035015
70 0.0316709 0.0338789
70.4 0.0314296 0.0327451
70.8 0.0311625 0.0316185
71.2 0.0308646 0.0305059
71.6 0.0305325 0.0294156
72 0.0301641 0.028357
72.4 0.0297587 0.0273403
72.8 0.0293167 0.0263758
73.2 0.0288397 0.025474
73.6 0.02833 0.024645
74 0.027791 0.0238982
74.4 0.0272264 0.0232422
74.8 0.0266406 0.0226845
75.2 0.0260385 0.0222312
75.6 0.0254249 0.0218871
76 0.024805 0.0216552
76.4 0.0241838 0.0215372
76.8 0.0235663 0.021533
77.2 0.022957 0.021641
77.6 0.0223605 0.0218579
78 0.0217806 0.0221791
78.4 0.021221 0.0225984
78.8 0.0206847 0.0231086
79.2 0.0201742 0.0237013
79.6 0.0196916 0.0243672
80 0.0192384 0.0250963
80.4 0.0188156 0.025878
80.8 0.0184237 0.0267013
81.2 0.0180629 0.027555
81.6 0.0177328 0.028428
82 0.0174329 0.0293093
82.4 0.0171621 0.0301881
82.8 0.0169194 0.0310543
83.2 0.0167036 0.031898
83.6 0.0165131 0.0327103
84 0.0163466 0.033483
84.4 0.0162028 0.0342087
84.8 0.0160803 0.034881
85.2 0.015978 0.0354943
85.6 0.0158948 0.0360441
86 0.0158301 0.0365268
86.4 0.0157832 0.0369397
86.8 0.0157539 0.0372812
87.2 0.0157421 0.0375505
87.6 0.015748 0.0377475
88 0.015772 0.037873
88.4 0.0158148 0.0379288
88.8 0.0158774 0.0379168
89.2 0.0159606 0.0378399
89.6 0.0160659 0.0377014
90 0.0161944 0.037505
90.4 0.0163475 0.0372546
90.8 0.0165266 0.0369546
91.2 0.0167332 0.0366095
91.6 0.0169687 0.036224
92 0.0172343 0.0358027
92.4 0.0175313 0.0353504
92.8 0.0178609 0.0348716
93.2 0.018224 0.034371
93.6 0.0186216 0.033853
94 0.0190546 0.0333216
94.4 0.0195237 0.032781
94.8 0.0200296 0.0322348
95.2 0.0205729 0.0316866
95.6 0.0211544 0.0311395
96 0.0217747 0.0305965
96.4 0.0224347 0.0300602
96.8 0.0231353 0.029533
97.2 0.0238778 0.0290171
97.6 0.0246634 0.0285142
98 0.0254938 0.0280262
98.4 0.026371 0.0275544
98.8 0.0272973 0.0271002
99.2 0.0282754 0.0266649
99.6 0.0293082 0.0262496
100 0.030399 0.0258555
100.4 0.0315516 0.0254837
100.8 0.0327699 0.0251355
101.2 0.034058 0.0248122
101.6 0.0354203 0.0245153
102 0.036861 0.0242465
102.4 0.0383845 0.0240078
102.8 0.039995 0.0238014
103.2 0.0416962 0.0236297
103.6 0.0434916 0.0234956
104 0.0453841 0.0234022
104.4 0.0473758 0.0233528
104.8 0.0494678 0.0233513
105.2 0.0516605 0.0234015
105.6 0.0539529 0.0235078
106 0.0563427 0.0236746
106.4 0.0588263 0.0239064
106.8 0.0613987 0.0242078
107.2 0.0640532 0.0245835
107.6 0.0667814 0.0250379
108 0.0695734 0.0255754
108.4 0.0724177 0.0261998
108.8 0.0753011 0.0269146
109.2 0.0782091 0.027723
109.6 0.0811255 0.0286272
110 0.0840331 0.0296287
110.4 0.0869135 0.0307282
110.8 0.0897472 0.0319255
111.2 0.0925144 0.033219
111.6 0.0951946 0.0346063
112 0.0977672 0.0360836
112.4 0.100212 0.0376458
112.8 0.102508 0.0392866
113.2 0.104637 0.0409982
113.6 0.106579 0.0427716
114 0.108318 0.0445966
114.4 0.109838 0.0464616
114.8 0.111125 0.048354
115.2 0.112167 0.05026
115.6 0.112955 0.0521651
116 0.11348 0.0540538
116.4 0.113738 0.0559102
116.8 0.113727 0.0577177
117.2 0.113446 0.0594597
117.6 0.1129 0.0611196
118 0.112092 0.0626807
118.4 0.111032 0.0641269
118.8 0.109729 0.0654427
119.2 0.108197 0.0666135
119.6 0.106449 0.0676257
120 0.104501 0.0684667
120.4 0.102373 0.0691258
120.8 0.100082 0.0695935
121.2 0.0976498 0.0698621
121.6 0.0950959 0.069926
122 0.0924417 0.0697812
122.4 0.0897083 0.069426
122.8 0.0869165 0.0688605
123.2 0.0840864 0.0680871
123.6 0.0812375 0.0671102
124 0.0783879 0.065936
124.4 0.0755548 0.0645727
124.8 0.0727536 0.0630304
125.2 0.069998 0.0613207
125.6 0.0673003 0.0594568
126 0.0646707 0.0574531
126.4 0.0621175 0.0553252
126.8 0.0596474 0.0530896
127.2 0.0572648 0.0507635
127.6 0.0549729 0.0483644
128 0.0527729 0.0459101
128.4 0.0506645 0.0434186
128.8 0.048646 0.0409075
129.2 0.0467148 0.0383938
129.6 0.0448668 0.0358941
130 0.0430976 0.0334241
130.4 0.0414017 0.0309986
130.8 0.0397737 0.0286309
131.2 0.0382075 0.0263335
131.6 0.0366973 0.0241172
132 0.0352373 0.0219916
132.4 0.0338221 0.0199647
132.8 0.0324467 0.0180429
133.2 0.0311066 0.0162313
133.6 0.029798 0.0145333
134 0.0285178 0.0129511
134.4 0.0272636 0.0114853
134.8 0.0260337 0.0101354
135.2 0.0248274 0.0088995
135.6 0.0236443 0.0077749
136 0.022485 0.00675778
136.4 0.0213505 0.00584356
136.8 0.0202422 0.00502695
137.2 0.0191622 0.00430216
137.6 0.0181126 0.00366297
138 0.0170958 0.00310289
138.4 0.0161143 0.00261529
138.8 0.0151703 0.0021935
139.2 0.0142662 0.00183095
139.6 0.0134039 0.00152123
140 0.0125852 0.0012582
140.4 0.0118112 0.00103606
140.8 0.0110828 0.000849387
141.2 0.0104003 0.000693211
141.6 0.00976355 0.000563016
142 0.00917179 0.00045477
142.4 0.00862379 0.000364934
142.8 0.00811784 0.000290444
143.2 0.00765175 0.000228706
143.6 0.00722295 0.000177559
144 0.00682851 0.000135253
144.4 0.00646526 0.000100402
144.8 0.00612981 7.19434e-05
145.2 0.00581866 4.90931e-05
145.6 0.00552828 3.12974e-05
146 0.00525517 1.81861e-05
146.4 0.00499598 9.5269e-06
146.8 0.00474752 5.18237e-06
147.2 0.00450687 5.07036e-06
147.6 0.00427141 9.12896e-06
148 0.00403887 1.72862e-05
148.4 0.00380737 2.94354e-05
148.8 0.00357543 4.54155e-05
149.2 0.00334201 6.49979e-05
149.6 0.00310646 8.78782e-05
150 0.00286854 0.000113673
150.4 0.0026284 0.000141924
150.8 0.00238655 0.000172099
151.2 0.0021438 0.000203608
151.6 0.00190122 0.000235813
152 0.00166011 0.000268043
152.4 0.00142195 0.000299612
152.8 0.00118831 0.000329833
153.2 0.00096082 0.000358041
153.6 0.000741121 0.000383605
154 0.000530808 0.000405945
154.4 0.000331383 0.000424546
154.8 0.00014422 0.000438972
155.2 -2.94725e-05 0.000448869
155.6 -0.000188676 0.00045398
156 -0.000332584 0.00045414
156.4 -0.000460612 0.000449286
156.8 -0.000572409 0.000439448
157.2 -0.000667848 0.000424747
157.6 -0.000747027 0.00040539
158 -0.000810249 0.00038166
158.4 -0.000858009 0.000353907
158.8 -0.000890971 0.000322534
159.2 -0.000909942 0.000287988
159.6 -0.000915846 0.000250745
160 -0.000909697 0.000211298
160.4 -0.000892571 0.000170146
160.8 -0.000865579 0.00012778
161.2 -0.000829843 8.46735e-05
161.6 -0.000786473 4.12745e-05
162 -0.000736545 -2.00408e-06
162.4 -0.000681088 -4.47897e-05
162.8 -0.00062107 -8.67548e-05
163.2 -0.000557388 -0.00012762
163.6 -0.000490864 -0.000167154
164 -0.00042224 -0.000205176
164.4 -0.000352184 -0.00024155
164.8 -0.000281289 -0.000276184
165.2 -0.000210082 -0.000309026
165.6 -0.000139033 -0.00034006
166 -6.85617e-05 -0.000369297
166.4 9.52391e-07 -0.000396774
166.8 6.91584e-05 -0.000422546
167.2 0.000135726 -0.000446681
167.6 0.000200338 -0.000469253
168 0.000262681 -0.000490342
168.4 0.000322443 -0.000510028
168.8 0.000379308 -0.000528386
169.2 0.000432957 -0.000545487
169.6 0.000483069 -0.000561398
170 0.000529323 -0.000576177
170.4 0.000571406 -0.000589881
170.8 0.000609017 -0.000602559
171.2 0.000641876 -0.000614261
171.6 0.000669737 -0.000625038
172 0.000692393 -0.000634946
172.4 0.000709691 -0.000644046
172.8 0.000721537 -0.000652411
173.2 0.000727908 -0.000660127
173.6 0.00072886 -0.000667294
174 0.000724529 -0.000674033
174.4 0.000715145 -0.000680479
174.8 0.000701022 -0.000686792
175.2 0.000682566 -0.000693147
175.6 0.000660268 -0.000699737
176 0.0006347 -0.000706773
176.4 0.000606505 -0.000714476
176.8 0.000576387 -0.00072308
177.2 0.000545101 -0.000732818
177.6 0.000513434 -0.000743927
178 0.000482194 -0.000756635
178.4 0.000452189 -0.000771158
178.8 0.000424215 -0.000787696
179.2 0.000399034 -0.00080642
179.6 0.000377359 -0.000827476
180 0.000359841 -0.000850969
180.4 0.000347049 -0.000876966
180.8 0.000339462 -0.000905489
181.2 0.000337456 -0.000936509
181.6 0.000341296 -0.000969949
182 0.000351131 -0.00100568
182.4 0.000366991 -0.0010435
182.8 0.000388786 -0.0010832
183.2 0.000416309 -0.00112447
183.6 0.00044924 -0.00116698
184 0.000487155 -0.00121035
184.4 0.000529537 -0.00125417
184.8 0.000575785 -0.00129796
185.2 0.000625228 -0.00134127
185.6 0.000677143 -0.00138358
186 0.000730764 -0.00142438
186.4 0.000785307 -0.00146314
186.8 0.000839978 -0.00149937
187.2 0.000893993 -0.00153253
187.6 0.000946591 -0.00156216
188 0.000997051 -0.00158777
188.4 0.0010447 -0.00160894
188.8 0.00108893 -0.00162526
189.2 0.0011292 -0.00163639
189.6 0.00116504 -0.00164202
190 0.00119609 -0.0016419
190.4 0.00122206 -0.00163581
190.8 0.00124273 -0.00162363
191.2 0.001258 -0.00160527
191.6 0.00126784 -0.0015807
192 0.00127231 -0.00154995
192.4 0.00127153 -0.00151312
192.8 0.00126571 -0.00147036
193.2 0.00125511 -0.00142187
193.6 0.00124004 -0.00136791
194 0.00122088 -0.00130878
194.4 0.00119801 -0.00124484
194.8 0.00117188 -0.00117649
195.2 0.00114294 -0.00110415
195.6 0.00111163 -0.0010283
196 0.00107843 -0.000949432
196.4 0.00104379 -0.000868085
196.8 0.00100818 -0.000784805
197.2 0.000972021 -0.000700165
197.6 0.000935738 -0.000614751
198 0.000899723 -0.000529161
198.4 0.000864345 -0.000444002
198.8 0.000829943 -0.000359881
199.2 0.000796826 -0.00027741
199.6 0.000765272 -0.000197193
200 0.000735528 -0.000119829
200.4 0.00070781 -4.59037e-05
200.8 0.000682301 2.4013e-05
201.2 0.000659155 8.93702e-05
201.6 0.000638497 0.000149641
202 0.000620422 0.000204327
202.4 0.000604999 0.000252962
202.8 0.000592268 0.000295117
203.2 0.000582244 0.000330402
203.6 0.000574919 0.000358474
204 0.000570259 0.000379039
204.4 0.000568207 0.000391857
204.8 0.000568685 0.000396745
205.2 0.000571591 0.000393582
205.6 0.000576805 0.000382311
206 0.000584184 0.000362942
206.4 0.000593569 0.000335557
206.8 0.00060478 0.00030031
207.2 0.000617624 0.000257428
207.6 0.000631888 0.000207212
208 0.000647349 0.00015004
208.4 0.00066377 8.6361e-05
208.8 0.000680904 1.66986e-05
209.2 0.000698498 -5.83548e-05
209.6 0.00071629 -0.00013814
210 0.000734018 -0.000221936
210.4 0.000751415 -0.000308964
210.8 0.00076822 -0.000398394
211.2 0.000784174 -0.000489352
211.6 0.000799025 -0.000580928
212 0.000812529 -0.000672183
212.4 0.000824454 -0.000762161
212.8 0.000834583 -0.000849894
213.2 0.000842712 -0.000934418
213.6 0.000848654 -0.00101478
214 0.000852242 -0.00109005
214.4 0.000853327 -0.00115933
214.8 0.00085178 -0.00122178
215.2 0.000847493 -0.00127659
215.6 0.00084038 -0.00132304
216 0.000830375 -0.00136048
216.4 0.000817433 -0.00138835
216.8 0.000801531 -0.00140618
217.2 0.000782664 -0.0014136
217.6 0.000760849 -0.00141036
218 0.000736119 -0.00139632
218.4 0.000708528 -0.00137146
218.8 0.000678147 -0.00133589
219.2 0.000645062 -0.00128984
219.6 0.000609377 -0.00123366
220 0.00057121 -0.00116783
220.4 0.000530695 -0.00109293
220.8 0.00048798 -0.00100967
221.2 0.000443226 -0.000918863
221.6 0.000396607 -0.00082141
222 0.000348311 -0.000718303
222.4 0.000298536 -0.000610605
222.8 0.000247494 -0.000499439
223.2 0.000195404 -0.000385975
223.6 0.000142497 -0.00027141
224 8.9013e-05 -0.000156956
224.4 3.51977e-05 -4.3821e-05
224.8 -1.86966e-05 6.68093e-05
225.2 -7.24132e-05 0.000173786
225.6 -0.000125693 0.000276016
226 -0.000178278 0.000372478
226.4 -0.00022991 0.000462236
226.8 -0.000280337 0.000544458
227.2 -0.000329313 0.000618424
227.6 -0.000376604 0.000683541
228 -0.000421987 0.00073935
228.4 -0.000465255 0.000785535
228.8 -0.000506219 0.000821926
229.2 -0.000544711 0.000848503
229.6 -0.000580588 0.000865397
230 -0.000613729 0.000872883
230.4 -0.000644044 0.00087138
230.8 -0.00067147 0.00086144
231.2 -0.000695975 0.000843741
231.6 -0.000717556 0.000819072
232 -0.000736243 0.000788317
232.4 -0.000752096 0.000752446
232.8 -0.000765203 0.000712489
233.2 -0.000775681 0.000669525
233.6 -0.000783674 0.000624653
234 -0.000789351 0.000578983
234.4 -0.0007929 0.000533606
234.8 -0.00079453 0.00048958
235.2 -0.000794463 0.00044791
235.6 -0.000792932 0.000409526
236 -0.000790181 0.000375273
236.4 -0.000786455 0.000345889
236.8 -0.000781999 0.000322
237.2 -0.000777058 0.000304102
237.6 -0.000771865 0.000292558
238 -0.000766645 0.000287592
238.4 -0.000761612 0.000289287
238.8 -0.000756958 0.000297584
239.2 -0.000752863 0.000312286
239.6 -0.000749481 0.000333065
240 -0.000746949 0.000359471
240.4 -0.000745376 0.000390942
240.8 -0.000744853 0.000426819
241.2 -0.000745443 0.000466358
241.6 -0.000747188 0.00050875
242 -0.000750106 0.000553138
242.4 -0.000754194 0.000598635
242.8 -0.000759427 0.000644342
243.2 -0.000765764 0.000689369
243.6 -0.000773143 0.000732852
244 -0.000781489 0.00077397
244.4 -0.000790711 0.000811963
244.8 -0.000800708 0.000846145
245.2 -0.000811368 0.000875917
245.6 -0.000822573 0.000900778
246 -0.000834197 0.000920332
246.4 -0.00084611 0.000934295
246.8 -0.000858178 0.0009425
247.2 -0.000870269 0.000944892
247.6 -0.000882247 0.000941532
248 -0.00089398 0.000932588
248.4 -0.000905335 0.000918331
248.8 -0.000916186 0.000899125
249.2 -0.000926407 0.000875418
249.6 -0.000935878 0.000847726
250 -0.000944485 0.000816623
250.4 -0.000952116 0.000782725
250.8 -0.00095867 0.000746675
251.2 -0.000964048 0.000709131
251.6 -0.00096816 0.000670744
252 -0.000970925 0.00063215
252.4 -0.000972266 0.000593954
252.8 -0.000972118 0.000556719
253.2 -0.000970423 0.000520953
253.6 -0.000967134 0.000487098
254 -0.000962213 0.00045553
254.4 -0.000955633 0.000426544
254.8 -0.000947378 0.000400357
255.2 -0.000937442 0.000377104
255.6 -0.000925834 0.000356837
256 -0.000912573 0.00033953
256.4 -0.00089769 0.000325085
256.8 -0.000881231 0.000313331
257.2 -0.00086325 0.000304039
257.6 -0.000843817 0.000296924
258 -0.000823011 0.000291662
258.4 -0.000800925 0.000287893
258.8 -0.000777657 0.000285237
259.2 -0.00075332 0.0002833
259.6 -0.000728031 0.000281691
260 -0.000701916 0.000280028
260.4 -0.000675106 0.000277948
260.8 -0.000647735 0.000275117
261.2 -0.000619941 0.00027124
261.6 -0.000591861 0.000266062
262 -0.000563633 0.00025938
262.4 -0.000535391 0.000251043
262.8 -0.000507266 0.000240955
263.2 -0.000479383 0.000229077
263.6 -0.00045186 0.000215425
264 -0.000424807 0.000200073
264.4 -0.000398324 0.000183142
264.8 -0.000372502 0.000164803
265.2 -0.000347422 0.00014527
265.6 -0.00032315 0.00012479
266 -0.000299743 0.000103643
266.4 -0.000277247 8.21281e-05
266.8 -0.000255694 6.05622e-05
267.2 -0.000235105 3.92676e-05
267.6 -0.000215491 1.8567e-05
268 -0.000196853 -1.22443e-06
268.4 -0.000179181 -1.98055e-05
268.8 -0.000162457 -3.68954e-05
269.2 -0.000146657 -5.22396e-05
269.6 -0.000131748 -6.56138e-05
270 -0.000117693 -7.68287e-05
270.4 -0.000104451 -8.57325e-05
270.8 -9.1976e-05 -9.22134e-05
271.2 -8.02227e-05 -9.62002e-05
271.6 -6.9143e-05 -9.76631e-05
272 -5.86895e-05 -9.66132e-05
272.4 -4.88156e-05 -9.31005e-05
272.8 -3.94765e-05 -8.72124e-05
273.2 -3.063e-05 -7.90706e-05
273.6 -2.22368e-05 -6.88283e-05
274 -1.42614e-05 -5.6666e-05
274.4 -6.67219e-06 -4.27875e-05
274.8 5.58285e-07 -2.74163e-05
275.2 7.45298e-06 -1.07904e-05
275.6 1.40304e-05 6.84133e-06
276 2.03048e-05 2.5224e-05
276.4 2.6286e-05 4.41005e-05
276.8 3.19798e-05 6.32155e-05
277.2 3.73884e-05 8.2319e-05
277.6 4.25103e-05 0.00010117
278 4.73412e-05 0.000119538
278.4 5.18742e-05 0.000137208
278.8 5.61003e-05 0.000153981
279.2 6.00087e-05 0.000169675
279.6 6.35878e-05 0.000184128
280 6.68254e-05 0.000197198
280.4 6.97089e-05 0.000208763
280.8 7.22266e-05 0.000218725
281.2 7.43676e-05 0.000227005
281.6 7.61224e-05 0.000233543
282 7.74834e-05 0.000238304
282.4 7.84454e-05 0.00024127
282.8 7.90057e-05 0.000242441
283.2 7.91647e-05 0.000241837
283.6 7.8926e-05 0.000239496
284 7.82967e-05 0.000235468
284.4 7.72874e-05 0.000229822
284.8 7.59124e-05 0.000222639
285.2 7.41895e-05 0.000214011
285.6 7.21402e-05 0.000204044
286 6.97892e-05 0.000192851
286.4 6.71644e-05 0.000180555
286.8 6.42963e-05 0.000167286
287.2 6.12181e-05 0.000153182
287.6 5.79647e-05 0.000138381
288 5.45721e-05 0.000123028
288.4 5.10776e-05 0.000107269
288.8 4.75183e-05 9.12489e-05
289.2 4.39309e-05 7.51133e-05
289.6 4.03509e-05 5.90045e-05
290 3.68121e-05 4.30607e-05
290.4 3.33458e-05 2.7415e-05
290.8 2.99801e-05 1.21937e-05
291.2 2.67396e-05 -2.48491e-06
291.6 2.36448e-05 -1.65119e-05
292 2.07118e-05 -2.97888e-05
292.4 1.79516e-05 -4.22284e-05
292.8 1.53705e-05 -5.3756e-05
293.2 1.29696e-05 -6.43099e-05
293.6 1.0745e-05 -7.38419e-05
294 8.68778e-06 -8.23178e-05
294.4 6.78468e-06 -8.97173e-05
294.8 5.0181e-06 -9.60343e-05
295.2 3.36685e-06 -0.000101276
295.6 1.80674e-06 -0.000105464
296 3.11215e-07 -0.000108629
296.4 -1.14776e-06 -0.000110818
296.8 -2.59895e-06 -0.000112083
297.2 -4.07093e-06 -0.00011249
297.6 -5.59128e-06 -0.000112109
298 -7.18569e-06 -0.000111018
298.4 -8.87715e-06 -0.000109298
298.8 -1.06852e-05 -0.000107035
299.2 -1.26254e-05 -0.000104312
299.6 -1.47086e-05 -0.000101216
300 -1.69403e-05 -9.78295e-05
300.4 -1.93211e-05 -9.42315e-05
300.8 -2.18456e-05 -9.04963e-05
301.2 -2.45031e-05 -8.66921e-05
301.6 -2.72773e-05 -8.28798e-05
302 -3.01467e-05 -7.91123e-05
302.4 -3.30852e-05 -7.54341e-05
302.8 -3.60625e-05 -7.18804e-05
303.2 -3.90447e-05 -6.84777e-05
303.6 -4.19952e-05 -6.52433e-05
304 -4.48754e-05 -6.21857e-05
304.4 -4.76458e-05 -5.93054e-05
304.8 -5.02667e-05 -5.65952e-05
305.2 -5.26994e-05 -5.40416e-05
305.6 -5.49067e-05 -5.1625e-05
306 -5.68544e-05 -4.93216e-05
306.4 -5.85114e-05 -4.71041e-05
306.8 -5.98508e-05 -4.49429e-05
307.2 -6.08506e-05 -4.28076e-05
307.6 -6.1494e-05 -4.0668e-05
308 -6.17696e-05 -3.84954e-05
308.4 -6.16722e-05 -3.62632e-05
308.8 -6.12021e-05 -3.39486e-05
309.2 -6.03658e-05 -3.15327e-05
309.6 -5.91751e-05 -2.90016e-05
310 -5.76475e-05 -2.63466e-05
310.4 -5.58049e-05 -2.35649e-05
310.8 -5.36738e-05 -2.06593e-05
311.2 -5.12845e-05 -1.76386e-05
311.6 -4.86699e-05 -1.45169e-05
312 -4.58654e-05 -1.13137e-05
312.4 -4.29079e-05 -8.05328e-06
312.8 -3.98348e-05 -4.7639e-06
313.2 -3.66836e-05 -1.47717e-06
313.6 -3.34908e-05 1.77277e-06
314 -3.02916e-05 4.95015e-06
314.4 -2.71191e-05 8.01852e-06
314.8 -2.40037e-05 1.09416e-05
315.2 -2.09729e-05 1.36843e-05
315.6 -1.80507e-05 1.62136e-05
316 -1.52575e-05 1.84991e-05
316.4 -1.26099e-05 2.0514e-05
316.8 -1.01207e-05 2.22358e-05
317.2 -7.79886e-06 2.36467e-05
317.6 -5.64976e-06 2.47336e-05
318 -3.67524e-06 2.54892e-05
318.4 -1.87393e-06 2.59113e-05
318.8 -2.41566e-07 2.60034e-05
319.2 1.22868e-06 2.57741e-05
319.6 2.54582e-06 2.52371e-05
320 3.72066e-06 2.44108e-05
320.4 4.76543e-06 2.33179e-05
320.8 5.69337e-06 2.19846e-05
321.2 6.51844e-06 2.04401e-05
321.6 7.2549e-06 1.87162e-05
322 7.91709e-06 1.68462e-05
322.4 8.5191e-06 1.48643e-05
322.8 9.0746e-06 1.2805e-05
323.2 9.59661e-06 1.07025e-05
323.6 1.00974e-05 8.58968e-06
324 1.05882e-05 6.49786e-06
324.4 1.10795e-05 4.45613e-06
324.8 1.15806e-05 2.49088e-06
325.2 1.20996e-05 6.25472e-07
325.6 1.26438e-05 -1.12008e-06
326 1.32192e-05 -2.72928e-06
326.4 1.38307e-05 -4.18931e-06
326.8 1.44821e-05 -5.49097e-06
327.2 1.51761e-05 -6.62868e-06
327.6 1.59144e-05 -7.60033e-06
328 1.66974e-05 -8.40704e-06
328.4 1.75245e-05 -9.0529e-06
328.8 1.8394e-05 -9.54466e-06
329.2 1.93028e-05 -9.89139e-06
329.6 2.02469e-05 -1.0104e-05
330 2.1221e-05 -1.01951e-05
330.4 2.22185e-05 -1.01781e-05
330.8 2.3232e-05 -1.00674e-05
331.2 2.42527e-05 -9.87756e-06
331.6 2.52706e-05 -9.62316e-06
332 2.62751e-05 -9.3184e-06
332.4 2.72544e-05 -8.97685e-06
332.8 2.81962e-05 -8.61117e-06
333.2 2.90875e-05 -8.23295e-06
333.6 2.9915e-05 -7.85252e-06
334 3.06652e-05 -7.47887e-06
334.4 3.13249e-05 -7.11959e-06
334.8 3.18812e-05 -6.78087e-06
335.2 3.2322e-05 -6.46751e-06
335.6 3.2636e-05 -6.18296e-06
336 3.28134e-05 -5.92948e-06
336.4 3.28458e-05 -5.70818e-06
336.8 3.27269e-05 -5.51921e-06
337.2 3.24521e-05 -5.36187e-06
337.6 3.20193e-05 -5.23478e-06
338 3.14288e-05 -5.13601e-06
338.4 3.06835e-05 -5.06325e-06
338.8 2.97887e-05 -5.01391e-06
339.2 2.87524e-05 -4.98527e-06
339.6 2.75852e-05 -4.97456e-06
340 2.62998e-05 -4.97903e-06
340.4 2.49114e-05 -4.99604e-06
340.8 2.3437e-05 -5.02309e-06
341.2 2.18952e-05 -5.0578e-06
341.6 2.03061e-05 -5.09798e-06
342 1.86905e-05 -5.14153e-06
342.4 1.70699e-05 -5.18648e-06
342.8 1.54658e-05 -5.23091e-06
343.2 1.38995e-05 -5.2729e-06
343.6 1.23914e-05 -5.31048e-06
344 1.0961e-05 -5.3416e-06
344.4 9.62592e-06 -5.36406e-06
344.8 8.40228e-06 -5.37547e-06
345.2 7.30383e-06 -5.37323e-06
345.6 6.34197e-06 -5.35453e-06
346 5.52551e-06 -5.3163e-06
346.4 4.86052e-06 -5.25529e-06
346.8 4.35031e-06 -5.16808e-06
347.2 3.9954e-06 -5.0511e-06
347.6 3.79362e-06 -4.90077e-06
348 3.74017e-06 -4.7135e-06
348.4 3.82788e-06 -4.48587e-06
348.8 4.04736e-06 -4.21466e-06
349.2 4.38733e-06 -3.89703e-06
349.6 4.83485e-06 -3.53059e-06
350 5.37571e-06 -3.11353e-06
350.4 5.99467e-06 -2.64473e-06
350.8 6.6759e-06 -2.12388e-06
351.2 7.40323e-06 -1.55152e-06
351.6 8.16047e-06 -9.29175e-07
352 8.93177e-06 -2.59368e-07
352.4 9.7018e-06 4.54336e-07
352.8 1.0456e-05 1.20732e-06
353.2 1.11809e-05 1.99392e-06
353.6 1.1864e-05 2.8075e-06
354 1.24943e-05 3.64048e-06
354.4 1.30618e-05 4.48443e-06
354.8 1.35583e-05 5.33021e-06
355.2 1.39765e-05 6.1681e-06
355.6 1.4311e-05 6.98792e-06
356 1.45572e-05 7.77925e-06
356.4 1.4712e-05 8.53154e-06
356.8 1.47735e-05 9.23437e-06
357.2 1.47408e-05 9.87759e-06
357.6 1.46139e-05 1.04515e-05
358 1.43936e-05 1.09471e-05
358.4 1.40818e-05 1.13561e-05
358.8 1.36807e-05 1.16714e-05
359.2 1.31934e-05 1.18868e-05
359.6 1.26235e-05 1.19974e-05
360 1.1975e-05 1.19998e-05
360.4 1.12525e-05 1.18917e-05
360.8 1.0461e-05 1.16725e-05
361.2 9.60606e-06 1.13429e-05
361.6 8.6936e-06 1.09054e-05
362 7.73003e-06 1.03635e-05
362.4 6.72222e-06 9.72243e-06
362.8 5.67748e-06 8.98852e-06
363.2 4.60357e-06 8.16942e-06
363.6 3.5087e-06 7.27381e-06
364 2.40143e-06 6.31135e-06
364.4 1.29069e-06 5.29253e-06
364.8 1.85652e-07 4.22845e-06
365.2 -9.04302e-07 3.13076e-06
365.6 -1.96972e-06 2.0114e-06
366 -3.00118e-06 8.82513e-07
366.4 -3.98945e-06 -2.43761e-07
366.8 -4.9256e-06 -1.35543e-06
367.2 -5.80116e-06 -2.44077e-06
367.6 -6.60833e-06 -3.48852e-06
368 -7.34004e-06 -4.48796e-06
368.4 -7.99018e-06 -5.42902e-06
368.8 -8.55367e-06 -6.30245e-06
369.2 -9.02663e-06 -7.09982e-06
369.6 -9.40644e-06 -7.81367e-06
370 -9.69182e-06 -8.43752e-06
370.4 -9.88285e-06 -8.96595e-06
370.8 -9.98101e-06 -9.39464e-06
371.2 -9.98912e-06 -9.72036e-06
371.6 -9.91129e-06 -9.94102e-06
372 -9.75285e-06 -1.00557e-05
372.4 -9.52019e-06 -1.00644e-05
372.8 -9.22061e-06 -9.96864e-06
373.2 -8.86218e-06 -9.77059e-06
373.6 -8.45352e-06 -9.47369e-06
374 -8.00357e-06 -9.08235e-06
374.4 -7.52146e-06 -8.60193e-06
374.8 -7.01618e-06 -8.03868e-06
375.2 -6.49649e-06 -7.39972e-06
375.6 -5.97064e-06 -6.69291e-06
376 -5.44624e-06 -5.92679e-06
376.4 -4.9301e-06 -5.11052e-06
376.8 -4.42811e-06 -4.25378e-06
377.2 -3.94512e-06 -3.36661e-06
377.6 -3.48496e-06 -2.45941e-06
378 -3.05033e-06 -1.54274e-06
378.4 -2.64288e-06 -6.27232e-07
378.8 -2.26324e-06 2.76523e-07
379.2 -1.91108e-06 1.1581e-06
379.6 -1.58526e-06 2.00739e-06
380 -1.28395e-06 2.8147e-06
380.4 -1.00476e-06 3.57086e-06
380.8 -7.44934e-07 4.26741e-06
381.2 -5.01494e-07 4.89665e-06
381.6 -2.71432e-07 5.45177e-06
382 -5.18628e-08 5.92696e-06
382.4 1.59829e-07 6.31745e-06
382.8 3.65856e-07 6.61966e-06
383.2 5.67916e-07 6.83117e-06
383.6 7.67119e-07 6.9508e-06
384 9.63928e-07 6.97864e-06
384.4 1.15815e-06 6.91602e-06
384.8 1.34893e-06 6.7655e-06
385.2 1.53481e-06 6.53085e-06
385.6 1.7138e-06 6.21696e-06
386 1.88346e-06 5.82976e-06
386.4 2.04105e-06 5.37617e-06
386.8 2.1836e-06 4.86391e-06
387.2 2.30814e-06 4.30144e-06
387.6 2.41179e-06 3.69779e-06
388 2.49193e-06 3.0624e-06
388.4 2.54634e-06 2.40499e-06
388.8 2.57331e-06 1.73538e-06
389.2 2.5718e-06 1.06335e-06
389.6 2.54147e-06 3.98441e-07
390 2.48276e-06 -2.50137e-07
390.4 2.39694e-06 -8.73695e-07
390.8 2.28607e-06 -1.46418e-06
391.2 2.15301e-06 -2.01429e-06
391.6 2.0013e-06 -2.51758e-06
392 1.83512e-06 -2.96856e-06
392.4 1.65916e-06 -3.36273e-06
392.8 1.47844e-06 -3.69666e-06
393.2 1.2982e-06 -3.968e-06
393.6 1.12368e-06 -4.17547e-06
394 9.59999e-07 -4.31889e-06
394.4 8.11942e-07 -4.39911e-06
394.8 6.83796e-07 -4.41797e-06
395.2 5.79201e-07 -4.37825e-06
395.6 5.0101e-07 -4.28355e-06
396 4.51176e-07 -4.13827e-06
396.4 4.30661e-07 -3.94741e-06
396.8 4.39388e-07 -3.71658e-06
397.2 4.7621e-07 -3.45177e-06
397.6 5.38929e-07 -3.1593e-06
398 6.24335e-07 -2.84571e-06
398.4 7.2829e-07 -2.51759e-06
398.8 8.45833e-07 -2.18152e-06
399.2 9.71315e-07 -1.84393e-06
399.6 1.09856e-06 -1.51102e-06
400 1.22103e-06 -1.18866e-06
