-0.498 0.0035539 -0.000242454
-0.496 0.0128147 -0.000335118
-0.494 0.0241392 0.000716274
-0.492 0.0322927 0.00398342
-0.49 0.0312016 0.0106556
-0.488 0.0148433 0.0219868
-0.486 -0.0217999 0.0390637
-0.484 -0.0817972 0.0624264
-0.482 -0.165414 0.091688
-0.48 -0.269432 0.125312
-0.478 -0.38674 0.160632
-0.476 -0.506312 0.194107
-0.474 -0.613644 0.221821
-0.472 -0.691734 0.240149
-0.47 -0.722575 0.246488
-0.468 -0.6891 0.23976
-0.466 -0.577365 0.220482
-0.464 -0.378735 0.190429
-0.462 -0.0917714 0.152193
-0.46 0.276462 0.108983
-0.458 0.709865 0.064691
-0.456 1.18364 0.0239082
-0.454 1.66549 -0.00838042
-0.452 2.11764 -0.0273948
-0.45 2.49946 -0.0291488
-0.448 2.77051 -0.0108637
-0.446 2.89384 0.0286442
-0.444 2.83921 0.0884319
-0.442 2.58609 0.165001
-0.44 2.12625 0.25259
-0.438 1.46585 0.344518
-0.436 0.626768 0.435022
-0.434 -0.352993 0.520385
-0.432 -1.42014 0.598457
-0.43 -2.50837 0.666807
-0.428 -3.54217 0.720632
-0.426 -4.44187 0.751443
-0.424 -5.12959 0.74679
-0.422 -5.53564 0.690981
-0.42 -5.60476 0.567123
-0.418 -5.3017 0.361236
-0.416 -4.61539 0.0683258
-0.414 -3.56129 -0.301487
-0.412 -2.18144 -0.719978
-0.41 -0.542398 -1.14327
-0.408 1.26864 -1.51945
-0.406 3.14897 -1.79866
-0.404 4.98619 -1.94258
-0.402 6.66432 -1.93142
-0.4 8.06977 -1.76765
-0.398 9.09736 -1.47557
-0.396 9.65598 -1.0956
-0.394 9.6742 -0.673268
-0.392 9.10573 -0.246123
-0.39 7.93446 0.166264
-0.388 6.17909 0.564517
-0.386 3.89643 0.963041
-0.384 1.18293 1.37813
-0.382 -1.82659 1.8154
-0.38 -4.96382 2.26032
-0.378 -8.03604 2.67382
-0.376 -10.839 2.99446
-0.374 -13.1728 3.14846
-0.372 -14.8586 3.06695
-0.37 -15.7553 2.70632
-0.368 -15.7722 2.06445
-0.366 -14.8791 1.18648
-0.364 -13.1107 0.158129
-0.362 -10.5657 -0.910265
-0.36 -7.39959 -1.90367
-0.358 -3.81265 -2.7215
-0.356 -0.0346583 -3.29292
-0.354 3.69214 -3.58557
-0.352 7.12954 -3.60503
-0.35 10.0585 -3.3845
-0.348 12.2918 -2.96893
-0.346 13.6847 -2.40115
-0.344 14.1419 -1.71628
-0.342 13.6219 -0.945698
-0.34 12.1392 -0.125346
-0.338 9.76326 0.697798
-0.336 6.6168 1.46519
-0.334 2.8711 2.11198
-0.332 -1.2616 2.57622
-0.33 -5.53931 2.81066
-0.328 -9.70431 2.79487
-0.326 -13.499 2.54352
-0.324 -16.682 2.10491
-0.322 -19.0439 1.54641
-0.32 -20.4214 0.929981
-0.318 -20.71 0.28676
-0.316 -19.8724 -0.39796
-0.314 -17.9435 -1.18174
-0.312 -15.0287 -2.1429
-0.31 -11.2977 -3.3445
-0.308 -6.97179 -4.79442
-0.306 -2.30952 -6.414
-0.304 2.41085 -8.02865
-0.302 6.90861 -9.38912
-0.3 10.9176 -10.2225
-0.298 14.2021 -10.3013
-0.296 16.5705 -9.5107
-0.294 17.8861 -7.89496
-0.292 18.0726 -5.66755
-0.29 17.1162 -3.17784
-0.288 15.063 -0.83834
-0.286 12.0147 0.972428
-0.284 8.12307 2.00558
-0.282 3.58312 2.20603
-0.28 -1.37424 1.72261
-0.278 -6.4916 0.860342
-0.276 -11.4952 -0.00965961
-0.274 -16.1061 -0.555442
-0.272 -20.0512 -0.577273
-0.27 -23.0769 -0.0659895
-0.268 -24.964 0.789753
-0.266 -25.5445 1.65521
-0.264 -24.718 2.1529
-0.262 -22.4643 1.98947
-0.26 -18.8504 1.06216
-0.258 -14.0315 -0.495646
-0.256 -8.24463 -2.34594
-0.254 -1.7965 -4.03921
-0.252 4.95603 -5.13446
-0.25 11.6305 -5.3117
-0.248 17.847 -4.45346
-0.246 23.2561 -2.68032
-0.244 27.5629 -0.328684
-0.242 30.5444 2.13268
-0.24 32.0608 4.23181
-0.238 32.0605 5.6279
-0.236 30.5787 6.20107
-0.234 27.7317 6.06467
-0.232 23.7045 5.50289
-0.23 18.7358 4.866
-0.228 13.1003 4.46447
-0.226 7.09472 4.49178
-0.224 1.02667 4.98981
-0.222 -4.79199 5.85986
-0.22 -10.0502 6.91546
-0.218 -14.4447 7.96232
-0.216 -17.6903 8.87675
-0.214 -19.5342 9.64866
-0.212 -19.7732 10.3683
-0.21 -18.2711 11.1637
-0.208 -14.9766 12.1187
-0.206 -9.93988 13.2076
-0.204 -3.32629 14.2715
-0.202 4.57773 15.0457
-0.2 13.3691 15.2328
-0.198 22.546 14.6058
-0.196 31.5381 13.1095
-0.194 39.7447 10.9193
-0.192 46.5759 8.42052
-0.19 51.4932 6.09821
-0.188 54.0477 4.37335
-0.186 53.9141 3.44701
-0.184 50.9187 3.21567
-0.182 45.0576 3.29038
-0.18 36.5037 3.11314
-0.178 25.6002 2.13448
-0.176 12.8458 0.00530912
-0.174 -1.12842 -3.26589
-0.172 -15.5854 -7.23845
-0.17 -29.7154 -11.0859
-0.168 -42.677 -13.774
-0.166 -53.6472 -14.3366
-0.164 -61.8782 -12.175
-0.162 -66.7552 -7.28212
-0.16 -67.8488 -0.306121
-0.158 -64.9575 7.57994
-0.156 -58.1363 14.9718
-0.154 -47.7121 20.5997
-0.152 -34.2796 23.6524
-0.15 -18.6771 23.9627
-0.148 -1.9389 22.0041
-0.146 14.7718 18.7093
-0.144 30.2446 15.1687
-0.142 43.3099 12.2909
-0.14 52.9281 10.5084
-0.138 58.2712 9.61066
-0.136 58.7897 8.76629
-0.134 54.2592 6.75929
-0.132 44.8009 2.39291
-0.13 30.8778 -5.0617
-0.128 13.2648 -15.5338
-0.126 -7.00347 -28.0693
-0.124 -28.7046 -41.0309
-0.122 -50.5122 -52.5124
-0.12 -71.0835 -60.8297
-0.118 -89.1393 -64.9477
-0.116 -103.528 -64.7312
-0.114 -113.273 -60.9559
-0.112 -117.6 -55.0711
-0.11 -115.963 -48.7727
-0.108 -108.069 -43.507
-0.106 -93.9055 -40.0567
-0.104 -73.7778 -38.3424
-0.102 -48.3471 -37.5009
-0.1 -18.659 -36.2218
-0.098 13.8479 -33.2408
-0.096 47.3709 -27.8395
-0.094 79.8208 -20.1862
-0.092 108.955 -11.3796
-0.09 132.563 -3.14935
-0.088 148.677 2.7017
-0.086 155.79 4.90815
-0.084 153.043 3.17129
-0.082 140.351 -1.73794
-0.08 118.449 -8.20433
-0.078 88.8401 -14.2201
-0.076 53.6606 -17.9379
-0.074 15.4725 -18.2127
-0.072 -22.9801 -15.0068
-0.07 -59.0162 -9.50306
-0.068 -90.2306 -3.80168
-0.066 -114.654 -0.223654
-0.064 -130.85 -0.448584
-0.062 -137.957 -4.83308
-0.06 -135.68 -12.1883
-0.058 -124.253 -20.0863
-0.056 -104.396 -25.5585
-0.054 -77.2622 -25.9589
-0.052 -44.3896 -19.7743
-0.05 -7.65218 -7.20277
-0.048 30.812 9.66642
-0.046 68.6994 27.2165
-0.044 103.671 41.2215
-0.042 133.503 48.0887
-0.04 156.243 45.9915
-0.038 170.352 35.4727
-0.036 174.828 19.3464
-0.034 169.3 2.00007
-0.032 154.066 -11.6724
-0.03 130.079 -17.4857
-0.028 98.8566 -13.12
-0.026 62.3617 1.05409
-0.024 22.87 21.8312
-0.022 -17.147 43.9415
-0.02 -55.1355 61.5984
-0.018 -88.5976 70.2548
-0.016 -115.266 67.867
-0.014 -133.288 55.2744
-0.012 -141.383 35.771
-0.01 -138.921 14.1968
-0.008 -125.953 -4.18912
-0.006 -103.228 -14.9518
-0.004 -72.22 -15.729
-0.002 -35.142 -7.15603
0 5.14653 7.05407
0.002 45.3952 21.2074
0.004 82.3546 29.6117
0.006 113.168 28.5583
0.008 135.629 17.4189
0.01 148.27 -1.43477
0.012 150.351 -23.5564
0.014 141.829 -43.6741
0.016 123.345 -56.9342
0.018 96.1924 -60.0286
0.02 62.2314 -52.1043
0.022 23.7393 -35.1923
0.024 -16.7778 -13.8286
0.026 -56.7599 6.20895
0.028 -93.731 19.6572
0.03 -125.413 23.3149
0.032 -149.842 16.8133
0.034 -165.5 2.47138
0.036 -171.439 -15.5274
0.038 -167.363 -32.2925
0.04 -153.647 -43.4406
0.042 -131.298 -46.1617
0.044 -101.857 -39.9167
0.046 -67.2835 -26.5351
0.048 -29.8024 -9.61135
0.05 8.24502 6.6281
0.052 44.5545 18.5676
0.054 76.9886 24.1206
0.056 103.676 23.0932
0.058 123.081 17.0041
0.06 134.055 8.50594
0.062 135.887 0.574771
0.064 128.345 -4.35336
0.066 111.733 -5.08151
0.068 86.9199 -1.95855
0.07 55.348 3.34284
0.072 18.9929 8.50732
0.074 -19.735 11.4387
0.076 -58.1508 10.9562
0.078 -93.5078 7.09769
0.08 -123.243 1.00622
0.082 -145.22 -5.47467
0.084 -157.939 -10.3426
0.086 -160.667 -11.9888
0.088 -153.495 -9.64977
0.09 -137.287 -3.6317
0.092 -113.558 4.7924
0.094 -84.2802 13.8126
0.096 -51.6727 21.6929
0.098 -17.9836 27.3289
0.1 14.6925 30.5482
0.102 44.5481 32.0656
0.104 70.1413 33.1434
0.106 90.4243 35.0908
0.108 104.735 38.7705
0.11 112.768 44.2627
0.112 114.535 50.7857
0.114 110.334 56.8949
0.116 100.711 60.8968
0.118 86.4428 61.3443
0.12 68.5087 57.4641
0.122 48.0633 49.3933
0.124 26.3883 38.1686
0.126 4.8285 25.4744
0.128 -15.288 13.2166
0.13 -32.7379 3.03096
0.132 -46.4868 -4.13079
0.134 -55.761 -8.20127
0.136 -60.0995 -9.9133
0.138 -59.384 -10.4681
0.14 -53.8426 -11.0862
0.142 -44.0288 -12.6036
0.144 -30.775 -15.2352
0.146 -15.1249 -18.552
0.148 1.74841 -21.6488
0.15 18.6313 -23.4373
0.152 34.3584 -22.9861
0.154 47.8941 -19.8218
0.156 58.3997 -14.1108
0.158 65.281 -6.66267
0.16 68.2129 1.25562
0.162 67.1421 8.24322
0.164 62.2728 13.131
0.166 54.0374 15.2746
0.168 43.0537 14.6852
0.17 30.0725 11.9652
0.172 15.9199 8.08354
0.174 1.44005 4.07702
0.176 -12.555 0.773984
0.178 -25.3265 -1.38354
0.18 -36.2417 -2.38612
0.182 -44.8014 -2.58225
0.184 -50.6619 -2.52116
0.186 -53.651 -2.76094
0.188 -53.7732 -3.69095
0.19 -51.2037 -5.41549
0.192 -46.2694 -7.73456
0.194 -39.4213 -10.2285
0.196 -31.1999 -12.4138
0.198 -22.1969 -13.9066
0.2 -13.0148 -14.533
0.202 -4.22522 -14.3491
0.204 3.66911 -13.583
0.206 10.2648 -12.5323
0.208 15.2757 -11.4615
0.21 18.5372 -10.5292
0.212 20.0002 -9.76045
0.214 19.7177 -9.07054
0.216 17.8276 -8.33057
0.218 14.5352 -7.44944
0.22 10.095 -6.43646
0.222 4.79389 -5.4145
0.224 -1.0632 -4.57715
0.226 -7.16403 -4.11025
0.228 -13.1958 -4.11192
0.23 -18.8504 -4.53982
0.232 -23.8308 -5.20018
0.234 -27.8623 -5.78244
0.236 -30.7069 -5.93644
0.238 -32.1803 -5.37831
0.24 -32.1675 -3.99506
0.242 -30.6344 -1.90704
0.244 -27.6343 0.544567
0.246 -23.3087 2.88745
0.248 -17.8819 4.65258
0.25 -11.6503 5.50328
0.252 -4.96448 5.31876
0.254 1.79483 4.21624
0.256 8.24464 2.51541
0.258 14.0279 0.656926
0.26 18.838 -0.910162
0.262 22.4384 -1.84836
0.264 24.6744 -2.02479
0.266 25.4797 -1.54268
0.268 24.8755 -0.695723
0.27 22.9632 0.138453
0.272 19.9117 0.625173
0.274 15.9415 0.576076
0.276 11.3071 0.000814173
0.278 6.28239 -0.900248
0.28 1.1473 -1.79446
0.282 -3.82391 -2.31003
0.284 -8.3734 -2.14135
0.286 -12.2702 -1.1391
0.288 -15.3191 0.64196
0.29 -17.3688 2.95318
0.292 -18.318 5.41623
0.294 -18.121 7.61879
0.296 -16.7926 9.21177
0.298 -14.4094 9.98205
0.3 -11.1092 9.88572
0.302 -7.08419 9.03795
0.304 -2.57091 7.6667
0.306 2.1638 6.04504
0.308 6.83861 4.42233
0.31 11.1748 2.97307
0.312 14.9137 1.77567
0.314 17.8337 0.821842
0.316 19.7655 0.0479893
0.318 20.6038 -0.624771
0.32 20.3143 -1.25458
0.322 18.9346 -1.85666
0.324 16.57 -2.40032
0.326 13.3842 -2.82396
0.328 9.58741 -3.06045
0.33 5.42123 -3.06167
0.332 1.14368 -2.81301
0.334 -2.98729 -2.33492
0.336 -6.72953 -1.67462
0.338 -9.87077 -0.893937
0.34 -12.2397 -0.0576145
0.342 -13.7138 0.775974
0.344 -14.2236 1.56003
0.346 -13.7551 2.25875
0.348 -12.3499 2.84089
0.35 -10.1036 3.27135
0.352 -7.16143 3.50731
0.354 -3.71099 3.50371
0.356 0.0282932 3.2272
0.358 3.81785 2.67203
0.36 7.41511 1.8703
0.362 10.5901 0.892601
0.364 13.1424 -0.160761
0.366 14.9164 -1.175
0.368 15.8136 -2.04001
0.37 15.7994 -2.67026
0.372 14.9043 -3.02077
0.374 13.2191 -3.09376
0.376 10.8855 -2.93292
0.378 8.08242 -2.60714
0.38 5.00994 -2.1902
0.382 1.87244 -1.74347
0.384 -1.13729 -1.30593
0.386 -3.85096 -0.892007
0.388 -6.13378 -0.495919
0.39 -7.88936 -0.101188
0.392 -9.06092 0.306809
0.394 -9.62982 0.72894
0.396 -9.61216 1.14589
0.398 -9.05425 1.52037
0.4 -8.02752 1.80709
0.402 -6.62307 1.96584
0.404 -4.94609 1.97248
0.406 -3.11016 1.82465
0.408 -1.23132 1.54216
0.41 0.578022 1.16334
0.412 2.21513 0.737982
0.414 3.59278 0.31789
0.416 4.64442 -0.0531765
0.418 5.32802 -0.347117
0.42 5.62819 -0.553935
0.422 5.55608 -0.678726
0.424 5.14702 -0.735558
0.426 4.45639 -0.741377
0.428 3.55395 -0.711907
0.43 2.51766 -0.659597
0.432 1.42724 -0.592913
0.434 0.35825 -0.516606
0.436 -0.623031 -0.433042
0.438 -1.46332 -0.344294
0.44 -2.12464 -0.254
0.442 -2.58514 -0.167851
0.444 -2.83872 -0.0924745
0.446 -2.89363 -0.0335957
0.448 -2.77043 0.00530039
0.45 -2.4994 0.023264
0.452 -2.11751 0.0214548
0.454 -1.66522 0.00261565
0.456 -1.18319 -0.0293103
0.458 -0.709231 -0.0695884
0.46 -0.275644 -0.113278
0.462 0.0927524 -0.155829
0.464 0.379843 -0.193387
0.466 0.578554 -0.222774
0.468 0.690322 -0.241426
0.47 0.723781 -0.24759
0.472 0.692881 -0.240766
0.474 0.614699 -0.222041
0.476 0.507252 -0.194024
0.478 0.387553 -0.160335
0.48 0.270112 -0.124887
0.482 0.165966 -0.0912063
0.484 0.0822272 -0.0619463
0.486 0.0221195 -0.0386278
0.488 -0.0146202 -0.0216225
0.49 -0.0310586 -0.0103763
0.492 -0.0322116 -0.00379054
0.494 -0.0241011 -0.000601207
0.496 -0.0128019 0.000388633
0.498 -0.00355188 0.000256312
0.4 0.055457 0.0408246
0.8 0.0567455 0.0419943
1.2 0.0588878 0.0439375
1.6 0.0618765 0.0466452
2 0.065701 0.0501047
2.4 0.0703476 0.0543004
2.8 0.0757998 0.0592133
3.2 0.0820382 0.0648222
3.6 0.0890403 0.0711032
4 0.096781 0.0780308
4.4 0.105232 0.0855778
4.8 0.114364 0.0937163
5.2 0.124143 0.102418
5.6 0.134534 0.111653
6 0.145499 0.121395
6.4 0.157 0.131617
6.8 0.168997 0.142292
7.2 0.181447 0.153397
7.6 0.194307 0.164912
8 0.207536 0.176818
8.4 0.221088 0.1891
8.8 0.234923 0.201747
9.2 0.248998 0.214752
9.6 0.263272 0.228111
10 0.277706 0.241825
10.4 0.292265 0.255898
10.8 0.306912 0.270341
11.2 0.321618 0.285165
11.6 0.336354 0.300388
12 0.351096 0.31603
12.4 0.365824 0.332115
12.8 0.38052 0.34867
13.2 0.395174 0.365722
13.6 0.409776 0.383301
14 0.424322 0.401439
14.4 0.438812 0.420166
14.8 0.45325 0.439511
15.2 0.467643 0.459505
15.6 0.482 0.480171
16 0.496335 0.501533
16.4 0.51066 0.52361
16.8 0.524993 0.546414
17.2 0.539349 0.569952
17.6 0.553745 0.594225
18 0.568196 0.619227
18.4 0.582718 0.64494
18.8 0.597322 0.671343
19.2 0.612016 0.698401
19.6 0.626808 0.726071
20 0.641698 0.754302
20.4 0.656683 0.78303
20.8 0.671753 0.812184
21.2 0.686896 0.841681
21.6 0.70209 0.871431
22 0.71731 0.901333
22.4 0.732521 0.931279
22.8 0.747687 0.961155
23.2 0.762761 0.990837
23.6 0.777693 1.0202
24 0.792427 1.04911
24.4 0.806902 1.07744
24.8 0.821054 1.10504
25.2 0.834815 1.13179
25.6 0.848112 1.15755
26 0.860875 1.18218
26.4 0.873028 1.20557
26.8 0.8845 1.22758
27.2 0.895218 1.24811
27.6 0.905112 1.26705
28 0.914116 1.2843
28.4 0.922168 1.29979
28.8 0.929208 1.31343
29.2 0.935188 1.32517
29.6 0.94006 1.33497
30 0.943788 1.34279
30.4 0.946341 1.34861
30.8 0.947698 1.35243
31.2 0.947846 1.35427
31.6 0.94678 1.35416
32 0.944504 1.35213
32.4 0.941031 1.34823
32.8 0.936382 1.34254
33.2 0.930587 1.33513
33.6 0.923682 1.32609
34 0.91571 1.31551
34.4 0.906722 1.30351
34.8 0.896772 1.2902
35.2 0.885921 1.27567
35.6 0.874233 1.26007
36 0.861774 1.2435
36.4 0.848614 1.22609
36.8 0.834821 1.20795
37.2 0.820466 1.1892
37.6 0.805618 1.16994
38 0.790346 1.15028
38.4 0.774713 1.13033
38.8 0.758783 1.11015
39.2 0.742616 1.08984
39.6 0.726265 1.06946
40 0.709781 1.04908
40.4 0.693211 1.02874
40.8 0.676594 1.00849
41.2 0.659968 0.988346
41.6 0.643362 0.968335
42 0.626803 0.948464
42.4 0.610313 0.928735
42.8 0.593908 0.909142
43.2 0.577602 0.88967
43.6 0.561403 0.8703
44 0.54532 0.851008
44.4 0.529355 0.831764
44.8 0.513511 0.812538
45.2 0.497788 0.793299
45.6 0.482184 0.774014
46 0.466701 0.754653
46.4 0.451335 0.735188
46.8 0.436088 0.715594
47.2 0.420959 0.69585
47.6 0.405951 0.675941
48 0.391067 0.655857
48.4 0.376312 0.635594
48.8 0.361693 0.615157
49.2 0.34722 0.594556
49.6 0.332905 0.573808
50 0.31876 0.552938
50.4 0.304801 0.531976
50.8 0.291045 0.510961
51.2 0.27751 0.489936
51.6 0.264218 0.468949
52 0.251187 0.448052
52.4 0.23844 0.427304
52.8 0.225997 0.406762
53.2 0.213881 0.386488
53.6 0.202112 0.366543
54 0.190708 0.34699
54.4 0.17969 0.327887
54.8 0.169073 0.309294
55.2 0.158873 0.291266
55.6 0.149101 0.273853
56 0.139769 0.257103
56.4 0.130883 0.241056
56.8 0.122448 0.225748
57.2 0.114467 0.211207
57.6 0.106939 0.197457
58 0.0998594 0.184513
58.4 0.0932232 0.172384
58.8 0.087021 0.16107
59.2 0.081242 0.150568
59.6 0.0758726 0.140865
60 0.0708978 0.131945
60.4 0.0663006 0.123783
60.8 0.0620627 0.116351
61.2 0.0581648 0.109617
61.6 0.0545868 0.103542
62 0.0513082 0.0980868
62.4 0.0483081 0.0932088
62.8 0.0455659 0.0888631
63.2 0.0430613 0.0850039
63.6 0.0407745 0.0815851
64 0.0386867 0.0785607
64.4 0.0367799 0.0758856
64.8 0.0350372 0.0735162
65.2 0.033443 0.0714106
65.6 0.0319829 0.0695296
66 0.0306439 0.0678364
66.4 0.0294144 0.0662976
66.8 0.0282839 0.0648829
67.2 0.0272433 0.0635655
67.6 0.0262847 0.0623219
68 0.025401 0.0611325
68.4 0.0245865 0.059981
68.8 0.0238359 0.0588543
69.2 0.0231449 0.0577428
69.6 0.0225096 0.0566396
70 0.0219266 0.0555406
70.4 0.0213927 0.0544444
70.8 0.0209049 0.0533514
71.2 0.0204603 0.0522639
71.6 0.020056 0.0511857
72 0.0196889 0.0501219
72.4 0.0193558 0.0490783
72.8 0.0190532 0.0480613
73.2 0.0187776 0.0470773
73.6 0.0185251 0.0461331
74 0.0182916 0.0452348
74.4 0.018073 0.0443884
74.8 0.017865 0.0435991
75.2 0.0176632 0.0428711
75.6 0.0174636 0.0422081
76 0.017262 0.0416125
76.4 0.0170545 0.0410857
76.8 0.0168376 0.0406282
77.2 0.0166083 0.0402393
77.6 0.0163639 0.0399173
78 0.0161025 0.0396597
78.4 0.0158227 0.0394629
78.8 0.0155238 0.0393226
79.2 0.0152061 0.0392337
79.6 0.0148702 0.0391906
80 0.014518 0.0391873
80.4 0.0141518 0.0392171
80.8 0.0137748 0.0392733
81.2 0.0133907 0.0393491
81.6 0.013004 0.0394372
82 0.0126198 0.039531
82.4 0.0122433 0.0396234
82.8 0.0118806 0.039708
83.2 0.0115375 0.0397784
83.6 0.0112203 0.0398286
84 0.010935 0.039853
84.4 0.0106878 0.0398464
84.8 0.0104844 0.0398042
85.2 0.0103302 0.0397222
85.6 0.0102303 0.0395967
86 0.0101889 0.0394243
86.4 0.0102098 0.0392025
86.8 0.010296 0.038929
87.2 0.0104496 0.0386022
87.6 0.010672 0.0382207
88 0.0109636 0.037784
88.4 0.0113238 0.0372915
88.8 0.0117512 0.0367436
89.2 0.0122435 0.0361407
89.6 0.0127976 0.0354838
90 0.0134093 0.0347744
90.4 0.0140739 0.0340142
90.8 0.0147859 0.0332053
91.2 0.0155392 0.0323502
91.6 0.016327 0.031452
92 0.0171424 0.0305137
92.4 0.0179778 0.0295392
92.8 0.0188257 0.0285323
93.2 0.0196782 0.0274974
93.6 0.0205277 0.0264394
94 0.0213664 0.0253633
94.4 0.0221869 0.0242746
94.8 0.0229822 0.0231793
95.2 0.0237456 0.0220835
95.6 0.024471 0.0209941
96 0.0251528 0.0199178
96.4 0.0257864 0.0188621
96.8 0.0263677 0.0178347
97.2 0.0268936 0.0168435
97.6 0.0273619 0.0158967
98 0.0277713 0.015003
98.4 0.0281216 0.0141709
98.8 0.0284135 0.0134092
99.2 0.0286488 0.0127268
99.6 0.0288304 0.0121327
100 0.0289623 0.0116356
100.4 0.0290492 0.0112442
100.8 0.0290971 0.0109669
101.2 0.0291129 0.0108117
101.6 0.0291042 0.0107863
102 0.0290796 0.0108976
102.4 0.0290482 0.0111522
102.8 0.0290199 0.0115555
103.2 0.0290052 0.0121124
103.6 0.0290147 0.0128266
104 0.0290596 0.0137008
104.4 0.0291509 0.0147365
104.8 0.0292999 0.015934
105.2 0.0295175 0.0172922
105.6 0.0298143 0.0188087
106 0.0302006 0.0204795
106.4 0.0306858 0.0222995
106.8 0.0312787 0.0242617
107.2 0.0319869 0.0263581
107.6 0.032817 0.0285789
108 0.0337743 0.0309134
108.4 0.0348628 0.0333491
108.8 0.0360849 0.0358726
109.2 0.0374413 0.0384696
109.6 0.038931 0.0411246
110 0.0405513 0.0438214
110.4 0.0422977 0.0465433
110.8 0.0441637 0.049273
111.2 0.0461412 0.0519931
111.6 0.0482201 0.0546861
112 0.0503887 0.0573348
112.4 0.0526336 0.0599223
112.8 0.0549397 0.0624321
113.2 0.0572908 0.0648489
113.6 0.0596692 0.0671579
114 0.0620564 0.0693457
114.4 0.0644328 0.0714
114.8 0.0667783 0.0733103
115.2 0.0690725 0.0750671
115.6 0.0712947 0.0766628
116 0.0734244 0.0780916
116.4 0.0754415 0.0793491
116.8 0.0773265 0.0804328
117.2 0.0790607 0.081342
117.6 0.0806267 0.0820773
118 0.0820083 0.0826411
118.4 0.0831911 0.0830373
118.8 0.084162 0.0832711
119.2 0.0849104 0.0833487
119.6 0.0854272 0.0832776
120 0.085706 0.0830661
120.4 0.0857424 0.0827231
120.8 0.0855342 0.0822581
121.2 0.0850817 0.0816807
121.6 0.0843875 0.0810009
122 0.0834563 0.0802283
122.4 0.0822953 0.0793727
122.8 0.0809133 0.0784431
123.2 0.0793216 0.0774482
123.6 0.0775326 0.076396
124 0.0755609 0.0752938
124.4 0.0734221 0.0741479
124.8 0.0711331 0.072964
125.2 0.0687115 0.0717466
125.6 0.066176 0.0704995
126 0.0635453 0.0692256
126.4 0.0608386 0.067927
126.8 0.058075 0.0666048
127.2 0.0552732 0.0652598
127.6 0.0524516 0.0638917
128 0.0496278 0.0625003
128.4 0.0468186 0.0610846
128.8 0.0440397 0.0596436
129.2 0.0413059 0.058176
129.6 0.0386302 0.0566808
130 0.0360249 0.055157
130.4 0.0335002 0.0536038
130.8 0.0310653 0.0520209
131.2 0.0287277 0.0504083
131.6 0.0264934 0.0487668
132 0.0243671 0.0470976
132.4 0.0223519 0.0454026
132.8 0.0204497 0.0436842
133.2 0.0186609 0.0419458
133.6 0.0169851 0.0401912
134 0.0154207 0.0384248
134.4 0.013965 0.0366517
134.8 0.0126147 0.0348774
135.2 0.0113657 0.0331077
135.6 0.0102135 0.0313489
136 0.00915309 0.0296073
136.4 0.00817907 0.0278896
136.8 0.00728597 0.0262022
137.2 0.00646822 0.0245515
137.6 0.00572025 0.0229436
138 0.00503661 0.0213844
138.4 0.00441204 0.0198792
138.8 0.00384154 0.0184329
139.2 0.00332041 0.0170497
139.6 0.00284428 0.0157333
140 0.00240917 0.0144865
140.4 0.0020115 0.0133116
140.8 0.00164807 0.0122098
141.2 0.00131608 0.0111819
141.6 0.00101312 0.0102278
142 0.000737113 0.0093467
142.4 0.000486337 0.00853713
142.8 0.000259361 0.00779702
143.2 5.50148e-05 0.00712374
143.6 -0.000127646 0.00651417
144 -0.000289387 0.0059648
144.4 -0.000430829 0.00547179
144.8 -0.000552495 0.00503107
145.2 -0.000654845 0.0046384
145.6 -0.000738311 0.00428947
146 -0.00080333 0.00398
146.4 -0.000850374 0.00370575
146.8 -0.000879973 0.00346265
147.2 -0.000892733 0.00324682
147.6 -0.000889352 0.00305463
148 -0.00087063 0.00288275
148.4 -0.000837471 0.00272814
148.8 -0.000790888 0.00258813
149.2 -0.000731998 0.00246037
149.6 -0.00066201 0.00234287
150 -0.000582223 0.00223398
150.4 -0.000494003 0.00213236
150.8 -0.000398775 0.00203698
151.2 -0.000297999 0.00194708
151.6 -0.000193158 0.00186214
152 -8.573e-05 0.00178182
152.4 2.28228e-05 0.00170598
152.8 0.000131079 0.00163458
153.2 0.000237676 0.00156767
153.6 0.000341324 0.00150538
154 0.000440826 0.00144783
154.4 0.000535088 0.00139515
154.8 0.000623134 0.00134742
155.2 0.000704114 0.00130469
155.6 0.000777313 0.00126691
156 0.000842155 0.00123397
156.4 0.000898205 0.00120568
156.8 0.000945172 0.00118174
157.2 0.000982905 0.00116177
157.6 0.00101139 0.00114534
158 0.00103074 0.00113191
158.4 0.00104121 0.00112093
158.8 0.00104314 0.00111179
159.2 0.00103699 0.00110387
159.6 0.00102332 0.00109653
160 0.00100276 0.00108917
160.4 0.000975996 0.00108119
160.8 0.000943789 0.00107208
161.2 0.000906926 0.00106134
161.6 0.000866221 0.00104856
162 0.000822499 0.00103343
162.4 0.000776586 0.00101568
162.8 0.000729292 0.000995165
163.2 0.000681401 0.000971795
163.6 0.000633662 0.000945577
164 0.000586776 0.000916592
164.4 0.000541387 0.000884988
164.8 0.000498079 0.00085097
165.2 0.000457365 0.00081479
165.6 0.000419684 0.000776738
166 0.000385398 0.00073712
166.4 0.000354786 0.000696256
166.8 0.000328051 0.00065446
167.2 0.000305311 0.000612031
167.6 0.000286608 0.000569244
168 0.000271907 0.000526338
168.4 0.000261101 0.000483512
168.8 0.000254015 0.000440919
169.2 0.000250416 0.000398664
169.6 0.000250014 0.0003568
170 0.000252472 0.000315335
170.4 0.000257416 0.00027423
170.8 0.000264438 0.000233409
171.2 0.000273111 0.000192763
171.6 0.000282992 0.000152159
172 0.000293632 0.00011145
172.4 0.000304588 7.0482e-05
172.8 0.000315424 2.91089e-05
173.2 0.000325724 -1.2802e-05
173.6 0.000335098 -5.53587e-05
174 0.000343186 -9.8636e-05
174.4 0.000349666 -0.000142668
174.8 0.000354256 -0.000187444
175.2 0.00035672 -0.000232899
175.6 0.00035687 -0.000278919
176 0.000354566 -0.000325332
176.4 0.000349719 -0.000371914
176.8 0.000342291 -0.000418394
177.2 0.000332291 -0.000464452
177.6 0.000319778 -0.000509733
178 0.000304852 -0.00055385
178.4 0.000287655 -0.000596395
178.8 0.000268366 -0.000636952
179.2 0.000247195 -0.000675103
179.6 0.00022438 -0.000710443
180 0.00020018 -0.00074259
180.4 0.000174868 -0.000771197
180.8 0.000148729 -0.00079596
181.2 0.000122052 -0.000816632
181.6 9.51239e-05 -0.000833025
182 6.82269e-05 -0.000845023
182.4 4.16308e-05 -0.000852582
182.8 1.559e-05 -0.000855736
183.2 -9.6605e-06 -0.000854599
183.6 -3.39087e-05 -0.000849361
184 -5.69683e-05 -0.000840289
184.4 -7.86803e-05 -0.000827721
184.8 -9.8915e-05 -0.000812057
185.2 -0.000117572 -0.000793757
185.6 -0.000134581 -0.000773326
186 -0.000149899 -0.000751303
186.4 -0.000163513 -0.000728255
186.8 -0.000175434 -0.000704759
187.2 -0.000185697 -0.000681388
187.6 -0.000194357 -0.000658706
188 -0.000201487 -0.000637245
188.4 -0.000207173 -0.0006175
188.8 -0.000211512 -0.000599913
189.2 -0.000214607 -0.000584867
189.6 -0.000216566 -0.000572672
190 -0.000217494 -0.00056356
190.4 -0.000217493 -0.000557679
190.8 -0.000216659 -0.000555089
191.2 -0.000215077 -0.000555758
191.6 -0.00021282 -0.000559564
192 -0.000209947 -0.000566296
192.4 -0.000206504 -0.000575658
192.8 -0.000202517 -0.000587273
193.2 -0.000197998 -0.000600692
193.6 -0.000192944 -0.000615404
194 -0.000187335 -0.000630843
194.4 -0.000181138 -0.000646402
194.8 -0.000174308 -0.000661443
195.2 -0.000166791 -0.000675315
195.6 -0.000158527 -0.000687361
196 -0.00014945 -0.000696936
196.4 -0.000139497 -0.000703418
196.8 -0.000128604 -0.000706222
197.2 -0.000116718 -0.000704814
197.6 -0.000103791 -0.000698718
198 -8.97928e-05 -0.000687529
198.4 -7.47066e-05 -0.00067092
198.8 -5.85354e-05 -0.000648654
199.2 -4.13035e-05 -0.000620581
199.6 -2.30583e-05 -0.000586649
200 -3.87144e-06 -0.000546904
200.4 1.61603e-05 -0.000501488
200.8 3.69151e-05 -0.000450641
201.2 5.82466e-05 -0.000394693
201.6 7.99857e-05 -0.000334063
202 0.000101942 -0.00026925
202.4 0.000123905 -0.000200824
202.8 0.000145652 -0.00012942
203.2 0.000166946 -5.57257e-05
203.6 0.000187544 1.95317e-05
204 0.000207198 9.55942e-05
204.4 0.000225666 0.000171686
204.8 0.000242708 0.000247028
205.2 0.000258098 0.000320847
205.6 0.000271629 0.000392388
206 0.000283112 0.000460927
206.4 0.000292386 0.000525782
206.8 0.000299318 0.000586319
207.2 0.000303812 0.000641965
207.6 0.000305804 0.000692213
208 0.000305269 0.000736627
208.4 0.000302224 0.000774848
208.8 0.000296721 0.000806599
209.2 0.000288855 0.000831682
209.6 0.000278757 0.000849983
210 0.000266592 0.000861469
210.4 0.00025256 0.000866186
210.8 0.000236886 0.000864254
211.2 0.000219821 0.000855865
211.6 0.000201633 0.000841277
212 0.000182603 0.000820805
212.4 0.000163018 0.000794817
212.8 0.000143165 0.000763728
213.2 0.000123324 0.000727987
213.6 0.000103764 0.000688073
214 8.47325e-05 0.00064449
214.4 6.6454e-05 0.00059775
214.8 4.91226e-05 0.000548378
215.2 3.28983e-05 0.000496894
215.6 1.79025e-05 0.000443813
216 4.21589e-06 0.000389638
216.4 -8.12368e-06 0.000334854
216.8 -1.91221e-05 0.000279924
217.2 -2.88288e-05 0.000225285
217.6 -3.7335e-05 0.000171344
218 -4.4772e-05 0.000118479
218.4 -5.1307e-05 6.70329e-05
218.8 -5.71394e-05 1.73161e-05
219.2 -6.24954e-05 -3.03965e-05
219.6 -6.76216e-05 -7.58641e-05
220 -7.27793e-05 -0.00011888
220.4 -7.82368e-05 -0.000159271
220.8 -8.42623e-05 -0.000196895
221.2 -9.11169e-05 -0.000231644
221.6 -9.90469e-05 -0.000263434
222 -0.000108277 -0.000292215
222.4 -0.000119004 -0.00031796
222.8 -0.000131389 -0.000340667
223.2 -0.000145556 -0.000360358
223.6 -0.000161582 -0.000377077
224 -0.000179501 -0.000390889
224.4 -0.000199293 -0.000401878
224.8 -0.00022089 -0.000410146
225.2 -0.000244174 -0.000415814
225.6 -0.000268974 -0.000419017
226 -0.000295078 -0.000419906
226.4 -0.000322225 -0.000418647
226.8 -0.00035012 -0.000415417
227.2 -0.000378431 -0.000410407
227.6 -0.000406803 -0.000403817
228 -0.000434859 -0.000395857
228.4 -0.000462212 -0.000386744
228.8 -0.000488468 -0.000376701
229.2 -0.00051324 -0.000365955
229.6 -0.000536152 -0.000354734
230 -0.000556848 -0.000343267
230.4 -0.000575 -0.000331778
230.8 -0.000590314 -0.000320487
231.2 -0.000602535 -0.000309606
231.6 -0.000611457 -0.000299335
232 -0.00061692 -0.000289862
232.4 -0.000618819 -0.000281358
232.8 -0.000617107 -0.000273976
233.2 -0.000611788 -0.00026785
233.6 -0.000602927 -0.000263088
234 -0.000590638 -0.000259777
234.4 -0.000575093 -0.000257976
234.8 -0.000556506 -0.00025772
235.2 -0.000535138 -0.000259014
235.6 -0.000511288 -0.000261836
236 -0.000485284 -0.000266138
236.4 -0.000457482 -0.000271846
236.8 -0.000428252 -0.000278858
237.2 -0.000397977 -0.000287053
237.6 -0.000367042 -0.000296284
238 -0.000335826 -0.000306388
238.4 -0.000304696 -0.000317186
238.8 -0.000274 -0.000328484
239.2 -0.000244064 -0.000340079
239.6 -0.000215178 -0.000351762
240 -0.000187603 -0.000363322
240.4 -0.000161555 -0.000374547
240.8 -0.000137214 -0.000385231
241.2 -0.000114711 -0.000395176
241.6 -9.41376e-05 -0.000404192
242 -7.55382e-05 -0.000412108
242.4 -5.89154e-05 -0.000418765
242.8 -4.42314e-05 -0.000424028
243.2 -3.14104e-05 -0.000427781
243.6 -2.03428e-05 -0.00042993
244 -1.089e-05 -0.000430409
244.4 -2.88841e-06 -0.000429175
244.8 3.84413e-06 -0.000426212
245.2 9.50341e-06 -0.000421529
245.6 1.42928e-05 -0.000415161
246 1.84178e-05 -0.000407168
246.4 2.208e-05 -0.000397634
246.8 2.54723e-05 -0.000386665
247.2 2.87738e-05 -0.000374388
247.6 3.21456e-05 -0.000360948
248 3.5727e-05 -0.000346507
248.4 3.96321e-05 -0.00033124
248.8 4.39484e-05 -0.000315334
249.2 4.87343e-05 -0.000298985
249.6 5.40187e-05 -0.000282393
250 5.98016e-05 -0.000265763
250.4 6.60539e-05 -0.0002493
250.8 7.27197e-05 -0.000233206
251.2 7.97184e-05 -0.000217677
251.6 8.69472e-05 -0.000202903
252 9.42848e-05 -0.000189062
252.4 0.000101595 -0.000176321
252.8 0.00010873 -0.000164831
253.2 0.000115537 -0.000154727
253.6 0.000121858 -0.000146124
254 0.000127541 -0.000139117
254.4 0.000132438 -0.000133782
254.8 0.00013641 -0.000130169
255.2 0.000139335 -0.000128308
255.6 0.000141106 -0.0001282
256 0.000141636 -0.000129828
256.4 0.000140863 -0.000133146
256.8 0.000138744 -0.000138086
257.2 0.000135266 -0.000144556
257.6 0.00013044 -0.000152443
258 0.0001243 -0.000161612
258.4 0.000116908 -0.000171909
258.8 0.000108348 -0.00018316
259.2 9.87247e-05 -0.000195179
259.6 8.81634e-05 -0.000207763
260 7.68055e-05 -0.000220702
260.4 6.48057e-05 -0.000233774
260.8 5.2329e-05 -0.000246755
261.2 3.95473e-05 -0.000259417
261.6 2.66356e-05 -0.000271533
262 1.37688e-05 -0.000282882
262.4 1.1177e-06 -0.000293248
262.8 -1.11537e-05 -0.000302427
263.2 -2.28917e-05 -0.000310227
263.6 -3.39555e-05 -0.000316472
264 -4.42196e-05 -0.000321008
264.4 -5.35759e-05 -0.000323697
264.8 -6.19355e-05 -0.000324427
265.2 -6.92295e-05 -0.000323112
265.6 -7.54098e-05 -0.00031969
266 -8.04496e-05 -0.000314126
266.4 -8.43429e-05 -0.000306414
266.8 -8.71039e-05 -0.000296575
267.2 -8.8766e-05 -0.000284658
267.6 -8.93805e-05 -0.000270739
268 -8.90146e-05 -0.000254917
268.4 -8.77497e-05 -0.000237318
268.8 -8.56788e-05 -0.00021809
269.2 -8.29047e-05 -0.000197397
269.6 -7.95372e-05 -0.000175425
270 -7.56904e-05 -0.000152372
270.4 -7.14809e-05 -0.000128447
270.8 -6.70249e-05 -0.000103869
271.2 -6.24361e-05 -7.88609e-05
271.6 -5.78237e-05 -5.36493e-05
272 -5.32905e-05 -2.84584e-05
272.4 -4.89314e-05 -3.50881e-06
272.8 -4.48318e-05 2.09857e-05
273.2 -4.10666e-05 4.4821e-05
273.6 -3.76999e-05 6.7805e-05
274 -3.47836e-05 8.97599e-05
274.4 -3.23581e-05 0.000110524
274.8 -3.04518e-05 0.000129952
275.2 -2.90817e-05 0.000147919
275.6 -2.82538e-05 0.00016432
276 -2.79637e-05 0.000179067
276.4 -2.8198e-05 0.000192096
276.8 -2.89346e-05 0.00020336
277.2 -3.01444e-05 0.000212834
277.6 -3.17921e-05 0.00022051
278 -3.38378e-05 0.000226399
278.4 -3.62378e-05 0.000230529
278.8 -3.89457e-05 0.000232941
279.2 -4.19138e-05 0.000233694
279.6 -4.5094e-05 0.000232855
280 -4.84386e-05 0.000230505
280.4 -5.19009e-05 0.000226732
280.8 -5.54361e-05 0.000221633
281.2 -5.90019e-05 0.00021531
281.6 -6.25583e-05 0.000207868
282 -6.60685e-05 0.000199417
282.4 -6.94985e-05 0.000190068
282.8 -7.28177e-05 0.000179931
283.2 -7.59981e-05 0.000169118
283.6 -7.90146e-05 0.000157737
284 -8.18449e-05 0.000145894
284.4 -8.44688e-05 0.000133692
284.8 -8.68684e-05 0.00012123
285.2 -8.90276e-05 0.000108604
285.6 -9.09316e-05 9.5903e-05
286 -9.25673e-05 8.32137e-05
286.4 -9.39226e-05 7.06165e-05
286.8 -9.49864e-05 5.81867e-05
287.2 -9.57485e-05 4.59945e-05
287.6 -9.61997e-05 3.4105e-05
288 -9.63317e-05 2.25776e-05
288.4 -9.61373e-05 1.14667e-05
288.8 -9.56105e-05 8.21251e-07
289.2 -9.47465e-05 -9.31498e-06
289.6 -9.35424e-05 -1.89036e-05
290 -9.19971e-05 -2.79114e-05
290.4 -9.01116e-05 -3.63105e-05
290.8 -8.78894e-05 -4.40781e-05
291.2 -8.53364e-05 -5.11967e-05
291.6 -8.24618e-05 -5.76539e-05
292 -7.92775e-05 -6.34422e-05
292.4 -7.57989e-05 -6.85594e-05
292.8 -7.20445e-05 -7.3008e-05
293.2 -6.80361e-05 -7.6795e-05
293.6 -6.37986e-05 -7.99323e-05
294 -5.93602e-05 -8.24358e-05
294.4 -5.47518e-05 -8.43255e-05
294.8 -5.00069e-05 -8.56251e-05
295.2 -4.5161e-05 -8.63616e-05
295.6 -4.02517e-05 -8.6565e-05
296 -3.53175e-05 -8.62676e-05
296.4 -3.03979e-05 -8.55039e-05
296.8 -2.55326e-05 -8.43097e-05
297.2 -2.07608e-05 -8.27222e-05
297.6 -1.61209e-05 -8.07787e-05
298 -1.16496e-05 -7.85167e-05
298.4 -7.38177e-06 -7.59733e-05
298.8 -3.34953e-06 -7.31844e-05
299.2 4.17962e-07 -7.01847e-05
299.6 3.895e-06 -6.70071e-05
300 7.05967e-06 -6.36823e-05
300.4 9.89415e-06 -6.02387e-05
300.8 1.23849e-05 -5.6702e-05
301.2 1.45227e-05 -5.30951e-05
301.6 1.63029e-05 -4.94382e-05
302 1.77251e-05 -4.57483e-05
302.4 1.87933e-05 -4.20399e-05
302.8 1.95155e-05 -3.83245e-05
303.2 1.99037e-05 -3.4611e-05
303.6 1.99734e-05 -3.09062e-05
304 1.97433e-05 -2.72146e-05
304.4 1.9235e-05 -2.3539e-05
304.8 1.84723e-05 -1.98807e-05
305.2 1.74813e-05 -1.62401e-05
305.6 1.62894e-05 -1.26167e-05
306 1.49252e-05 -9.00965e-06
306.4 1.34179e-05 -5.41823e-06
306.8 1.1797e-05 -1.84202e-06
307.2 1.00918e-05 1.7187e-06
307.6 8.33112e-06 5.26267e-06
308 6.54283e-06 8.78742e-06
308.4 4.7537e-06 1.2289e-05
308.8 2.98907e-06 1.5762e-05
309.2 1.27259e-06 1.91992e-05
309.6 -3.73934e-07 2.25915e-05
310 -1.93069e-06 2.59284e-05
310.4 -3.37999e-06 2.91973e-05
310.8 -4.70638e-06 3.23843e-05
311.2 -5.89666e-06 3.54741e-05
311.6 -6.93992e-06 3.84497e-05
312 -7.82759e-06 4.12937e-05
312.4 -8.55336e-06 4.39876e-05
312.8 -9.11322e-06 4.65125e-05
313.2 -9.50534e-06 4.88495e-05
313.6 -9.73007e-06 5.09799e-05
314 -9.78982e-06 5.28857e-05
314.4 -9.68902e-06 5.45497e-05
314.8 -9.43397e-06 5.59562e-05
315.2 -9.03278e-06 5.7091e-05
315.6 -8.49521e-06 5.79419e-05
316 -7.8326e-06 5.84992e-05
316.4 -7.05766e-06 5.87554e-05
316.8 -6.18435e-06 5.87061e-05
317.2 -5.22773e-06 5.83497e-05
317.6 -4.20375e-06 5.76878e-05
318 -3.12909e-06 5.67252e-05
318.4 -2.02093e-06 5.547e-05
318.8 -8.96752e-07 5.39335e-05
319.2 2.25887e-07 5.21302e-05
319.6 1.32958e-06 5.00778e-05
320 2.3973e-06 4.77968e-05
320.4 3.41265e-06 4.53103e-05
320.8 4.36009e-06 4.2644e-05
321.2 5.22513e-06 3.98256e-05
321.6 5.99461e-06 3.68843e-05
322 6.65684e-06 3.3851e-05
322.4 7.2018e-06 3.07571e-05
322.8 7.62131e-06 2.76348e-05
323.2 7.90912e-06 2.4516e-05
323.6 8.06106e-06 2.14323e-05
324 8.07505e-06 1.84143e-05
324.4 7.95116e-06 1.54911e-05
324.8 7.69155e-06 1.26901e-05
325.2 7.30049e-06 1.00365e-05
325.6 6.7842e-06 7.55285e-06
326 6.15077e-06 5.25883e-06
326.4 5.40995e-06 3.17099e-06
326.8 4.573e-06 1.30251e-06
327.2 3.65246e-06 -3.36909e-07
327.6 2.66188e-06 -1.74113e-06
328 1.61558e-06 -2.90761e-06
328.4 5.28371e-07 -3.83729e-06
328.8 -5.84727e-07 -4.53454e-06
329.2 -1.70876e-06 -5.00693e-06
329.6 -2.8291e-06 -5.26499e-06
330 -3.93172e-06 -5.32195e-06
330.4 -5.00343e-06 -5.19334e-06
330.8 -6.03208e-06 -4.8967e-06
331.2 -7.00675e-06 -4.4511e-06
331.6 -7.9179e-06 -3.87678e-06
332 -8.75752e-06 -3.19467e-06
332.4 -9.51916e-06 -2.42601e-06
332.8 -1.0198e-05 -1.59193e-06
333.2 -1.07908e-05 -7.13026e-07
333.6 -1.12961e-05 1.90963e-07
334 -1.17139e-05 1.1015e-06
334.4 -1.20454e-05 2.00151e-06
334.8 -1.22936e-05 2.87564e-06
335.2 -1.24623e-05 3.71039e-06
335.6 -1.25564e-05 4.49429e-06
336 -1.25818e-05 5.21791e-06
336.4 -1.25448e-05 5.87389e-06
336.8 -1.24524e-05 6.45692e-06
337.2 -1.23117e-05 6.96359e-06
337.6 -1.21299e-05 7.39231e-06
338 -1.19143e-05 7.74311e-06
338.4 -1.16716e-05 8.01744e-06
338.8 -1.14085e-05 8.21794e-06
339.2 -1.11309e-05 8.34824e-06
339.6 -1.08443e-05 8.41263e-06
340 -1.05533e-05 8.41593e-06
340.4 -1.02618e-05 8.36316e-06
340.8 -9.97315e-06 8.25942e-06
341.2 -9.68963e-06 8.10961e-06
341.6 -9.41287e-06 7.91837e-06
342 -9.14374e-06 7.68985e-06
342.4 -8.88239e-06 7.42773e-06
342.8 -8.62832e-06 7.13509e-06
343.2 -8.38049e-06 6.81442e-06
343.6 -8.13732e-06 6.46765e-06
344 -7.89686e-06 6.09619e-06
344.4 -7.65681e-06 5.70101e-06
344.8 -7.41467e-06 5.28278e-06
345.2 -7.16777e-06 4.84194e-06
345.6 -6.9134e-06 4.37884e-06
346 -6.64889e-06 3.89395e-06
346.4 -6.37164e-06 3.38789e-06
346.8 -6.07926e-06 2.86165e-06
347.2 -5.76955e-06 2.31667e-06
347.6 -5.44063e-06 1.75492e-06
348 -5.09092e-06 1.17901e-06
348.4 -4.71924e-06 5.92206e-07
348.8 -4.32477e-06 -1.5219e-09
349.2 -3.90712e-06 -5.9754e-07
349.6 -3.46635e-06 -1.19058e-06
350 -3.00294e-06 -1.77482e-06
350.4 -2.51781e-06 -2.34397e-06
350.8 -2.01231e-06 -2.89142e-06
351.2 -1.48824e-06 -3.41034e-06
351.6 -9.47781e-07 -3.89388e-06
352 -3.93518e-07 -4.33533e-06
352.4 1.7161e-07 -4.72826e-06
352.8 7.44338e-07 -5.06671e-06
353.2 1.32111e-06 -5.34534e-06
353.6 1.89812e-06 -5.55959e-06
354 2.47137e-06 -5.70579e-06
354.4 3.03671e-06 -5.78124e-06
354.8 3.58992e-06 -5.78435e-06
355.2 4.12673e-06 -5.7146e-06
355.6 4.64295e-06 -5.57266e-06
356 5.13447e-06 -5.36028e-06
356.4 5.59739e-06 -5.08031e-06
356.8 6.02804e-06 -4.73659e-06
357.2 6.42311e-06 -4.33389e-06
357.6 6.77966e-06 -3.87777e-06
358 7.09523e-06 -3.37444e-06
358.4 7.36787e-06 -2.83065e-06
358.8 7.5962e-06 -2.25347e-06
359.2 7.77947e-06 -1.65019e-06
359.6 7.91754e-06 -1.02815e-06
360 8.01097e-06 -3.94574e-07
360.4 8.06096e-06 2.43558e-07
360.8 8.06935e-06 8.79618e-07
361.2 8.03864e-06 1.50745e-06
361.6 7.97187e-06 2.12143e-06
362 7.87263e-06 2.71655e-06
362.4 7.74495e-06 3.28843e-06
362.8 7.59323e-06 3.83337e-06
363.2 7.42213e-06 4.34828e-06
363.6 7.23645e-06 4.83071e-06
364 7.04108e-06 5.27878e-06
364.4 6.84078e-06 5.69111e-06
364.8 6.64016e-06 6.0668e-06
365.2 6.44351e-06 6.40529e-06
365.6 6.25468e-06 6.70636e-06
366 6.07703e-06 6.96999e-06
366.4 5.91328e-06 7.19632e-06
366.8 5.7655e-06 7.38562e-06
367.2 5.63499e-06 7.53818e-06
367.6 5.52229e-06 7.65434e-06
368 5.42716e-06 7.73442e-06
368.4 5.34855e-06 7.77876e-06
368.8 5.2847e-06 7.7877e-06
369.2 5.23311e-06 7.76162e-06
369.6 5.19068e-06 7.70097e-06
370 5.15376e-06 7.60633e-06
370.4 5.1183e-06 7.47848e-06
370.8 5.07991e-06 7.31841e-06
371.2 5.03408e-06 7.12743e-06
371.6 4.97622e-06 6.90722e-06
372 4.9019e-06 6.65987e-06
372.4 4.80692e-06 6.38792e-06
372.8 4.68746e-06 6.0944e-06
373.2 4.54025e-06 5.78284e-06
373.6 4.3626e-06 5.45728e-06
374 4.15257e-06 5.12222e-06
374.4 3.90898e-06 4.7826e-06
374.8 3.63151e-06 4.44373e-06
375.2 3.3207e-06 4.11122e-06
375.6 2.97794e-06 3.79088e-06
376 2.60547e-06 3.48862e-06
376.4 2.20632e-06 3.21031e-06
376.8 1.78421e-06 2.96167e-06
377.2 1.34349e-06 2.74814e-06
377.6 8.89017e-07 2.57475e-06
378 4.26017e-07 2.44599e-06
378.4 -4.00568e-08 2.3657e-06
378.8 -5.03667e-07 2.33695e-06
379.2 -9.59344e-07 2.36198e-06
379.6 -1.40183e-06 2.44212e-06
380 -1.82625e-06 2.57774e-06
380.4 -2.22818e-06 2.76823e-06
380.8 -2.60385e-06 3.01199e-06
381.2 -2.95018e-06 3.30649e-06
381.6 -3.26488e-06 3.64826e-06
382 -3.54651e-06 4.03304e-06
382.4 -3.7945e-06 4.45578e-06
382.8 -4.0092e-06 4.91082e-06
383.2 -4.19176e-06 5.39198e-06
383.6 -4.34422e-06 5.8927e-06
384 -4.46931e-06 6.40618e-06
384.4 -4.57046e-06 6.9255e-06
384.8 -4.65165e-06 7.44378e-06
385.2 -4.71729e-06 7.95432e-06
385.6 -4.77207e-06 8.4507e-06
386 -4.82086e-06 8.9269e-06
386.4 -4.86854e-06 9.3774e-06
386.8 -4.91985e-06 9.79725e-06
387.2 -4.97926e-06 1.01822e-05
387.6 -5.05086e-06 1.05285e-05
388 -5.1382e-06 1.08333e-05
388.4 -5.24423e-06 1.10943e-05
388.8 -5.3712e-06 1.131e-05
389.2 -5.52059e-06 1.14794e-05
389.6 -5.69309e-06 1.16023e-05
390 -5.88857e-06 1.16789e-05
390.4 -6.10606e-06 1.17099e-05
390.8 -6.34383e-06 1.16965e-05
391.2 -6.59939e-06 1.16401e-05
391.6 -6.86958e-06 1.15425e-05
392 -7.15063e-06 1.14056e-05
392.4 -7.43828e-06 1.12315e-05
392.8 -7.72786e-06 1.10225e-05
393.2 -8.01442e-06 1.07806e-05
393.6 -8.29285e-06 1.05082e-05
394 -8.55799e-06 1.02075e-05
394.4 -8.80473e-06 9.88058e-06
394.8 -9.02817e-06 9.52962e-06
395.2 -9.22367e-06 9.15671e-06
395.6 -9.38698e-06 8.76394e-06
396 -9.5143e-06 8.35338e-06
396.4 -9.60236e-06 7.92709e-06
396.8 -9.64846e-06 7.48721e-06
397.2 -9.65054e-06 7.03589e-06
397.6 -9.60717e-06 6.57536e-06
398 -9.51755e-06 6.10795e-06
398.4 -9.38157e-06 5.63605e-06
398.8 -9.1997e-06 5.16215e-06
399.2 -8.97304e-06 4.68882e-06
399.6 -8.70323e-06 4.21868e-06
400 -8.39243e-06 3.75438e-06
