-0.498 0.00128817 0.000815758
-0.496 0.00478598 0.00553176
-0.494 0.00941734 0.0163782
-0.492 0.0134801 0.0332998
-0.49 0.0148154 0.0536065
-0.488 0.0110583 0.0724073
-0.486 -4.86472e-05 0.0838068
-0.484 -0.0203095 0.0826599
-0.482 -0.0507355 0.0665206
-0.48 -0.091257 0.0373305
-0.478 -0.140531 0.00238605
-0.476 -0.195886 -0.0257837
-0.474 -0.253425 -0.0308186
-0.472 -0.308306 0.00484492
-0.47 -0.355171 0.0964303
-0.468 -0.388707 0.252909
-0.466 -0.404266 0.473421
-0.464 -0.398484 0.744788
-0.462 -0.36981 1.04077
-0.46 -0.318891 1.32349
-0.458 -0.248728 1.54722
-0.456 -0.164579 1.66412
-0.454 -0.0735996 1.63143
-0.452 0.0157684 1.41902
-0.45 0.0946008 1.01622
-0.448 0.154418 0.436748
-0.446 0.188136 -0.279347
-0.444 0.190956 -1.06732
-0.442 0.161073 -1.84325
-0.44 0.100153 -2.513
-0.438 0.0134946 -2.98381
-0.436 -0.0901378 -3.17707
-0.434 -0.199009 -3.04063
-0.432 -0.299201 -2.55887
-0.43 -0.375631 -1.75888
-0.428 -0.413206 -0.711533
-0.426 -0.398014 0.473151
-0.424 -0.318447 1.65625
-0.422 -0.166161 2.6849
-0.42 0.0632182 3.41027
-0.418 0.369676 3.70659
-0.416 0.748705 3.48853
-0.414 1.1915 2.72492
-0.412 1.68542 1.44641
-0.41 2.21461 -0.253938
-0.408 2.76078 -2.22787
-0.406 3.30404 -4.28632
-0.404 3.82371 -6.21968
-0.402 4.29906 -7.82151
-0.4 4.71006 -8.91311
-0.398 5.03792 -9.36587
-0.396 5.26564 -9.11847
-0.394 5.37848 -8.18673
-0.392 5.36431 -6.66457
-0.39 5.21405 -4.71542
-0.388 4.92202 -2.55501
-0.386 4.4864 -0.426986
-0.384 3.90956 1.42582
-0.382 3.19854 2.79128
-0.38 2.36528 3.51546
-0.378 1.42679 3.52415
-0.376 0.405054 2.83576
-0.374 -0.673443 1.56327
-0.372 -1.77858 -0.0953359
-0.37 -2.8779 -1.87775
-0.368 -3.93832 -3.48699
-0.366 -4.92817 -4.62684
-0.364 -5.81926 -5.03911
-0.362 -6.58896 -4.53819
-0.36 -7.22195 -3.03876
-0.358 -7.71141 -0.573431
-0.356 -8.05956 2.70232
-0.354 -8.27739 6.5185
-0.352 -8.38353 10.5121
-0.35 -8.40239 14.2598
-0.348 -8.36156 17.319
-0.346 -8.28884 19.2733
-0.344 -8.20907 19.7783
-0.342 -8.14111 18.6027
-0.34 -8.0953 15.6598
-0.338 -8.07178 11.0275
-0.336 -8.05972 4.95156
-0.334 -8.03781 -2.16582
-0.332 -7.97577 -9.794
-0.33 -7.83705 -17.3147
-0.328 -7.58218 -24.0729
-0.326 -7.17278 -29.433
-0.324 -6.57561 -32.8359
-0.322 -5.76646 -33.8512
-0.32 -4.7334 -32.2206
-0.318 -3.47907 -27.8887
-0.316 -2.02174 -21.0173
-0.314 -0.394977 -11.983
-0.312 1.35404 -1.3576
-0.31 3.16755 10.128
-0.308 4.98119 21.6328
-0.306 6.72865 32.2657
-0.304 8.34666 41.1517
-0.302 9.77967 47.5003
-0.3 10.9841 50.6716
-0.298 11.9315 50.2346
-0.296 12.6105 46.0137
-0.294 13.0271 38.1165
-0.292 13.2032 26.9418
-0.29 13.1742 13.1633
-0.288 12.9843 -2.30925
-0.286 12.6815 -18.3922
-0.284 12.3121 -33.9078
-0.282 11.9154 -47.6776
-0.28 11.5193 -58.622
-0.278 11.1371 -65.8579
-0.276 10.7663 -68.7852
-0.274 10.3894 -67.1538
-0.272 9.97612 -61.1027
-0.27 9.48768 -51.1644
-0.268 8.88139 -38.2309
-0.266 8.1162 -23.4822
-0.264 7.15772 -8.27957
-0.262 5.98244 5.96537
-0.26 4.58095 17.9347
-0.258 2.95968 26.5467
-0.256 1.14145 31.0797
-0.254 -0.83531 31.2639
-0.252 -2.91831 27.3266
-0.25 -5.04409 19.9813
-0.248 -7.14134 10.36
-0.246 -9.13458 -0.110492
-0.244 -10.9479 -9.87394
-0.242 -12.5083 -17.4346
-0.24 -13.7487 -21.549
-0.238 -14.6092 -21.3951
-0.236 -15.0387 -16.6961
-0.234 -14.9944 -7.78062
-0.232 -14.4416 4.43059
-0.23 -13.353 18.5143
-0.228 -11.7094 32.7013
-0.226 -9.50072 45.0826
-0.224 -6.72955 53.8432
-0.222 -3.41582 57.494
-0.22 0.396602 55.0748
-0.218 4.63285 46.3016
-0.216 9.18037 31.6361
-0.214 13.8842 12.2655
-0.212 18.5456 -10.0101
-0.21 22.9257 -32.9725
-0.208 26.7546 -54.2397
-0.206 29.7464 -71.5505
-0.204 31.6199 -83.0439
-0.202 32.1224 -87.4964
-0.2 31.056 -84.4842
-0.198 28.3028 -74.4482
-0.196 23.8469 -58.6476
-0.194 17.7911 -39.0086
-0.192 10.3652 -17.8855
-0.19 1.9258 2.23371
-0.188 -7.05522 19.0393
-0.186 -16.012 30.6876
-0.184 -24.3165 36.0272
-0.182 -31.3192 34.7352
-0.18 -36.3962 27.3438
-0.178 -39.0002 15.156
-0.176 -38.7115 0.0608159
-0.174 -35.2835 -15.728
-0.172 -28.6802 -29.9755
-0.17 -19.0985 -40.7317
-0.168 -6.97466 -46.5993
-0.166 7.03058 -46.9274
-0.164 22.0654 -41.9016
-0.162 37.1394 -32.5162
-0.16 51.1903 -20.4287
-0.158 63.1598 -7.71523
-0.156 72.0713 3.44262
-0.154 77.1037 11.0944
-0.152 77.6536 13.8345
-0.15 73.3819 11.046
-0.148 64.2414 3.03892
-0.146 50.4833 -8.94353
-0.144 32.643 -22.8545
-0.142 11.5075 -36.0975
-0.14 -11.9336 -45.8719
-0.138 -36.5497 -49.5651
-0.136 -61.1381 -45.1384
-0.134 -84.4978 -31.4554
-0.132 -105.501 -8.50879
-0.13 -123.16 22.4869
-0.128 -136.685 59.1539
-0.126 -145.526 98.16
-0.124 -149.398 135.561
-0.122 -148.297 167.238
-0.12 -142.485 189.389
-0.118 -132.469 199.001
-0.116 -118.966 194.261
-0.114 -102.856 174.841
-0.112 -85.1325 142.02
-0.11 -66.8476 98.6183
-0.108 -49.0623 48.7447
-0.106 -32.7949 -2.61885
-0.104 -18.9735 -50.1556
-0.102 -8.39298 -88.8104
-0.1 -1.67601 -114.375
-0.098 0.759631 -123.991
-0.096 -1.27417 -116.505
-0.094 -7.72074 -92.6335
-0.092 -18.2748 -54.9037
-0.09 -32.3906 -7.38623
-0.088 -49.3023 44.7654
-0.086 -68.0553 95.9086
-0.084 -87.5464 140.571
-0.082 -106.571 174.097
-0.08 -123.875 193.202
-0.078 -138.209 196.368
-0.076 -148.387 184.016
-0.074 -153.341 158.447
-0.072 -152.177 123.543
-0.07 -144.234 84.2512
-0.068 -129.134 45.9359
-0.066 -106.826 13.6436
-0.064 -77.6199 -8.60639
-0.062 -42.1945 -18.4217
-0.06 -1.59004 -15.4387
-0.058 42.8359 -1.46016
-0.056 89.4781 19.7058
-0.054 136.58 42.7028
-0.052 182.347 61.3379
-0.05 225.066 69.4711
-0.048 263.221 61.9764
-0.046 295.584 35.647
-0.044 321.286 -10.088
-0.042 339.843 -72.757
-0.04 351.154 -146.838
-0.038 355.465 -224.185
-0.036 353.31 -294.856
-0.034 345.445 -348.266
-0.032 332.771 -374.516
-0.03 316.267 -365.749
-0.028 296.927 -317.357
-0.026 275.698 -228.876
-0.024 253.432 -104.441
-0.022 230.842 47.285
-0.02 208.468 213.739
-0.018 186.654 379.595
-0.016 165.549 528.302
-0.014 145.123 643.876
-0.012 125.21 712.74
-0.01 105.565 725.406
-0.008 85.934 677.759
-0.006 66.1149 571.771
-0.004 46.0015 415.491
-0.002 25.5985 222.315
0 5.00669 9.60063
0.002 -15.6178 -203.193
0.004 -36.1178 -396.602
0.006 -56.3901 -553.266
0.008 -76.4255 -659.779
0.01 -96.3248 -708.078
0.012 -116.283 -696.177
0.014 -136.548 -628.173
0.016 -157.356 -513.536
0.018 -178.866 -365.824
0.02 -201.1 -201.002
0.022 -223.904 -35.6035
0.024 -246.927 115.061
0.026 -269.627 238.441
0.028 -291.287 325.887
0.03 -311.053 373.27
0.032 -327.977 381.06
0.034 -341.067 353.866
0.036 -349.345 299.545
0.038 -351.91 227.993
0.04 -348.01 149.792
0.042 -337.111 74.8767
0.044 -318.97 11.3879
0.046 -293.687 -35.1582
0.048 -261.748 -62.2952
0.05 -224.022 -70.5974
0.052 -181.733 -63.2736
0.054 -136.398 -45.4496
0.056 -89.7262 -23.263
0.058 -43.5079 -2.90215
0.06 0.503784 10.2831
0.062 40.7081 12.4929
0.064 75.752 1.93434
0.066 104.6 -21.0185
0.068 126.576 -53.9624
0.07 141.376 -92.8675
0.072 149.053 -132.677
0.074 149.987 -168.02
0.076 144.841 -193.94
0.078 134.509 -206.553
0.08 120.057 -203.556
0.082 102.673 -184.527
0.084 83.6018 -150.99
0.086 64.0953 -106.233
0.088 45.3544 -54.921
0.09 28.4787 -2.53448
0.092 14.4189 45.2733
0.094 3.93683 83.3381
0.096 -2.42572 107.579
0.098 -4.36701 115.457
0.1 -1.8336 106.248
0.102 4.98366 81.0965
0.104 15.6648 42.8548
0.106 29.5855 -4.27359
0.108 45.95 -55.2365
0.11 63.8297 -104.718
0.112 82.2064 -147.737
0.114 100.02 -180.181
0.116 116.219 -199.229
0.118 129.811 -203.598
0.12 139.918 -193.614
0.122 145.825 -171.086
0.124 147.025 -139.023
0.126 143.257 -101.229
0.128 134.527 -61.8208
0.13 121.118 -24.7436
0.132 103.582 6.66824
0.134 82.7063 30.0338
0.136 59.4787 44.1344
0.138 35.0252 48.9724
0.14 10.5451 45.6785
0.142 -12.7609 36.2854
0.144 -33.7641 23.4
0.146 -51.4771 9.8174
0.148 -65.1148 -1.87067
0.15 -74.1435 -9.62122
0.152 -78.3134 -12.1936
0.154 -77.6731 -9.27928
0.156 -72.5623 -1.4952
0.158 -63.5847 9.75406
0.16 -51.5615 22.5204
0.162 -37.4688 34.6255
0.164 -22.3639 43.9977
0.166 -7.30795 48.9841
0.168 6.71016 48.5958
0.17 18.8403 42.6527
0.172 28.4234 31.811
0.174 35.0251 17.473
0.176 38.45 1.59337
0.178 38.7357 -13.5893
0.18 36.1301 -25.8583
0.182 31.0539 -33.3226
0.184 24.0553 -34.678
0.186 15.7585 -29.3922
0.188 6.81317 -17.789
0.19 -2.15289 -1.02133
0.192 -10.5743 19.065
0.194 -17.9799 40.1578
0.196 -24.014 59.7664
0.198 -28.4479 75.5341
0.2 -31.18 85.5324
0.202 -32.2271 88.5007
0.204 -31.7082 83.9971
0.206 -29.822 72.4451
0.208 -26.8216 55.0691
0.21 -22.9887 33.7312
0.212 -18.6089 10.6943
0.214 -13.952 -11.6573
0.216 -9.25654 -31.1027
0.218 -4.72048 -45.8392
0.22 -0.498076 -54.6773
0.222 3.29892 -57.1527
0.224 6.59647 -53.5478
0.226 9.35152 -44.8215
0.228 11.5449 -32.4624
0.23 13.1747 -18.2859
0.232 14.2516 -4.20184
0.234 14.7954 8.01889
0.236 14.8338 16.9508
0.238 14.4017 21.6705
0.24 13.5423 21.8465
0.242 12.3066 17.7527
0.244 10.7544 10.2082
0.246 8.95264 0.454056
0.248 6.97379 -10.016
0.25 4.89323 -19.6472
0.252 2.78575 -27.0134
0.254 0.72187 -30.9827
0.256 -1.23579 -30.8407
0.258 -3.03582 -26.359
0.26 -4.64057 -17.8058
0.262 -6.02799 -5.90027
0.264 -7.19224 8.27786
0.266 -8.14318 23.413
0.268 -8.90455 38.0957
0.27 -9.51081 50.9665
0.272 -10.0029 60.8471
0.274 -10.423 66.8467
0.276 -10.8097 68.4335
0.278 -11.1924 65.4691
0.28 -11.588 58.2034
0.282 -11.9981 47.2363
0.284 -12.4086 33.4503
0.286 -12.7908 17.924
0.288 -13.1046 1.8349
0.29 -13.3033 -13.6404
0.292 -13.3382 -27.4193
0.294 -13.165 -38.5933
0.296 -12.7483 -46.4893
0.298 -12.0662 -50.7094
0.3 -11.1132 -51.1463
0.302 -9.90099 -47.9762
0.304 -8.45879 -41.6298
0.306 -6.83082 -32.7468
0.308 -5.07329 -22.1172
0.31 -3.25011 -10.6153
0.312 -1.4281 0.868384
0.314 0.327977 11.4939
0.316 1.96014 20.5311
0.318 3.42116 27.409
0.32 4.67757 31.7515
0.322 5.71138 33.3973
0.324 6.52031 32.4022
0.326 7.11674 29.0242
0.328 7.52535 23.6934
0.33 7.77984 16.9683
0.332 7.91899 9.48378
0.334 7.98255 1.89397
0.336 8.00732 -5.18388
0.338 8.02362 -11.2201
0.34 8.05275 -15.8136
0.342 8.10541 -18.7191
0.344 8.18125 -19.8598
0.346 8.26962 -19.3227
0.348 8.35136 -17.3396
0.35 8.40128 -14.2552
0.352 8.39125 -10.4858
0.354 8.29337 -6.47387
0.356 8.08297 -2.64268
0.358 7.74121 0.64507
0.36 7.25697 3.11975
0.362 6.62795 4.62622
0.364 5.86097 5.13225
0.366 4.97142 4.72349
0.368 3.98204 3.58585
0.37 2.92115 1.97779
0.372 1.82063 0.195719
0.374 0.71374 -1.46322
0.376 -0.366871 -2.73661
0.378 -1.3909 -3.4264
0.38 -2.33171 -3.41959
0.382 -3.16717 -2.69776
0.384 -3.88019 -1.33509
0.386 -4.45875 0.514447
0.388 -4.89581 2.63875
0.39 -5.18898 4.79499
0.392 -5.34014 6.73955
0.394 -5.35501 8.25675
0.396 -5.24276 9.18318
0.398 -5.01557 9.42502
0.4 -4.68829 8.96649
0.402 -4.27796 7.86899
0.404 -3.80342 6.26123
0.406 -3.28475 4.32197
0.408 -2.74268 2.25772
0.41 -2.19787 0.278191
0.412 -1.67019 -1.4275
0.414 -1.17789 -2.71103
0.416 -0.736729 -3.47929
0.418 -0.359306 -3.70157
0.42 -0.0543506 -3.40904
0.422 0.173693 -2.687
0.424 0.324861 -1.66122
0.426 0.403564 -0.480536
0.428 0.418166 0.702178
0.43 0.380276 1.74798
0.432 0.303789 2.54685
0.434 0.203766 3.02786
0.436 0.095245 3.16393
0.438 -0.00791194 2.97065
0.44 -0.0940288 2.50013
0.442 -0.154401 1.83095
0.444 -0.183787 1.05584
0.446 -0.180571 0.268873
0.448 -0.146595 -0.446077
0.45 -0.0866851 -1.02432
0.452 -0.00793492 -1.42587
0.454 0.0811775 -1.63704
0.456 0.171743 -1.66855
0.458 0.255346 -1.55056
0.46 0.324864 -1.32586
0.462 0.375074 -1.0423
0.464 0.403016 -0.745613
0.466 0.408078 -0.473667
0.468 0.39184 -0.252694
0.47 0.357691 -0.0958642
0.472 0.310294 -0.00402283
0.474 0.254971 0.0318126
0.476 0.197076 0.0268758
0.478 0.141446 -0.00126047
0.48 0.0919656 -0.0362278
0.482 0.0512913 -0.0654891
0.484 0.0207509 -0.0817389
0.486 0.000400703 -0.0830254
0.488 -0.0107813 -0.0717829
0.49 -0.0146058 -0.0531437
0.492 -0.0133331 -0.0329895
0.494 -0.00932688 -0.0161989
0.496 -0.00474244 -0.0054516
0.498 -0.00127655 -0.00079604
0.4 0.074075 0.0560236
0.8 0.0757445 0.0573954
1.2 0.0785212 0.0596744
1.6 0.082396 0.06285
2 0.0873567 0.0669072
2.4 0.093387 0.0718274
2.8 0.100467 0.0775885
3.2 0.108574 0.0841651
3.6 0.117681 0.0915292
4 0.127756 0.0996505
4.4 0.138767 0.108497
4.8 0.150673 0.118035
5.2 0.163435 0.128231
5.6 0.177007 0.139051
6 0.191341 0.150463
6.4 0.206385 0.162433
6.8 0.222085 0.174932
7.2 0.238385 0.187931
7.6 0.255224 0.201408
8 0.272542 0.21534
8.4 0.290276 0.22971
8.8 0.308361 0.244506
9.2 0.326734 0.259722
9.6 0.345329 0.275354
10 0.364082 0.291406
10.4 0.382929 0.307887
10.8 0.401808 0.324811
11.2 0.420658 0.3422
11.6 0.439422 0.36008
12 0.458044 0.37848
12.4 0.476472 0.397438
12.8 0.494658 0.416994
13.2 0.512558 0.437193
13.6 0.530131 0.458081
14 0.547343 0.479709
14.4 0.564162 0.502129
14.8 0.580562 0.525392
15.2 0.596522 0.549551
15.6 0.612024 0.574654
16 0.627056 0.600749
16.4 0.641609 0.62788
16.8 0.655678 0.656085
17.2 0.669262 0.685395
17.6 0.682363 0.715836
18 0.694985 0.747423
18.4 0.707134 0.780163
18.8 0.718818 0.814052
19.2 0.730046 0.849073
19.6 0.740827 0.885198
20 0.75117 0.922387
20.4 0.761083 0.960584
20.8 0.770575 0.999722
21.2 0.779651 1.03972
21.6 0.788315 1.08047
22 0.79657 1.12188
22.4 0.804415 1.16381
22.8 0.811847 1.20614
23.2 0.818861 1.2487
23.6 0.825448 1.29135
24 0.831599 1.33391
24.4 0.837299 1.37621
24.8 0.842533 1.41806
25.2 0.847283 1.45926
25.6 0.851531 1.49964
26 0.855255 1.53898
26.4 0.858435 1.5771
26.8 0.861048 1.61381
27.2 0.863072 1.64891
27.6 0.864487 1.68223
28 0.865271 1.71359
28.4 0.865407 1.74283
28.8 0.864876 1.76979
29.2 0.863664 1.79435
29.6 0.86176 1.81638
30 0.859153 1.83578
30.4 0.855839 1.85246
30.8 0.851816 1.86635
31.2 0.847084 1.87741
31.6 0.84165 1.88561
32 0.835524 1.89094
32.4 0.828717 1.89342
32.8 0.821248 1.89308
33.2 0.813136 1.88997
33.6 0.804406 1.88417
34 0.795085 1.87577
34.4 0.785203 1.86486
34.8 0.774792 1.85157
35.2 0.763887 1.83603
35.6 0.752524 1.81839
36 0.74074 1.7988
36.4 0.728575 1.77741
36.8 0.716067 1.7544
37.2 0.703255 1.72992
37.6 0.690177 1.70414
38 0.676873 1.67723
38.4 0.663378 1.64935
38.8 0.649728 1.62066
39.2 0.635957 1.59129
39.6 0.622097 1.5614
40 0.608177 1.5311
40.4 0.594225 1.50052
40.8 0.580266 1.46976
41.2 0.566324 1.4389
41.6 0.552416 1.40803
42 0.538563 1.37721
42.4 0.524779 1.34649
42.8 0.511077 1.3159
43.2 0.497468 1.28547
43.6 0.483961 1.2552
44 0.470563 1.2251
44.4 0.457281 1.19517
44.8 0.444118 1.16537
45.2 0.431077 1.13568
45.6 0.418162 1.10609
46 0.405373 1.07654
46.4 0.392712 1.04701
46.8 0.38018 1.01746
47.2 0.367778 0.987864
47.6 0.355509 0.958177
48 0.343373 0.928378
48.4 0.331374 0.898445
48.8 0.319515 0.868363
49.2 0.307801 0.838126
49.6 0.296236 0.807733
50 0.284827 0.777197
50.4 0.273581 0.746536
50.8 0.262507 0.715781
51.2 0.251613 0.684969
51.6 0.240909 0.654151
52 0.230407 0.623381
52.4 0.220118 0.592726
52.8 0.210054 0.562256
53.2 0.200227 0.532051
53.6 0.190651 0.502192
54 0.181338 0.472767
54.4 0.1723 0.443863
54.8 0.16355 0.415572
55.2 0.155098 0.387983
55.6 0.146955 0.361182
56 0.139131 0.335255
56.4 0.131635 0.31028
56.8 0.124472 0.286332
57.2 0.117648 0.263478
57.6 0.111167 0.241777
58 0.105031 0.22128
58.4 0.0992399 0.202027
58.8 0.0937909 0.18405
59.2 0.0886805 0.167369
59.6 0.0839026 0.151996
60 0.0794493 0.137929
60.4 0.0753106 0.125159
60.8 0.0714751 0.113666
61.2 0.0679294 0.10342
61.6 0.0646587 0.0943822
62 0.0616469 0.0865065
62.4 0.0588769 0.0797388
62.8 0.0563303 0.0740191
63.2 0.0539885 0.0692817
63.6 0.051832 0.0654568
64 0.0498415 0.0624712
64.4 0.0479976 0.0602495
64.8 0.046281 0.0587151
65.2 0.0446733 0.0577913
65.6 0.0431566 0.0574021
66 0.0417141 0.0574732
66.4 0.0403302 0.0579326
66.8 0.0389905 0.0587116
67.2 0.0376822 0.0597454
67.6 0.0363941 0.0609734
68 0.0351165 0.0623396
68.4 0.0338416 0.0637934
68.8 0.0325634 0.065289
69.2 0.0312773 0.0667864
69.6 0.0299809 0.0682507
70 0.028673 0.0696523
70.4 0.0273542 0.0709667
70.8 0.0260263 0.0721744
71.2 0.0246925 0.0732604
71.6 0.0233571 0.0742139
72 0.0220253 0.0750282
72.4 0.0207029 0.0756998
72.8 0.0193966 0.0762283
73.2 0.0181131 0.076616
73.6 0.0168595 0.0768673
74 0.0156427 0.0769884
74.4 0.0144696 0.0769868
74.8 0.0133467 0.0768712
75.2 0.0122799 0.0766507
75.6 0.0112745 0.0763349
76 0.0103352 0.0759335
76.4 0.00946575 0.075456
76.8 0.00866907 0.0749116
77.2 0.00794715 0.074309
77.6 0.00730106 0.0736565
78 0.00673094 0.0729614
78.4 0.00623602 0.0722307
78.8 0.00581469 0.0714704
79.2 0.00546452 0.070686
79.6 0.00518238 0.0698822
80 0.00496449 0.0690631
80.4 0.00480656 0.0682324
80.8 0.00470385 0.0673931
81.2 0.00465128 0.066548
81.6 0.00464355 0.0656995
82 0.00467527 0.0648498
82.4 0.00474097 0.0640007
82.8 0.00483531 0.0631542
83.2 0.00495304 0.0623121
83.6 0.00508917 0.0614763
84 0.00523897 0.0606487
84.4 0.00539806 0.0598311
84.8 0.0055624 0.0590257
85.2 0.00572835 0.0582347
85.6 0.00589267 0.0574604
86 0.00605254 0.0567053
86.4 0.00620549 0.055972
86.8 0.00634947 0.0552631
87.2 0.00648276 0.0545815
87.6 0.00660399 0.05393
88 0.00671204 0.0533115
88.4 0.00680609 0.052729
88.8 0.00688553 0.0521853
89.2 0.00694993 0.0516835
89.6 0.00699905 0.0512264
90 0.00703277 0.0508168
90.4 0.00705108 0.0504572
90.8 0.00705411 0.0501503
91.2 0.00704206 0.0498983
91.6 0.00701521 0.0497034
92 0.00697399 0.0495676
92.4 0.00691888 0.0494924
92.8 0.00685055 0.0494792
93.2 0.00676978 0.049529
93.6 0.00667752 0.0496426
94 0.00657495 0.0498202
94.4 0.00646345 0.0500618
94.8 0.00634466 0.0503667
95.2 0.0062205 0.0507341
95.6 0.00609318 0.0511625
96 0.00596525 0.0516499
96.4 0.00583957 0.052194
96.8 0.00571932 0.0527919
97.2 0.00560805 0.0534402
97.6 0.00550958 0.0541352
98 0.00542807 0.0548728
98.4 0.00536793 0.0556482
98.8 0.00533382 0.0564567
99.2 0.00533058 0.0572931
99.6 0.00536321 0.058152
100 0.00543677 0.0590282
100.4 0.00555636 0.059916
100.8 0.00572702 0.0608101
101.2 0.00595368 0.0617055
101.6 0.00624106 0.0625972
102 0.00659362 0.0634807
102.4 0.00701548 0.0643521
102.8 0.00751034 0.0652081
103.2 0.00808142 0.0660459
103.6 0.00873139 0.0668639
104 0.00946232 0.0676609
104.4 0.0102756 0.068437
104.8 0.011172 0.069193
105.2 0.0121513 0.0699311
105.6 0.0132129 0.070654
106 0.0143552 0.0713657
106.4 0.0155756 0.0720711
106.8 0.0168711 0.072776
107.2 0.0182376 0.0734869
107.6 0.0196704 0.0742111
108 0.0211639 0.0749562
108.4 0.022712 0.0757305
108.8 0.0243076 0.0765423
109.2 0.0259433 0.0774001
109.6 0.0276108 0.0783121
110 0.0293016 0.0792863
110.4 0.0310064 0.0803298
110.8 0.0327158 0.0814493
111.2 0.03442 0.0826502
111.6 0.0361088 0.083937
112 0.0377719 0.0853126
112.4 0.0393991 0.0867784
112.8 0.0409799 0.0883342
113.2 0.0425042 0.089978
113.6 0.0439617 0.0917058
114 0.0453427 0.0935117
114.4 0.0466377 0.0953879
114.8 0.0478375 0.0973246
115.2 0.0489336 0.0993099
115.6 0.0499179 0.10133
116 0.0507833 0.10337
116.4 0.0515232 0.105412
116.8 0.0521317 0.107439
117.2 0.0526042 0.10943
117.6 0.0529366 0.111365
118 0.0531263 0.113222
118.4 0.0531714 0.114979
118.8 0.0530713 0.116615
119.2 0.0528263 0.118107
119.6 0.0524382 0.119434
120 0.0519098 0.120574
120.4 0.0512449 0.121508
120.8 0.0504487 0.122217
121.2 0.0495274 0.122684
121.6 0.0484883 0.122893
122 0.0473395 0.122832
122.4 0.0460903 0.122489
122.8 0.0447508 0.121855
123.2 0.0433317 0.120925
123.6 0.0418443 0.119694
124 0.0403006 0.118163
124.4 0.0387128 0.116333
124.8 0.0370935 0.114208
125.2 0.0354551 0.111797
125.6 0.0338101 0.109109
126 0.0321708 0.106157
126.4 0.0305492 0.102956
126.8 0.0289565 0.0995232
127.2 0.0274035 0.095878
127.6 0.0259002 0.0920414
128 0.0244555 0.0880362
128.4 0.0230775 0.0838863
128.8 0.0217731 0.0796168
129.2 0.0205479 0.0752534
129.6 0.0194065 0.0708225
130 0.0183522 0.0663505
130.4 0.0173867 0.0618638
130.8 0.0165108 0.0573886
131.2 0.0157238 0.0529501
131.6 0.0150239 0.048573
132 0.0144082 0.0442807
132.4 0.0138725 0.0400952
132.8 0.0134119 0.0360372
133.2 0.0130205 0.0321255
133.6 0.0126918 0.028377
134 0.0124185 0.024807
134.4 0.0121931 0.0214282
134.8 0.0120077 0.0182516
135.2 0.0118541 0.0152858
135.6 0.0117246 0.0125373
136 0.011611 0.0100103
136.4 0.011506 0.00770691
136.8 0.0114023 0.00562728
137.2 0.0112933 0.00376941
137.6 0.0111732 0.00212946
138 0.0110366 0.000701811
138.4 0.0108793 -0.000520789
138.8 0.0106975 -0.00154706
139.2 0.0104888 -0.00238706
139.6 0.0102514 -0.00305194
140 0.00998437 -0.00355386
140.4 0.0096879 -0.00390571
140.8 0.00936287 -0.00412099
141.2 0.009011 -0.00421359
141.6 0.00863472 -0.00419762
142 0.00823711 -0.00408724
142.4 0.00782183 -0.00389649
142.8 0.00739295 -0.0036391
143.2 0.00695491 -0.00332841
143.6 0.0065124 -0.00297716
144 0.00607021 -0.00259745
144.4 0.00563315 -0.00220055
144.8 0.00520597 -0.00179689
145.2 0.00479321 -0.00139594
145.6 0.00439913 -0.00100619
146 0.00402763 -0.000635077
146.4 0.00368219 -0.000288989
146.8 0.00336577 2.67446e-05
147.2 0.00308082 0.000307846
147.6 0.0028292 0.000551062
148 0.00261216 0.000754128
148.4 0.00243038 0.000915713
148.8 0.00228392 0.00103537
149.2 0.00217226 0.00111345
149.6 0.00209434 0.00115103
150 0.0020486 0.00114986
150.4 0.002033 0.00111223
150.8 0.00204508 0.00104091
151.2 0.00208208 0.000939036
151.6 0.00214091 0.000810063
152 0.0022183 0.000657638
152.4 0.00231083 0.000485533
152.8 0.00241501 0.000297565
153.2 0.00252732 9.75197e-05
153.6 0.00264432 -0.000110909
154 0.00276269 -0.000324182
154.4 0.00287924 -0.000538967
154.8 0.00299104 -0.000752179
155.2 0.00309538 -0.000961013
155.6 0.00318987 -0.00116297
156 0.0032724 -0.00135589
156.4 0.00334121 -0.00153794
156.8 0.00339489 -0.00170761
157.2 0.00343235 -0.00186374
157.6 0.00345285 -0.00200548
158 0.003456 -0.0021323
158.4 0.0034417 -0.00224393
158.8 0.00341015 -0.00234037
159.2 0.00336184 -0.00242185
159.6 0.00329748 -0.00248878
160 0.00321801 -0.00254175
160.4 0.00312456 -0.00258147
160.8 0.00301839 -0.00260877
161.2 0.00290092 -0.00262451
161.6 0.00277361 -0.00262963
162 0.00263803 -0.00262504
162.4 0.00249576 -0.00261168
162.8 0.00234839 -0.00259042
163.2 0.0021975 -0.0025621
163.6 0.00204462 -0.00252746
164 0.00189124 -0.00248719
164.4 0.00173878 -0.00244188
164.8 0.00158857 -0.00239205
165.2 0.00144185 -0.00233809
165.6 0.00129976 -0.00228033
166 0.00116334 -0.00221901
166.4 0.00103351 -0.0021543
166.8 0.000911083 -0.00208629
167.2 0.000796752 -0.00201502
167.6 0.000691107 -0.0019405
168 0.00059462 -0.0018627
168.4 0.000507658 -0.00178157
168.8 0.00043048 -0.00169708
169.2 0.000363239 -0.0016092
169.6 0.000305993 -0.00151791
170 0.0002587 -0.00142326
170.4 0.000221225 -0.00132531
170.8 0.000193348 -0.0012242
171.2 0.00017476 -0.00112012
171.6 0.000165074 -0.00101333
172 0.000163829 -0.000904151
172.4 0.000170491 -0.000792979
172.8 0.000184462 -0.000680277
173.2 0.000205086 -0.000566572
173.6 0.000231655 -0.000452448
174 0.000263415 -0.000338544
174.4 0.000299575 -0.000225542
174.8 0.000339316 -0.000114161
175.2 0.0003818 -5.14067e-06
175.6 0.000426176 0.000100762
176 0.000471597 0.000202792
176.4 0.000517224 0.000300203
176.8 0.000562237 0.000392272
177.2 0.000605851 0.00047831
177.6 0.000647318 0.000557676
178 0.000685945 0.000629785
178.4 0.000721095 0.000694116
178.8 0.000752204 0.000750228
179.2 0.000778781 0.000797758
179.6 0.000800418 0.000836436
180 0.000816795 0.000866082
180.4 0.000827682 0.000886617
180.8 0.000832943 0.000898055
181.2 0.000832532 0.000900513
181.6 0.000826498 0.000894202
182 0.000814975 0.000879427
182.4 0.000798185 0.000856582
182.8 0.000776424 0.000826143
183.2 0.000750062 0.000788665
183.6 0.000719529 0.000744766
184 0.000685306 0.000695128
184.4 0.00064792 0.000640476
184.8 0.000607926 0.000581579
185.2 0.0005659 0.000519231
185.6 0.000522426 0.000454241
186 0.000478085 0.000387427
186.4 0.000433446 0.000319599
186.8 0.000389053 0.000251555
187.2 0.000345421 0.000184064
187.6 0.000303022 0.000117863
188 0.00026228 5.36443e-05
188.4 0.000223567 -7.95051e-06
188.8 0.0001872 -6.63368e-05
189.2 0.000153433 -0.000120993
189.6 0.00012246 -0.000171465
190 9.44156e-05 -0.00021737
190.4 6.93722e-05 -0.000258398
190.8 4.73466e-05 -0.000294312
191.2 2.83022e-05 -0.00032495
191.6 1.2154e-05 -0.000350225
192 -1.22622e-06 -0.000370119
192.4 -1.20031e-05 -0.000384681
192.8 -2.03716e-05 -0.000394028
193.2 -2.65502e-05 -0.000398336
193.6 -3.07735e-05 -0.000397833
194 -3.32862e-05 -0.000392802
194.4 -3.43361e-05 -0.000383567
194.8 -3.4168e-05 -0.000370489
195.2 -3.30189e-05 -0.000353962
195.6 -3.11123e-05 -0.000334403
196 -2.86546e-05 -0.000312251
196.4 -2.58321e-05 -0.000287953
196.8 -2.28076e-05 -0.000261965
197.2 -1.97199e-05 -0.000234741
197.6 -1.66821e-05 -0.000206731
198 -1.37818e-05 -0.000178374
198.4 -1.10818e-05 -0.000150092
198.8 -8.62116e-06 -0.000122288
199.2 -6.4171e-06 -9.53385e-05
199.6 -4.46705e-06 -6.95946e-05
200 -2.75122e-06 -4.53743e-05
200.4 -1.23536e-06 -2.29617e-05
200.8 1.26451e-07 -2.60462e-06
201.2 1.38884e-06 1.54874e-05
201.6 2.61238e-06 3.11444e-05
202 3.86085e-06 4.4237e-05
202.4 5.19878e-06 5.4677e-05
202.8 6.68919e-06 6.2417e-05
203.2 8.39166e-06 6.74503e-05
203.6 1.03607e-05 6.98098e-05
204 1.26445e-05 6.95671e-05
204.4 1.52838e-05 6.68303e-05
204.8 1.83115e-05 6.17421e-05
205.2 2.17517e-05 5.44771e-05
205.6 2.56205e-05 4.52392e-05
206 2.9925e-05 3.42581e-05
206.4 3.46646e-05 2.17855e-05
206.8 3.98305e-05 8.09165e-06
207.2 4.54068e-05 -6.53929e-06
207.6 5.13707e-05 -2.18133e-05
208 5.76932e-05 -3.74312e-05
208.4 6.43397e-05 -5.30934e-05
208.8 7.12704e-05 -6.85042e-05
209.2 7.84409e-05 -8.33768e-05
209.6 8.58023e-05 -9.74379e-05
210 9.33021e-05 -0.000110432
210.4 0.000100884 -0.000122124
210.8 0.000108489 -0.000132307
211.2 0.000116053 -0.0001408
211.6 0.000123513 -0.000147457
212 0.000130799 -0.000152163
212.4 0.000137843 -0.000154841
212.8 0.000144572 -0.000155449
213.2 0.000150913 -0.000153985
213.6 0.000156792 -0.000150482
214 0.000162136 -0.000145009
214.4 0.000166872 -0.000137673
214.8 0.000170929 -0.000128609
215.2 0.000174238 -0.000117983
215.6 0.000176735 -0.00010599
216 0.000178362 -9.28419e-05
216.4 0.000179065 -7.87729e-05
216.8 0.000178801 -6.40286e-05
217.2 0.000177533 -4.88637e-05
217.6 0.000175236 -3.35363e-05
218 0.000171897 -1.83034e-05
218.4 0.000167513 -3.41598e-06
218.8 0.000162097 1.08857e-05
219.2 0.000155673 2.43761e-05
219.6 0.00014828 3.68483e-05
220 0.000139972 4.81177e-05
220.4 0.000130817 5.80243e-05
220.8 0.000120893 6.64355e-05
221.2 0.000110294 7.32471e-05
221.6 9.91236e-05 7.83847e-05
222 8.74953e-05 8.1804e-05
222.4 7.55307e-05 8.34898e-05
222.8 6.33577e-05 8.3456e-05
223.2 5.11083e-05 8.1743e-05
223.6 3.89166e-05 7.84166e-05
224 2.69162e-05 7.3565e-05
224.4 1.5238e-05 6.72961e-05
224.8 4.00835e-06 5.97342e-05
225.2 -6.65379e-06 5.10172e-05
225.6 -1.66384e-05 4.12928e-05
226 -2.58463e-05 3.07153e-05
226.4 -3.4191e-05 1.94423e-05
226.8 -4.16e-05 7.63163e-06
227.2 -4.80153e-05 -4.56132e-06
227.6 -5.3395e-05 -1.69864e-05
228 -5.7713e-05 -2.95009e-05
228.4 -6.09595e-05 -4.1971e-05
228.8 -6.31402e-05 -5.42736e-05
229.2 -6.42763e-05 -6.6297e-05
229.6 -6.44033e-05 -7.79418e-05
230 -6.35698e-05 -8.91207e-05
230.4 -6.18365e-05 -9.97585e-05
230.8 -5.92742e-05 -0.000109792
231.2 -5.59624e-05 -0.000119168
231.6 -5.19874e-05 -0.000127845
232 -4.74408e-05 -0.000135789
232.4 -4.24172e-05 -0.000142974
232.8 -3.70129e-05 -0.000149382
233.2 -3.1324e-05 -0.000154997
233.6 -2.54447e-05 -0.000159811
234 -1.94665e-05 -0.000163817
234.4 -1.34764e-05 -0.000167012
234.8 -7.55617e-06 -0.000169394
235.2 -1.78152e-06 -0.000170965
235.6 3.77852e-06 -0.000171724
236 9.06197e-06 -0.000171676
236.4 1.40141e-05 -0.000170825
236.8 1.85876e-05 -0.000169178
237.2 2.27422e-05 -0.000166746
237.6 2.64444e-05 -0.000163542
238 2.96676e-05 -0.000159582
238.4 3.2391e-05 -0.00015489
238.8 3.45996e-05 -0.000149493
239.2 3.62834e-05 -0.000143425
239.6 3.74371e-05 -0.000136727
240 3.80596e-05 -0.000129446
240.4 3.81534e-05 -0.000121637
240.8 3.77244e-05 -0.000113361
241.2 3.67817e-05 -0.000104687
241.6 3.5337e-05 -9.56889e-05
242 3.34049e-05 -8.64462e-05
242.4 3.10025e-05 -7.70428e-05
242.8 2.81497e-05 -6.75656e-05
243.2 2.48687e-05 -5.81029e-05
243.6 2.11848e-05 -4.87435e-05
244 1.71257e-05 -3.95743e-05
244.4 1.27222e-05 -3.06794e-05
244.8 8.00808e-06 -2.2138e-05
245.2 3.01984e-06 -1.40229e-05
245.6 -2.20297e-06 -6.39943e-06
246 -7.61802e-06 6.76278e-07
246.4 -1.31804e-05 7.15803e-06
246.8 -1.88427e-05 1.30105e-05
247.2 -2.45558e-05 1.82097e-05
247.6 -3.02688e-05 2.27432e-05
248 -3.593e-05 2.66102e-05
248.4 -4.14873e-05 2.98209e-05
248.8 -4.68887e-05 3.23962e-05
249.2 -5.20837e-05 3.43662e-05
249.6 -5.70233e-05 3.57698e-05
250 -6.16612e-05 3.66524e-05
250.4 -6.59545e-05 3.70652e-05
250.8 -6.98643e-05 3.70628e-05
251.2 -7.33565e-05 3.67023e-05
251.6 -7.64025e-05 3.60407e-05
252 -7.89793e-05 3.51338e-05
252.4 -8.10703e-05 3.40345e-05
252.8 -8.26653e-05 3.27915e-05
253.2 -8.37607e-05 3.14477e-05
253.6 -8.43594e-05 3.00396e-05
254 -8.44706e-05 2.85964e-05
254.4 -8.41098e-05 2.71398e-05
254.8 -8.32979e-05 2.56834e-05
255.2 -8.20611e-05 2.42331e-05
255.6 -8.04296e-05 2.27875e-05
256 -7.84378e-05 2.13388e-05
256.4 -7.61224e-05 1.9873e-05
256.8 -7.35226e-05 1.83717e-05
257.2 -7.06784e-05 1.68132e-05
257.6 -6.76303e-05 1.51735e-05
258 -6.44183e-05 1.34281e-05
258.4 -6.1081e-05 1.15532e-05
258.8 -5.76554e-05 9.52718e-06
259.2 -5.41756e-05 7.33197e-06
259.6 -5.06729e-05 4.95399e-06
260 -4.71752e-05 2.38526e-06
260.4 -4.37067e-05 -3.7582e-07
260.8 -4.02881e-05 -3.32398e-06
261.2 -3.69361e-05 -6.44675e-06
261.6 -3.36639e-05 -9.72442e-06
262 -3.04812e-05 -1.31303e-05
262.4 -2.73945e-05 -1.66311e-05
262.8 -2.44078e-05 -2.01879e-05
263.2 -2.15225e-05 -2.37564e-05
263.6 -1.87382e-05 -2.72889e-05
264 -1.60533e-05 -3.07348e-05
264.4 -1.34652e-05 -3.40421e-05
264.8 -1.09708e-05 -3.71589e-05
265.2 -8.56721e-06 -4.00347e-05
265.6 -6.25172e-06 -4.26216e-05
266 -4.02248e-06 -4.48757e-05
266.4 -1.87857e-06 -4.67582e-05
266.8 1.79789e-07 -4.82364e-05
267.2 2.15116e-06 -4.92844e-05
267.6 4.03289e-06 -4.9884e-05
268 5.82115e-06 -5.00247e-05
268.4 7.51108e-06 -4.97044e-05
268.8 9.09703e-06 -4.89287e-05
269.2 1.05727e-05 -4.77114e-05
269.6 1.19317e-05 -4.60735e-05
270 1.31674e-05 -4.40427e-05
270.4 1.42738e-05 -4.16526e-05
270.8 1.52452e-05 -3.89421e-05
271.2 1.60772e-05 -3.59539e-05
271.6 1.67666e-05 -3.27337e-05
272 1.73113e-05 -2.93291e-05
272.4 1.77113e-05 -2.57884e-05
272.8 1.79679e-05 -2.21598e-05
273.2 1.80844e-05 -1.84898e-05
273.6 1.80658e-05 -1.48232e-05
274 1.79189e-05 -1.12015e-05
274.4 1.76518e-05 -7.66266e-06
274.8 1.72742e-05 -4.2405e-06
275.2 1.67969e-05 -9.64344e-07
275.6 1.62314e-05 2.14121e-06
276 1.559e-05 5.05639e-06
276.4 1.48851e-05 7.76615e-06
276.8 1.41292e-05 1.026e-05
277.2 1.33342e-05 1.25318e-05
277.6 1.25119e-05 1.45793e-05
278 1.16727e-05 1.64036e-05
278.4 1.08262e-05 1.80091e-05
278.8 9.98102e-06 1.94024e-05
279.2 9.14408e-06 2.05922e-05
279.6 8.32114e-06 2.1589e-05
280 7.51656e-06 2.24039e-05
280.4 6.7334e-06 2.3049e-05
280.8 5.97349e-06 2.35366e-05
281.2 5.23759e-06 2.38792e-05
281.6 4.52555e-06 2.40888e-05
282 3.83651e-06 2.41775e-05
282.4 3.16915e-06 2.41565e-05
282.8 2.52185e-06 2.4037e-05
283.2 1.89294e-06 2.38294e-05
283.6 1.28091e-06 2.3544e-05
284 6.84562e-07 2.31907e-05
284.4 1.03199e-07 2.27791e-05
284.8 -4.63292e-07 2.23189e-05
285.2 -1.01434e-06 2.18196e-05
285.6 -1.54869e-06 2.12908e-05
286 -2.06437e-06 2.07421e-05
286.4 -2.55877e-06 2.01833e-05
286.8 -3.02874e-06 1.96239e-05
287.2 -3.47071e-06 1.90737e-05
287.6 -3.88083e-06 1.8542e-05
288 -4.25517e-06 1.80377e-05
288.4 -4.58989e-06 1.75693e-05
288.8 -4.88146e-06 1.71441e-05
289.2 -5.12681e-06 1.67687e-05
289.6 -5.32355e-06 1.64481e-05
290 -5.47006e-06 1.61858e-05
290.4 -5.56569e-06 1.59836e-05
290.8 -5.61079e-06 1.58413e-05
291.2 -5.60679e-06 1.57565e-05
291.6 -5.5562e-06 1.57248e-05
292 -5.46255e-06 1.57394e-05
292.4 -5.33036e-06 1.57915e-05
292.8 -5.16497e-06 1.58702e-05
293.2 -4.97243e-06 1.59629e-05
293.6 -4.75929e-06 1.60552e-05
294 -4.53238e-06 1.61317e-05
294.4 -4.29863e-06 1.6176e-05
294.8 -4.06481e-06 1.61711e-05
295.2 -3.83729e-06 1.61001e-05
295.6 -3.62187e-06 1.59467e-05
296 -3.42355e-06 1.56953e-05
296.4 -3.24637e-06 1.53318e-05
296.8 -3.09329e-06 1.48438e-05
297.2 -2.96608e-06 1.42211e-05
297.6 -2.86527e-06 1.3456e-05
298 -2.79018e-06 1.25437e-05
298.4 -2.73892e-06 1.14823e-05
298.8 -2.70852e-06 1.02729e-05
299.2 -2.69502e-06 8.91977e-06
299.6 -2.69368e-06 7.43015e-06
300 -2.69913e-06 5.81419e-06
300.4 -2.70566e-06 4.08471e-06
300.8 -2.70737e-06 2.25685e-06
301.2 -2.69852e-06 3.47745e-07
301.6 -2.67367e-06 -1.62387e-06
302 -2.62798e-06 -3.63815e-06
302.4 -2.55739e-06 -5.67457e-06
302.8 -2.4588e-06 -7.71241e-06
303.2 -2.33023e-06 -9.73123e-06
303.6 -2.17092e-06 -1.17113e-05
304 -1.98138e-06 -1.3634e-05
304.4 -1.76342e-06 -1.54823e-05
304.8 -1.5201e-06 -1.72408e-05
305.2 -1.25567e-06 -1.88963e-05
305.6 -9.75442e-07 -2.04375e-05
306 -6.85605e-07 -2.18558e-05
306.4 -3.93064e-07 -2.31446e-05
306.8 -1.05202e-07 -2.42998e-05
307.2 1.70358e-07 -2.53193e-05
307.6 4.25991e-07 -2.62033e-05
308 6.54328e-07 -2.69535e-05
308.4 8.48487e-07 -2.75734e-05
308.8 1.0023e-06 -2.80678e-05
309.2 1.1105e-06 -2.84424e-05
309.6 1.16891e-06 -2.8704e-05
310 1.17456e-06 -2.88595e-05
310.4 1.12574e-06 -2.89164e-05
310.8 1.02212e-06 -2.88821e-05
311.2 8.64693e-07 -2.87638e-05
311.6 6.55742e-07 -2.85686e-05
312 3.9877e-07 -2.83032e-05
312.4 9.83711e-08 -2.79737e-05
312.8 -2.39927e-07 -2.75861e-05
313.2 -6.09839e-07 -2.71458e-05
313.6 -1.00453e-06 -2.66578e-05
314 -1.4168e-06 -2.61272e-05
314.4 -1.83936e-06 -2.55587e-05
314.8 -2.26496e-06 -2.49572e-05
315.2 -2.68666e-06 -2.43277e-05
315.6 -3.09799e-06 -2.36756e-05
316 -3.49308e-06 -2.30064e-05
316.4 -3.86684e-06 -2.23264e-05
316.8 -4.215e-06 -2.16423e-05
317.2 -4.53421e-06 -2.09613e-05
317.6 -4.82206e-06 -2.02913e-05
318 -5.07704e-06 -1.96404e-05
318.4 -5.29853e-06 -1.90172e-05
318.8 -5.48671e-06 -1.84304e-05
319.2 -5.64243e-06 -1.78889e-05
319.6 -5.76716e-06 -1.74011e-05
320 -5.86276e-06 -1.69753e-05
320.4 -5.93141e-06 -1.66189e-05
320.8 -5.97542e-06 -1.63383e-05
321.2 -5.9971e-06 -1.61389e-05
321.6 -5.99862e-06 -1.60247e-05
322 -5.98193e-06 -1.59979e-05
322.4 -5.94861e-06 -1.6059e-05
322.8 -5.89983e-06 -1.62069e-05
323.2 -5.83631e-06 -1.64381e-05
323.6 -5.7583e-06 -1.67474e-05
324 -5.66561e-06 -1.71277e-05
324.4 -5.55762e-06 -1.75699e-05
324.8 -5.43339e-06 -1.80633e-05
325.2 -5.29173e-06 -1.85959e-05
325.6 -5.13131e-06 -1.91545e-05
326 -4.95077e-06 -1.97247e-05
326.4 -4.74889e-06 -2.0292e-05
326.8 -4.52466e-06 -2.08413e-05
327.2 -4.27745e-06 -2.13581e-05
327.6 -4.00709e-06 -2.1828e-05
328 -3.71399e-06 -2.22378e-05
328.4 -3.3992e-06 -2.25752e-05
328.8 -3.06444e-06 -2.28298e-05
329.2 -2.71218e-06 -2.29924e-05
329.6 -2.34554e-06 -2.30562e-05
330 -1.96834e-06 -2.30162e-05
330.4 -1.58498e-06 -2.28696e-05
330.8 -1.20033e-06 -2.26156e-05
331.2 -8.19655e-07 -2.22558e-05
331.6 -4.48453e-07 -2.17933e-05
332 -9.22838e-08 -2.12335e-05
332.4 2.43379e-07 -2.05831e-05
332.8 5.53326e-07 -1.985e-05
333.2 8.32773e-07 -1.90436e-05
333.6 1.07752e-06 -1.81736e-05
334 1.2841e-06 -1.72504e-05
334.4 1.4499e-06 -1.62844e-05
334.8 1.57322e-06 -1.52858e-05
335.2 1.65341e-06 -1.42645e-05
335.6 1.69086e-06 -1.32295e-05
336 1.68698e-06 -1.21892e-05
336.4 1.64422e-06 -1.11507e-05
336.8 1.56598e-06 -1.01201e-05
337.2 1.45649e-06 -9.10227e-06
337.6 1.32073e-06 -8.10078e-06
338 1.16425e-06 -7.11818e-06
338.4 9.93009e-07 -6.15593e-06
338.8 8.13196e-07 -5.21458e-06
339.2 6.31049e-07 -4.29393e-06
339.6 4.52663e-07 -3.39322e-06
340 2.83809e-07 -2.51139e-06
340.4 1.29768e-07 -1.64723e-06
340.8 -4.81943e-09 -7.9967e-07
341.2 -1.16085e-07 3.20844e-08
341.6 -2.01027e-07 8.48318e-07
342 -2.57587e-07 1.64867e-06
342.4 -2.84684e-07 2.43202e-06
342.8 -2.82221e-07 3.19638e-06
343.2 -2.5106e-07 3.9389e-06
343.6 -1.9296e-07 4.65582e-06
344 -1.10497e-07 5.34259e-06
344.4 -6.9443e-09 5.9939e-06
344.8 1.13851e-07 6.60385e-06
345.2 2.47622e-07 7.16608e-06
345.6 3.89834e-07 7.67402e-06
346 5.35847e-07 8.12105e-06
346.4 6.81076e-07 8.50073e-06
346.8 8.21143e-07 8.80703e-06
347.2 9.52014e-07 9.03456e-06
347.6 1.07012e-06 9.17874e-06
348 1.17247e-06 9.23598e-06
348.4 1.25669e-06 9.20387e-06
348.8 1.32115e-06 9.08123e-06
349.2 1.36488e-06 8.86823e-06
349.6 1.38766e-06 8.5664e-06
350 1.38995e-06 8.17862e-06
350.4 1.37282e-06 7.70905e-06
350.8 1.33792e-06 7.16306e-06
351.2 1.28733e-06 6.54708e-06
351.6 1.2235e-06 5.86846e-06
352 1.14911e-06 5.13524e-06
352.4 1.06696e-06 4.35599e-06
352.8 9.79851e-07 3.53955e-06
353.2 8.9046e-07 2.69486e-06
353.6 8.01252e-07 1.83071e-06
354 7.14384e-07 9.55572e-07
354.4 6.31634e-07 7.73957e-08
354.8 5.54346e-07 -7.96526e-07
355.2 4.83402e-07 -1.65968e-06
355.6 4.19207e-07 -2.50642e-06
356 3.61704e-07 -3.33201e-06
356.4 3.10404e-07 -4.13265e-06
356.8 2.64435e-07 -4.90543e-06
357.2 2.22611e-07 -5.64829e-06
357.6 1.83503e-07 -6.3599e-06
358 1.45537e-07 -7.03961e-06
358.4 1.07073e-07 -7.68723e-06
358.8 6.65089e-08 -8.30296e-06
359.2 2.23625e-08 -8.88719e-06
359.6 -2.66437e-08 -9.44037e-06
360 -8.15118e-08 -9.96288e-06
360.4 -1.42911e-07 -1.04548e-05
360.8 -2.11137e-07 -1.09161e-05
361.2 -2.86085e-07 -1.13461e-05
361.6 -3.67251e-07 -1.17437e-05
362 -4.53739e-07 -1.21074e-05
362.4 -5.44296e-07 -1.24353e-05
362.8 -6.3736e-07 -1.27249e-05
363.2 -7.31123e-07 -1.29735e-05
363.6 -8.23602e-07 -1.31779e-05
364 -9.12727e-07 -1.3335e-05
364.4 -9.96424e-07 -1.34416e-05
364.8 -1.07271e-06 -1.34947e-05
365.2 -1.13976e-06 -1.34915e-05
365.6 -1.19601e-06 -1.34299e-05
366 -1.24022e-06 -1.33082e-05
366.4 -1.27153e-06 -1.31254e-05
366.8 -1.28949e-06 -1.28816e-05
367.2 -1.29409e-06 -1.25777e-05
367.6 -1.28578e-06 -1.22156e-05
368 -1.26544e-06 -1.17983e-05
368.4 -1.23438e-06 -1.13296e-05
368.8 -1.19425e-06 -1.08146e-05
369.2 -1.14701e-06 -1.0259e-05
369.6 -1.09484e-06 -9.6693e-06
370 -1.04007e-06 -9.05281e-06
370.4 -9.85074e-07 -8.41712e-06
370.8 -9.3219e-07 -7.77017e-06
371.2 -8.83624e-07 -7.11997e-06
371.6 -8.41361e-07 -6.47439e-06
372 -8.07088e-07 -5.84101e-06
372.4 -7.82126e-07 -5.22687e-06
372.8 -7.67378e-07 -4.63836e-06
373.2 -7.63291e-07 -4.08101e-06
373.6 -7.69837e-07 -3.5594e-06
374 -7.86515e-07 -3.07705e-06
374.4 -8.12364e-07 -2.63636e-06
374.8 -8.46004e-07 -2.23859e-06
375.2 -8.85686e-07 -1.88388e-06
375.6 -9.29358e-07 -1.57128e-06
376 -9.74748e-07 -1.29884e-06
376.4 -1.01945e-06 -1.06372e-06
376.8 -1.06101e-06 -8.6233e-07
377.2 -1.09704e-06 -6.90479e-07
377.6 -1.12528e-06 -5.43559e-07
378 -1.14373e-06 -4.16716e-07
378.4 -1.15068e-06 -3.0504e-07
378.8 -1.1448e-06 -2.03734e-07
379.2 -1.12521e-06 -1.08286e-07
379.6 -1.09149e-06 -1.4617e-08
380 -1.04369e-06 8.07942e-08
380.4 -9.82361e-07 1.80806e-07
380.8 -9.08517e-07 2.87544e-07
381.2 -8.23598e-07 4.02356e-07
381.6 -7.29421e-07 5.25808e-07
382 -6.28114e-07 6.57696e-07
382.4 -5.22036e-07 7.97102e-07
382.8 -4.13689e-07 9.42469e-07
383.2 -3.05631e-07 1.0917e-06
383.6 -2.00379e-07 1.24226e-06
384 -1.0032e-07 1.39134e-06
384.4 -7.62411e-09 1.53595e-06
384.8 7.5831e-08 1.6731e-06
385.2 1.48525e-07 1.79989e-06
385.6 2.09346e-07 1.91367e-06
386 2.57625e-07 2.01214e-06
386.4 2.93154e-07 2.09344e-06
386.8 3.16188e-07 2.15621e-06
387.2 3.27423e-07 2.19966e-06
387.6 3.27966e-07 2.22358e-06
388 3.19284e-07 2.22833e-06
388.4 3.03139e-07 2.2148e-06
388.8 2.81521e-07 2.1844e-06
389.2 2.56559e-07 2.13894e-06
389.6 2.30441e-07 2.08057e-06
390 2.05325e-07 2.01167e-06
390.4 1.83254e-07 1.93473e-06
390.8 1.66077e-07 1.85225e-06
391.2 1.55379e-07 1.76662e-06
391.6 1.52421e-07 1.68005e-06
392 1.58092e-07 1.59439e-06
392.4 1.7288e-07 1.51117e-06
392.8 1.96856e-07 1.43143e-06
393.2 2.29674e-07 1.35575e-06
393.6 2.70589e-07 1.28422e-06
394 3.18491e-07 1.21641e-06
394.4 3.71949e-07 1.15145e-06
394.8 4.29273e-07 1.08805e-06
395.2 4.88582e-07 1.02457e-06
395.6 5.47876e-07 9.59109e-07
396 6.05119e-07 8.89591e-07
396.4 6.58317e-07 8.13888e-07
396.8 7.05593e-07 7.29917e-07
397.2 7.45265e-07 6.35745e-07
397.6 7.75902e-07 5.29696e-07
398 7.96381e-07 4.10438e-07
398.4 8.05928e-07 2.77064e-07
398.8 8.04142e-07 1.29149e-07
399.2 7.91008e-07 -3.32053e-08
399.6 7.66892e-07 -2.09356e-07
400 7.32524e-07 -3.98118e-07
