-0.498 0.0010364 0.000672992
-0.496 0.00410478 0.00203221
-0.494 0.00871449 0.00269288
-0.492 0.0138458 0.00134293
-0.49 0.0180636 -0.00250625
-0.488 0.0196897 -0.00794344
-0.486 0.0170116 -0.012424
-0.484 0.00850502 -0.0119709
-0.482 -0.006955 -0.00180178
-0.48 -0.0299171 0.022728
-0.478 -0.0602295 0.0650594
-0.476 -0.0969821 0.126478
-0.474 -0.138524 0.205505
-0.472 -0.182553 0.297809
-0.47 -0.226284 0.396704
-0.468 -0.266663 0.494187
-0.466 -0.300628 0.582323
-0.464 -0.325387 0.654726
-0.462 -0.338676 0.707793
-0.46 -0.338982 0.741424
-0.458 -0.325693 0.758999
-0.456 -0.299161 0.766576
-0.454 -0.260664 0.771389
-0.452 -0.212269 0.779913
-0.45 -0.156617 0.795852
-0.448 -0.0966329 0.818467
-0.446 -0.0352205 0.841644
-0.444 0.0250573 0.853991
-0.442 0.0822663 0.840099
-0.44 0.135343 0.782901
-0.438 0.184272 0.666816
-0.436 0.230179 0.481196
-0.434 0.27534 0.223464
-0.432 0.323079 -0.0986898
-0.43 0.377565 -0.466572
-0.428 0.443487 -0.851546
-0.426 0.525635 -1.21791
-0.424 0.628398 -1.52732
-0.422 0.755221 -1.74428
-0.42 0.908075 -1.8418
-0.418 1.08699 -1.80651
-0.416 1.28973 -1.64237
-0.414 1.5116 -1.37218
-0.412 1.74552 -1.03653
-0.41 1.98229 -0.690122
-0.408 2.21104 -0.395643
-0.406 2.4199 -0.216091
-0.404 2.59675 -0.206399
-0.402 2.73009 -0.405626
-0.4 2.8099 -0.830792
-0.398 2.82842 -1.47328
-0.396 2.78083 -2.29834
-0.394 2.66583 -3.24788
-0.392 2.48585 -4.24619
-0.39 2.24707 -5.20788
-0.388 1.95904 -6.04713
-0.386 1.63399 -6.68681
-0.384 1.2857 -7.06651
-0.382 0.928245 -7.14799
-0.38 0.574484 -6.91749
-0.378 0.234617 -6.38449
-0.376 -0.0850523 -5.57712
-0.374 -0.383009 -4.53527
-0.372 -0.662901 -3.3027
-0.37 -0.933331 -1.91969
-0.368 -1.20705 -0.417776
-0.366 -1.49961 1.18231
-0.364 -1.82754 2.86907
-0.362 -2.20629 4.63497
-0.36 -2.64807 6.46851
-0.358 -3.15974 8.3449
-0.356 -3.74108 10.2174
-0.354 -4.38349 12.0112
-0.352 -5.06931 13.6222
-0.35 -5.77195 14.9215
-0.348 -6.45675 15.7664
-0.346 -7.08278 16.0167
-0.344 -7.60527 15.5555
-0.342 -7.9788 14.3098
-0.34 -8.16072 12.2693
-0.338 -8.1147 9.49872
-0.336 -7.81402 6.14128
-0.334 -7.24422 2.41224
-0.332 -6.40485 -1.41869
-0.33 -5.31026 -5.05399
-0.328 -3.98929 -8.20115
-0.326 -2.48397 -10.6075
-0.324 -0.847429 -12.0919
-0.322 0.85885 -12.5686
-0.32 2.56805 -12.0583
-0.318 4.21126 -10.6853
-0.316 5.72073 -8.65835
-0.314 7.03294 -6.24011
-0.312 8.09155 -3.7075
-0.31 8.85011 -1.31082
-0.308 9.27449 0.762033
-0.306 9.34492 2.40963
-0.304 9.05759 3.6247
-0.302 8.42567 4.48335
-0.3 7.4796 5.11728
-0.298 6.26663 5.67333
-0.296 4.8494 6.26791
-0.294 3.30385 6.94496
-0.292 1.71616 7.64648
-0.29 0.179063 8.20278
-0.288 -1.21253 8.34667
-0.286 -2.36643 7.75172
-0.284 -3.19855 6.09022
-0.282 -3.63841 3.10242
-0.28 -3.63463 -1.33442
-0.278 -3.15999 -7.14997
-0.276 -2.21556 -14.0498
-0.274 -0.833417 -21.5181
-0.272 0.922329 -28.8596
-0.27 2.95682 -35.2764
-0.268 5.148 -39.9737
-0.266 7.3524 -42.2784
-0.264 9.41305 -41.7529
-0.262 11.1688 -38.2852
-0.26 12.4646 -32.137
-0.258 13.1623 -23.9394
-0.256 13.1502 -14.6303
-0.254 12.3525 -5.33949
-0.252 10.7364 2.76692
-0.25 8.31718 8.65915
-0.248 5.16075 11.6095
-0.246 1.38324 11.3232
-0.244 -2.85246 8.01181
-0.242 -7.34339 2.39206
-0.24 -11.8562 -4.39451
-0.238 -16.1396 -10.9343
-0.236 -19.9384 -15.7477
-0.234 -23.0092 -17.5205
-0.232 -25.1358 -15.3245
-0.23 -26.1433 -8.79529
-0.228 -25.9105 1.76484
-0.226 -24.3789 15.3772
-0.224 -21.5581 30.4779
-0.222 -17.5267 45.1027
-0.22 -12.4298 57.1426
-0.218 -6.47164 64.637
-0.216 0.0934651 66.0637
-0.214 6.97374 60.5822
-0.212 13.8536 48.1939
-0.21 20.4081 29.7918
-0.208 26.3187 7.0885
-0.206 31.2873 -17.5718
-0.204 35.0524 -41.4943
-0.202 37.4022 -61.9707
-0.2 38.1884 -76.6267
-0.198 37.337 -83.7316
-0.196 34.8579 -82.4273
-0.194 30.8504 -72.8443
-0.192 25.505 -56.0894
-0.19 19.1008 -34.105
-0.188 11.9976 -9.42069
-0.186 4.62239 15.1678
-0.184 -2.54984 36.9494
-0.182 -9.02083 53.6292
-0.18 -14.2982 63.5971
-0.178 -17.9284 66.0994
-0.176 -19.5305 61.295
-0.174 -18.8307 50.19
-0.172 -15.692 34.4669
-0.17 -10.1385 16.2328
-0.168 -2.37056 -2.27358
-0.166 7.23216 -18.9758
-0.164 18.1207 -32.2142
-0.162 29.6011 -40.9293
-0.16 40.8717 -44.7552
-0.158 51.0721 -44.0145
-0.156 59.3397 -39.6233
-0.154 64.8697 -32.9223
-0.152 66.9733 -25.4572
-0.15 65.1306 -18.7413
-0.148 59.0317 -14.0267
-0.146 48.6053 -12.1171
-0.144 34.0312 -13.2419
-0.142 15.7366 -17.0094
-0.14 -5.62247 -22.4437
-0.138 -29.1942 -28.1017
-0.136 -53.9748 -32.2549
-0.134 -78.862 -33.1162
-0.132 -102.715 -29.0862
-0.13 -124.417 -18.9937
-0.128 -142.943 -2.3067
-0.126 -157.418 20.7116
-0.124 -167.178 48.92
-0.122 -171.814 80.3117
-0.12 -171.207 112.132
-0.118 -165.535 141.103
-0.116 -155.271 163.754
-0.114 -141.155 176.811
-0.112 -124.142 177.628
-0.11 -105.348 164.591
-0.108 -85.9747 137.448
-0.106 -67.2446 97.5131
-0.104 -50.3258 47.6899
-0.102 -36.2709 -7.69033
-0.1 -25.9611 -63.2344
-0.098 -20.0599 -113.025
-0.096 -18.9762 -151.282
-0.094 -22.8387 -173.071
-0.092 -31.4809 -174.977
-0.09 -44.4396 -155.639
-0.088 -60.9676 -116.07
-0.086 -80.0632 -59.6959
-0.084 -100.514 7.91133
-0.082 -120.958 79.5907
-0.08 -139.947 147.395
-0.078 -156.027 203.545
-0.076 -167.808 241.409
-0.074 -174.036 256.388
-0.072 -173.656 246.56
-0.07 -165.865 212.994
-0.068 -150.163 159.655
-0.066 -126.392 92.9073
-0.064 -94.7651 20.6636
-0.062 -55.8859 -48.708
-0.06 -10.7497 -107.568
-0.058 39.2785 -150.109
-0.056 92.5145 -173.207
-0.054 147.032 -176.89
-0.052 200.767 -164.329
-0.05 251.642 -141.333
-0.048 297.693 -115.396
-0.046 337.192 -94.433
-0.044 368.758 -85.3658
-0.042 391.419 -92.81
-0.04 404.66 -118.071
-0.038 408.417 -158.646
-0.036 403.052 -208.34
-0.034 389.303 -258.012
-0.032 368.218 -296.849
-0.03 341.09 -314.006
-0.028 309.386 -300.361
-0.026 274.672 -250.165
-0.024 238.535 -162.3
-0.022 202.5 -40.9666
-0.02 167.939 104.364
-0.018 135.996 259.782
-0.016 107.514 408.476
-0.014 83.0054 532.8
-0.012 62.6383 616.611
-0.01 46.2696 647.531
-0.008 33.4993 618.821
-0.006 23.741 530.538
-0.004 16.2919 389.79
-0.002 10.3882 210.021
0 5.24148 9.43219
0.002 0.0574061 -191.234
0.004 -5.95762 -371.231
0.006 -13.5887 -512.352
0.008 -23.5946 -601.144
0.01 -36.6716 -630.486
0.012 -53.3981 -600.304
0.014 -74.165 -517.322
0.016 -99.1066 -393.898
0.018 -128.044 -246.157
0.02 -160.459 -91.7276
0.022 -195.498 52.5962
0.024 -232.01 172.918
0.026 -268.618 259.781
0.028 -303.793 308.992
0.03 -335.946 321.675
0.032 -363.509 303.585
0.034 -385.016 263.844
0.036 -399.176 213.296
0.038 -404.944 162.752
0.04 -401.585 121.35
0.042 -388.741 95.2784
0.044 -366.479 87.036
0.046 -335.318 95.3124
0.048 -296.23 115.488
0.05 -250.601 140.636
0.052 -200.155 162.843
0.054 -146.855 174.612
0.056 -92.7778 170.136
0.058 -39.9826 146.248
0.06 9.60909 102.926
0.062 54.3182 43.3002
0.064 92.7856 -26.8118
0.066 124.022 -99.7607
0.068 147.429 -167.168
0.07 162.798 -221.109
0.072 170.293 -255.209
0.074 170.417 -265.494
0.076 163.973 -250.888
0.078 152.019 -213.307
0.08 135.808 -157.346
0.082 116.729 -89.6366
0.084 96.233 -17.9623
0.086 75.7637 49.725
0.088 56.6798 106.257
0.09 40.1886 146.051
0.092 27.2869 165.67
0.094 18.7168 164.091
0.096 14.9372 142.663
0.098 16.1103 104.79
0.1 22.1044 55.396
0.102 32.508 0.253749
0.104 46.6561 -54.7264
0.106 63.667 -104.156
0.108 82.4881 -143.707
0.11 101.952 -170.476
0.112 120.839 -183.15
0.114 137.947 -181.979
0.116 152.164 -168.574
0.118 162.534 -145.577
0.12 168.322 -116.26
0.122 169.055 -84.0902
0.124 164.554 -52.3427
0.126 154.94 -23.77
0.128 140.62 -0.378457
0.13 122.258 16.6907
0.132 100.726 27.1724
0.134 77.0477 31.5961
0.136 52.3377 31.1286
0.138 27.7342 27.3643
0.14 4.33683 22.0845
0.142 -16.8533 17.0115
0.144 -34.9868 13.5822
0.146 -49.4097 12.7664
0.148 -59.6967 14.9507
0.15 -65.6693 19.9015
0.152 -67.3999 26.8122
0.154 -65.1985 34.4289
0.156 -59.5854 41.2386
0.158 -51.2484 45.6966
0.16 -40.9916 46.4652
0.162 -29.6764 42.6323
0.164 -18.1615 33.88
0.166 -7.24707 20.5805
0.168 2.37461 3.79928
0.17 10.1562 -14.7974
0.172 15.7194 -33.1266
0.174 18.8652 -48.9438
0.176 19.5705 -60.1366
0.178 17.9727 -65.0185
0.18 14.3464 -62.5803
0.182 9.07246 -52.6616
0.184 2.60443 -36.0155
0.186 -4.56552 -14.2531
0.188 -11.9394 10.3285
0.19 -19.0428 35.0154
0.192 -25.4491 57.0082
0.194 -30.7989 73.7734
0.196 -34.8134 83.3646
0.198 -37.3023 84.6714
0.2 -38.1667 77.5599
0.202 -37.3966 62.8857
0.204 -35.0656 42.3778
0.206 -31.322 18.4096
0.208 -26.3766 -6.31045
0.21 -20.4907 -29.0866
0.212 -13.9612 -47.5729
0.214 -7.10582 -60.0542
0.216 -0.248448 -65.6348
0.218 6.29631 -64.3102
0.22 12.2376 -56.9175
0.222 17.3219 -44.9758
0.224 21.3454 -30.4427
0.226 24.1635 -15.4247
0.228 25.6976 -1.88381
0.23 25.9379 8.61766
0.232 24.9423 15.1021
0.234 22.8314 17.2675
0.236 19.779 15.4782
0.238 16.0003 10.6615
0.24 11.7376 4.13032
0.242 7.24467 -2.63762
0.244 2.77182 -8.23093
0.246 -1.44864 -11.5105
0.248 -5.21461 -11.7623
0.25 -8.36382 -8.77741
0.252 -10.7805 -2.85295
0.254 -12.3989 5.28124
0.256 -13.2036 14.5937
0.258 -13.2272 23.9172
0.26 -12.5448 32.1215
0.262 -11.2674 38.2687
0.264 -9.53249 41.7283
0.266 -7.49407 42.2395
0.268 -5.31234 39.9161
0.27 -3.14328 35.1971
0.272 -1.12936 28.7574
0.274 0.608249 21.3935
0.276 1.97552 13.9045
0.278 2.90902 6.98712
0.28 3.37714 1.15755
0.282 3.37908 -3.28944
0.284 2.94212 -6.28372
0.286 2.11741 -7.94853
0.288 0.974997 -8.54435
0.29 -0.401673 -8.39978
0.292 -1.92123 -7.84211
0.294 -3.48968 -7.13935
0.296 -5.01527 -6.46187
0.298 -6.41279 -5.86817
0.3 -7.60722 -5.31456
0.302 -8.53668 -4.68473
0.304 -9.15456 -3.83172
0.306 -9.43084 -2.62361
0.308 -9.35255 -0.983896
0.31 -8.92347 1.08056
0.312 -8.16314 3.46882
0.314 -7.10528 5.99349
0.316 -5.79576 8.40482
0.318 -4.29023 10.4264
0.32 -2.65149 11.7962
0.322 -0.946588 12.3057
0.324 0.756226 11.8314
0.326 2.3907 10.3525
0.328 3.89575 7.95514
0.33 5.21854 4.82038
0.332 6.31713 1.20071
0.334 7.16264 -2.61168
0.336 7.74053 -6.31973
0.338 8.05092 -9.65434
0.34 8.10787 -12.4009
0.342 7.93764 -14.4169
0.344 7.57608 -15.6382
0.346 7.06533 -16.076
0.348 6.45039 -15.8036
0.35 5.77561 -14.9385
0.352 5.08162 -13.621
0.354 4.40283 -11.9941
0.356 3.76571 -10.1866
0.358 3.18786 -8.30272
0.36 2.67795 -6.41695
0.362 2.23637 -4.57589
0.364 1.85647 -2.80412
0.366 1.52635 -1.11293
0.368 1.23088 0.490359
0.37 0.953868 1.99439
0.372 0.680104 3.3786
0.374 0.397126 4.61154
0.376 0.0965698 5.65304
0.378 -0.225043 6.45946
0.38 -0.5661 6.99099
0.382 -0.920279 7.21962
0.384 -1.27742 7.13597
0.386 -1.62475 6.75389
0.388 -1.94836 6.11171
0.39 -2.2346 5.26992
0.392 -2.47142 4.30568
0.394 -2.64945 3.30485
0.396 -2.76265 2.35284
0.398 -2.80873 1.52534
0.4 -2.7891 0.880443
0.402 -2.70863 0.452865
0.404 -2.57511 0.251206
0.406 -2.39858 0.258426
0.408 -2.19048 0.435453
0.41 -1.96284 0.727347
0.412 -1.72745 1.07112
0.414 -1.49506 1.40407
0.416 -1.27476 1.67153
0.418 -1.07352 1.83291
0.42 -0.895943 1.86544
0.422 -0.744188 1.76516
0.424 -0.618174 1.54547
0.426 -0.515905 1.23335
0.428 -0.433935 0.864333
0.43 -0.367897 0.476759
0.432 -0.313043 0.106349
0.434 -0.264743 -0.21824
0.436 -0.218899 -0.478291
0.438 -0.172262 -0.666084
0.44 -0.122634 -0.784164
0.442 -0.0689571 -0.843148
0.444 -0.0113084 -0.858592
0.446 0.0492042 -0.84754
0.448 0.11062 -0.825387
0.45 0.170366 -0.803516
0.452 0.225551 -0.788042
0.454 0.273272 -0.77971
0.456 0.310927 -0.774831
0.458 0.336491 -0.766955
0.46 0.348733 -0.74888
0.462 0.347348 -0.714585
0.464 0.332988 -0.660735
0.466 0.3072 -0.587479
0.468 0.272275 -0.498467
0.47 0.231021 -0.400129
0.472 0.18651 -0.300441
0.474 0.141795 -0.207436
0.476 0.0996613 -0.127821
0.478 0.0624002 -0.0659361
0.48 0.0316536 -0.0232577
0.482 0.00832147 0.00151132
0.484 -0.0074533 0.0118303
0.486 -0.0162266 0.0123658
0.488 -0.0191283 0.00792237
0.49 -0.0176859 0.00249659
0.492 -0.0136134 -0.00135185
0.494 -0.00859036 -0.00270225
0.496 -0.00405323 -0.00203925
0.498 -0.00102462 -0.000675624
0.4 0.0655293 0.0587725
0.8 0.0672643 0.0602348
1.2 0.0701482 0.0626681
1.6 0.0741697 0.0660671
2 0.0793129 0.070424
2.4 0.0855572 0.0757291
2.8 0.0928778 0.0819703
3.2 0.101245 0.0891338
3.6 0.110626 0.0972038
4 0.120982 0.106163
4.4 0.132271 0.115991
4.8 0.144448 0.126668
5.2 0.157462 0.138171
5.6 0.17126 0.150477
6 0.185787 0.163562
6.4 0.200982 0.1774
6.8 0.216784 0.191965
7.2 0.23313 0.207231
7.6 0.249953 0.223173
8 0.267189 0.239765
8.4 0.28477 0.256981
8.8 0.302629 0.274798
9.2 0.320701 0.293194
9.6 0.33892 0.312146
10 0.357224 0.331637
10.4 0.375553 0.351647
10.8 0.393849 0.372164
11.2 0.412059 0.393174
11.6 0.430133 0.414669
12 0.448025 0.436641
12.4 0.465696 0.459088
12.8 0.48311 0.482009
13.2 0.500237 0.505405
13.6 0.517053 0.529281
14 0.533538 0.553646
14.4 0.54968 0.578507
14.8 0.565468 0.603878
15.2 0.580901 0.629769
15.6 0.595977 0.656195
16 0.610703 0.683168
16.4 0.625087 0.710703
16.8 0.63914 0.73881
17.2 0.652875 0.7675
17.6 0.666308 0.79678
18 0.679455 0.826654
18.4 0.692332 0.85712
18.8 0.704955 0.888174
19.2 0.717337 0.919804
19.6 0.729493 0.95199
20 0.741431 0.984709
20.4 0.753158 1.01793
20.8 0.764677 1.0516
21.2 0.775988 1.08568
21.6 0.787086 1.12011
22 0.797961 1.15482
22.4 0.808598 1.18973
22.8 0.81898 1.22476
23.2 0.829084 1.2598
23.6 0.83888 1.29476
24 0.84834 1.32953
24.4 0.857427 1.36399
24.8 0.866104 1.39802
25.2 0.87433 1.43148
25.6 0.882064 1.46424
26 0.889262 1.49618
26.4 0.895879 1.52714
26.8 0.901872 1.55701
27.2 0.907199 1.58564
27.6 0.911816 1.6129
28 0.915686 1.63867
28.4 0.918772 1.66282
28.8 0.92104 1.68524
29.2 0.922461 1.70582
29.6 0.923012 1.72448
30 0.92267 1.74112
30.4 0.921422 1.75567
30.8 0.919258 1.76807
31.2 0.916172 1.77827
31.6 0.912166 1.78624
32 0.907245 1.79196
32.4 0.901422 1.79542
32.8 0.894712 1.79663
33.2 0.887136 1.79561
33.6 0.87872 1.79239
34 0.869494 1.78701
34.4 0.859491 1.77954
34.8 0.848748 1.77004
35.2 0.837303 1.75858
35.6 0.825199 1.74525
36 0.812479 1.73015
36.4 0.799188 1.71335
36.8 0.785373 1.69497
37.2 0.77108 1.67512
37.6 0.756355 1.65388
38 0.741245 1.63137
38.4 0.725795 1.60768
38.8 0.710052 1.58293
39.2 0.694057 1.5572
39.6 0.677855 1.53059
40 0.661485 1.50319
40.4 0.644986 1.47508
40.8 0.628396 1.44634
41.2 0.61175 1.41703
41.6 0.59508 1.38723
42 0.578419 1.35698
42.4 0.561794 1.32635
42.8 0.545233 1.29538
43.2 0.528761 1.2641
43.6 0.5124 1.23256
44 0.496172 1.20079
44.4 0.480096 1.16882
44.8 0.464189 1.13667
45.2 0.448468 1.10437
45.6 0.432946 1.07194
46 0.417637 1.03941
46.4 0.402552 1.0068
46.8 0.387701 0.974137
47.2 0.373093 0.941452
47.6 0.358736 0.908774
48 0.344638 0.876136
48.4 0.330804 0.843575
48.8 0.317241 0.811132
49.2 0.303953 0.778851
49.6 0.290944 0.746778
50 0.27822 0.714966
50.4 0.265783 0.683468
50.8 0.253636 0.652339
51.2 0.241784 0.62164
51.6 0.23023 0.59143
52 0.218977 0.561769
52.4 0.208027 0.53272
52.8 0.197386 0.504341
53.2 0.187056 0.476693
53.6 0.177041 0.449832
54 0.167345 0.423812
54.4 0.157973 0.398681
54.8 0.148929 0.374486
55.2 0.140217 0.351266
55.6 0.131841 0.329056
56 0.123807 0.307884
56.4 0.116118 0.28777
56.8 0.108779 0.26873
57.2 0.101793 0.25077
57.6 0.0951639 0.233891
58 0.0888943 0.218085
58.4 0.0829862 0.20334
58.8 0.0774409 0.189633
59.2 0.0722586 0.176938
59.6 0.0674384 0.165221
60 0.0629784 0.154446
60.4 0.0588752 0.144567
60.8 0.0551242 0.135539
61.2 0.0517193 0.127311
61.6 0.048653 0.119828
62 0.0459163 0.113038
62.4 0.0434987 0.106882
62.8 0.0413882 0.101304
63.2 0.0395716 0.0962479
63.6 0.0380344 0.0916583
64 0.0367607 0.0874813
64.4 0.0357337 0.0836653
64.8 0.0349356 0.0801614
65.2 0.034348 0.0769241
65.6 0.0339518 0.0739112
66 0.0337273 0.0710847
66.4 0.0336549 0.0684106
66.8 0.0337148 0.0658591
67.2 0.0338873 0.063405
67.6 0.0341533 0.0610272
68 0.0344938 0.0587093
68.4 0.0348909 0.0564389
68.8 0.0353271 0.0542077
69.2 0.0357863 0.0520111
69.6 0.0362531 0.0498483
70 0.0367134 0.0477215
70.4 0.0371544 0.0456358
70.8 0.0375643 0.043599
71.2 0.0379328 0.0416209
71.6 0.0382509 0.0397129
72 0.0385108 0.0378881
72.4 0.038706 0.0361601
72.8 0.0388312 0.0345435
73.2 0.0388823 0.0330527
73.6 0.038856 0.0317022
74 0.0387504 0.0305057
74.4 0.0385642 0.0294764
74.8 0.0382971 0.028626
75.2 0.0379494 0.0279651
75.6 0.0375222 0.0275027
76 0.0370171 0.0272456
76.4 0.0364362 0.0271992
76.8 0.0357821 0.0273664
77.2 0.0350579 0.0277481
77.6 0.0342667 0.0283428
78 0.0334124 0.029147
78.4 0.0324988 0.0301545
78.8 0.0315303 0.0313574
79.2 0.0305112 0.0327452
79.6 0.0294465 0.0343057
80 0.0283412 0.0360244
80.4 0.0272006 0.0378854
80.8 0.0260304 0.0398709
81.2 0.0248365 0.041962
81.6 0.0236253 0.0441385
82 0.0224032 0.046379
82.4 0.021177 0.0486619
82.8 0.019954 0.0509649
83.2 0.0187414 0.0532655
83.6 0.0175469 0.0555414
84 0.0163782 0.0577707
84.4 0.0152431 0.0599321
84.8 0.0141497 0.0620052
85.2 0.0131057 0.0639709
85.6 0.0121191 0.0658112
86 0.0111974 0.06751
86.4 0.010348 0.0690527
86.8 0.00957783 0.070427
87.2 0.00889333 0.0716223
87.6 0.00830043 0.0726304
88 0.00780437 0.0734455
88.4 0.00740961 0.0740638
88.8 0.00711981 0.0744841
89.2 0.00693769 0.0747072
89.6 0.00686502 0.0747364
90 0.00690257 0.074577
90.4 0.00705003 0.0742364
90.8 0.00730604 0.0737237
91.2 0.00766819 0.0730498
91.6 0.00813298 0.0722271
92 0.00869593 0.0712692
92.4 0.00935154 0.070191
92.8 0.0100934 0.0690078
93.2 0.0109143 0.0677359
93.6 0.0118062 0.0663917
94 0.0127604 0.0649918
94.4 0.0137677 0.0635527
94.8 0.0148184 0.0620905
95.2 0.0159026 0.0606209
95.6 0.0170099 0.059159
96 0.0181302 0.0577189
96.4 0.0192532 0.0563139
96.8 0.0203688 0.0549564
97.2 0.0214673 0.0536575
97.6 0.0225392 0.0524274
98 0.0235758 0.0512751
98.4 0.0245688 0.0502085
98.8 0.0255106 0.0492345
99.2 0.0263946 0.0483591
99.6 0.0272148 0.0475873
100 0.0279664 0.0469233
100.4 0.0286453 0.0463708
100.8 0.0292486 0.0459327
101.2 0.0297746 0.0456116
101.6 0.0302222 0.0454098
102 0.030592 0.0453293
102.4 0.0308852 0.0453719
102.8 0.0311042 0.0455396
103.2 0.0312527 0.0458341
103.6 0.031335 0.0462574
104 0.0313567 0.0468116
104.4 0.0313241 0.0474988
104.8 0.0312445 0.0483211
105.2 0.0311259 0.0492809
105.6 0.0309769 0.0503803
106 0.0308069 0.0516215
106.4 0.0306256 0.0530063
106.8 0.0304431 0.0545363
107.2 0.0302698 0.0562125
107.6 0.0301163 0.0580355
108 0.029993 0.0600048
108.4 0.0299102 0.0621193
108.8 0.0298781 0.0643768
109.2 0.0299062 0.0667737
109.6 0.0300034 0.0693053
110 0.0301783 0.0719654
110.4 0.030438 0.0747463
110.8 0.0307891 0.0776387
111.2 0.0312367 0.0806317
111.6 0.031785 0.0837128
112 0.0324365 0.0868678
112.4 0.0331924 0.0900808
112.8 0.0340524 0.0933347
113.2 0.0350146 0.0966108
113.6 0.0360755 0.0998892
114 0.0372298 0.103149
114.4 0.0384709 0.106367
114.8 0.0397903 0.109523
115.2 0.0411783 0.112591
115.6 0.0426236 0.115549
116 0.0441136 0.118374
116.4 0.0456345 0.121041
116.8 0.0471717 0.123528
117.2 0.0487095 0.125814
117.6 0.0502318 0.127877
118 0.0517219 0.129697
118.4 0.053163 0.131256
118.8 0.0545385 0.132538
119.2 0.0558319 0.133528
119.6 0.0570273 0.134213
120 0.0581095 0.134583
120.4 0.0590644 0.134629
120.8 0.0598792 0.134346
121.2 0.0605423 0.133732
121.6 0.0610438 0.132784
122 0.0613757 0.131506
122.4 0.0615318 0.1299
122.8 0.0615077 0.127976
123.2 0.0613014 0.12574
123.6 0.0609127 0.123206
124 0.0603437 0.120386
124.4 0.0595986 0.117296
124.8 0.0586833 0.113953
125.2 0.057606 0.110378
125.6 0.0563764 0.106589
126 0.0550061 0.10261
126.4 0.0535077 0.0984626
126.8 0.0518956 0.0941711
127.2 0.0501847 0.0897598
127.6 0.0483911 0.0852532
128 0.046531 0.0806765
128.4 0.0446213 0.0760543
128.8 0.0426786 0.0714113
129.2 0.0407194 0.0667718
129.6 0.0387599 0.062159
130 0.0368153 0.0575957
130.4 0.0349002 0.0531036
130.8 0.0330279 0.048703
131.2 0.0312105 0.0444131
131.6 0.0294587 0.0402518
132 0.0277819 0.036235
132.4 0.0261877 0.0323773
132.8 0.024682 0.0286916
133.2 0.0232695 0.0251889
133.6 0.0219527 0.0218783
134 0.0207329 0.0187673
134.4 0.0196097 0.0158613
134.8 0.0185813 0.013164
135.2 0.0176447 0.0106774
135.6 0.0167955 0.00840153
136 0.0160285 0.00633492
136.4 0.0153374 0.00447441
136.8 0.0147153 0.00281533
137.2 0.0141549 0.00135163
137.6 0.0136484 7.596e-05
138 0.0131879 -0.00102016
138.4 0.0127654 -0.00194626
138.8 0.0123732 -0.0027127
139.2 0.0120038 -0.00333059
139.6 0.0116502 -0.0038116
140 0.0113058 -0.00416781
140.4 0.010965 -0.00441156
140.8 0.0106226 -0.0045553
141.2 0.0102742 -0.00461143
141.6 0.00991653 -0.00459218
142 0.00954682 -0.00450946
142.4 0.00916333 -0.00437476
142.8 0.0087651 -0.00419902
143.2 0.00835194 -0.00399251
143.6 0.00792441 -0.00376481
144 0.00748374 -0.00352467
144.4 0.00703173 -0.00327999
144.8 0.00657072 -0.00303777
145.2 0.00610342 -0.00280408
145.6 0.00563289 -0.00258405
146 0.0051624 -0.0023819
146.4 0.00469534 -0.0022009
146.8 0.00423515 -0.00204345
147.2 0.00378519 -0.00191111
147.6 0.0033487 -0.00180462
148 0.00292871 -0.00172403
148.4 0.00252796 -0.0016687
148.8 0.00214889 -0.0016374
149.2 0.00179355 -0.00162843
149.6 0.00146361 -0.00163962
150 0.0011603 -0.00166851
150.4 0.000884443 -0.00171234
150.8 0.000636428 -0.00176819
151.2 0.000416232 -0.00183307
151.6 0.000223444 -0.00190393
152 5.72886e-05 -0.00197779
152.4 -8.33383e-05 -0.00205175
152.8 -0.000199827 -0.00212311
153.2 -0.000293809 -0.00218933
153.6 -0.000367113 -0.00224815
154 -0.000421713 -0.00229758
154.4 -0.000459685 -0.0023359
154.8 -0.000483152 -0.00236173
155.2 -0.000494247 -0.002374
155.6 -0.000495067 -0.00237193
156 -0.000487635 -0.00235509
156.4 -0.000473869 -0.00232331
156.8 -0.000455552 -0.00227672
157.2 -0.000434313 -0.00221569
157.6 -0.000411603 -0.00214083
158 -0.000388689 -0.00205296
158.4 -0.000366648 -0.00195304
158.8 -0.00034636 -0.00184223
159.2 -0.000328517 -0.00172176
159.6 -0.000313628 -0.00159295
160 -0.000302029 -0.0014572
160.4 -0.000293899 -0.00131593
160.8 -0.000289273 -0.00117057
161.2 -0.000288066 -0.00102251
161.6 -0.000290083 -0.000873151
162 -0.000295045 -0.000723805
162.4 -0.000302606 -0.000575734
162.8 -0.00031237 -0.000430123
163.2 -0.00032391 -0.000288068
163.6 -0.000336783 -0.00015057
164 -0.000350542 -1.85351e-05
164.4 -0.000364752 0.000107236
164.8 -0.000378996 0.000226044
165.2 -0.000392885 0.000337294
165.6 -0.000406063 0.000440495
166 -0.00041821 0.000535255
166.4 -0.000429048 0.000621285
166.8 -0.000438333 0.000698388
167.2 -0.000445865 0.000766463
167.6 -0.000451475 0.000825498
168 -0.000455032 0.000875569
168.4 -0.000456431 0.000916833
168.8 -0.000455598 0.000949525
169.2 -0.000452478 0.000973957
169.6 -0.000447037 0.000990511
170 -0.00043926 0.000999635
170.4 -0.000429142 0.00100184
170.8 -0.000416695 0.000997683
171.2 -0.000401938 0.000987789
171.6 -0.000384905 0.000972815
172 -0.000365638 0.000953461
172.4 -0.000344194 0.000930455
172.8 -0.000320641 0.00090455
173.2 -0.000295063 0.000876514
173.6 -0.000267564 0.000847121
174 -0.000238263 0.000817145
174.4 -0.000207304 0.000787347
174.8 -0.000174854 0.000758472
175.2 -0.000141102 0.000731233
175.6 -0.000106264 0.000706309
176 -7.05833e-05 0.000684334
176.4 -3.43248e-05 0.000665889
176.8 2.22159e-06 0.000651497
177.2 3.8745e-05 0.000641618
177.6 7.49168e-05 0.000636641
178 0.000110395 0.000636884
178.4 0.000144826 0.000642588
178.8 0.000177857 0.00065392
179.2 0.000209133 0.000670969
179.6 0.000238308 0.000693751
180 0.000265053 0.000722209
180.4 0.000289057 0.000756214
180.8 0.00031004 0.000795577
181.2 0.000327753 0.000840046
181.6 0.000341986 0.000889315
182 0.000352575 0.000943034
182.4 0.0003594 0.00100081
182.8 0.000362396 0.00106221
183.2 0.000361549 0.00112678
183.6 0.000356897 0.00119405
184 0.000348536 0.00126352
184.4 0.00033661 0.00133468
184.8 0.000321317 0.00140704
185.2 0.000302898 0.00148009
185.6 0.000281639 0.00155331
186 0.000257862 0.00162621
186.4 0.000231919 0.00169829
186.8 0.00020419 0.00176908
187.2 0.000175069 0.0018381
187.6 0.000144963 0.00190489
188 0.000114283 0.00196901
188.4 8.34356e-05 0.00203
188.8 5.28175e-05 0.00208745
189.2 2.28094e-05 0.00214093
189.6 -6.23018e-06 0.00219005
190 -3.39698e-05 0.00223441
190.4 -6.01096e-05 0.00227364
190.8 -8.43847e-05 0.00230737
191.2 -0.000106568 0.00233525
191.6 -0.000126471 0.00235696
192 -0.000143947 0.0023722
192.4 -0.00015889 0.0023807
192.8 -0.000171231 0.0023822
193.2 -0.000180942 0.00237652
193.6 -0.00018803 0.00236349
194 -0.000192539 0.002343
194.4 -0.000194539 0.00231498
194.8 -0.000194132 0.00227945
195.2 -0.000191443 0.00223647
195.6 -0.000186617 0.00218617
196 -0.000179818 0.00212876
196.4 -0.000171224 0.00206452
196.8 -0.000161021 0.00199382
197.2 -0.000149407 0.00191708
197.6 -0.000136583 0.00183481
198 -0.000122751 0.00174761
198.4 -0.000108116 0.00165611
198.8 -9.28823e-05 0.00156104
199.2 -7.72492e-05 0.00146317
199.6 -6.14135e-05 0.00136331
200 -4.5567e-05 0.00126231
200.4 -2.9896e-05 0.00116107
200.8 -1.45803e-05 0.00106047
201.2 2.06743e-07 0.000961413
201.6 1.42992e-05 0.000864788
202 2.75387e-05 0.000771458
202.4 3.97753e-05 0.000682248
202.8 5.08678e-05 0.000597933
203.2 6.0685e-05 0.000519226
203.6 6.91057e-05 0.000446768
204 7.60207e-05 0.000381112
204.4 8.13332e-05 0.000322721
204.8 8.49603e-05 0.000271956
205.2 8.68343e-05 0.000229074
205.6 8.6904e-05 0.000194219
206 8.51361e-05 0.000167425
206.4 8.1516e-05 0.000148614
206.8 7.60495e-05 0.000137597
207.2 6.87634e-05 0.000134079
207.6 5.97064e-05 0.000137665
208 4.89489e-05 0.000147866
208.4 3.6584e-05 0.000164108
208.8 2.27262e-05 0.000185743
209.2 7.51119e-06 0.000212062
209.6 -8.9053e-06 0.000242302
210 -2.63494e-05 0.000275663
210.4 -4.4631e-05 0.000311323
210.8 -6.35462e-05 0.000348444
211.2 -8.28799e-05 0.000386195
211.6 -0.000102409 0.000423757
212 -0.000121907 0.000460338
212.4 -0.000141145 0.000495187
212.8 -0.000159897 0.000527601
213.2 -0.000177943 0.000556937
213.6 -0.000195075 0.000582617
214 -0.000211096 0.00060414
214.4 -0.000225827 0.00062108
214.8 -0.000239108 0.000633099
215.2 -0.000250801 0.000639941
215.6 -0.000260793 0.000641437
216 -0.000268996 0.000637504
216.4 -0.000275349 0.000628144
216.8 -0.000279818 0.000613438
217.2 -0.000282398 0.000593545
217.6 -0.000283109 0.000568695
218 -0.000281997 0.000539182
218.4 -0.000279132 0.000505361
218.8 -0.000274606 0.000467635
219.2 -0.00026853 0.00042645
219.6 -0.000261033 0.000382289
220 -0.000252254 0.000335658
220.4 -0.000242345 0.000287083
220.8 -0.000231466 0.0002371
221.2 -0.000219777 0.000186246
221.6 -0.000207442 0.00013505
222 -0.00019462 8.40301e-05
222.4 -0.000181465 3.36842e-05
222.8 -0.000168124 -1.55168e-05
223.2 -0.000154732 -6.31334e-05
223.6 -0.000141414 -0.000108762
224 -0.000128278 -0.000152041
224.4 -0.000115422 -0.000192651
224.8 -0.000102926 -0.00023032
225.2 -9.08553e-05 -0.000264824
225.6 -7.92599e-05 -0.000295989
226 -6.81758e-05 -0.00032369
226.4 -5.76254e-05 -0.000347853
226.8 -4.76185e-05 -0.00036845
227.2 -3.81539e-05 -0.000385503
227.6 -2.92212e-05 -0.000399077
228 -2.08021e-05 -0.000409278
228.4 -1.28723e-05 -0.000416253
228.8 -5.40309e-06 -0.000420182
229.2 1.63676e-06 -0.000421276
229.6 8.27969e-06 -0.000419773
230 1.45578e-05 -0.000415934
230.4 2.05019e-05 -0.000410034
230.8 2.61398e-05 -0.000402362
231.2 3.14965e-05 -0.000393214
231.6 3.65927e-05 -0.000382887
232 4.14449e-05 -0.000371675
232.4 4.60654e-05 -0.000359867
232.8 5.04618e-05 -0.000347738
233.2 5.46378e-05 -0.000335547
233.6 5.85933e-05 -0.000323534
234 6.23248e-05 -0.000311918
234.4 6.58266e-05 -0.00030089
234.8 6.90907e-05 -0.000290615
235.2 7.21079e-05 -0.000281226
235.6 7.48687e-05 -0.00027283
236 7.73635e-05 -0.000265499
236.4 7.95836e-05 -0.000259277
236.8 8.15212e-05 -0.000254175
237.2 8.31708e-05 -0.00025018
237.6 8.45285e-05 -0.000247246
238 8.55929e-05 -0.000245306
238.4 8.63649e-05 -0.000244271
238.8 8.68481e-05 -0.000244031
239.2 8.70482e-05 -0.00024446
239.6 8.69734e-05 -0.000245421
240 8.66336e-05 -0.000246767
240.4 8.60409e-05 -0.000248348
240.8 8.52085e-05 -0.00025001
241.2 8.41508e-05 -0.000251602
241.6 8.2883e-05 -0.000252978
242 8.14211e-05 -0.000254002
242.4 7.97809e-05 -0.000254547
242.8 7.79785e-05 -0.000254501
243.2 7.60297e-05 -0.000253768
243.6 7.39501e-05 -0.000252268
244 7.17547e-05 -0.000249939
244.4 6.94584e-05 -0.00024674
244.8 6.70755e-05 -0.000242646
245.2 6.46202e-05 -0.000237653
245.6 6.21062e-05 -0.000231775
246 5.95474e-05 -0.000225041
246.4 5.69575e-05 -0.000217496
246.8 5.43505e-05 -0.000209201
247.2 5.17405e-05 -0.000200226
247.6 4.9142e-05 -0.000190651
248 4.65697e-05 -0.000180565
248.4 4.40387e-05 -0.000170061
248.8 4.15643e-05 -0.000159235
249.2 3.91616e-05 -0.000148183
249.6 3.6846e-05 -0.000137003
250 3.46321e-05 -0.000125786
250.4 3.25341e-05 -0.000114619
250.8 3.05652e-05 -0.000103586
251.2 2.8737e-05 -9.27599e-05
251.6 2.70597e-05 -8.22076e-05
252 2.55413e-05 -7.19871e-05
252.4 2.41874e-05 -6.21475e-05
252.8 2.30011e-05 -5.27292e-05
253.2 2.19824e-05 -4.37639e-05
253.6 2.11282e-05 -3.52752e-05
254 2.04325e-05 -2.72792e-05
254.4 1.98858e-05 -1.97854e-05
254.8 1.94758e-05 -1.27974e-05
255.2 1.91871e-05 -6.31394e-06
255.6 1.9002e-05 -3.29832e-07
256 1.89001e-05 5.16303e-06
256.4 1.88598e-05 1.01748e-05
256.8 1.88578e-05 1.4717e-05
257.2 1.88706e-05 1.88016e-05
257.6 1.88744e-05 2.24405e-05
258 1.88463e-05 2.56451e-05
258.4 1.87646e-05 2.84262e-05
258.8 1.86098e-05 3.07937e-05
259.2 1.83648e-05 3.27563e-05
259.6 1.80159e-05 3.43224e-05
260 1.75529e-05 3.54996e-05
260.4 1.69696e-05 3.62955e-05
260.8 1.62643e-05 3.67179e-05
261.2 1.54394e-05 3.67753e-05
261.6 1.45022e-05 3.64776e-05
262 1.3464e-05 3.58363e-05
262.4 1.23405e-05 3.4865e-05
262.8 1.1151e-05 3.358e-05
263.2 9.91811e-06 3.20001e-05
263.6 8.66735e-06 3.01473e-05
264 7.42618e-06 2.80467e-05
264.4 6.22344e-06 2.57264e-05
264.8 5.08858e-06 2.32172e-05
265.2 4.05081e-06 2.05526e-05
265.6 3.13838e-06 1.77683e-05
266 2.37773e-06 1.49015e-05
266.4 1.79282e-06 1.19904e-05
266.8 1.40442e-06 9.07359e-06
267.2 1.22955e-06 6.18936e-06
267.6 1.28103e-06 3.3747e-06
268 1.56704e-06 6.64745e-07
268.4 2.09094e-06 -1.908e-06
268.8 2.85109e-06 -4.31436e-06
269.2 3.8409e-06 -6.5291e-06
269.6 5.04898e-06 -8.5314e-06
270 6.45932e-06 -1.03053e-05
270.4 8.05175e-06 -1.18401e-05
270.8 9.80234e-06 -1.31302e-05
271.2 1.1684e-05 -1.41755e-05
271.6 1.36671e-05 -1.49809e-05
272 1.57201e-05 -1.55565e-05
272.4 1.78102e-05 -1.59166e-05
272.8 1.99044e-05 -1.608e-05
273.2 2.19697e-05 -1.60687e-05
273.6 2.39741e-05 -1.59076e-05
274 2.58872e-05 -1.56237e-05
274.4 2.76808e-05 -1.52454e-05
274.8 2.93293e-05 -1.48018e-05
275.2 3.08102e-05 -1.43214e-05
275.6 3.21045e-05 -1.38324e-05
276 3.3197e-05 -1.33608e-05
276.4 3.4076e-05 -1.29309e-05
276.8 3.47341e-05 -1.25641e-05
277.2 3.51677e-05 -1.22787e-05
277.6 3.5377e-05 -1.20895e-05
278 3.53658e-05 -1.20078e-05
278.4 3.51413e-05 -1.20409e-05
278.8 3.47138e-05 -1.21926e-05
279.2 3.40962e-05 -1.24629e-05
279.6 3.3304e-05 -1.28484e-05
280 3.23545e-05 -1.33425e-05
280.4 3.12666e-05 -1.39361e-05
280.8 3.00602e-05 -1.46173e-05
281.2 2.87563e-05 -1.53724e-05
281.6 2.73759e-05 -1.61863e-05
282 2.59401e-05 -1.7043e-05
282.4 2.44699e-05 -1.79255e-05
282.8 2.29853e-05 -1.88171e-05
283.2 2.15059e-05 -1.97013e-05
283.6 2.00499e-05 -2.05621e-05
284 1.86342e-05 -2.13844e-05
284.4 1.72744e-05 -2.21545e-05
284.8 1.59845e-05 -2.28597e-05
285.2 1.4777e-05 -2.34891e-05
285.6 1.36623e-05 -2.40331e-05
286 1.26495e-05 -2.44836e-05
286.4 1.17457e-05 -2.4834e-05
286.8 1.09562e-05 -2.50793e-05
287.2 1.02846e-05 -2.52154e-05
287.6 9.73269e-06 -2.52398e-05
288 9.30064e-06 -2.51506e-05
288.4 8.98689e-06 -2.4947e-05
288.8 8.78829e-06 -2.46289e-05
289.2 8.70015e-06 -2.41969e-05
289.6 8.71632e-06 -2.36521e-05
290 8.8293e-06 -2.2996e-05
290.4 9.03035e-06 -2.22308e-05
290.8 9.30957e-06 -2.1359e-05
291.2 9.65613e-06 -2.03836e-05
291.6 1.00583e-05 -1.93082e-05
292 1.05038e-05 -1.81371e-05
292.4 1.09799e-05 -1.68754e-05
292.8 1.14734e-05 -1.5529e-05
293.2 1.19714e-05 -1.41048e-05
293.6 1.24609e-05 -1.26109e-05
294 1.29294e-05 -1.10566e-05
294.4 1.33651e-05 -9.45245e-06
294.8 1.37569e-05 -7.81029e-06
295.2 1.4095e-05 -6.14335e-06
295.6 1.43707e-05 -4.46612e-06
296 1.45766e-05 -2.79433e-06
296.4 1.4707e-05 -1.14471e-06
296.8 1.47579e-05 4.65071e-07
297.2 1.47269e-05 2.01675e-06
297.6 1.46134e-05 3.49166e-06
298 1.44185e-05 4.87113e-06
298.4 1.41451e-05 6.13676e-06
298.8 1.37974e-05 7.2708e-06
299.2 1.33813e-05 8.25656e-06
299.6 1.29038e-05 9.07878e-06
300 1.23728e-05 9.72396e-06
300.4 1.17972e-05 1.01807e-05
300.8 1.11862e-05 1.04402e-05
301.2 1.05495e-05 1.04961e-05
301.6 9.89636e-06 1.03452e-05
302 9.23605e-06 9.98722e-06
302.4 8.57711e-06 9.42516e-06
302.8 7.92725e-06 8.66513e-06
303.2 7.29316e-06 7.7164e-06
303.6 6.68032e-06 6.59124e-06
304 6.09287e-06 5.30472e-06
304.4 5.53351e-06 3.87448e-06
304.8 5.00351e-06 2.32037e-06
305.2 4.50268e-06 6.64114e-07
305.6 4.02948e-06 -1.07112e-06
306 3.58111e-06 -2.86114e-06
306.4 3.1537e-06 -4.68123e-06
306.8 2.74247e-06 -6.50657e-06
307.2 2.34203e-06 -8.31276e-06
307.6 1.94657e-06 -1.00762e-05
308 1.55018e-06 -1.17745e-05
308.4 1.14709e-06 -1.3387e-05
308.8 7.31993e-07 -1.4895e-05
309.2 3.00233e-07 -1.6282e-05
309.6 -1.519e-07 -1.7534e-05
310 -6.27002e-07 -1.86396e-05
310.4 -1.12638e-06 -1.95901e-05
310.8 -1.64996e-06 -2.03798e-05
311.2 -2.19618e-06 -2.10054e-05
311.6 -2.76204e-06 -2.14664e-05
312 -3.34308e-06 -2.17649e-05
312.4 -3.93353e-06 -2.19051e-05
312.8 -4.52642e-06 -2.18934e-05
313.2 -5.11381e-06 -2.17378e-05
313.6 -5.68698e-06 -2.1448e-05
314 -6.23671e-06 -2.10347e-05
314.4 -6.75359e-06 -2.05098e-05
314.8 -7.22827e-06 -1.98854e-05
315.2 -7.65179e-06 -1.9174e-05
315.6 -8.01588e-06 -1.83882e-05
316 -8.31321e-06 -1.75402e-05
316.4 -8.53766e-06 -1.66419e-05
316.8 -8.68452e-06 -1.57042e-05
317.2 -8.75067e-06 -1.47375e-05
317.6 -8.7347e-06 -1.37511e-05
318 -8.63698e-06 -1.27533e-05
318.4 -8.45966e-06 -1.17513e-05
318.8 -8.20665e-06 -1.07513e-05
319.2 -7.88353e-06 -9.75835e-06
319.6 -7.49737e-06 -8.7766e-06
320 -7.05658e-06 -7.80919e-06
320.4 -6.57065e-06 -6.85844e-06
320.8 -6.04991e-06 -5.92592e-06
321.2 -5.50522e-06 -5.01258e-06
321.6 -4.94773e-06 -4.11883e-06
322 -4.38848e-06 -3.24468e-06
322.4 -3.8382e-06 -2.38983e-06
322.8 -3.30699e-06 -1.55377e-06
323.2 -2.80404e-06 -7.35861e-07
323.6 -2.33746e-06 6.45904e-08
324 -1.91406e-06 8.48264e-07
324.4 -1.53921e-06 1.61579e-06
324.8 -1.21676e-06 2.36772e-06
325.2 -9.48959e-07 3.10451e-06
325.6 -7.36526e-07 3.8265e-06
326 -5.78642e-07 4.53394e-06
326.4 -4.73075e-07 5.22697e-06
326.8 -4.16312e-07 5.90567e-06
327.2 -4.03732e-07 6.57007e-06
327.6 -4.29809e-07 7.22016e-06
328 -4.88331e-07 7.8559e-06
328.4 -5.72632e-07 8.47727e-06
328.8 -6.75831e-07 9.08428e-06
329.2 -7.91063e-07 9.67692e-06
329.6 -9.11702e-07 1.02553e-05
330 -1.03156e-06 1.08193e-05
330.4 -1.14505e-06 1.13692e-05
330.8 -1.24738e-06 1.19051e-05
331.2 -1.33459e-06 1.24269e-05
331.6 -1.40369e-06 1.29347e-05
332 -1.45267e-06 1.34285e-05
332.4 -1.4805e-06 1.39082e-05
332.8 -1.48709e-06 1.43737e-05
333.2 -1.47325e-06 1.48247e-05
333.6 -1.44057e-06 1.52608e-05
334 -1.39129e-06 1.56815e-05
334.4 -1.32818e-06 1.60862e-05
334.8 -1.2544e-06 1.64743e-05
335.2 -1.17333e-06 1.68449e-05
335.6 -1.0884e-06 1.71973e-05
336 -1.00298e-06 1.75305e-05
336.4 -9.20225e-07 1.78438e-05
336.8 -8.42956e-07 1.81363e-05
337.2 -7.73573e-07 1.84074e-05
337.6 -7.13974e-07 1.86563e-05
338 -6.65518e-07 1.88828e-05
338.4 -6.29e-07 1.90864e-05
338.8 -6.04656e-07 1.92672e-05
339.2 -5.922e-07 1.94253e-05
339.6 -5.90874e-07 1.95612e-05
340 -5.99518e-07 1.96756e-05
340.4 -6.16662e-07 1.97693e-05
340.8 -6.40619e-07 1.98435e-05
341.2 -6.69591e-07 1.98995e-05
341.6 -7.01772e-07 1.99388e-05
342 -7.35447e-07 1.9963e-05
342.4 -7.69083e-07 1.99738e-05
342.8 -8.0141e-07 1.99729e-05
343.2 -8.31483e-07 1.99619e-05
343.6 -8.58723e-07 1.99423e-05
344 -8.82949e-07 1.99156e-05
344.4 -9.04376e-07 1.9883e-05
344.8 -9.236e-07 1.98455e-05
345.2 -9.41564e-07 1.98036e-05
345.6 -9.595e-07 1.97579e-05
346 -9.78865e-07 1.97082e-05
346.4 -1.00126e-06 1.96544e-05
346.8 -1.02834e-06 1.95958e-05
347.2 -1.06171e-06 1.95315e-05
347.6 -1.10288e-06 1.94603e-05
348 -1.15312e-06 1.9381e-05
348.4 -1.2134e-06 1.92917e-05
348.8 -1.28436e-06 1.9191e-05
349.2 -1.36621e-06 1.90769e-05
349.6 -1.45872e-06 1.89479e-05
350 -1.56122e-06 1.88022e-05
350.4 -1.67258e-06 1.86383e-05
350.8 -1.79124e-06 1.84549e-05
351.2 -1.91526e-06 1.8251e-05
351.6 -2.0424e-06 1.8026e-05
352 -2.17015e-06 1.77793e-05
352.4 -2.29588e-06 1.75111e-05
352.8 -2.41685e-06 1.72217e-05
353.2 -2.53042e-06 1.69119e-05
353.6 -2.63404e-06 1.65829e-05
354 -2.72543e-06 1.62362e-05
354.4 -2.80261e-06 1.58736e-05
354.8 -2.86401e-06 1.54973e-05
355.2 -2.90853e-06 1.51095e-05
355.6 -2.93555e-06 1.47128e-05
356 -2.94502e-06 1.43097e-05
356.4 -2.93739e-06 1.39029e-05
356.8 -2.91365e-06 1.34949e-05
357.2 -2.87528e-06 1.30881e-05
357.6 -2.82418e-06 1.2685e-05
358 -2.76262e-06 1.22875e-05
358.4 -2.69315e-06 1.18977e-05
358.8 -2.61852e-06 1.1517e-05
359.2 -2.54154e-06 1.11468e-05
359.6 -2.46502e-06 1.07883e-05
360 -2.39165e-06 1.0442e-05
360.4 -2.32389e-06 1.01085e-05
360.8 -2.26392e-06 9.78799e-06
361.2 -2.2135e-06 9.48057e-06
361.6 -2.17399e-06 9.18607e-06
362 -2.14623e-06 8.90426e-06
362.4 -2.13058e-06 8.63483e-06
362.8 -2.12686e-06 8.37745e-06
363.2 -2.1344e-06 8.13183e-06
363.6 -2.15207e-06 7.89776e-06
364 -2.17832e-06 7.67515e-06
364.4 -2.21124e-06 7.46401e-06
364.8 -2.24868e-06 7.26457e-06
365.2 -2.28829e-06 7.07718e-06
365.6 -2.32763e-06 6.90239e-06
366 -2.3643e-06 6.74089e-06
366.4 -2.39598e-06 6.59348e-06
366.8 -2.42055e-06 6.46109e-06
367.2 -2.43618e-06 6.34464e-06
367.6 -2.44136e-06 6.2451e-06
368 -2.43501e-06 6.16334e-06
368.4 -2.41645e-06 6.1001e-06
368.8 -2.38548e-06 6.05596e-06
369.2 -2.34233e-06 6.03124e-06
369.6 -2.28767e-06 6.02595e-06
370 -2.22259e-06 6.03977e-06
370.4 -2.14851e-06 6.07197e-06
370.8 -2.06713e-06 6.12142e-06
371.2 -1.98038e-06 6.18658e-06
371.6 -1.89029e-06 6.26544e-06
372 -1.79896e-06 6.35562e-06
372.4 -1.7084e-06 6.45433e-06
372.8 -1.62054e-06 6.55845e-06
373.2 -1.53706e-06 6.66457e-06
373.6 -1.45937e-06 6.76908e-06
374 -1.38857e-06 6.86824e-06
374.4 -1.32535e-06 6.95824e-06
374.8 -1.27004e-06 7.03536e-06
375.2 -1.22253e-06 7.096e-06
375.6 -1.18232e-06 7.13681e-06
376 -1.14855e-06 7.15479e-06
376.4 -1.12004e-06 7.14736e-06
376.8 -1.09531e-06 7.11243e-06
377.2 -1.07271e-06 7.0485e-06
377.6 -1.05044e-06 6.95468e-06
378 -1.02667e-06 6.83077e-06
378.4 -9.99611e-07 6.67722e-06
378.8 -9.67602e-07 6.4952e-06
379.2 -9.29187e-07 6.28654e-06
379.6 -8.8319e-07 6.05372e-06
380 -8.28772e-07 5.79983e-06
380.4 -7.65484e-07 5.52847e-06
380.8 -6.93292e-07 5.24371e-06
381.2 -6.12601e-07 4.95002e-06
381.6 -5.24245e-07 4.65209e-06
382 -4.29477e-07 4.35482e-06
382.4 -3.29923e-07 4.06317e-06
382.8 -2.27541e-07 3.78203e-06
383.2 -1.2455e-07 3.51617e-06
383.6 -2.33567e-08 3.2701e-06
384 7.35295e-08 3.04797e-06
384.4 1.63583e-07 2.85353e-06
384.8 2.44355e-07 2.69e-06
385.2 3.13558e-07 2.56007e-06
385.6 3.69155e-07 2.46581e-06
386 4.0943e-07 2.40867e-06
386.4 4.33053e-07 2.38942e-06
386.8 4.3913e-07 2.40822e-06
387.2 4.27241e-07 2.46457e-06
387.6 3.97455e-07 2.55735e-06
388 3.5033e-07 2.68488e-06
388.4 2.86903e-07 2.84496e-06
388.8 2.08649e-07 3.0349e-06
389.2 1.17442e-07 3.25161e-06
389.6 1.54842e-08 3.49166e-06
390 -9.47597e-08 3.75133e-06
390.4 -2.10646e-07 4.02669e-06
390.8 -3.29439e-07 4.3137e-06
391.2 -4.48396e-07 4.60821e-06
391.6 -5.64858e-07 4.90606e-06
392 -6.76332e-07 5.20315e-06
392.4 -7.80563e-07 5.49545e-06
392.8 -8.75603e-07 5.77907e-06
393.2 -9.59862e-07 6.0503e-06
393.6 -1.03215e-06 6.30564e-06
394 -1.0917e-06 6.54179e-06
394.4 -1.13816e-06 6.75573e-06
394.8 -1.17164e-06 6.9447e-06
395.2 -1.19261e-06 7.10624e-06
395.6 -1.20192e-06 7.23815e-06
396 -1.20074e-06 7.33855e-06
396.4 -1.19049e-06 7.40588e-06
396.8 -1.17279e-06 7.43887e-06
397.2 -1.14937e-06 7.43659e-06
397.6 -1.12201e-06 7.39842e-06
398 -1.09247e-06 7.32411e-06
398.4 -1.06241e-06 7.2137e-06
398.8 -1.03333e-06 7.06762e-06
399.2 -1.00653e-06 6.88665e-06
399.6 -9.83036e-07 6.67192e-06
400 -9.6362e-07 6.42494e-06
