-0.498 0.00101549 0.000540801
-0.496 0.00389273 0.000293888
-0.494 0.00801838 -0.00354347
-0.492 0.0123678 -0.0126189
-0.49 0.015636 -0.0261832
-0.488 0.0164068 -0.0404184
-0.486 0.0133359 -0.0486125
-0.484 0.00532669 -0.0422723
-0.482 -0.00832433 -0.0130297
-0.48 -0.0278254 0.0450253
-0.478 -0.0528422 0.133118
-0.476 -0.0825066 0.246253
-0.474 -0.115481 0.372891
-0.472 -0.150066 0.496135
-0.47 -0.18435 0.596432
-0.468 -0.216365 0.655446
-0.466 -0.244265 0.660413
-0.464 -0.266469 0.608091
-0.462 -0.281792 0.507362
-0.46 -0.289517 0.379645
-0.458 -0.289413 0.256668
-0.456 -0.281703 0.175596
-0.454 -0.266958 0.172077
-0.452 -0.245957 0.272298
-0.45 -0.219522 0.485493
-0.448 -0.188338 0.798477
-0.446 -0.1528 1.17361
-0.444 -0.112901 1.55115
-0.442 -0.0681656 1.85615
-0.44 -0.0176442 2.00947
-0.438 0.0400318 1.9413
-0.436 0.106545 1.60517
-0.434 0.183738 0.990034
-0.432 0.273416 0.127814
-0.43 0.377119 -0.905262
-0.428 0.495867 -1.9948
-0.426 0.629908 -3.0016
-0.424 0.778485 -3.78087
-0.422 0.939666 -4.2047
-0.42 1.11027 -4.18442
-0.418 1.2859 -3.68909
-0.416 1.46117 -2.75675
-0.414 1.63001 -1.49582
-0.412 1.78617 -0.0754997
-0.41 1.9237 1.29422
-0.408 2.03755 2.39077
-0.406 2.12404 3.01151
-0.404 2.18123 3.00585
-0.402 2.20919 2.30183
-0.4 2.20998 0.922654
-0.398 2.1875 -1.01005
-0.396 2.14717 -3.28752
-0.394 2.09541 -5.6389
-0.392 2.03904 -7.76693
-0.39 1.98447 -9.38945
-0.388 1.93695 -10.2808
-0.386 1.89972 -10.3066
-0.384 1.87316 -9.44661
-0.382 1.85411 -7.80089
-0.38 1.83541 -5.57836
-0.378 1.80575 -3.06784
-0.376 1.74988 -0.595872
-0.374 1.64933 1.52287
-0.372 1.48356 3.03502
-0.37 1.23149 3.79002
-0.368 0.873347 3.7669
-0.366 0.392691 3.08149
-0.364 -0.221596 1.97224
-0.362 -0.973435 0.765864
-0.36 -1.858 -0.172967
-0.358 -2.86062 -0.500755
-0.356 -3.95619 0.0453806
-0.354 -5.10929 1.59731
-0.352 -6.27495 4.12304
-0.35 -7.40022 7.41757
-0.348 -8.42648 11.1205
-0.346 -9.29246 14.759
-0.344 -9.93792 17.8111
-0.342 -10.3076 19.7797
-0.34 -10.3555 20.2681
-0.338 -10.0487 19.0442
-0.336 -9.37029 16.0835
-0.334 -8.32228 11.5852
-0.332 -6.92614 5.95662
-0.33 -5.2227 -0.233307
-0.328 -3.2706 -6.32444
-0.326 -1.14367 -11.6524
-0.324 1.07265 -15.6391
-0.322 3.28537 -17.8741
-0.32 5.3984 -18.1732
-0.318 7.3172 -16.6062
-0.316 8.95332 -13.4864
-0.314 10.2288 -9.32454
-0.312 11.0802 -4.75262
-0.31 11.4622 -0.42882
-0.308 11.3507 3.0609
-0.306 10.7445 5.28983
-0.304 9.66694 6.05191
-0.302 8.16541 5.38758
-0.3 6.31037 3.5696
-0.298 4.19283 1.05053
-0.296 1.92085 -1.62013
-0.294 -0.384997 -3.89612
-0.292 -2.59703 -5.33545
-0.29 -4.58641 -5.68483
-0.288 -6.22965 -4.93242
-0.286 -7.41525 -3.31816
-0.284 -8.05039 -1.29841
-0.282 -8.06719 0.531003
-0.28 -7.4283 1.54131
-0.278 -6.13115 1.18976
-0.276 -4.2107 -0.86956
-0.274 -1.74007 -4.70305
-0.272 1.17104 -10.0595
-0.27 4.38016 -16.3861
-0.268 7.71801 -22.8991
-0.266 10.9962 -28.7006
-0.264 14.0164 -32.9229
-0.262 16.5803 -34.8773
-0.26 18.5005 -34.1829
-0.258 19.6108 -30.8492
-0.256 19.7777 -25.2978
-0.254 18.9094 -18.3147
-0.252 16.9647 -10.9355
-0.25 13.9599 -4.28118
-0.248 9.97229 0.632746
-0.246 5.14139 3.08158
-0.244 -0.334314 2.77883
-0.242 -6.20438 -0.0428941
-0.24 -12.1774 -4.63663
-0.238 -17.9357 -9.83732
-0.236 -23.1526 -14.2393
-0.234 -27.5117 -16.4298
-0.232 -30.726 -15.2423
-0.23 -32.5574 -9.98762
-0.228 -32.8324 -0.623222
-0.226 -31.4561 12.1715
-0.224 -28.4208 27.0317
-0.222 -23.8104 42.0575
-0.22 -17.7989 55.0617
-0.218 -10.6428 63.8822
-0.216 -2.66953 66.7158
-0.214 5.74068 62.4213
-0.212 14.1748 50.7442
-0.21 22.2104 32.4245
-0.208 29.4382 9.1612
-0.206 35.4852 -16.5662
-0.204 40.0343 -41.8004
-0.202 42.8413 -63.492
-0.2 43.7484 -78.9117
-0.198 42.6937 -86.0295
-0.196 39.7168 -83.8045
-0.194 34.9611 -72.3413
-0.192 28.6708 -52.891
-0.19 21.1848 -27.6925
-0.188 12.9249 0.321544
-0.186 4.37913 27.9146
-0.184 -3.92047 51.9745
-0.182 -11.4251 69.9171
-0.18 -17.6007 80.0094
-0.178 -21.9627 81.5653
-0.176 -24.111 74.9891
-0.174 -23.7632 61.6655
-0.172 -20.7835 43.7156
-0.17 -15.204 23.6599
-0.168 -7.23706 4.04306
-0.166 2.72451 -12.9207
-0.164 14.1186 -25.6316
-0.162 26.2385 -33.278
-0.16 38.2683 -35.8836
-0.158 49.3299 -34.2283
-0.156 58.5364 -29.6633
-0.154 65.0504 -23.8512
-0.152 68.1418 -18.4728
-0.15 67.2417 -14.9466
-0.148 61.9874 -14.1993
-0.146 52.2546 -16.5212
-0.144 38.1745 -21.5221
-0.142 20.1348 -28.1907
-0.14 -1.23648 -35.0454
-0.138 -25.1013 -40.3504
-0.136 -50.4552 -42.3642
-0.134 -76.1797 -39.5852
-0.132 -101.103 -30.9608
-0.13 -124.062 -16.0407
-0.128 -143.972 4.93471
-0.126 -159.887 31.0125
-0.124 -171.06 60.5661
-0.122 -177 91.3946
-0.12 -177.503 120.879
-0.118 -172.674 146.191
-0.116 -162.928 164.545
-0.114 -148.966 173.481
-0.112 -131.733 171.146
-0.11 -112.356 156.562
-0.108 -92.0744 129.831
-0.106 -72.1668 92.269
-0.104 -53.8733 46.4216
-0.102 -38.3271 -4.04944
-0.1 -26.4932 -54.6163
-0.098 -19.1161 -100.27
-0.096 -16.6787 -136.016
-0.094 -19.3728 -157.441
-0.092 -27.0814 -161.287
-0.09 -39.375 -145.955
-0.088 -55.524 -111.856
-0.086 -74.5271 -61.5523
-0.084 -95.1558 0.367872
-0.082 -116.015 67.6858
-0.08 -135.615 133.19
-0.078 -152.446 189.497
-0.076 -165.058 229.957
-0.074 -172.136 249.53
-0.072 -172.562 245.499
-0.07 -165.476 217.908
-0.068 -150.323 169.647
-0.066 -126.892 106.131
-0.064 -95.3528 34.6145
-0.062 -56.2711 -36.7953
-0.06 -10.6153 -100.276
-0.058 40.2622 -149.426
-0.056 94.6697 -180.21
-0.054 150.651 -191.577
-0.052 206.086 -185.623
-0.05 258.814 -167.254
-0.048 306.764 -143.386
-0.046 348.082 -121.755
-0.044 381.243 -109.537
-0.042 405.135 -111.972
-0.04 419.106 -131.249
-0.038 422.98 -165.853
-0.036 417.034 -210.523
-0.034 401.962 -256.849
-0.032 378.819 -294.447
-0.03 348.956 -312.551
-0.028 313.951 -301.79
-0.026 275.531 -255.882
-0.024 235.49 -173.011
-0.022 195.585 -56.6272
-0.02 157.44 84.4816
-0.018 122.442 236.916
-0.016 91.6593 384.149
-0.014 65.7785 508.581
-0.012 45.0874 593.912
-0.01 29.4903 627.476
-0.008 18.5586 602.193
-0.006 11.602 517.806
-0.004 7.74414 381.182
-0.002 5.99074 205.621
0 5.28258 9.2597
0.002 4.53318 -187.173
0.004 2.65715 -362.946
0.006 -1.4008 -499.917
0.008 -8.62851 -584.781
0.01 -19.8939 -610.659
0.012 -35.8775 -577.796
0.014 -56.9968 -493.259
0.016 -83.336 -369.698
0.018 -114.596 -223.397
0.02 -150.079 -71.9395
0.022 -188.709 68.162
0.024 -229.09 183.523
0.026 -269.593 265.366
0.028 -308.456 310.253
0.03 -343.885 320.008
0.032 -374.153 300.917
0.034 -397.683 262.357
0.036 -413.13 215.096
0.038 -419.443 169.518
0.04 -415.935 134.031
0.042 -402.331 113.897
0.044 -378.815 110.626
0.046 -346.043 122.027
0.048 -305.129 142.858
0.05 -257.601 165.941
0.052 -205.312 183.537
0.054 -150.329 188.731
0.056 -94.812 176.615
0.058 -40.8742 145.098
0.06 9.53433 95.2331
0.062 54.7292 31.0593
0.064 93.3654 -41.015
0.066 124.482 -113.161
0.068 147.52 -177.263
0.07 162.317 -226.06
0.072 169.088 -254.128
0.074 168.391 -258.571
0.076 161.089 -239.339
0.078 148.3 -199.143
0.08 131.338 -143.022
0.082 111.651 -77.6247
0.084 90.7441 -10.3354
0.086 70.1034 51.6309
0.088 51.119 102.05
0.09 35.0137 136.329
0.092 22.7835 151.898
0.094 15.1529 148.337
0.096 12.5467 127.238
0.098 15.078 91.8518
0.1 22.5522 46.5841
0.102 34.4842 -3.57767
0.104 50.1285 -53.6301
0.106 68.52 -99.0501
0.108 88.5259 -136.18
0.11 108.907 -162.477
0.112 128.388 -176.628
0.114 145.729 -178.531
0.116 159.805 -169.166
0.118 169.673 -150.385
0.12 174.633 -124.65
0.122 174.271 -94.7452
0.124 168.48 -63.4993
0.126 157.463 -33.5314
0.128 141.713 -7.04322
0.13 121.972 14.3376
0.132 99.1837 29.6563
0.134 74.4322 38.6706
0.136 48.877 41.8279
0.138 23.6877 40.1778
0.14 -0.0195687 35.2187
0.142 -21.2422 28.6886
0.144 -39.1437 22.32
0.146 -53.097 17.5914
0.148 -62.7152 15.5112
0.15 -67.867 16.4672
0.152 -68.6764 20.1677
0.154 -65.5054 25.6848
0.156 -58.9219 31.6
0.158 -49.6547 36.2331
0.16 -38.54 37.9229
0.162 -26.4635 35.3207
0.164 -14.3024 27.6491
0.166 -2.87145 14.8881
0.168 7.12302 -2.14658
0.17 15.1194 -21.8505
0.172 20.7249 -42.005
0.174 23.7273 -60.0603
0.176 24.0944 -73.4913
0.178 21.9617 -80.1728
0.18 17.6116 -78.7167
0.182 11.4441 -68.7157
0.184 3.94397 -50.8544
0.186 -4.35451 -26.8651
0.188 -12.9021 0.667729
0.19 -21.1661 28.6306
0.192 -28.6578 53.785
0.194 -34.9545 73.196
0.196 -39.7166 84.622
0.198 -42.699 86.8094
0.2 -43.7578 79.6514
0.202 -42.8529 64.1872
0.204 -40.0458 42.4452
0.206 -35.4944 17.1541
0.208 -29.4431 -8.63686
0.21 -22.2095 -31.9699
0.212 -14.1671 -50.3648
0.214 -5.72597 -62.121
0.216 2.69063 -66.4971
0.218 10.6689 -63.7457
0.22 17.8277 -55.0059
0.222 23.8392 -42.0792
0.224 28.4462 -27.1255
0.226 31.4745 -12.3304
0.228 32.8402 0.407774
0.23 32.5512 9.72553
0.232 30.7029 14.9444
0.234 27.4694 16.1075
0.236 23.0899 13.9042
0.238 17.8524 9.50104
0.24 12.0743 4.30997
0.242 6.08343 -0.26439
0.244 0.198546 -3.05851
0.246 -5.28815 -3.3274
0.248 -10.1256 -0.840688
0.25 -14.115 4.11271
0.252 -17.1168 10.8057
0.254 -19.0538 18.2206
0.256 -19.9105 25.2345
0.258 -19.7286 30.8103
0.26 -18.6008 34.1612
0.262 -16.6618 34.865
0.264 -14.0786 32.9123
0.266 -11.0397 28.6847
0.268 -7.74422 22.8718
0.27 -4.39127 16.3428
0.272 -1.16986 9.99694
0.274 1.75031 4.61952
0.276 4.22655 0.764647
0.278 6.14909 -1.31538
0.28 7.44497 -1.68623
0.282 8.07954 -0.693414
0.284 8.05584 1.12036
0.286 7.41179 3.12612
0.288 6.21594 4.72765
0.29 4.56179 5.46815
0.292 2.56149 5.10724
0.294 0.339184 3.65646
0.296 -1.9758 1.36892
0.298 -4.25534 -1.31335
0.3 -6.37863 -3.84391
0.302 -8.23747 -5.67293
0.304 -9.74087 -6.34743
0.306 -10.8185 -5.59417
0.308 -11.4232 -3.37223
0.31 -11.5322 0.112687
0.312 -11.1467 4.43414
0.314 -10.2915 9.00628
0.316 -9.01217 13.1709
0.318 -7.37244 16.2959
0.32 -5.45054 17.8704
0.322 -3.33505 17.5808
0.324 -1.12059 15.3574
0.326 1.09683 11.3841
0.328 3.22431 6.07149
0.33 5.17659 -0.00253218
0.332 6.88004 -6.17362
0.334 8.27624 -11.7818
0.336 9.32454 -16.2583
0.338 10.0037 -19.1963
0.34 10.3118 -20.3969
0.342 10.2659 -19.8852
0.344 9.89881 -17.8939
0.346 9.25668 -14.8204
0.348 8.39467 -11.1621
0.35 7.37294 -7.44148
0.352 6.25263 -4.13163
0.354 5.09223 -1.59302
0.356 3.94452 -0.0304853
0.358 2.85429 0.524244
0.36 1.85678 0.203454
0.362 0.976896 -0.729511
0.364 0.229162 -1.93069
0.366 -0.381739 -3.035
0.368 -0.859825 -3.71545
0.37 -1.21626 -3.73343
0.372 -1.46749 -2.97307
0.374 -1.63323 -1.4555
0.376 -1.73445 0.668543
0.378 -1.79157 3.1454
0.38 -1.82289 5.66012
0.382 -1.84349 7.88591
0.384 -1.8645 9.53374
0.386 -1.89293 10.3946
0.388 -1.93179 10.3684
0.39 -1.98059 9.47551
0.392 -2.03606 7.85037
0.394 -2.09293 5.71887
0.396 -2.14477 3.36336
0.398 -2.18483 1.08133
0.4 -2.20675 -0.856181
0.402 -2.2052 -2.24024
0.404 -2.17634 -2.94907
0.406 -2.1182 -2.95937
0.408 -2.03078 -2.34304
0.41 -1.91607 -1.25059
0.412 -1.77779 0.115361
0.414 -1.62101 1.53227
0.416 -1.45168 2.79015
0.418 -1.27608 3.71979
0.42 -1.10024 4.21276
0.422 -0.929548 4.23096
0.424 -0.76838 3.80528
0.426 -0.619904 3.02433
0.428 -0.486036 2.01596
0.43 -0.36752 0.924894
0.432 -0.264099 -0.109717
0.434 -0.174741 -0.97352
0.436 -0.0979007 -1.59031
0.438 -0.0317655 -1.92814
0.44 0.0255124 -1.99807
0.442 0.0756211 -1.84652
0.444 0.119935 -1.54326
0.446 0.15941 -1.16738
0.448 0.194528 -0.793771
0.45 0.225305 -0.482155
0.452 0.251352 -0.270139
0.454 0.271991 -0.170893
0.456 0.286406 -0.175179
0.458 0.293819 -0.256816
0.46 0.293656 -0.380171
0.462 0.285695 -0.508103
0.464 0.270154 -0.608909
0.466 0.247744 -0.661197
0.468 0.21964 -0.656118
0.47 0.187413 -0.596941
0.472 0.152904 -0.496455
0.474 0.118073 -0.373024
0.476 0.0848346 -0.246218
0.478 0.0548884 -0.132948
0.48 0.0295785 -0.0447649
0.482 0.00978113 0.0133362
0.484 -0.0041593 0.0425835
0.486 -0.0124407 0.0488952
0.488 -0.0157569 0.0406504
0.49 -0.0151964 0.0263542
0.492 -0.0120979 0.0127297
0.494 -0.00787513 0.00360383
0.496 -0.00383369 -0.000269149
0.498 -0.00100205 -0.000535413
0.4 0.073947 0.0495552
0.8 0.075437 0.0509471
1.2 0.0779153 0.0532637
1.6 0.0813744 0.0565
2 0.0858038 0.0606488
2.4 0.0911899 0.065701
2.8 0.0975164 0.0716455
3.2 0.104764 0.078469
3.6 0.11291 0.0861558
4 0.12193 0.0946884
4.4 0.131796 0.104047
4.8 0.142477 0.11421
5.2 0.15394 0.125153
5.6 0.16615 0.136852
6 0.17907 0.149278
6.4 0.192659 0.162402
6.8 0.206876 0.176196
7.2 0.221677 0.190628
7.6 0.237019 0.205667
8 0.252855 0.221281
8.4 0.269139 0.237441
8.8 0.285823 0.254115
9.2 0.302862 0.271275
9.6 0.320207 0.288894
10 0.337812 0.306948
10.4 0.355632 0.325416
10.8 0.373621 0.344279
11.2 0.391737 0.363523
11.6 0.409936 0.383139
12 0.42818 0.40312
12.4 0.446431 0.423467
12.8 0.464652 0.444183
13.2 0.48281 0.465277
13.6 0.500874 0.486764
14 0.518816 0.508662
14.4 0.536608 0.530994
14.8 0.554227 0.553786
15.2 0.571651 0.577068
15.6 0.58886 0.600873
16 0.605836 0.625234
16.4 0.622562 0.650187
16.8 0.639023 0.675765
17.2 0.655205 0.702003
17.6 0.671095 0.728929
18 0.686679 0.756573
18.4 0.701945 0.784955
18.8 0.716881 0.814093
19.2 0.731472 0.843996
19.6 0.745704 0.874664
20 0.759564 0.90609
20.4 0.773035 0.938255
20.8 0.7861 0.971132
21.2 0.798741 1.00468
21.6 0.810939 1.03885
22 0.822672 1.07357
22.4 0.833918 1.10878
22.8 0.844654 1.14438
23.2 0.854856 1.18028
23.6 0.864499 1.21636
24 0.873556 1.25252
24.4 0.882003 1.28861
24.8 0.889812 1.32451
25.2 0.896959 1.36007
25.6 0.903418 1.39515
26 0.909167 1.42958
26.4 0.914181 1.46323
26.8 0.918441 1.49594
27.2 0.921928 1.52755
27.6 0.924625 1.55792
28 0.926519 1.5869
28.4 0.927598 1.61435
28.8 0.927856 1.64015
29.2 0.927287 1.66418
29.6 0.92589 1.68632
30 0.923668 1.70648
30.4 0.920625 1.72459
30.8 0.91677 1.74055
31.2 0.912116 1.75433
31.6 0.906677 1.76588
32 0.900473 1.77516
32.4 0.893523 1.78218
32.8 0.885851 1.78694
33.2 0.877483 1.78944
33.6 0.868447 1.78972
34 0.858771 1.78781
34.4 0.848488 1.78379
34.8 0.837628 1.77769
35.2 0.826224 1.7696
35.6 0.814309 1.7596
36 0.801918 1.74777
36.4 0.789082 1.73419
36.8 0.775836 1.71897
37.2 0.762212 1.7022
37.6 0.748241 1.68396
38 0.733956 1.66437
38.4 0.719386 1.6435
38.8 0.704561 1.62144
39.2 0.689509 1.59829
39.6 0.674257 1.57412
40 0.658833 1.54901
40.4 0.643259 1.52303
40.8 0.627562 1.49624
41.2 0.611764 1.4687
41.6 0.595888 1.44047
42 0.579954 1.41159
42.4 0.563984 1.38211
42.8 0.547998 1.35206
43.2 0.532016 1.32148
43.6 0.516056 1.2904
44 0.500138 1.25885
44.4 0.484279 1.22685
44.8 0.468499 1.19444
45.2 0.452814 1.16163
45.6 0.437243 1.12846
46 0.421804 1.09496
46.4 0.406512 1.06115
46.8 0.391387 1.02707
47.2 0.376445 0.992757
47.6 0.361703 0.958258
48 0.347177 0.923615
48.4 0.332883 0.888881
48.8 0.318838 0.854111
49.2 0.305056 0.819363
49.6 0.291553 0.784703
50 0.278343 0.750199
50.4 0.26544 0.715922
50.8 0.252856 0.681946
51.2 0.240603 0.648349
51.6 0.228693 0.615208
52 0.217136 0.582603
52.4 0.20594 0.550613
52.8 0.195115 0.519315
53.2 0.184667 0.488785
53.6 0.174601 0.459098
54 0.164923 0.430321
54.4 0.155635 0.402522
54.8 0.146739 0.375758
55.2 0.138237 0.350084
55.6 0.130127 0.325548
56 0.122408 0.302188
56.4 0.115075 0.280038
56.8 0.108126 0.259121
57.2 0.101553 0.239455
57.6 0.0953497 0.221045
58 0.0895079 0.203893
58.4 0.0840182 0.187989
58.8 0.0788699 0.173317
59.2 0.0740517 0.159852
59.6 0.069551 0.147562
60 0.0653546 0.13641
60.4 0.0614484 0.126351
60.8 0.0578178 0.117334
61.2 0.0544476 0.109307
61.6 0.0513221 0.102209
62 0.0484255 0.0959788
62.4 0.0457417 0.0905528
62.8 0.0432547 0.0858646
63.2 0.0409485 0.0818477
63.6 0.0388074 0.0784352
64 0.0368161 0.0755612
64.4 0.0349599 0.073161
64.8 0.0332246 0.071172
65.2 0.0315968 0.0695341
65.6 0.0300642 0.0681905
66 0.0286152 0.0670879
66.4 0.0272394 0.0661772
66.8 0.0259276 0.0654134
67.2 0.0246718 0.0647562
67.6 0.0234651 0.06417
68 0.0223019 0.0636238
68.4 0.0211782 0.0630918
68.8 0.0200908 0.0625527
69.2 0.0190381 0.0619899
69.6 0.0180194 0.0613914
70 0.0170352 0.0607493
70.4 0.016087 0.06006
70.8 0.0151774 0.0593233
71.2 0.0143094 0.0585424
71.6 0.0134869 0.0577235
72 0.0127144 0.0568755
72.4 0.0119965 0.0560094
72.8 0.0113382 0.0551378
73.2 0.0107445 0.0542749
73.6 0.0102203 0.0534358
74 0.00977026 0.0526359
74.4 0.00939863 0.0518911
74.8 0.00910914 0.051217
75.2 0.00890487 0.0506285
75.6 0.00878814 0.05014
76 0.00876042 0.0497643
76.4 0.00882224 0.0495133
76.8 0.00897316 0.049397
77.2 0.00921172 0.0494238
77.6 0.00953543 0.0496002
78 0.00994074 0.0499304
78.4 0.0104231 0.050417
78.8 0.0109771 0.05106
79.2 0.0115962 0.0518575
79.6 0.0122733 0.0528056
80 0.0130004 0.0538982
80.4 0.013769 0.0551273
80.8 0.0145699 0.0564831
81.2 0.0153939 0.057954
81.6 0.0162312 0.059527
82 0.0170722 0.0611877
82.4 0.0179071 0.0629206
82.8 0.0187265 0.0647091
83.2 0.0195212 0.066536
83.6 0.0202825 0.0683835
84 0.0210023 0.0702334
84.4 0.0216732 0.0720677
84.8 0.0222885 0.0738683
85.2 0.0228426 0.0756175
85.6 0.0233305 0.0772982
86 0.0237486 0.0788939
86.4 0.0240941 0.0803891
86.8 0.0243654 0.0817694
87.2 0.0245618 0.0830217
87.6 0.0246838 0.0841341
88 0.024733 0.0850962
88.4 0.024712 0.0858992
88.8 0.0246242 0.0865359
89.2 0.0244741 0.0870007
89.6 0.0242668 0.0872899
90 0.0240083 0.0874014
90.4 0.0237052 0.0873347
90.8 0.0233646 0.0870912
91.2 0.0229941 0.0866738
91.6 0.0226016 0.0860869
92 0.0221953 0.0853366
92.4 0.0217833 0.0844304
92.8 0.0213741 0.0833769
93.2 0.0209756 0.0821862
93.6 0.0205961 0.0808693
94 0.0202432 0.0794383
94.4 0.0199243 0.0779061
94.8 0.0196466 0.0762862
95.2 0.0194164 0.0745931
95.6 0.0192398 0.0728412
96 0.0191223 0.0710456
96.4 0.0190687 0.0692215
96.8 0.0190831 0.0673842
97.2 0.019169 0.0655489
97.6 0.0193294 0.0637306
98 0.0195663 0.0619442
98.4 0.0198815 0.0602039
98.8 0.0202757 0.0585237
99.2 0.0207491 0.0569168
99.6 0.0213016 0.0553958
100 0.021932 0.0539727
100.4 0.0226391 0.0526583
100.8 0.0234207 0.0514628
101.2 0.0242745 0.0503954
101.6 0.0251974 0.0494641
102 0.0261863 0.048676
102.4 0.0272373 0.048037
102.8 0.0283464 0.0475518
103.2 0.0295092 0.0472241
103.6 0.0307211 0.0470564
104 0.0319771 0.0470498
104.4 0.0332721 0.0472044
104.8 0.0346007 0.0475189
105.2 0.0359573 0.0479912
105.6 0.0373361 0.0486175
106 0.0387312 0.0493934
106.4 0.0401366 0.0503131
106.8 0.0415462 0.0513698
107.2 0.0429535 0.0525557
107.6 0.0443524 0.0538621
108 0.0457364 0.0552795
108.4 0.0470991 0.0567975
108.8 0.048434 0.058405
109.2 0.0497348 0.0600902
109.6 0.0509952 0.0618411
110 0.0522088 0.0636447
110.4 0.0533697 0.0654882
110.8 0.054472 0.0673581
111.2 0.05551 0.0692409
111.6 0.0564784 0.0711232
112 0.0573722 0.0729915
112.4 0.0581868 0.0748322
112.8 0.0589181 0.0766322
113.2 0.0595625 0.0783786
113.6 0.0601171 0.0800589
114 0.0605792 0.0816609
114.4 0.0609473 0.083173
114.8 0.0612203 0.0845843
115.2 0.061398 0.0858844
115.6 0.0614807 0.0870634
116 0.0614699 0.0881125
116.4 0.0613676 0.0890232
116.8 0.0611766 0.0897881
117.2 0.0609008 0.0904004
117.6 0.0605444 0.0908543
118 0.0601128 0.0911447
118.4 0.0596117 0.0912672
118.8 0.0590476 0.0912184
119.2 0.0584276 0.0909957
119.6 0.0577591 0.0905973
120 0.05705 0.0900224
120.4 0.0563084 0.0892707
120.8 0.0555426 0.0883431
121.2 0.054761 0.0872411
121.6 0.0539717 0.085967
122 0.0531831 0.084524
122.4 0.0524028 0.0829164
122.8 0.0516382 0.0811488
123.2 0.0508964 0.079227
123.6 0.0501835 0.0771575
124 0.049505 0.0749476
124.4 0.0488658 0.0726055
124.8 0.0482698 0.0701401
125.2 0.0477198 0.067561
125.6 0.047218 0.0648787
126 0.0467652 0.0621042
126.4 0.0463615 0.0592493
126.8 0.0460058 0.0563265
127.2 0.0456961 0.0533487
127.6 0.0454294 0.0503292
128 0.045202 0.0472819
128.4 0.0450091 0.0442209
128.8 0.0448452 0.0411605
129.2 0.0447042 0.0381152
129.6 0.0445796 0.0350994
130 0.0444643 0.0321274
130.4 0.0443508 0.0292132
130.8 0.0442315 0.0263704
131.2 0.0440987 0.0236121
131.6 0.043945 0.0209508
132 0.0437627 0.018398
132.4 0.0435447 0.0159645
132.8 0.0432844 0.0136601
133.2 0.0429756 0.0114931
133.6 0.0426125 0.00947094
134 0.0421903 0.00759956
134.4 0.0417048 0.00588352
134.8 0.0411528 0.00432594
135.2 0.0405318 0.00292845
135.6 0.0398403 0.0016912
136 0.0390776 0.000612841
136.4 0.038244 -0.000309429
136.8 0.0373407 -0.00107983
137.2 0.0363698 -0.00170391
137.6 0.0353342 -0.00218848
138 0.0342376 -0.00254152
138.4 0.0330844 -0.002772
138.8 0.0318798 -0.00288981
139.2 0.0306292 -0.00290558
139.6 0.0293389 -0.00283051
140 0.0280154 -0.00267624
140.4 0.0266655 -0.00245465
140.8 0.0252962 -0.00217772
141.2 0.0239148 -0.00185731
141.6 0.0225283 -0.00150508
142 0.0211438 -0.00113226
142.4 0.0197684 -0.000749537
142.8 0.0184087 -0.000366929
143.2 0.0170712 6.34463e-06
143.6 0.0157619 0.000361955
144 0.0144864 0.000692551
144.4 0.0132499 0.000991817
144.8 0.0120569 0.00125452
145.2 0.0109116 0.00147653
145.6 0.00981738 0.00165481
146 0.00877723 0.00178743
146.4 0.00779346 0.00187351
146.8 0.00686779 0.00191315
147.2 0.0060014 0.00190741
147.6 0.00519488 0.00185818
148 0.00444832 0.00176812
148.4 0.00376129 0.00164053
148.8 0.00313289 0.00147927
149.2 0.00256181 0.00128863
149.6 0.00204636 0.00107323
150 0.00158449 0.000837854
150.4 0.00117389 0.00058742
150.8 0.000811991 0.000326812
151.2 0.000496028 6.08002e-05
151.6 0.000223094 -0.000206047
152 -9.82037e-06 -0.000469449
152.4 -0.000205784 -0.000725477
152.8 -0.000367881 -0.000970616
153.2 -0.000499177 -0.0012018
153.6 -0.000602677 -0.00141647
154 -0.000681304 -0.00161253
154.4 -0.000737864 -0.00178844
154.8 -0.000775026 -0.00194314
155.2 -0.000795302 -0.00207605
155.6 -0.000801035 -0.00218707
156 -0.000794384 -0.0022765
156.4 -0.000777321 -0.00234505
156.8 -0.000751626 -0.00239373
157.2 -0.00071889 -0.00242385
157.6 -0.000680517 -0.00243694
158 -0.00063773 -0.00243469
158.4 -0.000591583 -0.00241891
158.8 -0.000542973 -0.00239147
159.2 -0.000492648 -0.00235424
159.6 -0.00044123 -0.00230906
160 -0.000389224 -0.00225767
160.4 -0.000337037 -0.00220171
160.8 -0.000284993 -0.00214267
161.2 -0.000233349 -0.00208186
161.6 -0.000182312 -0.00202041
162 -0.000132051 -0.00195925
162.4 -8.27111e-05 -0.00189913
162.8 -3.44229e-05 -0.00184057
163.2 1.26848e-05 -0.00178393
163.6 5.84794e-05 -0.00172938
164 0.000102817 -0.00167695
164.4 0.000145541 -0.00162651
164.8 0.000186477 -0.00157785
165.2 0.000225434 -0.00153064
165.6 0.000262206 -0.00148452
166 0.000296575 -0.00143906
166.4 0.000328314 -0.00139386
166.8 0.000357197 -0.0013485
167.2 0.000382997 -0.00130261
167.6 0.000405501 -0.00125588
168 0.000424514 -0.00120804
168.4 0.000439864 -0.00115893
168.8 0.000451412 -0.00110845
169.2 0.000459056 -0.00105663
169.6 0.000462737 -0.00100354
170 0.000462444 -0.000949391
170.4 0.000458216 -0.00089444
170.8 0.000450145 -0.000839034
171.2 0.000438375 -0.000783578
171.6 0.000423103 -0.000728527
172 0.000404574 -0.000674363
172.4 0.00038308 -0.000621586
172.8 0.000358951 -0.000570692
173.2 0.000332553 -0.000522157
173.6 0.000304277 -0.000476416
174 0.000274535 -0.000433852
174.4 0.000243747 -0.000394778
174.8 0.000212335 -0.000359425
175.2 0.000180713 -0.000327926
175.6 0.000149279 -0.000300317
176 0.000118405 -0.00027652
176.4 8.84333e-05 -0.000256348
176.8 5.9666e-05 -0.000239499
177.2 3.23613e-05 -0.000225561
177.6 6.72899e-06 -0.00021402
178 -1.70722e-05 -0.00020426
178.4 -3.89361e-05 -0.000195581
178.8 -5.88095e-05 -0.000187209
179.2 -7.66899e-05 -0.000178311
179.6 -9.26233e-05 -0.00016801
180 -0.0001067 -0.000155407
180.4 -0.000119048 -0.000139597
180.8 -0.00012983 -0.000119689
181.2 -0.000139233 -9.48256e-05
181.6 -0.000147462 -6.42054e-05
182 -0.000154733 -2.70994e-05
182.4 -0.000161265 1.71292e-05
182.8 -0.000167271 6.90086e-05
183.2 -0.000172952 0.000128942
183.6 -0.00017849 0.000197196
184 -0.000184043 0.000273886
184.4 -0.000189739 0.000358971
184.8 -0.000195671 0.000452246
185.2 -0.000201901 0.000553337
185.6 -0.000208449 0.000661703
186 -0.000215303 0.000776639
186.4 -0.000222413 0.000897277
186.8 -0.000229697 0.0010226
187.2 -0.000237044 0.00115146
187.6 -0.00024432 0.00128256
188 -0.000251369 0.00141451
188.4 -0.000258026 0.00154585
188.8 -0.000264117 0.00167501
189.2 -0.000269467 0.0018004
189.6 -0.000273911 0.00192041
190 -0.000277294 0.00203343
190.4 -0.000279481 0.00213787
190.8 -0.000280362 0.00223222
191.2 -0.000279853 0.00231502
191.6 -0.000277904 0.00238495
192 -0.000274498 0.00244079
192.4 -0.000269656 0.00248149
192.8 -0.000263432 0.00250618
193.2 -0.000255918 0.00251416
193.6 -0.000247238 0.00250496
194 -0.000237546 0.00247831
194.4 -0.000227023 0.00243418
194.8 -0.00021587 0.00237277
195.2 -0.000204305 0.0022945
195.6 -0.000192557 0.00220004
196 -0.000180858 0.00209027
196.4 -0.000169438 0.0019663
196.8 -0.000158519 0.00182943
197.2 -0.000148308 0.00168115
197.6 -0.000138993 0.00152313
198 -0.000130737 0.00135714
198.4 -0.000123674 0.0011851
198.8 -0.000117905 0.00100901
199.2 -0.000113498 0.000830929
199.6 -0.000110483 0.000652934
200 -0.000108855 0.000477106
200.4 -0.000108573 0.000305489
200.8 -0.00010956 0.000140059
201.2 -0.000111708 -1.73033e-05
201.6 -0.00011488 -0.000164842
202 -0.000118913 -0.000300951
202.4 -0.000123625 -0.000424202
202.8 -0.000128818 -0.000533359
203.2 -0.000134284 -0.000627402
203.6 -0.00013981 -0.000705536
204 -0.000145183 -0.000767203
204.4 -0.000150198 -0.000812091
204.8 -0.000154658 -0.000840129
205.2 -0.000158384 -0.000851492
205.6 -0.000161217 -0.000846589
206 -0.000163019 -0.00082606
206.4 -0.00016368 -0.000790752
206.8 -0.000163116 -0.000741712
207.2 -0.000161276 -0.000680162
207.6 -0.000158135 -0.000607475
208 -0.000153702 -0.000525152
208.4 -0.000148012 -0.000434798
208.8 -0.000141129 -0.000338087
209.2 -0.000133142 -0.00023674
209.6 -0.000124164 -0.000132494
210 -0.000114328 -2.70728e-05
210.4 -0.000103782 7.78385e-05
210.8 -9.2689e-05 0.000180622
211.2 -8.12196e-05 0.000279748
211.6 -6.95512e-05 0.000373801
212 -5.78626e-05 0.000461495
212.4 -4.63309e-05 0.000541694
212.8 -3.51281e-05 0.000613422
213.2 -2.44178e-05 0.000675877
213.6 -1.43528e-05 0.000728434
214 -5.07211e-06 0.000770652
214.4 3.30072e-06 0.000802273
214.8 1.06595e-05 0.000823219
215.2 1.69168e-05 0.000833586
215.6 2.20043e-05 0.000833635
216 2.5874e-05 0.00082378
216.4 2.84981e-05 0.000804577
216.8 2.98684e-05 0.000776705
217.2 2.99966e-05 0.000740949
217.6 2.89128e-05 0.000698185
218 2.6665e-05 0.000649356
218.4 2.33176e-05 0.000595454
218.8 1.89503e-05 0.0005375
219.2 1.36562e-05 0.000476527
219.6 7.54065e-06 0.000413556
220 7.19288e-07 0.000349582
220.4 -6.6837e-06 0.000285557
220.8 -1.45373e-05 0.000222374
221.2 -2.27056e-05 0.000160854
221.6 -3.10493e-05 0.000101734
222 -3.9428e-05 4.56624e-05
222.4 -4.77016e-05 -6.8156e-06
222.8 -5.57321e-05 -5.5256e-05
223.2 -6.33857e-05 -9.93217e-05
223.6 -7.05339e-05 -0.000138782
224 -7.70557e-05 -0.000173511
224.4 -8.28386e-05 -0.000203484
224.8 -8.77804e-05 -0.000228771
225.2 -9.17907e-05 -0.000249531
225.6 -9.47915e-05 -0.000266003
226 -9.67188e-05 -0.000278494
226.4 -9.75236e-05 -0.000287373
226.8 -9.71721e-05 -0.000293056
227.2 -9.56467e-05 -0.000295994
227.6 -9.29462e-05 -0.000296664
228 -8.90858e-05 -0.000295555
228.4 -8.40971e-05 -0.000293157
228.8 -7.80275e-05 -0.000289949
229.2 -7.09395e-05 -0.000286391
229.6 -6.29102e-05 -0.000282915
230 -5.40295e-05 -0.000279912
230.4 -4.43992e-05 -0.000277729
230.8 -3.4131e-05 -0.000276665
231.2 -2.33449e-05 -0.000276962
231.6 -1.21672e-05 -0.000278803
232 -7.28456e-07 -0.000282315
232.4 1.0839e-05 -0.000287562
232.8 2.24029e-05 -0.000294551
233.2 3.38335e-05 -0.000303232
233.6 4.50057e-05 -0.000313502
234 5.58009e-05 -0.000325212
234.4 6.61093e-05 -0.000338168
234.8 7.58311e-05 -0.000352139
235.2 8.48784e-05 -0.000366866
235.6 9.31764e-05 -0.000382066
236 0.000100664 -0.000397441
236.4 0.000107295 -0.000412686
236.8 0.000113037 -0.000427493
237.2 0.000117875 -0.000441564
237.6 0.000121805 -0.000454612
238 0.00012484 -0.00046637
238.4 0.000127004 -0.000476596
238.8 0.000128334 -0.000485078
239.2 0.000128877 -0.000491637
239.6 0.000128689 -0.000496132
240 0.000127834 -0.00049846
240.4 0.00012638 -0.000498558
240.8 0.0001244 -0.000496403
241.2 0.000121968 -0.000492012
241.6 0.000119159 -0.00048544
242 0.000116046 -0.000476776
242.4 0.000112698 -0.000466146
242.8 0.000109183 -0.000453699
243.2 0.000105561 -0.000439614
243.6 0.000101886 -0.000424089
244 9.8205e-05 -0.000407336
244.4 9.45584e-05 -0.000389579
244.8 9.09786e-05 -0.000371048
245.2 8.74906e-05 -0.000351974
245.6 8.41121e-05 -0.000332583
246 8.08542e-05 -0.000313095
246.4 7.77217e-05 -0.000293717
246.8 7.4714e-05 -0.00027464
247.2 7.18262e-05 -0.000256037
247.6 6.90496e-05 -0.000238061
248 6.63729e-05 -0.000220841
248.4 6.37832e-05 -0.000204486
248.8 6.12669e-05 -0.000189076
249.2 5.88104e-05 -0.00017467
249.6 5.6401e-05 -0.000161305
250 5.40277e-05 -0.000148992
250.4 5.16815e-05 -0.000137726
250.8 4.93558e-05 -0.000127479
251.2 4.70469e-05 -0.000118212
251.6 4.47537e-05 -0.000109868
252 4.24781e-05 -0.000102382
252.4 4.02245e-05 -9.56798e-05
252.8 3.79997e-05 -8.96832e-05
253.2 3.58125e-05 -8.43107e-05
253.6 3.36732e-05 -7.94812e-05
254 3.1593e-05 -7.5116e-05
254.4 2.95837e-05 -7.11412e-05
254.8 2.76571e-05 -6.74888e-05
255.2 2.58244e-05 -6.40987e-05
255.6 2.40954e-05 -6.09194e-05
256 2.24789e-05 -5.79089e-05
256.4 2.09814e-05 -5.50347e-05
256.8 1.96074e-05 -5.2274e-05
257.2 1.83589e-05 -4.96132e-05
257.6 1.72357e-05 -4.70474e-05
258 1.62348e-05 -4.45793e-05
258.4 1.53509e-05 -4.22181e-05
258.8 1.45764e-05 -3.99784e-05
259.2 1.39017e-05 -3.78784e-05
259.6 1.33155e-05 -3.59393e-05
260 1.28051e-05 -3.41829e-05
260.4 1.23568e-05 -3.26309e-05
260.8 1.19561e-05 -3.13035e-05
261.2 1.15885e-05 -3.02182e-05
261.6 1.12396e-05 -2.93888e-05
262 1.08955e-05 -2.88249e-05
262.4 1.05431e-05 -2.85309e-05
262.8 1.01703e-05 -2.8506e-05
263.2 9.76665e-06 -2.87442e-05
263.6 9.32278e-06 -2.92339e-05
264 8.83108e-06 -2.99588e-05
264.4 8.28548e-06 -3.08978e-05
264.8 7.68151e-06 -3.20262e-05
265.2 7.01617e-06 -3.33158e-05
265.6 6.28788e-06 -3.47363e-05
266 5.49628e-06 -3.6256e-05
266.4 4.64209e-06 -3.78427e-05
266.8 3.72693e-06 -3.94646e-05
267.2 2.75311e-06 -4.10909e-05
267.6 1.72349e-06 -4.26932e-05
268 6.4128e-07 -4.42457e-05
268.4 -4.90045e-07 -4.57256e-05
268.8 -1.66689e-06 -4.71142e-05
269.2 -2.88558e-06 -4.83965e-05
269.6 -4.14242e-06 -4.95614e-05
270 -5.43365e-06 -5.06023e-05
270.4 -6.75544e-06 -5.1516e-05
270.8 -8.1038e-06 -5.23032e-05
271.2 -9.47448e-06 -5.29676e-05
271.6 -1.08629e-05 -5.35154e-05
272 -1.22639e-05 -5.39552e-05
272.4 -1.36718e-05 -5.42967e-05
272.8 -1.50801e-05 -5.45505e-05
273.2 -1.64816e-05 -5.47274e-05
273.6 -1.78681e-05 -5.48377e-05
274 -1.92305e-05 -5.48906e-05
274.4 -2.05587e-05 -5.48937e-05
274.8 -2.18418e-05 -5.48528e-05
275.2 -2.3068e-05 -5.47714e-05
275.6 -2.4225e-05 -5.46505e-05
276 -2.52997e-05 -5.44887e-05
276.4 -2.62791e-05 -5.4282e-05
276.8 -2.71499e-05 -5.4024e-05
277.2 -2.78992e-05 -5.37063e-05
277.6 -2.85147e-05 -5.33188e-05
278 -2.89849e-05 -5.28497e-05
278.4 -2.92995e-05 -5.22867e-05
278.8 -2.94499e-05 -5.16168e-05
279.2 -2.94291e-05 -5.08275e-05
279.6 -2.92321e-05 -4.99066e-05
280 -2.88563e-05 -4.88434e-05
280.4 -2.83013e-05 -4.76286e-05
280.8 -2.75693e-05 -4.62554e-05
281.2 -2.66652e-05 -4.47191e-05
281.6 -2.55961e-05 -4.3018e-05
282 -2.43718e-05 -4.11532e-05
282.4 -2.30042e-05 -3.91291e-05
282.8 -2.15074e-05 -3.69529e-05
283.2 -1.98974e-05 -3.46352e-05
283.6 -1.81915e-05 -3.2189e-05
284 -1.64084e-05 -2.96304e-05
284.4 -1.45677e-05 -2.69774e-05
284.8 -1.26892e-05 -2.42504e-05
285.2 -1.07931e-05 -2.1471e-05
285.6 -8.89922e-06 -1.86621e-05
286 -7.02666e-06 -1.58472e-05
286.4 -5.19365e-06 -1.305e-05
286.8 -3.41717e-06 -1.02941e-05
287.2 -1.71266e-06 -7.60234e-06
287.6 -9.39013e-08 -4.99657e-06
288 1.42722e-06 -2.49732e-06
288.4 2.84077e-06 -1.23498e-07
288.8 4.13882e-06 2.10784e-06
289.2 5.31543e-06 4.18164e-06
289.6 6.36664e-06 6.08492e-06
290 7.29035e-06 7.80689e-06
290.4 8.08619e-06 9.33883e-06
290.8 8.75537e-06 1.06741e-05
291.2 9.30048e-06 1.18081e-05
291.6 9.72536e-06 1.27379e-05
292 1.00348e-05 1.34623e-05
292.4 1.02345e-05 1.39817e-05
292.8 1.03306e-05 1.42976e-05
293.2 1.03299e-05 1.44128e-05
293.6 1.02393e-05 1.43309e-05
294 1.00661e-05 1.40566e-05
294.4 9.81748e-06 1.35949e-05
294.8 9.5006e-06 1.29516e-05
295.2 9.12262e-06 1.2133e-05
295.6 8.69057e-06 1.11458e-05
296 8.21138e-06 9.99719e-06
296.4 7.69186e-06 8.6947e-06
296.8 7.13875e-06 7.24644e-06
297.2 6.55873e-06 5.66097e-06
297.6 5.95846e-06 3.94744e-06
298 5.34462e-06 2.11562e-06
298.4 4.72388e-06 1.75916e-07
298.8 4.10296e-06 -1.86052e-06
299.2 3.4886e-06 -3.98179e-06
299.6 2.88754e-06 -6.17528e-06
300 2.30646e-06 -8.4276e-06
300.4 1.75192e-06 -1.07247e-05
300.8 1.23029e-06 -1.30519e-05
301.2 7.4762e-07 -1.53939e-05
301.6 3.09549e-07 -1.77353e-05
302 -7.88258e-08 -2.006e-05
302.4 -4.13079e-07 -2.23523e-05
302.8 -6.89582e-07 -2.45964e-05
303.2 -9.05622e-07 -2.67769e-05
303.6 -1.05951e-06 -2.88788e-05
304 -1.15066e-06 -3.08882e-05
304.4 -1.17967e-06 -3.27918e-05
304.8 -1.14832e-06 -3.45777e-05
305.2 -1.05964e-06 -3.62352e-05
305.6 -9.17814e-07 -3.77552e-05
306 -7.28136e-07 -3.91301e-05
306.4 -4.96927e-07 -4.03538e-05
306.8 -2.31384e-07 -4.14221e-05
307.2 6.05796e-08 -4.23323e-05
307.6 3.70524e-07 -4.30836e-05
308 6.89692e-07 -4.36763e-05
308.4 1.00924e-06 -4.41126e-05
308.8 1.32045e-06 -4.43957e-05
309.2 1.61499e-06 -4.453e-05
309.6 1.88511e-06 -4.45208e-05
310 2.12388e-06 -4.43743e-05
310.4 2.32534e-06 -4.40969e-05
310.8 2.48469e-06 -4.36956e-05
311.2 2.5984e-06 -4.31774e-05
311.6 2.66429e-06 -4.25493e-05
312 2.68158e-06 -4.1818e-05
312.4 2.65087e-06 -4.099e-05
312.8 2.57415e-06 -4.00712e-05
313.2 2.45464e-06 -3.90671e-05
313.6 2.29673e-06 -3.79824e-05
314 2.10579e-06 -3.68217e-05
314.4 1.88796e-06 -3.55886e-05
314.8 1.65001e-06 -3.42865e-05
315.2 1.39903e-06 -3.29184e-05
315.6 1.14224e-06 -3.14871e-05
316 8.86766e-07 -2.9995e-05
316.4 6.39385e-07 -2.84449e-05
316.8 4.0633e-07 -2.68395e-05
317.2 1.93102e-07 -2.51818e-05
317.6 4.31349e-09 -2.34755e-05
318 -1.56437e-07 -2.17246e-05
318.4 -2.8665e-07 -1.9934e-05
318.8 -3.84971e-07 -1.81091e-05
319.2 -4.51194e-07 -1.62563e-05
319.6 -4.86224e-07 -1.43829e-05
320 -4.9201e-07 -1.2497e-05
320.4 -4.71429e-07 -1.06073e-05
320.8 -4.2815e-07 -8.72355e-06
321.2 -3.66471e-07 -6.85597e-06
321.6 -2.9114e-07 -5.01533e-06
322 -2.07161e-07 -3.21279e-06
322.4 -1.196e-07 -1.45972e-06
322.8 -3.33912e-08 2.32469e-07
323.2 4.68374e-08 1.85251e-06
323.6 1.16932e-07 3.38946e-06
324 1.73351e-07 4.83288e-06
324.4 2.13276e-07 6.17304e-06
324.8 2.34695e-07 7.40102e-06
325.2 2.36444e-07 8.50892e-06
325.6 2.18225e-07 9.48992e-06
326 1.80579e-07 1.03384e-05
326.4 1.24835e-07 1.10502e-05
326.8 5.30205e-08 1.16221e-05
327.2 -3.22427e-08 1.20527e-05
327.6 -1.27874e-07 1.23417e-05
328 -2.30479e-07 1.249e-05
328.4 -3.36502e-07 1.25002e-05
328.8 -4.42386e-07 1.23757e-05
329.2 -5.44723e-07 1.21213e-05
329.6 -6.40403e-07 1.17428e-05
330 -7.26733e-07 1.12469e-05
330.4 -8.01554e-07 1.06411e-05
330.8 -8.63316e-07 9.93391e-06
331.2 -9.11139e-07 9.13419e-06
331.6 -9.44838e-07 8.25154e-06
332 -9.64918e-07 7.29596e-06
332.4 -9.72547e-07 6.27786e-06
332.8 -9.69489e-07 5.20795e-06
333.2 -9.58028e-07 4.09718e-06
333.6 -9.40859e-07 2.95669e-06
334 -9.20969e-07 1.79776e-06
334.4 -9.01506e-07 6.31746e-07
334.8 -8.85641e-07 -5.29941e-07
335.2 -8.76433e-07 -1.6759e-06
335.6 -8.767e-07 -2.79478e-06
336 -8.88893e-07 -3.87533e-06
336.4 -9.15004e-07 -4.90644e-06
336.8 -9.5647e-07 -5.87722e-06
337.2 -1.01412e-06 -6.77708e-06
337.6 -1.08815e-06 -7.5958e-06
338 -1.17808e-06 -8.32363e-06
338.4 -1.28281e-06 -8.95139e-06
338.8 -1.40066e-06 -9.47056e-06
339.2 -1.52941e-06 -9.87344e-06
339.6 -1.6664e-06 -1.01533e-05
340 -1.80866e-06 -1.03043e-05
340.4 -1.95299e-06 -1.03219e-05
340.8 -2.09611e-06 -1.0203e-05
341.2 -2.23476e-06 -9.94546e-06
341.6 -2.36586e-06 -9.54903e-06
342 -2.4866e-06 -9.01487e-06
342.4 -2.59455e-06 -8.34575e-06
342.8 -2.68777e-06 -7.54614e-06
343.2 -2.76482e-06 -6.62214e-06
343.6 -2.82486e-06 -5.58151e-06
344 -2.86766e-06 -4.43356e-06
344.4 -2.89358e-06 -3.18912e-06
344.8 -2.90356e-06 -1.86039e-06
345.2 -2.89904e-06 -4.60812e-07
345.6 -2.88194e-06 9.95117e-07
346 -2.85451e-06 2.49204e-06
346.4 -2.81927e-06 4.01394e-06
346.8 -2.77891e-06 5.54441e-06
347.2 -2.73612e-06 7.06687e-06
347.6 -2.69352e-06 8.56483e-06
348 -2.65353e-06 1.00221e-05
348.4 -2.6183e-06 1.14232e-05
348.8 -2.58957e-06 1.27534e-05
349.2 -2.56863e-06 1.39991e-05
349.6 -2.5563e-06 1.51477e-05
350 -2.55284e-06 1.61885e-05
350.4 -2.55799e-06 1.7112e-05
350.8 -2.57097e-06 1.79106e-05
351.2 -2.59054e-06 1.85785e-05
351.6 -2.61505e-06 1.91118e-05
352 -2.64251e-06 1.95085e-05
352.4 -2.67069e-06 1.97683e-05
352.8 -2.69724e-06 1.98929e-05
353.2 -2.7198e-06 1.98857e-05
353.6 -2.73607e-06 1.97519e-05
354 -2.74397e-06 1.9498e-05
354.4 -2.74174e-06 1.91319e-05
354.8 -2.728e-06 1.8663e-05
355.2 -2.70182e-06 1.81014e-05
355.6 -2.66283e-06 1.74582e-05
356 -2.6112e-06 1.67452e-05
356.4 -2.54767e-06 1.59745e-05
356.8 -2.47353e-06 1.51587e-05
357.2 -2.39062e-06 1.43104e-05
357.6 -2.30121e-06 1.3442e-05
358 -2.20799e-06 1.25659e-05
358.4 -2.11391e-06 1.1694e-05
358.8 -2.02213e-06 1.08376e-05
359.2 -1.93588e-06 1.00077e-05
359.6 -1.85833e-06 9.21411e-06
360 -1.79245e-06 8.46619e-06
360.4 -1.74096e-06 7.77227e-06
360.8 -1.70614e-06 7.13975e-06
361.2 -1.6898e-06 6.57505e-06
361.6 -1.69315e-06 6.08357e-06
362 -1.71677e-06 5.66968e-06
362.4 -1.76059e-06 5.33667e-06
362.8 -1.82383e-06 5.0868e-06
363.2 -1.90503e-06 4.92124e-06
363.6 -2.00213e-06 4.84014e-06
364 -2.11247e-06 4.84261e-06
364.4 -2.23288e-06 4.92674e-06
364.8 -2.3598e-06 5.08966e-06
365.2 -2.48939e-06 5.32751e-06
365.6 -2.61761e-06 5.63555e-06
366 -2.74042e-06 6.00817e-06
366.4 -2.85384e-06 6.43894e-06
366.8 -2.9541e-06 6.92069e-06
367.2 -3.03777e-06 7.44558e-06
367.6 -3.10185e-06 8.00515e-06
368 -3.14389e-06 8.59045e-06
368.4 -3.162e-06 9.19212e-06
368.8 -3.15498e-06 9.8005e-06
369.2 -3.12228e-06 1.04057e-05
369.6 -3.06405e-06 1.09979e-05
370 -2.98111e-06 1.15672e-05
370.4 -2.87491e-06 1.21039e-05
370.8 -2.74747e-06 1.25988e-05
371.2 -2.60131e-06 1.30429e-05
371.6 -2.43934e-06 1.34281e-05
372 -2.26479e-06 1.37468e-05
372.4 -2.08109e-06 1.39925e-05
372.8 -1.89174e-06 1.41592e-05
373.2 -1.70022e-06 1.42425e-05
373.6 -1.50988e-06 1.42387e-05
374 -1.32385e-06 1.41456e-05
374.4 -1.14492e-06 1.39619e-05
374.8 -9.75545e-07 1.36878e-05
375.2 -8.17708e-07 1.33247e-05
375.6 -6.72943e-07 1.28751e-05
376 -5.42296e-07 1.23428e-05
376.4 -4.26334e-07 1.17326e-05
376.8 -3.25166e-07 1.10504e-05
377.2 -2.38479e-07 1.0303e-05
377.6 -1.6559e-07 9.49777e-06
378 -1.05508e-07 8.64305e-06
378.4 -5.70097e-08 7.74745e-06
378.8 -1.87101e-08 6.82e-06
379.2 1.08538e-08 5.86991e-06
379.6 3.31483e-08 4.90642e-06
380 4.95704e-08 3.93866e-06
380.4 6.1383e-08 2.9755e-06
380.8 6.96614e-08 2.0254e-06
381.2 7.52505e-08 1.09632e-06
381.6 7.87377e-08 1.95596e-07
382 8.04387e-08 -6.70143e-07
382.4 8.03993e-08 -1.49505e-06
382.8 7.8411e-08 -2.27411e-06
383.2 7.40399e-08 -3.00317e-06
383.6 6.66679e-08 -3.67894e-06
384 5.55423e-08 -4.29902e-06
384.4 3.98333e-08 -4.86184e-06
384.8 1.86957e-08 -5.36663e-06
385.2 -8.66877e-09 -5.8134e-06
385.6 -4.295e-08 -6.20285e-06
386 -8.4673e-08 -6.5363e-06
386.4 -1.34149e-07 -6.81562e-06
386.8 -1.91434e-07 -7.04315e-06
387.2 -2.56304e-07 -7.22164e-06
387.6 -3.28234e-07 -7.35412e-06
388 -4.06402e-07 -7.44386e-06
388.4 -4.89696e-07 -7.49432e-06
388.8 -5.76743e-07 -7.50902e-06
389.2 -6.65944e-07 -7.49153e-06
389.6 -7.55526e-07 -7.44542e-06
390 -8.43598e-07 -7.37419e-06
390.4 -9.28217e-07 -7.28126e-06
390.8 -1.00746e-06 -7.16992e-06
391.2 -1.07948e-06 -7.04333e-06
391.6 -1.14261e-06 -6.9045e-06
392 -1.19537e-06 -6.75628e-06
392.4 -1.23657e-06 -6.60135e-06
392.8 -1.26537e-06 -6.44223e-06
393.2 -1.28125e-06 -6.28126e-06
393.6 -1.28408e-06 -6.12062e-06
394 -1.27415e-06 -5.96232e-06
394.4 -1.25209e-06 -5.80818e-06
394.8 -1.21892e-06 -5.65987e-06
395.2 -1.17597e-06 -5.51887e-06
395.6 -1.12486e-06 -5.38645e-06
396 -1.06744e-06 -5.26371e-06
396.4 -1.00569e-06 -5.15153e-06
396.8 -9.41691e-07 -5.05056e-06
397.2 -8.77515e-07 -4.96123e-06
397.6 -8.15174e-07 -4.88371e-06
398 -7.56533e-07 -4.81793e-06
398.4 -7.03246e-07 -4.76357e-06
398.8 -6.56694e-07 -4.72002e-06
399.2 -6.17941e-07 -4.68645e-06
399.6 -5.87694e-07 -4.66174e-06
400 -5.66282e-07 -4.64456e-06
