-0.498 0.000431111 -0.000143248
-0.496 0.000971713 -0.000108716
-0.494 0.000391516 0.000625658
-0.492 -0.00253976 0.00233347
-0.49 -0.00888833 0.00506097
-0.488 -0.0194065 0.0086905
-0.486 -0.0344046 0.0130337
-0.484 -0.0536513 0.0179379
-0.482 -0.0763049 0.0233877
-0.48 -0.100882 0.0295828
-0.478 -0.125266 0.0369777
-0.476 -0.146765 0.0462721
-0.474 -0.162215 0.0583514
-0.472 -0.168153 0.0741829
-0.47 -0.161041 0.0946817
-0.468 -0.137557 0.120567
-0.466 -0.0949357 0.152234
-0.464 -0.0313508 0.18965
-0.462 0.0536922 0.232314
-0.46 0.15898 0.279256
-0.458 0.281272 0.329104
-0.456 0.415084 0.380196
-0.454 0.552607 0.430723
-0.452 0.683818 0.478902
-0.45 0.79679 0.523143
-0.448 0.878235 0.562215
-0.446 0.914262 0.595374
-0.444 0.891341 0.622449
-0.442 0.797417 0.643865
-0.44 0.623112 0.660582
-0.438 0.362941 0.67394
-0.436 0.0164315 0.685413
-0.434 -0.410952 0.696278
-0.432 -0.907175 0.707235
-0.43 -1.4534 0.71802
-0.428 -2.0242 0.727095
-0.426 -2.58839 0.731463
-0.424 -3.11026 0.726692
-0.422 -3.5515 0.707178
-0.42 -3.87347 0.666662
-0.418 -4.03995 0.598968
-0.416 -4.02002 0.498892
-0.414 -3.791 0.363126
-0.412 -3.3412 0.191112
-0.41 -2.67219 -0.0142893
-0.408 -1.80041 -0.246425
-0.406 -0.757887 -0.494803
-0.404 0.408167 -0.745409
-0.402 1.63688 -0.981351
-0.4 2.85653 -1.18379
-0.398 3.98839 -1.33309
-0.396 4.95165 -1.41014
-0.394 5.66888 -1.39776
-0.392 6.07189 -1.28217
-0.39 6.10747 -1.05444
-0.388 5.74259 -0.711886
-0.386 4.9686 -0.259237
-0.384 3.80406 0.290413
-0.382 2.29597 0.915184
-0.38 0.519007 1.58456
-0.378 -1.42716 2.26032
-0.376 -3.42251 2.89825
-0.374 -5.33304 3.45078
-0.372 -7.0187 3.87019
-0.37 -8.34231 4.11245
-0.368 -9.17907 4.14104
-0.366 -9.42599 3.93068
-0.364 -9.0107 3.47039
-0.362 -7.89891 2.7656
-0.36 -6.09984 1.83913
-0.358 -3.66929 0.730735
-0.356 -0.709609 -0.504524
-0.354 2.63337 -1.79924
-0.352 6.17676 -3.07758
-0.35 9.71 -4.26004
-0.348 13.007 -5.26858
-0.346 15.8398 -6.03208
-0.344 17.9943 -6.49154
-0.342 19.2845 -6.60501
-0.34 19.5674 -6.35166
-0.338 18.7548 -5.73488
-0.336 16.8223 -4.784
-0.334 13.8146 -3.55444
-0.332 9.84667 -2.12596
-0.33 5.09973 -0.599071
-0.328 -0.186704 0.910407
-0.326 -5.72731 2.2784
-0.324 -11.2069 3.38077
-0.322 -16.299 4.1021
-0.32 -20.6861 4.34444
-0.318 -24.08 4.0353
-0.316 -26.2417 3.13422
-0.314 -26.9981 1.63757
-0.312 -26.2567 -0.418994
-0.31 -24.014 -2.96049
-0.308 -20.3605 -5.87502
-0.306 -15.4783 -9.0187
-0.304 -9.63355 -12.2227
-0.302 -3.16329 -15.3022
-0.3 3.5432 -18.0672
-0.298 10.067 -20.3335
-0.296 15.985 -21.9353
-0.294 20.8963 -22.7367
-0.292 24.4491 -22.6422
-0.29 26.3643 -21.6058
-0.288 26.4557 -19.6365
-0.286 24.6459 -16.8013
-0.284 20.9737 -13.2236
-0.282 15.5967 -9.07818
-0.28 8.78382 -4.5814
-0.278 0.902725 0.0207353
-0.276 -7.60124 4.46747
-0.274 -16.2307 8.4992
-0.272 -24.4665 11.8734
-0.27 -31.7994 14.3792
-0.268 -37.7624 15.8508
-0.266 -41.9604 16.1769
-0.264 -44.0961 15.3083
-0.262 -43.9891 13.2615
-0.26 -41.5887 10.1197
-0.258 -36.9773 6.02962
-0.256 -30.3665 1.19615
-0.254 -22.0841 -4.12652
-0.252 -12.5542 -9.6465
-0.25 -2.27145 -15.0483
-0.248 8.2289 -20.0089
-0.246 18.4037 -24.2158
-0.244 27.7344 -27.3846
-0.242 35.758 -29.2767
-0.24 42.0947 -29.7151
-0.238 46.47 -28.5961
-0.236 48.7306 -25.8982
-0.234 48.8519 -21.6847
-0.232 46.9389 -16.1012
-0.23 43.2171 -9.36875
-0.228 38.0164 -1.7714
-0.226 31.748 6.35903
-0.224 24.8756 14.6606
-0.222 17.8825 22.76
-0.22 11.2378 30.2908
-0.218 5.36317 36.9108
-0.216 0.603646 42.3171
-0.214 -2.7964 46.2596
-0.212 -4.70912 48.5503
-0.21 -5.13019 49.0711
-0.208 -4.17616 47.7784
-0.206 -2.07246 44.7039
-0.204 0.866865 39.9534
-0.202 4.26595 33.7026
-0.2 7.71828 26.1895
-0.198 10.8195 17.7056
-0.196 13.1995 8.58352
-0.194 14.551 -0.816172
-0.192 14.6536 -10.1193
-0.19 13.39 -18.9536
-0.188 10.7553 -26.9633
-0.186 6.85759 -33.8247
-0.184 1.91117 -39.2589
-0.182 -3.77851 -43.0442
-0.18 -9.83572 -45.0261
-0.178 -15.8405 -45.1241
-0.176 -21.3584 -43.3364
-0.174 -25.9712 -39.74
-0.172 -29.3083 -34.4882
-0.17 -31.075 -27.804
-0.168 -31.0769 -19.9706
-0.166 -29.2388 -11.319
-0.164 -25.6149 -2.2141
-0.162 -20.3914 6.96026
-0.16 -13.8789 15.8166
-0.158 -6.49527 23.9789
-0.156 1.25956 31.0967
-0.154 8.83726 36.8587
-0.152 15.6791 41.0052
-0.15 21.2571 43.3399
-0.148 25.1136 43.7405
-0.146 26.8983 42.1684
-0.144 26.398 38.6759
-0.142 23.5569 33.4118
-0.14 18.4866 26.6215
-0.138 11.4641 18.6433
-0.136 2.9179 9.8979
-0.134 -6.59739 0.871242
-0.132 -16.4352 -7.90877
-0.13 -25.8984 -15.9009
-0.128 -34.2853 -22.5824
-0.126 -40.9353 -27.482
-0.124 -45.274 -30.2109
-0.122 -46.8517 -30.4898
-0.12 -45.3758 -28.1692
-0.118 -40.7327 -23.243
-0.116 -33.0007 -15.8538
-0.114 -22.45 -6.28959
-0.112 -9.53387 5.02621
-0.11 5.13326 17.5519
-0.108 20.8057 30.6503
-0.106 36.6458 43.6172
-0.104 51.7696 55.7131
-0.102 65.2968 66.1993
-0.1 76.4021 74.3757
-0.098 84.3647 79.6196
-0.096 88.6142 81.4236
-0.094 88.768 79.4301
-0.092 84.6594 73.4605
-0.09 76.3534 63.5362
-0.088 64.1494 49.8891
-0.086 48.57 32.9603
-0.084 30.3359 13.3866
-0.082 10.3282 -8.02582
-0.08 -10.4594 -30.3382
-0.078 -30.9765 -52.5247
-0.076 -50.1766 -73.5239
-0.074 -67.0766 -92.2934
-0.072 -80.8136 -107.865
-0.07 -90.6943 -119.396
-0.068 -96.2329 -126.217
-0.066 -97.1776 -127.871
-0.064 -93.5222 -124.146
-0.062 -85.505 -115.091
-0.06 -73.5927 -101.027
-0.058 -58.4543 -82.532
-0.056 -40.9226 -60.4262
-0.054 -21.9487 -35.7269
-0.052 -2.55039 -9.59802
-0.05 16.2433 16.7149
-0.048 33.4473 41.9564
-0.046 48.173 64.9351
-0.044 59.6752 84.5934
-0.042 67.3908 100.069
-0.04 70.9671 110.739
-0.038 70.2784 116.254
-0.036 65.4306 116.543
-0.034 56.7537 111.815
-0.032 44.7826 102.532
-0.03 30.2279 89.3768
-0.028 13.9373 73.2149
-0.026 -3.14975 55.0416
-0.024 -20.0524 35.9327
-0.022 -35.801 16.9899
-0.02 -49.4901 -0.714686
-0.018 -60.3276 -16.1933
-0.016 -67.6792 -28.5967
-0.014 -71.1041 -37.2648
-0.012 -70.3814 -41.7708
-0.01 -65.5246 -41.9555
-0.008 -56.7824 -37.9472
-0.006 -44.6278 -30.163
-0.004 -29.7322 -19.2886
-0.002 -12.9284 -6.23622
0 4.8373 7.9182
0.002 22.5608 22.0133
0.004 39.2391 34.889
0.006 53.9302 45.473
0.008 65.8078 52.8595
0.01 74.2091 56.3708
0.012 78.6717 55.6001
0.014 78.9583 50.4309
0.016 75.0676 41.0347
0.018 67.2328 27.8516
0.02 55.906 11.5548
0.022 41.7317 -6.99368
0.024 25.5106 -26.7944
0.026 8.15458 -46.7647
0.028 -9.36268 -65.7942
0.03 -26.0586 -82.8003
0.032 -40.9943 -96.782
0.034 -53.3249 -106.872
0.036 -62.3443 -112.386
0.038 -67.5234 -112.86
0.04 -68.5387 -108.09
0.042 -65.2909 -98.146
0.044 -57.9122 -83.3831
0.046 -46.7608 -64.4252
0.048 -32.404 -42.1378
0.05 -15.5894 -17.5801
0.052 2.79379 8.0556
0.054 21.7617 33.5139
0.056 40.2887 57.5508
0.058 57.3621 79.0052
0.06 72.0377 96.8635
0.062 83.4904 110.312
0.064 91.0602 118.777
0.066 94.2893 121.946
0.068 92.9484 119.775
0.07 87.052 112.486
0.072 76.8592 100.541
0.074 62.8613 84.6166
0.076 45.756 65.5594
0.078 26.4081 44.3418
0.08 5.8007 22.0081
0.082 -15.0215 -0.380396
0.084 -35.0119 -21.7992
0.086 -53.1823 -41.313
0.088 -68.658 -58.1205
0.09 -80.7258 -71.5912
0.092 -88.8709 -81.2912
0.094 -92.8018 -86.9965
0.096 -92.4609 -88.694
0.098 -88.0214 -86.5705
0.1 -79.8715 -80.9911
0.102 -68.5859 -72.4704
0.104 -54.888 -61.6374
0.106 -39.6045 -49.1971
0.108 -23.6156 -35.8922
0.11 -7.80413 -22.4647
0.112 6.99472 -9.62058
0.114 20.0383 2.0028
0.116 30.7153 11.8643
0.118 38.5764 19.542
0.12 43.3543 24.7498
0.122 44.9738 27.3476
0.124 43.5504 27.344
0.126 39.3779 24.8907
0.128 32.9062 20.2689
0.13 24.709 13.8688
0.132 15.4447 6.16199
0.134 5.81276 -2.32924
0.136 -3.49333 -11.0651
0.138 -11.8309 -19.5199
0.14 -18.6494 -27.2109
0.142 -23.5246 -33.7214
0.144 -26.1838 -38.7174
0.146 -26.5188 -41.9577
0.148 -24.5886 -43.2984
0.15 -20.609 -42.6911
0.152 -14.932 -40.1781
0.154 -8.01575 -35.8845
0.156 -0.388419 -30.0084
0.158 7.39226 -22.8103
0.16 14.7795 -14.6011
0.162 21.2759 -5.72978
0.164 26.4661 3.43022
0.166 30.0425 12.495
0.168 31.8224 21.085
0.17 31.7545 28.8401
0.172 29.9171 35.4346
0.174 26.5074 40.5905
0.176 21.8222 44.0899
0.178 16.2341 45.7842
0.18 10.1624 45.6002
0.182 4.04249 43.5432
0.184 -1.7053 39.6957
0.186 -6.70527 34.2137
0.188 -10.6523 27.3192
0.19 -13.3328 19.2904
0.192 -14.6392 10.4501
0.194 -14.5773 1.15153
0.196 -13.265 -8.23524
0.198 -10.9236 -17.3389
0.2 -7.86089 -25.8018
0.202 -4.44727 -33.294
0.204 -1.08734 -39.5267
0.206 1.81237 -44.264
0.208 3.87619 -47.3317
0.21 4.79043 -48.6251
0.212 4.33016 -48.1126
0.214 2.37948 -45.8378
0.216 -1.0566 -41.9179
0.218 -5.84953 -36.5393
0.22 -11.7542 -29.9506
0.222 -18.4252 -22.4526
0.224 -25.4401 -14.3853
0.226 -32.3296 -6.11312
0.228 -38.6102 1.99261
0.23 -43.8182 9.57161
0.232 -47.5427 16.2933
0.234 -49.4539 21.8744
0.236 -49.3266 26.0943
0.238 -47.0564 28.807
0.24 -42.668 29.9484
0.242 -36.3154 29.539
0.244 -28.2733 27.6806
0.246 -18.922 24.5486
0.248 -8.72455 20.3794
0.25 1.80015 15.4552
0.252 12.1088 10.0867
0.254 21.666 4.5949
0.256 29.9769 -0.706387
0.258 36.6172 -5.52649
0.26 41.2588 -9.61211
0.262 43.69 -12.7588
0.264 43.828 -14.8197
0.266 41.723 -15.7115
0.268 37.555 -15.4166
0.27 31.621 -13.9833
0.272 24.3155 -11.5214
0.274 16.1052 -8.1953
0.276 7.49908 -4.21422
0.278 -0.983946 0.180876
0.28 -8.8466 4.73185
0.282 -15.6435 9.17928
0.284 -21.0069 13.2783
0.286 -24.6675 16.8131
0.288 -26.4675 19.6098
0.29 -26.3676 21.5451
0.292 -24.4449 22.5519
0.294 -20.8851 22.6209
0.296 -15.9669 21.7978
0.298 -10.0419 20.1772
0.3 -3.51061 17.8945
0.302 3.20392 15.1148
0.304 9.68281 12.0215
0.306 15.5368 8.80402
0.308 20.4285 5.64679
0.31 24.0917 2.71835
0.312 26.3437 0.162468
0.314 27.0938 -1.90888
0.316 26.3448 -3.42046
0.318 24.1891 -4.3362
0.32 20.799 -4.65924
0.322 16.4134 -4.42942
0.324 11.3201 -3.71861
0.326 5.83659 -2.62417
0.328 0.289242 -1.26094
0.33 -5.00655 0.247381
0.332 -9.76517 1.77706
0.334 -13.7467 3.21245
0.336 -16.7692 4.45306
0.338 -18.7173 5.41897
0.34 -19.5454 6.05448
0.342 -19.2774 6.32978
0.344 -18.0009 6.24093
0.346 -15.8583 5.8081
0.348 -13.035 5.07255
0.35 -9.74507 4.09251
0.352 -6.21618 2.93841
0.354 -2.67448 1.68759
0.356 0.669338 0.418952
0.358 3.63208 -0.792191
0.36 6.06755 -1.87885
0.362 7.87287 -2.78625
0.364 8.99175 -3.47481
0.366 9.41439 -3.92176
0.368 9.17455 -4.12161
0.37 8.3441 -4.08517
0.372 7.0256 -3.83747
0.374 5.34353 -3.41472
0.376 3.43485 -2.8606
0.378 1.43952 -2.22246
0.38 -0.508429 -1.5475
0.382 -2.28882 -0.879583
0.384 -3.80171 -0.25661
0.386 -4.97208 0.291168
0.388 -5.75254 0.742086
0.39 -6.12408 1.08321
0.392 -6.09491 1.3099
0.394 -5.69766 1.42488
0.396 -4.98518 1.43707
0.398 -4.02539 1.3602
0.4 -2.89552 1.21136
0.402 -1.67632 1.00957
0.404 -0.446503 0.774321
0.406 0.722097 0.52435
0.408 1.76844 0.276436
0.41 2.64505 0.0445005
0.412 3.31963 -0.161038
0.414 3.77543 -0.333571
0.416 4.01057 -0.470262
0.418 4.03644 -0.571663
0.42 3.87546 -0.641055
0.422 3.55832 -0.6836
0.424 3.12109 -0.705412
0.426 2.60227 -0.712683
0.428 2.04014 -0.710942
0.43 1.47041 -0.704547
0.432 0.924339 -0.696424
0.434 0.427457 -0.688043
0.436 -0.00125426 -0.679609
0.438 -0.349595 -0.670372
0.44 -0.611922 -0.659016
0.442 -0.788537 -0.644038
0.444 -0.884763 -0.624079
0.446 -0.909839 -0.598172
0.448 -0.875712 -0.565896
0.45 -0.795837 -0.527433
0.452 -0.684061 -0.483549
0.454 -0.553665 -0.435501
0.456 -0.416595 -0.384912
0.458 -0.282918 -0.333601
0.46 -0.1605 -0.283412
0.462 -0.0548956 -0.236045
0.464 0.0305847 -0.192905
0.466 0.0946596 -0.154992
0.468 0.137764 -0.122837
0.47 0.161677 -0.0964897
0.472 0.169128 -0.0755745
0.474 0.163422 -0.0593823
0.476 0.14809 -0.0470035
0.478 0.126602 -0.037472
0.48 0.102136 -0.0298992
0.482 0.0774098 -0.0235787
0.484 0.0545638 -0.0180473
0.486 0.0351081 -0.0130951
0.488 0.0199076 -0.00872701
0.49 0.00921239 -0.00508616
0.492 0.00272413 -0.00235327
0.494 -0.000304539 -0.000640904
0.496 -0.000941836 9.92977e-05
0.498 -0.000426074 0.000140064
0.4 0.0619099 0.0388656
0.8 0.0632764 0.0400072
1.2 0.0655464 0.041906
1.6 0.0687086 0.044556
2 0.0727474 0.0479492
2.4 0.077643 0.0520756
2.8 0.0833714 0.0569233
3.2 0.0899047 0.0624791
3.6 0.0972115 0.0687284
4 0.105257 0.0756558
4.4 0.114002 0.0832454
4.8 0.123408 0.0914812
5.2 0.133429 0.100347
5.6 0.14402 0.109829
6 0.155135 0.119911
6.4 0.166723 0.130582
6.8 0.178736 0.14183
7.2 0.191122 0.153646
7.6 0.20383 0.166024
8 0.21681 0.178959
8.4 0.23001 0.19245
8.8 0.243382 0.206499
9.2 0.256877 0.22111
9.6 0.270448 0.23629
10 0.28405 0.25205
10.4 0.29764 0.268402
10.8 0.311177 0.285363
11.2 0.324624 0.302948
11.6 0.337946 0.321179
12 0.35111 0.340074
12.4 0.364089 0.359657
12.8 0.376856 0.379947
13.2 0.389391 0.400967
13.6 0.401674 0.422736
14 0.413691 0.445272
14.4 0.425431 0.468591
14.8 0.436886 0.492705
15.2 0.448051 0.517622
15.6 0.458926 0.543344
16 0.469512 0.569869
16.4 0.479815 0.597188
16.8 0.489843 0.625285
17.2 0.499606 0.654135
17.6 0.509117 0.683708
18 0.518392 0.713963
18.4 0.527448 0.74485
18.8 0.536304 0.776312
19.2 0.544979 0.808281
19.6 0.553495 0.840682
20 0.561874 0.873429
20.4 0.570138 0.906429
20.8 0.57831 0.939581
21.2 0.586412 0.972776
21.6 0.594467 1.0059
22 0.602496 1.03883
22.4 0.610518 1.07144
22.8 0.618553 1.10361
23.2 0.626617 1.1352
23.6 0.634726 1.16608
24 0.642892 1.19612
24.4 0.651126 1.22518
24.8 0.659435 1.25315
25.2 0.667823 1.2799
25.6 0.676291 1.30532
26 0.684838 1.32928
26.4 0.693458 1.35171
26.8 0.70214 1.3725
27.2 0.710871 1.39157
27.6 0.719633 1.40886
28 0.728405 1.42432
28.4 0.73716 1.43789
28.8 0.74587 1.44956
29.2 0.7545 1.45931
29.6 0.763012 1.46714
30 0.771366 1.47306
30.4 0.779515 1.4771
30.8 0.787414 1.4793
31.2 0.795009 1.47971
31.6 0.802249 1.4784
32 0.809077 1.47545
32.4 0.815437 1.47093
32.8 0.821269 1.46493
33.2 0.826515 1.45757
33.6 0.831116 1.44893
34 0.835013 1.43913
34.4 0.838149 1.42827
34.8 0.840468 1.41646
35.2 0.841918 1.4038
35.6 0.842449 1.39041
36 0.842015 1.37637
36.4 0.840573 1.36178
36.8 0.838087 1.34673
37.2 0.834526 1.33129
37.6 0.829864 1.31553
38 0.824083 1.29951
38.4 0.817171 1.28327
38.8 0.809122 1.26686
39.2 0.79994 1.25029
39.6 0.789634 1.23359
40 0.778222 1.21676
40.4 0.765729 1.19979
40.8 0.752189 1.18267
41.2 0.737641 1.16538
41.6 0.722133 1.14788
42 0.705717 1.13015
42.4 0.688455 1.11213
42.8 0.670411 1.09379
43.2 0.651656 1.07508
43.6 0.632266 1.05596
44 0.612319 1.03637
44.4 0.591896 1.01627
44.8 0.571081 0.995623
45.2 0.54996 0.974396
45.6 0.528618 0.952558
46 0.50714 0.930088
46.4 0.485611 0.906972
46.8 0.464113 0.883207
47.2 0.442726 0.858797
47.6 0.421527 0.833759
48 0.400588 0.808117
48.4 0.379978 0.781907
48.8 0.359761 0.755177
49.2 0.339995 0.72798
49.6 0.320732 0.700383
50 0.30202 0.672457
50.4 0.283898 0.644285
50.8 0.266401 0.615954
51.2 0.249558 0.587556
51.6 0.233391 0.559188
52 0.217917 0.530952
52.4 0.203146 0.502949
52.8 0.189084 0.475281
53.2 0.17573 0.448049
53.6 0.163081 0.421353
54 0.151128 0.395287
54.4 0.139859 0.369941
54.8 0.129257 0.345401
55.2 0.119304 0.321743
55.6 0.109979 0.299037
56 0.101259 0.277344
56.4 0.0931186 0.256717
56.8 0.0855328 0.237197
57.2 0.0784753 0.218815
57.6 0.0719193 0.201596
58 0.0658383 0.185549
58.4 0.060206 0.170678
58.8 0.0549969 0.156974
59.2 0.0501861 0.14442
59.6 0.0457496 0.132992
60 0.0416647 0.122655
60.4 0.0379098 0.113367
60.8 0.0344644 0.105083
61.2 0.0313093 0.0977473
61.6 0.0284268 0.0913036
62 0.0257999 0.0856899
62.4 0.0234132 0.0808417
62.8 0.021252 0.0766928
63.2 0.0193028 0.0731761
63.6 0.0175528 0.0702244
64 0.0159901 0.0677712
64.4 0.0146035 0.0657519
64.8 0.0133823 0.0641039
65.2 0.0123164 0.0627678
65.6 0.011396 0.0616876
66 0.0106117 0.0608112
66.4 0.00995457 0.060091
66.8 0.00941576 0.059484
67.2 0.00898676 0.0589521
67.6 0.00865928 0.0584621
68 0.00842528 0.0579857
68.4 0.00827692 0.0574997
68.8 0.00820664 0.0569857
69.2 0.00820716 0.0564297
69.6 0.00827147 0.0558225
70 0.0083929 0.0551584
70.4 0.00856512 0.0544359
70.8 0.00878216 0.0536567
71.2 0.00903844 0.0528253
71.6 0.00932877 0.0519489
72 0.00964835 0.0510366
72.4 0.00999277 0.0500993
72.8 0.010358 0.0491491
73.2 0.0107403 0.0481987
73.6 0.0111363 0.0472613
74 0.011543 0.0463503
74.4 0.0119574 0.0454783
74.8 0.0123768 0.0446576
75.2 0.0127987 0.0438995
75.6 0.0132205 0.0432138
76 0.0136398 0.0426092
76.4 0.0140541 0.0420926
76.8 0.0144607 0.0416693
77.2 0.0148569 0.0413427
77.6 0.01524 0.0411143
78 0.0156069 0.0409839
78.4 0.0159545 0.0409492
78.8 0.0162795 0.0410062
79.2 0.0165786 0.0411494
79.6 0.0168483 0.0413715
80 0.0170852 0.0416639
80.4 0.0172858 0.0420167
80.8 0.0174469 0.042419
81.2 0.0175654 0.0428591
81.6 0.0176385 0.0433247
82 0.0176639 0.043803
82.4 0.0176397 0.0442813
82.8 0.0175647 0.0447468
83.2 0.0174381 0.0451872
83.6 0.01726 0.0455906
84 0.0170315 0.045946
84.4 0.0167542 0.0462432
84.8 0.0164308 0.0464733
85.2 0.0160648 0.0466287
85.6 0.0156605 0.0467029
86 0.0152234 0.0466913
86.4 0.0147593 0.0465907
86.8 0.014275 0.0463994
87.2 0.0137779 0.0461177
87.6 0.0132758 0.045747
88 0.012777 0.0452906
88.4 0.0122898 0.0447532
88.8 0.0118228 0.0441409
89.2 0.0113843 0.0434608
89.6 0.0109823 0.0427215
90 0.0106246 0.0419321
90.4 0.0103181 0.0411026
90.8 0.0100691 0.0402436
91.2 0.0098829 0.0393658
91.6 0.00976393 0.0384803
92 0.0097154 0.0375977
92.4 0.00973943 0.0367288
92.8 0.00983688 0.0358837
93.2 0.0100074 0.0350716
93.6 0.0102496 0.0343014
94 0.0105608 0.0335808
94.4 0.0109373 0.0329165
94.8 0.0113745 0.0323143
95.2 0.0118671 0.0317786
95.6 0.0124091 0.0313128
96 0.0129943 0.0309193
96.4 0.0136159 0.0305992
96.8 0.0142674 0.0303527
97.2 0.0149425 0.0301793
97.6 0.0156353 0.0300774
98 0.0163404 0.030045
98.4 0.0170535 0.0300794
98.8 0.0177712 0.030178
99.2 0.0184911 0.0303376
99.6 0.0192124 0.0305555
100 0.0199354 0.0308289
100.4 0.020662 0.0311555
100.8 0.0213954 0.0315336
101.2 0.0221403 0.0319621
101.6 0.0229026 0.0324407
102 0.0236895 0.03297
102.4 0.0245093 0.0335514
102.8 0.0253709 0.0341874
103.2 0.0262842 0.0348812
103.6 0.0272591 0.0356369
104 0.0283059 0.0364596
104.4 0.0294344 0.0373548
104.8 0.0306543 0.0383286
105.2 0.0319741 0.0393875
105.6 0.0334015 0.040538
106 0.0349428 0.0417866
106.4 0.0366024 0.0431394
106.8 0.0383832 0.0446021
107.2 0.0402858 0.0461794
107.6 0.0423087 0.047875
108 0.0444481 0.0496914
108.4 0.0466977 0.0516293
108.8 0.0490489 0.053688
109.2 0.0514908 0.0558647
109.6 0.0540101 0.0581546
110 0.0565915 0.0605507
110.4 0.059218 0.0630439
110.8 0.0618705 0.0656226
111.2 0.0645289 0.0682734
111.6 0.0671721 0.0709802
112 0.0697781 0.0737253
112.4 0.0723248 0.0764888
112.8 0.07479 0.0792492
113.2 0.0771521 0.0819835
113.6 0.0793904 0.0846676
114 0.0814852 0.0872763
114.4 0.0834188 0.0897841
114.8 0.0851749 0.092165
115.2 0.0867398 0.0943935
115.6 0.088102 0.0964443
116 0.0892527 0.0982931
116.4 0.0901859 0.099917
116.8 0.0908983 0.101294
117.2 0.0913895 0.102406
117.6 0.0916619 0.103235
118 0.0917207 0.103766
118.4 0.0915736 0.103988
118.8 0.0912307 0.103891
119.2 0.0907042 0.103469
119.6 0.090008 0.102721
120 0.0891577 0.101646
120.4 0.0881701 0.100249
120.8 0.0870625 0.0985367
121.2 0.0858529 0.0965192
121.6 0.0845592 0.09421
122 0.083199 0.091625
122.4 0.0817893 0.0887828
122.8 0.0803459 0.0857046
123.2 0.0788836 0.0824132
123.6 0.0774154 0.0789334
124 0.0759527 0.0752914
124.4 0.0745048 0.0715142
124.8 0.0730792 0.0676298
125.2 0.0716811 0.0636663
125.6 0.0703137 0.059652
126 0.0689781 0.0556146
126.4 0.0676734 0.0515814
126.8 0.0663968 0.0475785
127.2 0.0651441 0.0436309
127.6 0.0639093 0.0397619
128 0.0626856 0.0359933
128.4 0.061465 0.0323448
128.8 0.0602389 0.028834
129.2 0.0589985 0.0254766
129.6 0.0577348 0.0222857
130 0.0564393 0.0192723
130.4 0.0551036 0.0164449
130.8 0.0537206 0.0138099
131.2 0.052284 0.0113714
131.6 0.0507886 0.00913118
132 0.0492308 0.00708918
132.4 0.0476084 0.00524335
132.8 0.045921 0.00358986
133.2 0.0441696 0.0021233
133.6 0.042357 0.000836844
134 0.0404877 -0.000277572
134.4 0.0385676 -0.00122905
134.8 0.0366042 -0.00202755
135.2 0.034606 -0.00268366
135.6 0.0325828 -0.00320847
136 0.0305454 -0.00361336
136.4 0.0285051 -0.00390981
136.8 0.0264736 -0.0041093
137.2 0.0244631 -0.0042231
137.6 0.0224854 -0.0042622
138 0.0205523 -0.00423718
138.4 0.0186751 -0.00415808
138.8 0.0168642 -0.00403437
139.2 0.0151294 -0.00387485
139.6 0.0134793 -0.00368762
140 0.0119212 -0.00348005
140.4 0.0104614 -0.00325874
140.8 0.00910451 -0.00302954
141.2 0.00785395 -0.00279754
141.6 0.00671162 -0.00256711
142 0.00567803 -0.0023419
142.4 0.00475229 -0.00212489
142.8 0.00393225 -0.00191843
143.2 0.00321453 -0.0017243
143.6 0.00259468 -0.00154375
144 0.00206729 -0.00137755
144.4 0.00162617 -0.00122606
144.8 0.00126446 -0.00108926
145.2 0.000974819 -0.000966854
145.6 0.000749594 -0.000858264
146 0.000580964 -0.000762726
146.4 0.0004611 -0.000679319
146.8 0.000382307 -0.000607014
147.2 0.00033716 -0.000544713
147.6 0.000318613 -0.000491288
148 0.000320105 -0.000445611
148.4 0.000335642 -0.000406583
148.8 0.000359853 -0.000373158
149.2 0.000388042 -0.000344358
149.6 0.000416211 -0.000319294
150 0.000441065 -0.000297171
150.4 0.000460004 -0.000277298
150.8 0.000471095 -0.000259091
151.2 0.000473041 -0.000242075
151.6 0.000465119 -0.000225877
152 0.000447132 -0.00021023
152.4 0.000419334 -0.000194958
152.8 0.000382362 -0.000179972
153.2 0.000337163 -0.000165263
153.6 0.000284919 -0.000150886
154 0.000226977 -0.000136954
154.4 0.000164776 -0.000123625
154.8 9.97913e-05 -0.00011109
155.2 3.34726e-05 -9.95653e-05
155.6 -3.28023e-05 -8.92774e-05
156 -9.77682e-05 -8.0457e-05
156.4 -0.000160305 -7.33286e-05
156.8 -0.000219458 -6.81023e-05
157.2 -0.000274457 -6.49673e-05
157.6 -0.000324717 -6.40856e-05
158 -0.000369843 -6.55874e-05
158.4 -0.000409615 -6.95679e-05
158.8 -0.000443981 -7.60843e-05
159.2 -0.000473035 -8.51554e-05
159.6 -0.000496993 -9.67605e-05
160 -0.000516177 -0.000110841
160.4 -0.000530981 -0.000127303
160.8 -0.00054185 -0.000146016
161.2 -0.000549254 -0.000166822
161.6 -0.000553666 -0.000189535
162 -0.000555541 -0.000213945
162.4 -0.000555299 -0.000239827
162.8 -0.00055331 -0.000266939
163.2 -0.000549882 -0.000295033
163.6 -0.000545261 -0.000323854
164 -0.00053962 -0.000353149
164.4 -0.000533064 -0.000382669
164.8 -0.000525634 -0.000412171
165.2 -0.000517313 -0.000441424
165.6 -0.000508034 -0.000470209
166 -0.000497691 -0.000498323
166.4 -0.000486154 -0.00052558
166.8 -0.000473275 -0.000551812
167.2 -0.000458908 -0.00057687
167.6 -0.000442916 -0.00060062
168 -0.000425182 -0.000622949
168.4 -0.000405623 -0.00064376
168.8 -0.000384192 -0.000662971
169.2 -0.000360887 -0.000680515
169.6 -0.000335756 -0.000696337
170 -0.000308896 -0.000710394
170.4 -0.000280454 -0.000722652
170.8 -0.000250621 -0.000733085
171.2 -0.000219635 -0.000741674
171.6 -0.000187767 -0.000748404
172 -0.000155317 -0.000753267
172.4 -0.000122606 -0.000756258
172.8 -8.99678e-05 -0.000757373
173.2 -5.77382e-05 -0.000756616
173.6 -2.62463e-05 -0.000753991
174 4.19303e-06 -0.000749509
174.4 3.32879e-05 -0.000743185
174.8 6.07754e-05 -0.000735039
175.2 8.64278e-05 -0.000725099
175.6 0.000110056 -0.000713403
176 0.000131513 -0.000699996
176.4 0.000150695 -0.000684933
176.8 0.00016754 -0.000668282
177.2 0.000182028 -0.000650123
177.6 0.000194179 -0.000630548
178 0.000204045 -0.000609661
178.4 0.000211711 -0.00058758
178.8 0.000217284 -0.000564435
179.2 0.000220892 -0.000540365
179.6 0.000222677 -0.000515521
180 0.000222787 -0.000490063
180.4 0.000221374 -0.000464156
180.8 0.000218586 -0.000437968
181.2 0.000214566 -0.000411672
181.6 0.000209446 -0.000385438
182 0.000203346 -0.000359432
182.4 0.000196371 -0.000333816
182.8 0.000188611 -0.000308739
183.2 0.000180143 -0.000284342
183.6 0.00017103 -0.000260752
184 0.000161321 -0.000238077
184.4 0.000151058 -0.000216409
184.8 0.000140275 -0.000195822
185.2 0.000129003 -0.000176369
185.6 0.000117272 -0.00015808
186 0.000105116 -0.00014097
186.4 9.25716e-05 -0.000125028
186.8 7.9686e-05 -0.000110228
187.2 6.6515e-05 -9.65255e-05
187.6 5.31264e-05 -8.38596e-05
188 3.95998e-05 -7.21565e-05
188.4 2.60274e-05 -6.13311e-05
188.8 1.25128e-05 -5.12901e-05
189.2 -8.29961e-07 -4.19347e-05
189.6 -1.38786e-05 -3.31636e-05
190 -2.65048e-05 -2.48758e-05
190.4 -3.85773e-05 -1.69736e-05
190.8 -4.99655e-05 -9.36513e-06
191.2 -6.05423e-05 -1.96667e-06
191.6 -7.01883e-05 5.29498e-06
192 -7.8795e-05 1.24809e-05
192.4 -8.62679e-05 1.96388e-05
192.8 -9.25299e-05 2.68018e-05
193.2 -9.75236e-05 3.39882e-05
193.6 -0.000101213 4.12015e-05
194 -0.000103586 4.84303e-05
194.4 -0.000104652 5.56498e-05
194.8 -0.000104447 6.28226e-05
195.2 -0.000103028 6.99e-05
195.6 -0.000100474 7.68245e-05
196 -9.6884e-05 8.35309e-05
196.4 -9.23734e-05 8.99495e-05
196.8 -8.70725e-05 9.60074e-05
197.2 -8.11222e-05 0.000101631
197.6 -7.4671e-05 0.00010675
198 -6.78708e-05 0.000111296
198.4 -6.08738e-05 0.000115207
198.8 -5.38289e-05 0.000118429
199.2 -4.68782e-05 0.000120917
199.6 -4.01545e-05 0.000122636
200 -3.37786e-05 0.000123561
200.4 -2.7857e-05 0.00012368
200.8 -2.24814e-05 0.000122993
201.2 -1.77265e-05 0.000121509
201.6 -1.36509e-05 0.00011925
202 -1.02964e-05 0.000116248
202.4 -7.68913e-06 0.000112544
202.8 -5.84062e-06 0.000108187
203.2 -4.74933e-06 0.000103233
203.6 -4.40244e-06 9.77439e-05
204 -4.77796e-06 9.17831e-05
204.4 -5.84678e-06 8.54178e-05
204.8 -7.57495e-06 7.87151e-05
205.2 -9.92567e-06 7.17415e-05
205.6 -1.28613e-05 6.45609e-05
206 -1.63451e-05 5.72339e-05
206.4 -2.03424e-05 4.98164e-05
206.8 -2.48219e-05 4.23594e-05
207.2 -2.97565e-05 3.49076e-05
207.6 -3.5123e-05 2.74997e-05
208 -4.09028e-05 2.01676e-05
208.4 -4.70806e-05 1.29371e-05
208.8 -5.36443e-05 5.82765e-06
209.2 -6.05834e-05 -1.14716e-06
209.6 -6.78881e-05 -7.97896e-06
210 -7.55475e-05 -1.46641e-05
210.4 -8.35481e-05 -2.12026e-05
210.8 -9.18725e-05 -2.75979e-05
211.2 -0.000100497 -3.38556e-05
211.6 -0.000109393 -3.99828e-05
212 -0.000118521 -4.59873e-05
212.4 -0.000127834 -5.18771e-05
212.8 -0.000137276 -5.76596e-05
213.2 -0.000146781 -6.3341e-05
213.6 -0.000156275 -6.89263e-05
214 -0.000165672 -7.44186e-05
214.4 -0.000174881 -7.98192e-05
214.8 -0.000183806 -8.51274e-05
215.2 -0.000192342 -9.03409e-05
215.6 -0.000200387 -9.54554e-05
216 -0.000207834 -0.000100466
216.4 -0.00021458 -0.000105365
216.8 -0.000220526 -0.000110146
217.2 -0.000225582 -0.000114802
217.6 -0.000229663 -0.000119324
218 -0.0002327 -0.000123707
218.4 -0.000234633 -0.000127944
218.8 -0.000235421 -0.000132031
219.2 -0.000235036 -0.000135964
219.6 -0.00023347 -0.000139742
220 -0.000230731 -0.000143366
220.4 -0.000226847 -0.000146836
220.8 -0.00022186 -0.000150158
221.2 -0.000215833 -0.000153336
221.6 -0.000208843 -0.000156377
222 -0.000200981 -0.000159289
222.4 -0.00019235 -0.000162081
222.8 -0.000183064 -0.000164763
223.2 -0.000173246 -0.000167343
223.6 -0.000163022 -0.000169831
224 -0.000152523 -0.000172235
224.4 -0.00014188 -0.000174562
224.8 -0.000131222 -0.000176818
225.2 -0.000120673 -0.000179008
225.6 -0.00011035 -0.000181133
226 -0.000100364 -0.000183195
226.4 -9.08139e-05 -0.000185191
226.8 -8.17868e-05 -0.000187118
227.2 -7.33578e-05 -0.000188969
227.6 -6.55887e-05 -0.000190738
228 -5.85273e-05 -0.000192414
228.4 -5.22075e-05 -0.000193986
228.8 -4.66497e-05 -0.000195443
229.2 -4.18609e-05 -0.000196771
229.6 -3.78359e-05 -0.000197957
230 -3.4558e-05 -0.000198986
230.4 -3.19999e-05 -0.000199846
230.8 -3.01255e-05 -0.000200522
231.2 -2.88908e-05 -0.000201004
231.6 -2.82457e-05 -0.00020128
232 -2.81348e-05 -0.000201341
232.4 -2.84995e-05 -0.000201177
232.8 -2.92788e-05 -0.000200784
233.2 -3.04107e-05 -0.000200157
233.6 -3.18334e-05 -0.000199293
234 -3.34864e-05 -0.000198191
234.4 -3.53112e-05 -0.000196853
234.8 -3.7252e-05 -0.000195282
235.2 -3.92568e-05 -0.000193481
235.6 -4.12771e-05 -0.000191458
236 -4.32693e-05 -0.000189218
236.4 -4.51939e-05 -0.00018677
236.8 -4.70166e-05 -0.000184123
237.2 -4.87077e-05 -0.000181286
237.6 -5.02426e-05 -0.00017827
238 -5.16013e-05 -0.000175084
238.4 -5.27688e-05 -0.000171739
238.8 -5.37346e-05 -0.000168246
239.2 -5.44927e-05 -0.000164613
239.6 -5.50413e-05 -0.000160853
240 -5.5383e-05 -0.000156974
240.4 -5.55238e-05 -0.000152986
240.8 -5.54738e-05 -0.000148898
241.2 -5.52463e-05 -0.000144721
241.6 -5.48575e-05 -0.000140463
242 -5.43267e-05 -0.000136134
242.4 -5.36755e-05 -0.000131743
242.8 -5.29275e-05 -0.000127299
243.2 -5.21081e-05 -0.000122811
243.6 -5.12437e-05 -0.00011829
244 -5.03616e-05 -0.000113746
244.4 -4.9489e-05 -0.000109187
244.8 -4.86529e-05 -0.000104626
245.2 -4.78792e-05 -0.000100072
245.6 -4.71924e-05 -9.55359e-05
246 -4.66147e-05 -9.10284e-05
246.4 -4.61656e-05 -8.65603e-05
246.8 -4.58613e-05 -8.21419e-05
247.2 -4.57145e-05 -7.77836e-05
247.6 -4.57335e-05 -7.3495e-05
248 -4.59222e-05 -6.92856e-05
248.4 -4.62798e-05 -6.51639e-05
248.8 -4.68006e-05 -6.11378e-05
249.2 -4.74742e-05 -5.72144e-05
249.6 -4.82851e-05 -5.33998e-05
250 -4.92136e-05 -4.96991e-05
250.4 -5.02357e-05 -4.61163e-05
250.8 -5.13238e-05 -4.26546e-05
251.2 -5.24472e-05 -3.9316e-05
251.6 -5.35728e-05 -3.61015e-05
252 -5.46658e-05 -3.30114e-05
252.4 -5.5691e-05 -3.00449e-05
252.8 -5.6613e-05 -2.72008e-05
253.2 -5.73974e-05 -2.44771e-05
253.6 -5.80119e-05 -2.18714e-05
254 -5.84269e-05 -1.9381e-05
254.4 -5.86161e-05 -1.7003e-05
254.8 -5.85578e-05 -1.47345e-05
255.2 -5.82347e-05 -1.25724e-05
255.6 -5.76351e-05 -1.05142e-05
256 -5.67528e-05 -8.55709e-06
256.4 -5.55873e-05 -6.69894e-06
256.8 -5.41439e-05 -4.93775e-06
257.2 -5.24337e-05 -3.27188e-06
257.6 -5.0473e-05 -1.69999e-06
258 -4.82831e-05 -2.20995e-07
258.4 -4.58897e-05 1.16597e-06
258.8 -4.3322e-05 2.46167e-06
259.2 -4.06124e-05 3.66682e-06
259.6 -3.77953e-05 4.78219e-06
260 -3.49061e-05 5.80874e-06
260.4 -3.19806e-05 6.74769e-06
260.8 -2.90544e-05 7.60061e-06
261.2 -2.61611e-05 8.36951e-06
261.6 -2.33326e-05 9.05692e-06
262 -2.05978e-05 9.6659e-06
262.4 -1.7982e-05 1.02001e-05
262.8 -1.55069e-05 1.06637e-05
263.2 -1.31896e-05 1.10614e-05
263.6 -1.10431e-05 1.13984e-05
264 -9.07578e-06 1.16802e-05
264.4 -7.29161e-06 1.19128e-05
264.8 -5.69044e-06 1.2102e-05
265.2 -4.26826e-06 1.2254e-05
265.6 -3.01763e-06 1.23745e-05
266 -1.92827e-06 1.2469e-05
266.4 -9.87543e-07 1.25427e-05
266.8 -1.81161e-07 1.26001e-05
267.2 5.06224e-07 1.26449e-05
267.6 1.09037e-06 1.26799e-05
268 1.58684e-06 1.27073e-05
268.4 2.01046e-06 1.27278e-05
268.8 2.3748e-06 1.27416e-05
269.2 2.6918e-06 1.27475e-05
269.6 2.97143e-06 1.27434e-05
270 3.22149e-06 1.27265e-05
270.4 3.4475e-06 1.2693e-05
270.8 3.65269e-06 1.26385e-05
271.2 3.83812e-06 1.25581e-05
271.6 4.0028e-06 1.24467e-05
272 4.14407e-06 1.2299e-05
272.4 4.25783e-06 1.21099e-05
272.8 4.33899e-06 1.18746e-05
273.2 4.38188e-06 1.15888e-05
273.6 4.38068e-06 1.1249e-05
274 4.32985e-06 1.08526e-05
274.4 4.22454e-06 1.0398e-05
274.8 4.06096e-06 9.88484e-06
275.2 3.83672e-06 9.31405e-06
275.6 3.55106e-06 8.68786e-06
276 3.20502e-06 8.00983e-06
276.4 2.80157e-06 7.28482e-06
276.8 2.34559e-06 6.5189e-06
277.2 1.84381e-06 5.71925e-06
277.6 1.30467e-06 4.89402e-06
278 7.38088e-07 4.05213e-06
278.4 1.55155e-07 3.20309e-06
278.8 -4.32173e-07 2.35676e-06
279.2 -1.01147e-06 1.52311e-06
279.6 -1.57023e-06 7.12024e-07
280 -2.09626e-06 -6.70045e-08
280.4 -2.57813e-06 -8.05044e-07
280.8 -3.00545e-06 -1.49396e-06
281.2 -3.3693e-06 -2.12659e-06
281.6 -3.66243e-06 -2.69692e-06
282 -3.87954e-06 -3.20018e-06
282.4 -4.01741e-06 -3.63297e-06
282.8 -4.07496e-06 -3.99328e-06
283.2 -4.0533e-06 -4.28049e-06
283.6 -3.95562e-06 -4.49539e-06
284 -3.78705e-06 -4.64008e-06
284.4 -3.55447e-06 -4.71784e-06
284.8 -3.26626e-06 -4.73305e-06
285.2 -2.93196e-06 -4.69103e-06
285.6 -2.56195e-06 -4.5978e-06
286 -2.16709e-06 -4.45996e-06
286.4 -1.75837e-06 -4.28446e-06
286.8 -1.3465e-06 -4.07839e-06
287.2 -9.41641e-07 -3.84879e-06
287.6 -5.53068e-07 -3.60248e-06
288 -1.88906e-07 -3.34588e-06
288.4 1.44071e-07 -3.08486e-06
288.8 4.40591e-07 -2.82464e-06
289.2 6.96974e-07 -2.56968e-06
289.6 9.11157e-07 -2.32361e-06
290 1.08266e-06 -2.08923e-06
290.4 1.21248e-06 -1.86849e-06
290.8 1.30295e-06 -1.66251e-06
291.2 1.35756e-06 -1.47166e-06
291.6 1.38069e-06 -1.29562e-06
292 1.37737e-06 -1.13347e-06
292.4 1.35302e-06 -9.83843e-07
292.8 1.31317e-06 -8.44985e-07
293.2 1.26316e-06 -7.14933e-07
293.6 1.20796e-06 -5.9162e-07
294 1.15189e-06 -4.72996e-07
294.4 1.09845e-06 -3.57144e-07
294.8 1.0502e-06 -2.42374e-07
295.2 1.00867e-06 -1.27305e-07
295.6 9.74307e-07 -1.09261e-08
296 9.46497e-07 1.07363e-07
296.4 9.23623e-07 2.27735e-07
296.8 9.03182e-07 3.49932e-07
297.2 8.81929e-07 4.73298e-07
297.6 8.56065e-07 5.96814e-07
298 8.21444e-07 7.19156e-07
298.4 7.73797e-07 8.38772e-07
298.8 7.08966e-07 9.53957e-07
299.2 6.23128e-07 1.06294e-06
299.6 5.13006e-07 1.16398e-06
300 3.76062e-07 1.25544e-06
300.4 2.10657e-07 1.33587e-06
300.8 1.61666e-08 1.4041e-06
301.2 -2.06933e-07 1.45925e-06
301.6 -4.57038e-07 1.50082e-06
302 -7.31423e-07 1.52871e-06
302.4 -1.02631e-06 1.54321e-06
302.8 -1.33697e-06 1.545e-06
303.2 -1.65785e-06 1.53515e-06
303.6 -1.9828e-06 1.51502e-06
304 -2.30522e-06 1.4863e-06
304.4 -2.6183e-06 1.45084e-06
304.8 -2.91529e-06 1.41065e-06
305.2 -3.18969e-06 1.3678e-06
305.6 -3.43549e-06 1.3243e-06
306 -3.64739e-06 1.28209e-06
306.4 -3.82097e-06 1.2429e-06
306.8 -3.95285e-06 1.2082e-06
307.2 -4.04079e-06 1.17917e-06
307.6 -4.08377e-06 1.15661e-06
308 -4.08202e-06 1.14095e-06
308.4 -4.03699e-06 1.1322e-06
308.8 -3.95131e-06 1.12999e-06
309.2 -3.82866e-06 1.13354e-06
309.6 -3.67363e-06 1.14175e-06
310 -3.49159e-06 1.15321e-06
310.4 -3.28842e-06 1.16629e-06
310.8 -3.07038e-06 1.17917e-06
311.2 -2.84381e-06 1.18995e-06
311.6 -2.61498e-06 1.19675e-06
312 -2.38983e-06 1.19774e-06
312.4 -2.17379e-06 1.19126e-06
312.8 -1.97158e-06 1.17588e-06
313.2 -1.78715e-06 1.15045e-06
313.6 -1.62346e-06 1.11421e-06
314 -1.48248e-06 1.06677e-06
314.4 -1.36518e-06 1.00814e-06
314.8 -1.27145e-06 9.38791e-07
315.2 -1.20025e-06 8.59597e-07
315.6 -1.14963e-06 7.71832e-07
316 -1.11689e-06 6.7713e-07
316.4 -1.09868e-06 5.7743e-07
316.8 -1.09123e-06 4.74918e-07
317.2 -1.09047e-06 3.71947e-07
317.6 -1.09224e-06 2.70961e-07
318 -1.0925e-06 1.7441e-07
318.4 -1.08745e-06 8.46682e-08
318.8 -1.07374e-06 3.94912e-09
319.2 -1.04861e-06 -6.57659e-08
319.6 -1.00994e-06 -1.22797e-07
320 -9.56421e-07 -1.65819e-07
320.4 -8.8752e-07 -1.93909e-07
320.8 -8.03545e-07 -2.06569e-07
321.2 -7.05597e-07 -2.03743e-07
321.6 -5.9552e-07 -1.8581e-07
322 -4.75812e-07 -1.53569e-07
322.4 -3.49511e-07 -1.08205e-07
322.8 -2.2006e-07 -5.12412e-08
323.2 -9.11528e-08 1.55201e-08
323.6 3.34228e-08 9.00622e-08
324 1.49952e-07 1.7023e-07
324.4 2.5495e-07 2.53805e-07
324.8 3.45311e-07 3.38589e-07
325.2 4.18438e-07 4.22474e-07
325.6 4.72356e-07 5.03517e-07
326 5.05789e-07 5.80001e-07
326.4 5.1822e-07 6.50492e-07
326.8 5.09909e-07 7.13878e-07
327.2 4.81886e-07 7.69396e-07
327.6 4.35905e-07 8.16649e-07
328 3.74379e-07 8.55605e-07
328.4 3.00277e-07 8.86578e-07
328.8 2.17007e-07 9.10208e-07
329.2 1.28278e-07 9.27409e-07
329.6 3.79502e-08 9.39329e-07
330 -5.01187e-08 9.47282e-07
330.4 -1.32228e-07 9.52686e-07
330.8 -2.04982e-07 9.56992e-07
331.2 -2.65423e-07 9.61616e-07
331.6 -3.1115e-07 9.6787e-07
332 -3.4041e-07 9.76898e-07
332.4 -3.52169e-07 9.89623e-07
332.8 -3.46148e-07 1.00669e-06
333.2 -3.22831e-07 1.02846e-06
333.6 -2.83449e-07 1.05494e-06
334 -2.2992e-07 1.08582e-06
334.4 -1.64777e-07 1.12043e-06
334.8 -9.10625e-08 1.15781e-06
335.2 -1.22075e-08 1.19669e-06
335.6 6.81078e-08 1.23557e-06
336 1.461e-07 1.27274e-06
336.4 2.18035e-07 1.30636e-06
336.8 2.80373e-07 1.33453e-06
337.2 3.29914e-07 1.35531e-06
337.6 3.63921e-07 1.36687e-06
338 3.80231e-07 1.36747e-06
338.4 3.77341e-07 1.3556e-06
338.8 3.54469e-07 1.32998e-06
339.2 3.11589e-07 1.28964e-06
339.6 2.49432e-07 1.23392e-06
340 1.69462e-07 1.16256e-06
340.4 7.38244e-08 1.07564e-06
340.8 -3.47319e-08 9.73648e-07
341.2 -1.52956e-07 8.5741e-07
341.6 -2.77214e-07 7.28105e-07
342 -4.03622e-07 5.87217e-07
342.4 -5.28186e-07 4.36488e-07
342.8 -6.46947e-07 2.77872e-07
343.2 -7.56123e-07 1.13471e-07
343.6 -8.52245e-07 -5.45223e-08
344 -9.32276e-07 -2.23891e-07
344.4 -9.93716e-07 -3.92455e-07
344.8 -1.03469e-06 -5.58132e-07
345.2 -1.05399e-06 -7.18992e-07
345.6 -1.05114e-06 -8.73302e-07
346 -1.02637e-06 -1.01957e-06
346.4 -9.80628e-07 -1.15657e-06
346.8 -9.15503e-07 -1.28335e-06
347.2 -8.33181e-07 -1.39929e-06
347.6 -7.36344e-07 -1.50402e-06
348 -6.2807e-07 -1.59748e-06
348.4 -5.11713e-07 -1.67984e-06
348.8 -3.90774e-07 -1.75154e-06
349.2 -2.68777e-07 -1.81316e-06
349.6 -1.49141e-07 -1.86546e-06
350 -3.50585e-08 -1.9093e-06
350.4 7.06124e-08 -1.94558e-06
350.8 1.6544e-07 -1.97523e-06
351.2 2.47496e-07 -1.99914e-06
351.6 3.15406e-07 -2.01811e-06
352 3.68384e-07 -2.03285e-06
352.4 4.06238e-07 -2.04394e-06
352.8 4.29356e-07 -2.05179e-06
353.2 4.38668e-07 -2.05667e-06
353.6 4.35588e-07 -2.05866e-06
354 4.21939e-07 -2.0577e-06
354.4 3.99867e-07 -2.05358e-06
354.8 3.71738e-07 -2.04599e-06
355.2 3.40035e-07 -2.0345e-06
355.6 3.07249e-07 -2.01863e-06
356 2.7578e-07 -1.99789e-06
356.4 2.47834e-07 -1.97179e-06
356.8 2.25338e-07 -1.9399e-06
357.2 2.09868e-07 -1.90187e-06
357.6 2.02592e-07 -1.85749e-06
358 2.04229e-07 -1.80668e-06
358.4 2.15036e-07 -1.74953e-06
358.8 2.34805e-07 -1.68632e-06
359.2 2.62885e-07 -1.6175e-06
359.6 2.98222e-07 -1.54373e-06
360 3.39415e-07 -1.46584e-06
360.4 3.84784e-07 -1.38481e-06
360.8 4.32454e-07 -1.30175e-06
361.2 4.80436e-07 -1.21789e-06
361.6 5.26723e-07 -1.13451e-06
362 5.69377e-07 -1.05292e-06
362.4 6.06617e-07 -9.7442e-07
362.8 6.36894e-07 -9.00248e-07
363.2 6.58963e-07 -8.31542e-07
363.6 6.71933e-07 -7.69306e-07
364 6.75303e-07 -7.14372e-07
364.4 6.68991e-07 -6.67376e-07
364.8 6.53325e-07 -6.28732e-07
365.2 6.2904e-07 -5.98623e-07
365.6 5.97237e-07 -5.76993e-07
366 5.59341e-07 -5.63551e-07
366.4 5.17038e-07 -5.57782e-07
366.8 4.72204e-07 -5.58968e-07
367.2 4.26826e-07 -5.66211e-07
367.6 3.82916e-07 -5.7847e-07
368 3.42428e-07 -5.94595e-07
368.4 3.07178e-07 -6.1337e-07
368.8 2.78763e-07 -6.33556e-07
369.2 2.58496e-07 -6.53934e-07
369.6 2.47354e-07 -6.73347e-07
370 2.4593e-07 -6.90742e-07
370.4 2.54413e-07 -7.05201e-07
370.8 2.72576e-07 -7.15974e-07
371.2 2.99786e-07 -7.22501e-07
371.6 3.35024e-07 -7.24427e-07
372 3.7693e-07 -7.21613e-07
372.4 4.23856e-07 -7.14131e-07
372.8 4.73927e-07 -7.02257e-07
373.2 5.2512e-07 -6.86457e-07
373.6 5.75342e-07 -6.67364e-07
374 6.22514e-07 -6.45746e-07
374.4 6.64651e-07 -6.22475e-07
374.8 6.99944e-07 -5.98488e-07
375.2 7.26827e-07 -5.74752e-07
375.6 7.44042e-07 -5.52218e-07
376 7.50684e-07 -5.31787e-07
376.4 7.46241e-07 -5.14274e-07
376.8 7.3061e-07 -5.0037e-07
377.2 7.04099e-07 -4.90626e-07
377.6 6.67419e-07 -4.8542e-07
378 6.21651e-07 -4.84951e-07
378.4 5.68203e-07 -4.89228e-07
378.8 5.08757e-07 -4.98073e-07
379.2 4.45202e-07 -5.11127e-07
379.6 3.7956e-07 -5.27866e-07
380 3.13904e-07 -5.47622e-07
380.4 2.50287e-07 -5.6961e-07
380.8 1.90653e-07 -5.92957e-07
381.2 1.3677e-07 -6.1674e-07
381.6 9.01617e-08 -6.40017e-07
382 5.20492e-08 -6.61866e-07
382.4 2.33103e-08 -6.8142e-07
382.8 4.4468e-09 -6.97898e-07
383.2 -4.42987e-09 -7.10637e-07
383.6 -3.59878e-09 -7.1911e-07
384 6.28595e-09 -7.22952e-07
384.4 2.42252e-08 -7.21964e-07
384.8 4.89179e-08 -7.16127e-07
385.2 7.88162e-08 -7.05593e-07
385.6 1.12189e-07 -6.90681e-07
386 1.47192e-07 -6.7186e-07
386.4 1.81943e-07 -6.49734e-07
386.8 2.14597e-07 -6.25008e-07
387.2 2.43418e-07 -5.98467e-07
387.6 2.66848e-07 -5.70942e-07
388 2.83566e-07 -5.43276e-07
388.4 2.92541e-07 -5.16292e-07
388.8 2.93067e-07 -4.90763e-07
389.2 2.84789e-07 -4.67378e-07
389.6 2.67716e-07 -4.46724e-07
390 2.42217e-07 -4.29257e-07
390.4 2.08999e-07 -4.15293e-07
390.8 1.69084e-07 -4.04993e-07
391.2 1.23756e-07 -3.98362e-07
391.6 7.45173e-08 -3.95254e-07
392 2.30206e-08 -3.95376e-07
392.4 -2.89953e-08 -3.98305e-07
392.8 -7.97755e-08 -4.03509e-07
393.2 -1.27619e-07 -4.10368e-07
393.6 -1.70944e-07 -4.18204e-07
394 -2.08354e-07 -4.26308e-07
394.4 -2.38685e-07 -4.33972e-07
394.8 -2.61057e-07 -4.40517e-07
395.2 -2.749e-07 -4.45323e-07
395.6 -2.79977e-07 -4.47852e-07
396 -2.76393e-07 -4.47676e-07
396.4 -2.64582e-07 -4.44488e-07
396.8 -2.45294e-07 -4.3812e-07
397.2 -2.19556e-07 -4.28545e-07
397.6 -1.88636e-07 -4.15882e-07
398 -1.53984e-07 -4.00391e-07
398.4 -1.17179e-07 -3.82458e-07
398.8 -7.98626e-08 -3.62585e-07
399.2 -4.36741e-08 -3.41367e-07
399.6 -1.01862e-08 -3.19468e-07
400 1.91564e-08 -2.97595e-07
